[0.010s] Invoking command in '/home/jeanho/gps_rtk/build/ublox': AMENT_PREFIX_PATH=/home/jeanho/gps_rtk/install/ublox_gps:/home/jeanho/gps_rtk/install/ublox_msgs:/home/jeanho/gps_rtk/install/ublox_serialization:/home/jeanho/gps_rtk/install/rtcm_msgs:${AMENT_PREFIX_PATH} CMAKE_PREFIX_PATH=/home/jeanho/gps_rtk/install/ublox_gps:/home/jeanho/gps_rtk/install/ublox_msgs:/home/jeanho/gps_rtk/install/ublox_serialization:/home/jeanho/gps_rtk/install/rtcm_msgs:/home/jeanho/ublox_ws/install/ublox:/home/jeanho/ublox_ws/install/ublox_gps:/home/jeanho/ublox_ws/install/ublox_msgs:/home/jeanho/ublox_ws/install/ublox_serialization:/home/jeanho/ublox_ws/install/ntrip_client:/opt/ros/humble LD_LIBRARY_PATH=/home/jeanho/gps_rtk/install/ublox_gps/lib:/home/jeanho/gps_rtk/install/ublox_msgs/lib:/home/jeanho/gps_rtk/install/rtcm_msgs/lib:${LD_LIBRARY_PATH} PYTHONPATH=/home/jeanho/gps_rtk/install/ublox_msgs/local/lib/python3.10/dist-packages:/home/jeanho/gps_rtk/install/rtcm_msgs/local/lib/python3.10/dist-packages:${PYTHONPATH} /usr/bin/cmake /home/jeanho/gps_rtk/src/RTK_GPS_NTRIP-main/ublox -DCMAKE_INSTALL_PREFIX=/home/jeanho/gps_rtk/install/ublox
[0.049s] -- The C compiler identification is GNU 11.4.0
[0.083s] -- The CXX compiler identification is GNU 11.4.0
[0.086s] -- Detecting C compiler ABI info
[0.134s] -- Detecting C compiler ABI info - done
[0.137s] -- Check for working C compiler: /usr/bin/cc - skipped
[0.137s] -- Detecting C compile features
[0.137s] -- Detecting C compile features - done
[0.139s] -- Detecting CXX compiler ABI info
[0.193s] -- Detecting CXX compiler ABI info - done
[0.198s] -- Check for working CXX compiler: /usr/bin/c++ - skipped
[0.198s] -- Detecting CXX compile features
[0.198s] -- Detecting CXX compile features - done
[0.200s] -- Found ament_cmake: 1.3.12 (/opt/ros/humble/share/ament_cmake/cmake)
[0.300s] -- Found Python3: /usr/bin/python3 (found version "3.10.12") found components: Interpreter 
[0.397s] -- Configuring done
[0.398s] -- Generating done
[0.399s] -- Build files have been written to: /home/jeanho/gps_rtk/build/ublox
[0.402s] Invoked command in '/home/jeanho/gps_rtk/build/ublox' returned '0': AMENT_PREFIX_PATH=/home/jeanho/gps_rtk/install/ublox_gps:/home/jeanho/gps_rtk/install/ublox_msgs:/home/jeanho/gps_rtk/install/ublox_serialization:/home/jeanho/gps_rtk/install/rtcm_msgs:${AMENT_PREFIX_PATH} CMAKE_PREFIX_PATH=/home/jeanho/gps_rtk/install/ublox_gps:/home/jeanho/gps_rtk/install/ublox_msgs:/home/jeanho/gps_rtk/install/ublox_serialization:/home/jeanho/gps_rtk/install/rtcm_msgs:/home/jeanho/ublox_ws/install/ublox:/home/jeanho/ublox_ws/install/ublox_gps:/home/jeanho/ublox_ws/install/ublox_msgs:/home/jeanho/ublox_ws/install/ublox_serialization:/home/jeanho/ublox_ws/install/ntrip_client:/opt/ros/humble LD_LIBRARY_PATH=/home/jeanho/gps_rtk/install/ublox_gps/lib:/home/jeanho/gps_rtk/install/ublox_msgs/lib:/home/jeanho/gps_rtk/install/rtcm_msgs/lib:${LD_LIBRARY_PATH} PYTHONPATH=/home/jeanho/gps_rtk/install/ublox_msgs/local/lib/python3.10/dist-packages:/home/jeanho/gps_rtk/install/rtcm_msgs/local/lib/python3.10/dist-packages:${PYTHONPATH} /usr/bin/cmake /home/jeanho/gps_rtk/src/RTK_GPS_NTRIP-main/ublox -DCMAKE_INSTALL_PREFIX=/home/jeanho/gps_rtk/install/ublox
[0.404s] Invoking command in '/home/jeanho/gps_rtk/build/ublox': AMENT_PREFIX_PATH=/home/jeanho/gps_rtk/install/ublox_gps:/home/jeanho/gps_rtk/install/ublox_msgs:/home/jeanho/gps_rtk/install/ublox_serialization:/home/jeanho/gps_rtk/install/rtcm_msgs:${AMENT_PREFIX_PATH} CMAKE_PREFIX_PATH=/home/jeanho/gps_rtk/install/ublox_gps:/home/jeanho/gps_rtk/install/ublox_msgs:/home/jeanho/gps_rtk/install/ublox_serialization:/home/jeanho/gps_rtk/install/rtcm_msgs:/home/jeanho/ublox_ws/install/ublox:/home/jeanho/ublox_ws/install/ublox_gps:/home/jeanho/ublox_ws/install/ublox_msgs:/home/jeanho/ublox_ws/install/ublox_serialization:/home/jeanho/ublox_ws/install/ntrip_client:/opt/ros/humble LD_LIBRARY_PATH=/home/jeanho/gps_rtk/install/ublox_gps/lib:/home/jeanho/gps_rtk/install/ublox_msgs/lib:/home/jeanho/gps_rtk/install/rtcm_msgs/lib:${LD_LIBRARY_PATH} PYTHONPATH=/home/jeanho/gps_rtk/install/ublox_msgs/local/lib/python3.10/dist-packages:/home/jeanho/gps_rtk/install/rtcm_msgs/local/lib/python3.10/dist-packages:${PYTHONPATH} /usr/bin/cmake --build /home/jeanho/gps_rtk/build/ublox -- -j24 -l24
[0.433s] Invoked command in '/home/jeanho/gps_rtk/build/ublox' returned '0': AMENT_PREFIX_PATH=/home/jeanho/gps_rtk/install/ublox_gps:/home/jeanho/gps_rtk/install/ublox_msgs:/home/jeanho/gps_rtk/install/ublox_serialization:/home/jeanho/gps_rtk/install/rtcm_msgs:${AMENT_PREFIX_PATH} CMAKE_PREFIX_PATH=/home/jeanho/gps_rtk/install/ublox_gps:/home/jeanho/gps_rtk/install/ublox_msgs:/home/jeanho/gps_rtk/install/ublox_serialization:/home/jeanho/gps_rtk/install/rtcm_msgs:/home/jeanho/ublox_ws/install/ublox:/home/jeanho/ublox_ws/install/ublox_gps:/home/jeanho/ublox_ws/install/ublox_msgs:/home/jeanho/ublox_ws/install/ublox_serialization:/home/jeanho/ublox_ws/install/ntrip_client:/opt/ros/humble LD_LIBRARY_PATH=/home/jeanho/gps_rtk/install/ublox_gps/lib:/home/jeanho/gps_rtk/install/ublox_msgs/lib:/home/jeanho/gps_rtk/install/rtcm_msgs/lib:${LD_LIBRARY_PATH} PYTHONPATH=/home/jeanho/gps_rtk/install/ublox_msgs/local/lib/python3.10/dist-packages:/home/jeanho/gps_rtk/install/rtcm_msgs/local/lib/python3.10/dist-packages:${PYTHONPATH} /usr/bin/cmake --build /home/jeanho/gps_rtk/build/ublox -- -j24 -l24
[0.434s] Invoking command in '/home/jeanho/gps_rtk/build/ublox': AMENT_PREFIX_PATH=/home/jeanho/gps_rtk/install/ublox_gps:/home/jeanho/gps_rtk/install/ublox_msgs:/home/jeanho/gps_rtk/install/ublox_serialization:/home/jeanho/gps_rtk/install/rtcm_msgs:${AMENT_PREFIX_PATH} CMAKE_PREFIX_PATH=/home/jeanho/gps_rtk/install/ublox_gps:/home/jeanho/gps_rtk/install/ublox_msgs:/home/jeanho/gps_rtk/install/ublox_serialization:/home/jeanho/gps_rtk/install/rtcm_msgs:/home/jeanho/ublox_ws/install/ublox:/home/jeanho/ublox_ws/install/ublox_gps:/home/jeanho/ublox_ws/install/ublox_msgs:/home/jeanho/ublox_ws/install/ublox_serialization:/home/jeanho/ublox_ws/install/ntrip_client:/opt/ros/humble LD_LIBRARY_PATH=/home/jeanho/gps_rtk/install/ublox_gps/lib:/home/jeanho/gps_rtk/install/ublox_msgs/lib:/home/jeanho/gps_rtk/install/rtcm_msgs/lib:${LD_LIBRARY_PATH} PYTHONPATH=/home/jeanho/gps_rtk/install/ublox_msgs/local/lib/python3.10/dist-packages:/home/jeanho/gps_rtk/install/rtcm_msgs/local/lib/python3.10/dist-packages:${PYTHONPATH} /usr/bin/cmake --install /home/jeanho/gps_rtk/build/ublox
[0.439s] -- Install configuration: ""
[0.439s] -- Installing: /home/jeanho/gps_rtk/install/ublox/share/ament_index/resource_index/package_run_dependencies/ublox
[0.439s] -- Installing: /home/jeanho/gps_rtk/install/ublox/share/ament_index/resource_index/parent_prefix_path/ublox
[0.439s] -- Installing: /home/jeanho/gps_rtk/install/ublox/share/ublox/environment/ament_prefix_path.sh
[0.439s] -- Installing: /home/jeanho/gps_rtk/install/ublox/share/ublox/environment/ament_prefix_path.dsv
[0.439s] -- Installing: /home/jeanho/gps_rtk/install/ublox/share/ublox/environment/path.sh
[0.439s] -- Installing: /home/jeanho/gps_rtk/install/ublox/share/ublox/environment/path.dsv
[0.440s] -- Installing: /home/jeanho/gps_rtk/install/ublox/share/ublox/local_setup.bash
[0.440s] -- Installing: /home/jeanho/gps_rtk/install/ublox/share/ublox/local_setup.sh
[0.440s] -- Installing: /home/jeanho/gps_rtk/install/ublox/share/ublox/local_setup.zsh
[0.440s] -- Installing: /home/jeanho/gps_rtk/install/ublox/share/ublox/local_setup.dsv
[0.440s] -- Installing: /home/jeanho/gps_rtk/install/ublox/share/ublox/package.dsv
[0.440s] -- Installing: /home/jeanho/gps_rtk/install/ublox/share/ament_index/resource_index/packages/ublox
[0.440s] -- Installing: /home/jeanho/gps_rtk/install/ublox/share/ublox/cmake/ubloxConfig.cmake
[0.440s] -- Installing: /home/jeanho/gps_rtk/install/ublox/share/ublox/cmake/ubloxConfig-version.cmake
[0.440s] -- Installing: /home/jeanho/gps_rtk/install/ublox/share/ublox/package.xml
[0.441s] Invoked command in '/home/jeanho/gps_rtk/build/ublox' returned '0': AMENT_PREFIX_PATH=/home/jeanho/gps_rtk/install/ublox_gps:/home/jeanho/gps_rtk/install/ublox_msgs:/home/jeanho/gps_rtk/install/ublox_serialization:/home/jeanho/gps_rtk/install/rtcm_msgs:${AMENT_PREFIX_PATH} CMAKE_PREFIX_PATH=/home/jeanho/gps_rtk/install/ublox_gps:/home/jeanho/gps_rtk/install/ublox_msgs:/home/jeanho/gps_rtk/install/ublox_serialization:/home/jeanho/gps_rtk/install/rtcm_msgs:/home/jeanho/ublox_ws/install/ublox:/home/jeanho/ublox_ws/install/ublox_gps:/home/jeanho/ublox_ws/install/ublox_msgs:/home/jeanho/ublox_ws/install/ublox_serialization:/home/jeanho/ublox_ws/install/ntrip_client:/opt/ros/humble LD_LIBRARY_PATH=/home/jeanho/gps_rtk/install/ublox_gps/lib:/home/jeanho/gps_rtk/install/ublox_msgs/lib:/home/jeanho/gps_rtk/install/rtcm_msgs/lib:${LD_LIBRARY_PATH} PYTHONPATH=/home/jeanho/gps_rtk/install/ublox_msgs/local/lib/python3.10/dist-packages:/home/jeanho/gps_rtk/install/rtcm_msgs/local/lib/python3.10/dist-packages:${PYTHONPATH} /usr/bin/cmake --install /home/jeanho/gps_rtk/build/ublox
