[0.016s] Invoking command in '/home/jeanho/gps_rtk/build/ublox_serialization': CMAKE_PREFIX_PATH=/opt/ros/humble /usr/bin/cmake /home/jeanho/gps_rtk/src/RTK_GPS_NTRIP/ublox_serialization -DCMAKE_INSTALL_PREFIX=/home/jeanho/gps_rtk/install/ublox_serialization
[0.147s] -- The C compiler identification is GNU 11.4.0
[0.570s] -- The CXX compiler identification is GNU 11.4.0
[0.931s] -- Detecting C compiler ABI info
[1.077s] -- Detecting C compiler ABI info - done
[1.080s] -- Check for working C compiler: /usr/bin/cc - skipped
[1.080s] -- Detecting C compile features
[1.080s] -- Detecting C compile features - done
[1.082s] -- Detecting CXX compiler ABI info
[1.240s] -- Detecting CXX compiler ABI info - done
[1.243s] -- Check for working CXX compiler: /usr/bin/c++ - skipped
[1.244s] -- Detecting CXX compile features
[1.244s] -- Detecting CXX compile features - done
[1.245s] -- Found ament_cmake: 1.3.12 (/opt/ros/humble/share/ament_cmake/cmake)
[1.318s] -- Found Python3: /usr/bin/python3 (found version "3.10.12") found components: Interpreter 
[1.388s] -- Configuring done
[1.390s] -- Generating done
[1.391s] -- Build files have been written to: /home/jeanho/gps_rtk/build/ublox_serialization
[1.394s] Invoked command in '/home/jeanho/gps_rtk/build/ublox_serialization' returned '0': CMAKE_PREFIX_PATH=/opt/ros/humble /usr/bin/cmake /home/jeanho/gps_rtk/src/RTK_GPS_NTRIP/ublox_serialization -DCMAKE_INSTALL_PREFIX=/home/jeanho/gps_rtk/install/ublox_serialization
[1.396s] Invoking command in '/home/jeanho/gps_rtk/build/ublox_serialization': CMAKE_PREFIX_PATH=/opt/ros/humble /usr/bin/cmake --build /home/jeanho/gps_rtk/build/ublox_serialization -- -j24 -l24
[1.415s] Invoked command in '/home/jeanho/gps_rtk/build/ublox_serialization' returned '0': CMAKE_PREFIX_PATH=/opt/ros/humble /usr/bin/cmake --build /home/jeanho/gps_rtk/build/ublox_serialization -- -j24 -l24
[1.422s] Invoking command in '/home/jeanho/gps_rtk/build/ublox_serialization': CMAKE_PREFIX_PATH=/opt/ros/humble /usr/bin/cmake --install /home/jeanho/gps_rtk/build/ublox_serialization
[1.424s] -- Install configuration: ""
[1.424s] -- Installing: /home/jeanho/gps_rtk/install/ublox_serialization/include/ublox_serialization
[1.425s] -- Installing: /home/jeanho/gps_rtk/install/ublox_serialization/include/ublox_serialization/ublox_serialization
[1.425s] -- Installing: /home/jeanho/gps_rtk/install/ublox_serialization/include/ublox_serialization/ublox_serialization/checksum.hpp
[1.425s] -- Installing: /home/jeanho/gps_rtk/install/ublox_serialization/include/ublox_serialization/ublox_serialization/serialization.hpp
[1.425s] -- Installing: /home/jeanho/gps_rtk/install/ublox_serialization/share/ament_index/resource_index/package_run_dependencies/ublox_serialization
[1.425s] -- Installing: /home/jeanho/gps_rtk/install/ublox_serialization/share/ament_index/resource_index/parent_prefix_path/ublox_serialization
[1.426s] -- Installing: /home/jeanho/gps_rtk/install/ublox_serialization/share/ublox_serialization/environment/ament_prefix_path.sh
[1.426s] -- Installing: /home/jeanho/gps_rtk/install/ublox_serialization/share/ublox_serialization/environment/ament_prefix_path.dsv
[1.426s] -- Installing: /home/jeanho/gps_rtk/install/ublox_serialization/share/ublox_serialization/environment/path.sh
[1.426s] -- Installing: /home/jeanho/gps_rtk/install/ublox_serialization/share/ublox_serialization/environment/path.dsv
[1.426s] -- Installing: /home/jeanho/gps_rtk/install/ublox_serialization/share/ublox_serialization/local_setup.bash
[1.426s] -- Installing: /home/jeanho/gps_rtk/install/ublox_serialization/share/ublox_serialization/local_setup.sh
[1.426s] -- Installing: /home/jeanho/gps_rtk/install/ublox_serialization/share/ublox_serialization/local_setup.zsh
[1.427s] -- Installing: /home/jeanho/gps_rtk/install/ublox_serialization/share/ublox_serialization/local_setup.dsv
[1.427s] -- Installing: /home/jeanho/gps_rtk/install/ublox_serialization/share/ublox_serialization/package.dsv
[1.427s] -- Installing: /home/jeanho/gps_rtk/install/ublox_serialization/share/ament_index/resource_index/packages/ublox_serialization
[1.427s] -- Installing: /home/jeanho/gps_rtk/install/ublox_serialization/share/ublox_serialization/cmake/export_ublox_serializationExport.cmake
[1.427s] -- Installing: /home/jeanho/gps_rtk/install/ublox_serialization/share/ublox_serialization/cmake/ament_cmake_export_include_directories-extras.cmake
[1.427s] -- Installing: /home/jeanho/gps_rtk/install/ublox_serialization/share/ublox_serialization/cmake/ament_cmake_export_targets-extras.cmake
[1.427s] -- Installing: /home/jeanho/gps_rtk/install/ublox_serialization/share/ublox_serialization/cmake/ublox_serializationConfig.cmake
[1.427s] -- Installing: /home/jeanho/gps_rtk/install/ublox_serialization/share/ublox_serialization/cmake/ublox_serializationConfig-version.cmake
[1.427s] -- Installing: /home/jeanho/gps_rtk/install/ublox_serialization/share/ublox_serialization/package.xml
[1.429s] Invoked command in '/home/jeanho/gps_rtk/build/ublox_serialization' returned '0': CMAKE_PREFIX_PATH=/opt/ros/humble /usr/bin/cmake --install /home/jeanho/gps_rtk/build/ublox_serialization
