running egg_info
writing ../../build/gps_visualizer/gps_visualizer.egg-info/PKG-INFO
writing dependency_links to ../../build/gps_visualizer/gps_visualizer.egg-info/dependency_links.txt
writing entry points to ../../build/gps_visualizer/gps_visualizer.egg-info/entry_points.txt
writing requirements to ../../build/gps_visualizer/gps_visualizer.egg-info/requires.txt
writing top-level names to ../../build/gps_visualizer/gps_visualizer.egg-info/top_level.txt
reading manifest file '../../build/gps_visualizer/gps_visualizer.egg-info/SOURCES.txt'
writing manifest file '../../build/gps_visualizer/gps_visualizer.egg-info/SOURCES.txt'
running build
running build_py
copying gps_visualizer/waypoint_visualizer.py -> /home/jeanho/gps_rtk/build/gps_visualizer/build/lib/gps_visualizer
running install
running install_lib
copying /home/jeanho/gps_rtk/build/gps_visualizer/build/lib/gps_visualizer/waypoint_visualizer.py -> /home/jeanho/gps_rtk/install/gps_visualizer/lib/python3.10/site-packages/gps_visualizer
byte-compiling /home/jeanho/gps_rtk/install/gps_visualizer/lib/python3.10/site-packages/gps_visualizer/waypoint_visualizer.py to waypoint_visualizer.cpython-310.pyc
running install_data
running install_egg_info
removing '/home/jeanho/gps_rtk/install/gps_visualizer/lib/python3.10/site-packages/gps_visualizer-0.0.0-py3.10.egg-info' (and everything under it)
Copying ../../build/gps_visualizer/gps_visualizer.egg-info to /home/jeanho/gps_rtk/install/gps_visualizer/lib/python3.10/site-packages/gps_visualizer-0.0.0-py3.10.egg-info
running install_scripts
Installing waypoint_visualizer script to /home/jeanho/gps_rtk/install/gps_visualizer/lib/gps_visualizer
writing list of installed files to '/home/jeanho/gps_rtk/build/gps_visualizer/install.log'
