[0.030s] Invoking command in '/home/jeanho/gps_rtk/build/rtcm_msgs': CMAKE_PREFIX_PATH=/opt/ros/humble /usr/bin/cmake --build /home/jeanho/gps_rtk/build/rtcm_msgs -- -j24 -l24
[0.273s] [  3%] Built target rtcm_msgs__cpp
[0.273s] [ 12%] Built target rtcm_msgs__rosidl_generator_c
[0.273s] [ 12%] Built target ament_cmake_python_copy_rtcm_msgs
[0.274s] [ 22%] Built target rtcm_msgs__rosidl_typesupport_cpp
[0.274s] [ 32%] Built target rtcm_msgs__rosidl_typesupport_introspection_cpp
[0.274s] [ 41%] Built target rtcm_msgs__rosidl_typesupport_introspection_c
[0.274s] [ 51%] Built target rtcm_msgs__rosidl_typesupport_c
[0.275s] [ 61%] Built target rtcm_msgs__rosidl_typesupport_fastrtps_cpp
[0.275s] [ 70%] Built target rtcm_msgs__rosidl_typesupport_fastrtps_c
[0.275s] [ 70%] Built target rtcm_msgs
[0.275s] [ 74%] Built target rtcm_msgs__py
[0.276s] [ 80%] Built target rtcm_msgs__rosidl_generator_py
[0.276s] [ 93%] Built target rtcm_msgs__rosidl_typesupport_c__pyext
[0.276s] [ 93%] Built target rtcm_msgs__rosidl_typesupport_fastrtps_c__pyext
[0.276s] [100%] Built target rtcm_msgs__rosidl_typesupport_introspection_c__pyext
[0.294s] running egg_info
[0.295s] writing rtcm_msgs.egg-info/PKG-INFO
[0.295s] writing dependency_links to rtcm_msgs.egg-info/dependency_links.txt
[0.295s] writing top-level names to rtcm_msgs.egg-info/top_level.txt
[0.297s] reading manifest file 'rtcm_msgs.egg-info/SOURCES.txt'
[0.297s] writing manifest file 'rtcm_msgs.egg-info/SOURCES.txt'
[0.321s] [100%] Built target ament_cmake_python_build_rtcm_msgs_egg
[0.441s] Invoked command in '/home/jeanho/gps_rtk/build/rtcm_msgs' returned '0': CMAKE_PREFIX_PATH=/opt/ros/humble /usr/bin/cmake --build /home/jeanho/gps_rtk/build/rtcm_msgs -- -j24 -l24
[0.444s] Invoking command in '/home/jeanho/gps_rtk/build/rtcm_msgs': CMAKE_PREFIX_PATH=/opt/ros/humble /usr/bin/cmake --install /home/jeanho/gps_rtk/build/rtcm_msgs
[0.453s] -- Install configuration: ""
[0.454s] -- Up-to-date: /home/jeanho/gps_rtk/install/rtcm_msgs/share/ament_index/resource_index/rosidl_interfaces/rtcm_msgs
[0.454s] -- Up-to-date: /home/jeanho/gps_rtk/install/rtcm_msgs/include/rtcm_msgs/rtcm_msgs
[0.454s] -- Up-to-date: /home/jeanho/gps_rtk/install/rtcm_msgs/include/rtcm_msgs/rtcm_msgs/msg
[0.454s] -- Up-to-date: /home/jeanho/gps_rtk/install/rtcm_msgs/include/rtcm_msgs/rtcm_msgs/msg/detail
[0.454s] -- Up-to-date: /home/jeanho/gps_rtk/install/rtcm_msgs/include/rtcm_msgs/rtcm_msgs/msg/detail/message__type_support.h
[0.455s] -- Up-to-date: /home/jeanho/gps_rtk/install/rtcm_msgs/include/rtcm_msgs/rtcm_msgs/msg/detail/message__functions.h
[0.455s] -- Up-to-date: /home/jeanho/gps_rtk/install/rtcm_msgs/include/rtcm_msgs/rtcm_msgs/msg/detail/message__functions.c
[0.456s] -- Up-to-date: /home/jeanho/gps_rtk/install/rtcm_msgs/include/rtcm_msgs/rtcm_msgs/msg/detail/message__struct.h
[0.457s] -- Up-to-date: /home/jeanho/gps_rtk/install/rtcm_msgs/include/rtcm_msgs/rtcm_msgs/msg/rosidl_generator_c__visibility_control.h
[0.458s] -- Up-to-date: /home/jeanho/gps_rtk/install/rtcm_msgs/include/rtcm_msgs/rtcm_msgs/msg/message.h
[0.459s] -- Up-to-date: /home/jeanho/gps_rtk/install/rtcm_msgs/share/rtcm_msgs/environment/library_path.sh
[0.459s] -- Up-to-date: /home/jeanho/gps_rtk/install/rtcm_msgs/share/rtcm_msgs/environment/library_path.dsv
[0.459s] -- Up-to-date: /home/jeanho/gps_rtk/install/rtcm_msgs/lib/librtcm_msgs__rosidl_generator_c.so
[0.459s] -- Up-to-date: /home/jeanho/gps_rtk/install/rtcm_msgs/include/rtcm_msgs/rtcm_msgs
[0.460s] -- Up-to-date: /home/jeanho/gps_rtk/install/rtcm_msgs/include/rtcm_msgs/rtcm_msgs/msg
[0.460s] -- Up-to-date: /home/jeanho/gps_rtk/install/rtcm_msgs/include/rtcm_msgs/rtcm_msgs/msg/detail
[0.461s] -- Up-to-date: /home/jeanho/gps_rtk/install/rtcm_msgs/include/rtcm_msgs/rtcm_msgs/msg/detail/message__rosidl_typesupport_fastrtps_c.h
[0.461s] -- Up-to-date: /home/jeanho/gps_rtk/install/rtcm_msgs/include/rtcm_msgs/rtcm_msgs/msg/rosidl_typesupport_fastrtps_c__visibility_control.h
[0.461s] -- Up-to-date: /home/jeanho/gps_rtk/install/rtcm_msgs/lib/librtcm_msgs__rosidl_typesupport_fastrtps_c.so
[0.461s] -- Up-to-date: /home/jeanho/gps_rtk/install/rtcm_msgs/include/rtcm_msgs/rtcm_msgs
[0.461s] -- Up-to-date: /home/jeanho/gps_rtk/install/rtcm_msgs/include/rtcm_msgs/rtcm_msgs/msg
[0.461s] -- Up-to-date: /home/jeanho/gps_rtk/install/rtcm_msgs/include/rtcm_msgs/rtcm_msgs/msg/detail
[0.462s] -- Up-to-date: /home/jeanho/gps_rtk/install/rtcm_msgs/include/rtcm_msgs/rtcm_msgs/msg/detail/message__struct.hpp
[0.462s] -- Up-to-date: /home/jeanho/gps_rtk/install/rtcm_msgs/include/rtcm_msgs/rtcm_msgs/msg/detail/message__traits.hpp
[0.462s] -- Up-to-date: /home/jeanho/gps_rtk/install/rtcm_msgs/include/rtcm_msgs/rtcm_msgs/msg/detail/message__builder.hpp
[0.462s] -- Up-to-date: /home/jeanho/gps_rtk/install/rtcm_msgs/include/rtcm_msgs/rtcm_msgs/msg/detail/message__type_support.hpp
[0.462s] -- Up-to-date: /home/jeanho/gps_rtk/install/rtcm_msgs/include/rtcm_msgs/rtcm_msgs/msg/rosidl_generator_cpp__visibility_control.hpp
[0.462s] -- Up-to-date: /home/jeanho/gps_rtk/install/rtcm_msgs/include/rtcm_msgs/rtcm_msgs/msg/message.hpp
[0.463s] -- Up-to-date: /home/jeanho/gps_rtk/install/rtcm_msgs/include/rtcm_msgs/rtcm_msgs
[0.463s] -- Up-to-date: /home/jeanho/gps_rtk/install/rtcm_msgs/include/rtcm_msgs/rtcm_msgs/msg
[0.463s] -- Up-to-date: /home/jeanho/gps_rtk/install/rtcm_msgs/include/rtcm_msgs/rtcm_msgs/msg/rosidl_typesupport_fastrtps_cpp__visibility_control.h
[0.463s] -- Up-to-date: /home/jeanho/gps_rtk/install/rtcm_msgs/include/rtcm_msgs/rtcm_msgs/msg/detail
[0.464s] -- Up-to-date: /home/jeanho/gps_rtk/install/rtcm_msgs/include/rtcm_msgs/rtcm_msgs/msg/detail/message__rosidl_typesupport_fastrtps_cpp.hpp
[0.464s] -- Up-to-date: /home/jeanho/gps_rtk/install/rtcm_msgs/include/rtcm_msgs/rtcm_msgs/msg/detail/dds_fastrtps
[0.464s] -- Up-to-date: /home/jeanho/gps_rtk/install/rtcm_msgs/lib/librtcm_msgs__rosidl_typesupport_fastrtps_cpp.so
[0.464s] -- Up-to-date: /home/jeanho/gps_rtk/install/rtcm_msgs/include/rtcm_msgs/rtcm_msgs
[0.464s] -- Up-to-date: /home/jeanho/gps_rtk/install/rtcm_msgs/include/rtcm_msgs/rtcm_msgs/msg
[0.464s] -- Up-to-date: /home/jeanho/gps_rtk/install/rtcm_msgs/include/rtcm_msgs/rtcm_msgs/msg/rosidl_typesupport_introspection_c__visibility_control.h
[0.465s] -- Up-to-date: /home/jeanho/gps_rtk/install/rtcm_msgs/include/rtcm_msgs/rtcm_msgs/msg/detail
[0.465s] -- Up-to-date: /home/jeanho/gps_rtk/install/rtcm_msgs/include/rtcm_msgs/rtcm_msgs/msg/detail/message__type_support.c
[0.466s] -- Up-to-date: /home/jeanho/gps_rtk/install/rtcm_msgs/include/rtcm_msgs/rtcm_msgs/msg/detail/message__rosidl_typesupport_introspection_c.h
[0.466s] -- Up-to-date: /home/jeanho/gps_rtk/install/rtcm_msgs/lib/librtcm_msgs__rosidl_typesupport_introspection_c.so
[0.467s] -- Up-to-date: /home/jeanho/gps_rtk/install/rtcm_msgs/lib/librtcm_msgs__rosidl_typesupport_c.so
[0.467s] -- Up-to-date: /home/jeanho/gps_rtk/install/rtcm_msgs/include/rtcm_msgs/rtcm_msgs
[0.467s] -- Up-to-date: /home/jeanho/gps_rtk/install/rtcm_msgs/include/rtcm_msgs/rtcm_msgs/msg
[0.467s] -- Up-to-date: /home/jeanho/gps_rtk/install/rtcm_msgs/include/rtcm_msgs/rtcm_msgs/msg/detail
[0.467s] -- Up-to-date: /home/jeanho/gps_rtk/install/rtcm_msgs/include/rtcm_msgs/rtcm_msgs/msg/detail/message__type_support.cpp
[0.467s] -- Up-to-date: /home/jeanho/gps_rtk/install/rtcm_msgs/include/rtcm_msgs/rtcm_msgs/msg/detail/message__rosidl_typesupport_introspection_cpp.hpp
[0.467s] -- Up-to-date: /home/jeanho/gps_rtk/install/rtcm_msgs/lib/librtcm_msgs__rosidl_typesupport_introspection_cpp.so
[0.467s] -- Up-to-date: /home/jeanho/gps_rtk/install/rtcm_msgs/lib/librtcm_msgs__rosidl_typesupport_cpp.so
[0.467s] -- Up-to-date: /home/jeanho/gps_rtk/install/rtcm_msgs/share/rtcm_msgs/environment/pythonpath.sh
[0.467s] -- Up-to-date: /home/jeanho/gps_rtk/install/rtcm_msgs/share/rtcm_msgs/environment/pythonpath.dsv
[0.468s] -- Up-to-date: /home/jeanho/gps_rtk/install/rtcm_msgs/local/lib/python3.10/dist-packages/rtcm_msgs-1.1.6-py3.10.egg-info
[0.468s] -- Installing: /home/jeanho/gps_rtk/install/rtcm_msgs/local/lib/python3.10/dist-packages/rtcm_msgs-1.1.6-py3.10.egg-info/dependency_links.txt
[0.468s] -- Installing: /home/jeanho/gps_rtk/install/rtcm_msgs/local/lib/python3.10/dist-packages/rtcm_msgs-1.1.6-py3.10.egg-info/PKG-INFO
[0.468s] -- Installing: /home/jeanho/gps_rtk/install/rtcm_msgs/local/lib/python3.10/dist-packages/rtcm_msgs-1.1.6-py3.10.egg-info/SOURCES.txt
[0.468s] -- Installing: /home/jeanho/gps_rtk/install/rtcm_msgs/local/lib/python3.10/dist-packages/rtcm_msgs-1.1.6-py3.10.egg-info/top_level.txt
[0.468s] -- Up-to-date: /home/jeanho/gps_rtk/install/rtcm_msgs/local/lib/python3.10/dist-packages/rtcm_msgs
[0.468s] -- Up-to-date: /home/jeanho/gps_rtk/install/rtcm_msgs/local/lib/python3.10/dist-packages/rtcm_msgs/librtcm_msgs__rosidl_generator_py.so
[0.468s] -- Up-to-date: /home/jeanho/gps_rtk/install/rtcm_msgs/local/lib/python3.10/dist-packages/rtcm_msgs/rtcm_msgs_s__rosidl_typesupport_c.cpython-310-x86_64-linux-gnu.so
[0.468s] -- Up-to-date: /home/jeanho/gps_rtk/install/rtcm_msgs/local/lib/python3.10/dist-packages/rtcm_msgs/__init__.py
[0.468s] -- Up-to-date: /home/jeanho/gps_rtk/install/rtcm_msgs/local/lib/python3.10/dist-packages/rtcm_msgs/_rtcm_msgs_s.ep.rosidl_typesupport_c.c
[0.468s] -- Up-to-date: /home/jeanho/gps_rtk/install/rtcm_msgs/local/lib/python3.10/dist-packages/rtcm_msgs/_rtcm_msgs_s.ep.rosidl_typesupport_introspection_c.c
[0.469s] -- Up-to-date: /home/jeanho/gps_rtk/install/rtcm_msgs/local/lib/python3.10/dist-packages/rtcm_msgs/_rtcm_msgs_s.ep.rosidl_typesupport_fastrtps_c.c
[0.469s] -- Up-to-date: /home/jeanho/gps_rtk/install/rtcm_msgs/local/lib/python3.10/dist-packages/rtcm_msgs/msg
[0.469s] -- Up-to-date: /home/jeanho/gps_rtk/install/rtcm_msgs/local/lib/python3.10/dist-packages/rtcm_msgs/msg/_message.py
[0.469s] -- Up-to-date: /home/jeanho/gps_rtk/install/rtcm_msgs/local/lib/python3.10/dist-packages/rtcm_msgs/msg/__init__.py
[0.469s] -- Up-to-date: /home/jeanho/gps_rtk/install/rtcm_msgs/local/lib/python3.10/dist-packages/rtcm_msgs/msg/_message_s.c
[0.469s] -- Up-to-date: /home/jeanho/gps_rtk/install/rtcm_msgs/local/lib/python3.10/dist-packages/rtcm_msgs/rtcm_msgs_s__rosidl_typesupport_fastrtps_c.cpython-310-x86_64-linux-gnu.so
[0.469s] -- Up-to-date: /home/jeanho/gps_rtk/install/rtcm_msgs/local/lib/python3.10/dist-packages/rtcm_msgs/rtcm_msgs_s__rosidl_typesupport_introspection_c.cpython-310-x86_64-linux-gnu.so
[0.482s] Listing '/home/jeanho/gps_rtk/install/rtcm_msgs/local/lib/python3.10/dist-packages/rtcm_msgs'...
[0.483s] Listing '/home/jeanho/gps_rtk/install/rtcm_msgs/local/lib/python3.10/dist-packages/rtcm_msgs/msg'...
[0.486s] -- Up-to-date: /home/jeanho/gps_rtk/install/rtcm_msgs/local/lib/python3.10/dist-packages/rtcm_msgs/rtcm_msgs_s__rosidl_typesupport_fastrtps_c.cpython-310-x86_64-linux-gnu.so
[0.487s] -- Up-to-date: /home/jeanho/gps_rtk/install/rtcm_msgs/local/lib/python3.10/dist-packages/rtcm_msgs/rtcm_msgs_s__rosidl_typesupport_introspection_c.cpython-310-x86_64-linux-gnu.so
[0.488s] -- Up-to-date: /home/jeanho/gps_rtk/install/rtcm_msgs/local/lib/python3.10/dist-packages/rtcm_msgs/rtcm_msgs_s__rosidl_typesupport_c.cpython-310-x86_64-linux-gnu.so
[0.488s] -- Up-to-date: /home/jeanho/gps_rtk/install/rtcm_msgs/lib/librtcm_msgs__rosidl_generator_py.so
[0.488s] -- Up-to-date: /home/jeanho/gps_rtk/install/rtcm_msgs/share/rtcm_msgs/msg/Message.idl
[0.488s] -- Up-to-date: /home/jeanho/gps_rtk/install/rtcm_msgs/share/rtcm_msgs/msg/Message.msg
[0.489s] -- Up-to-date: /home/jeanho/gps_rtk/install/rtcm_msgs/share/ament_index/resource_index/package_run_dependencies/rtcm_msgs
[0.489s] -- Up-to-date: /home/jeanho/gps_rtk/install/rtcm_msgs/share/ament_index/resource_index/parent_prefix_path/rtcm_msgs
[0.489s] -- Up-to-date: /home/jeanho/gps_rtk/install/rtcm_msgs/share/rtcm_msgs/environment/ament_prefix_path.sh
[0.489s] -- Up-to-date: /home/jeanho/gps_rtk/install/rtcm_msgs/share/rtcm_msgs/environment/ament_prefix_path.dsv
[0.489s] -- Up-to-date: /home/jeanho/gps_rtk/install/rtcm_msgs/share/rtcm_msgs/environment/path.sh
[0.489s] -- Up-to-date: /home/jeanho/gps_rtk/install/rtcm_msgs/share/rtcm_msgs/environment/path.dsv
[0.489s] -- Up-to-date: /home/jeanho/gps_rtk/install/rtcm_msgs/share/rtcm_msgs/local_setup.bash
[0.489s] -- Up-to-date: /home/jeanho/gps_rtk/install/rtcm_msgs/share/rtcm_msgs/local_setup.sh
[0.489s] -- Up-to-date: /home/jeanho/gps_rtk/install/rtcm_msgs/share/rtcm_msgs/local_setup.zsh
[0.490s] -- Up-to-date: /home/jeanho/gps_rtk/install/rtcm_msgs/share/rtcm_msgs/local_setup.dsv
[0.490s] -- Installing: /home/jeanho/gps_rtk/install/rtcm_msgs/share/rtcm_msgs/package.dsv
[0.490s] -- Up-to-date: /home/jeanho/gps_rtk/install/rtcm_msgs/share/ament_index/resource_index/packages/rtcm_msgs
[0.490s] -- Up-to-date: /home/jeanho/gps_rtk/install/rtcm_msgs/share/rtcm_msgs/cmake/export_rtcm_msgs__rosidl_generator_cExport.cmake
[0.490s] -- Up-to-date: /home/jeanho/gps_rtk/install/rtcm_msgs/share/rtcm_msgs/cmake/export_rtcm_msgs__rosidl_generator_cExport-noconfig.cmake
[0.490s] -- Up-to-date: /home/jeanho/gps_rtk/install/rtcm_msgs/share/rtcm_msgs/cmake/export_rtcm_msgs__rosidl_typesupport_fastrtps_cExport.cmake
[0.491s] -- Up-to-date: /home/jeanho/gps_rtk/install/rtcm_msgs/share/rtcm_msgs/cmake/export_rtcm_msgs__rosidl_typesupport_fastrtps_cExport-noconfig.cmake
[0.491s] -- Up-to-date: /home/jeanho/gps_rtk/install/rtcm_msgs/share/rtcm_msgs/cmake/export_rtcm_msgs__rosidl_generator_cppExport.cmake
[0.491s] -- Up-to-date: /home/jeanho/gps_rtk/install/rtcm_msgs/share/rtcm_msgs/cmake/export_rtcm_msgs__rosidl_typesupport_fastrtps_cppExport.cmake
[0.491s] -- Up-to-date: /home/jeanho/gps_rtk/install/rtcm_msgs/share/rtcm_msgs/cmake/export_rtcm_msgs__rosidl_typesupport_fastrtps_cppExport-noconfig.cmake
[0.491s] -- Up-to-date: /home/jeanho/gps_rtk/install/rtcm_msgs/share/rtcm_msgs/cmake/rtcm_msgs__rosidl_typesupport_introspection_cExport.cmake
[0.491s] -- Up-to-date: /home/jeanho/gps_rtk/install/rtcm_msgs/share/rtcm_msgs/cmake/rtcm_msgs__rosidl_typesupport_introspection_cExport-noconfig.cmake
[0.491s] -- Up-to-date: /home/jeanho/gps_rtk/install/rtcm_msgs/share/rtcm_msgs/cmake/rtcm_msgs__rosidl_typesupport_cExport.cmake
[0.492s] -- Up-to-date: /home/jeanho/gps_rtk/install/rtcm_msgs/share/rtcm_msgs/cmake/rtcm_msgs__rosidl_typesupport_cExport-noconfig.cmake
[0.492s] -- Up-to-date: /home/jeanho/gps_rtk/install/rtcm_msgs/share/rtcm_msgs/cmake/rtcm_msgs__rosidl_typesupport_introspection_cppExport.cmake
[0.492s] -- Up-to-date: /home/jeanho/gps_rtk/install/rtcm_msgs/share/rtcm_msgs/cmake/rtcm_msgs__rosidl_typesupport_introspection_cppExport-noconfig.cmake
[0.492s] -- Up-to-date: /home/jeanho/gps_rtk/install/rtcm_msgs/share/rtcm_msgs/cmake/rtcm_msgs__rosidl_typesupport_cppExport.cmake
[0.492s] -- Up-to-date: /home/jeanho/gps_rtk/install/rtcm_msgs/share/rtcm_msgs/cmake/rtcm_msgs__rosidl_typesupport_cppExport-noconfig.cmake
[0.492s] -- Up-to-date: /home/jeanho/gps_rtk/install/rtcm_msgs/share/rtcm_msgs/cmake/export_rtcm_msgs__rosidl_generator_pyExport.cmake
[0.492s] -- Up-to-date: /home/jeanho/gps_rtk/install/rtcm_msgs/share/rtcm_msgs/cmake/export_rtcm_msgs__rosidl_generator_pyExport-noconfig.cmake
[0.492s] -- Up-to-date: /home/jeanho/gps_rtk/install/rtcm_msgs/share/rtcm_msgs/cmake/rosidl_cmake-extras.cmake
[0.493s] -- Up-to-date: /home/jeanho/gps_rtk/install/rtcm_msgs/share/rtcm_msgs/cmake/ament_cmake_export_dependencies-extras.cmake
[0.493s] -- Up-to-date: /home/jeanho/gps_rtk/install/rtcm_msgs/share/rtcm_msgs/cmake/ament_cmake_export_include_directories-extras.cmake
[0.493s] -- Up-to-date: /home/jeanho/gps_rtk/install/rtcm_msgs/share/rtcm_msgs/cmake/ament_cmake_export_libraries-extras.cmake
[0.493s] -- Up-to-date: /home/jeanho/gps_rtk/install/rtcm_msgs/share/rtcm_msgs/cmake/ament_cmake_export_targets-extras.cmake
[0.493s] -- Up-to-date: /home/jeanho/gps_rtk/install/rtcm_msgs/share/rtcm_msgs/cmake/rosidl_cmake_export_typesupport_targets-extras.cmake
[0.493s] -- Up-to-date: /home/jeanho/gps_rtk/install/rtcm_msgs/share/rtcm_msgs/cmake/rosidl_cmake_export_typesupport_libraries-extras.cmake
[0.493s] -- Up-to-date: /home/jeanho/gps_rtk/install/rtcm_msgs/share/rtcm_msgs/cmake/rtcm_msgsConfig.cmake
[0.493s] -- Up-to-date: /home/jeanho/gps_rtk/install/rtcm_msgs/share/rtcm_msgs/cmake/rtcm_msgsConfig-version.cmake
[0.493s] -- Up-to-date: /home/jeanho/gps_rtk/install/rtcm_msgs/share/rtcm_msgs/package.xml
[0.495s] Invoked command in '/home/jeanho/gps_rtk/build/rtcm_msgs' returned '0': CMAKE_PREFIX_PATH=/opt/ros/humble /usr/bin/cmake --install /home/jeanho/gps_rtk/build/rtcm_msgs
