[0.374s] Invoking command in '/home/jeanho/gps_rtk/build/ublox': AMENT_PREFIX_PATH=/home/jeanho/gps_rtk/install/ublox_gps:/home/jeanho/gps_rtk/install/ublox_msgs:/home/jeanho/gps_rtk/install/ublox_serialization:/home/jeanho/gps_rtk/install/rtcm_msgs:${AMENT_PREFIX_PATH} CMAKE_PREFIX_PATH=/home/jeanho/gps_rtk/install/ublox_gps:/home/jeanho/gps_rtk/install/ublox_msgs:/home/jeanho/gps_rtk/install/ublox_serialization:/home/jeanho/gps_rtk/install/rtcm_msgs:/opt/ros/humble LD_LIBRARY_PATH=/home/jeanho/gps_rtk/install/ublox_gps/lib:/home/jeanho/gps_rtk/install/ublox_msgs/lib:/home/jeanho/gps_rtk/install/rtcm_msgs/lib:/opt/ros/humble/opt/rviz_ogre_vendor/lib:/opt/ros/humble/lib/x86_64-linux-gnu:/opt/ros/humble/lib:/home/jeanho/acados/lib PYTHONPATH=/home/jeanho/gps_rtk/install/ublox_msgs/local/lib/python3.10/dist-packages:/home/jeanho/gps_rtk/install/rtcm_msgs/local/lib/python3.10/dist-packages:${PYTHONPATH} /usr/bin/cmake /home/jeanho/gps_rtk/src/RTK_GPS_NTRIP/ublox -DCMAKE_INSTALL_PREFIX=/home/jeanho/gps_rtk/install/ublox
[0.508s] -- The C compiler identification is GNU 11.4.0
[0.995s] -- The CXX compiler identification is GNU 11.4.0
[1.332s] -- Detecting C compiler ABI info
[1.480s] -- Detecting C compiler ABI info - done
[1.483s] -- Check for working C compiler: /usr/bin/cc - skipped
[1.483s] -- Detecting C compile features
[1.484s] -- Detecting C compile features - done
[1.485s] -- Detecting CXX compiler ABI info
[1.634s] -- Detecting CXX compiler ABI info - done
[1.637s] -- Check for working CXX compiler: /usr/bin/c++ - skipped
[1.638s] -- Detecting CXX compile features
[1.638s] -- Detecting CXX compile features - done
[1.639s] -- Found ament_cmake: 1.3.12 (/opt/ros/humble/share/ament_cmake/cmake)
[1.721s] -- Found Python3: /usr/bin/python3 (found version "3.10.12") found components: Interpreter 
[1.798s] -- Configuring done
[1.799s] -- Generating done
[1.800s] -- Build files have been written to: /home/jeanho/gps_rtk/build/ublox
[1.803s] Invoked command in '/home/jeanho/gps_rtk/build/ublox' returned '0': AMENT_PREFIX_PATH=/home/jeanho/gps_rtk/install/ublox_gps:/home/jeanho/gps_rtk/install/ublox_msgs:/home/jeanho/gps_rtk/install/ublox_serialization:/home/jeanho/gps_rtk/install/rtcm_msgs:${AMENT_PREFIX_PATH} CMAKE_PREFIX_PATH=/home/jeanho/gps_rtk/install/ublox_gps:/home/jeanho/gps_rtk/install/ublox_msgs:/home/jeanho/gps_rtk/install/ublox_serialization:/home/jeanho/gps_rtk/install/rtcm_msgs:/opt/ros/humble LD_LIBRARY_PATH=/home/jeanho/gps_rtk/install/ublox_gps/lib:/home/jeanho/gps_rtk/install/ublox_msgs/lib:/home/jeanho/gps_rtk/install/rtcm_msgs/lib:/opt/ros/humble/opt/rviz_ogre_vendor/lib:/opt/ros/humble/lib/x86_64-linux-gnu:/opt/ros/humble/lib:/home/jeanho/acados/lib PYTHONPATH=/home/jeanho/gps_rtk/install/ublox_msgs/local/lib/python3.10/dist-packages:/home/jeanho/gps_rtk/install/rtcm_msgs/local/lib/python3.10/dist-packages:${PYTHONPATH} /usr/bin/cmake /home/jeanho/gps_rtk/src/RTK_GPS_NTRIP/ublox -DCMAKE_INSTALL_PREFIX=/home/jeanho/gps_rtk/install/ublox
[1.805s] Invoking command in '/home/jeanho/gps_rtk/build/ublox': AMENT_PREFIX_PATH=/home/jeanho/gps_rtk/install/ublox_gps:/home/jeanho/gps_rtk/install/ublox_msgs:/home/jeanho/gps_rtk/install/ublox_serialization:/home/jeanho/gps_rtk/install/rtcm_msgs:${AMENT_PREFIX_PATH} CMAKE_PREFIX_PATH=/home/jeanho/gps_rtk/install/ublox_gps:/home/jeanho/gps_rtk/install/ublox_msgs:/home/jeanho/gps_rtk/install/ublox_serialization:/home/jeanho/gps_rtk/install/rtcm_msgs:/opt/ros/humble LD_LIBRARY_PATH=/home/jeanho/gps_rtk/install/ublox_gps/lib:/home/jeanho/gps_rtk/install/ublox_msgs/lib:/home/jeanho/gps_rtk/install/rtcm_msgs/lib:/opt/ros/humble/opt/rviz_ogre_vendor/lib:/opt/ros/humble/lib/x86_64-linux-gnu:/opt/ros/humble/lib:/home/jeanho/acados/lib PYTHONPATH=/home/jeanho/gps_rtk/install/ublox_msgs/local/lib/python3.10/dist-packages:/home/jeanho/gps_rtk/install/rtcm_msgs/local/lib/python3.10/dist-packages:${PYTHONPATH} /usr/bin/cmake --build /home/jeanho/gps_rtk/build/ublox -- -j24 -l24
[1.824s] Invoked command in '/home/jeanho/gps_rtk/build/ublox' returned '0': AMENT_PREFIX_PATH=/home/jeanho/gps_rtk/install/ublox_gps:/home/jeanho/gps_rtk/install/ublox_msgs:/home/jeanho/gps_rtk/install/ublox_serialization:/home/jeanho/gps_rtk/install/rtcm_msgs:${AMENT_PREFIX_PATH} CMAKE_PREFIX_PATH=/home/jeanho/gps_rtk/install/ublox_gps:/home/jeanho/gps_rtk/install/ublox_msgs:/home/jeanho/gps_rtk/install/ublox_serialization:/home/jeanho/gps_rtk/install/rtcm_msgs:/opt/ros/humble LD_LIBRARY_PATH=/home/jeanho/gps_rtk/install/ublox_gps/lib:/home/jeanho/gps_rtk/install/ublox_msgs/lib:/home/jeanho/gps_rtk/install/rtcm_msgs/lib:/opt/ros/humble/opt/rviz_ogre_vendor/lib:/opt/ros/humble/lib/x86_64-linux-gnu:/opt/ros/humble/lib:/home/jeanho/acados/lib PYTHONPATH=/home/jeanho/gps_rtk/install/ublox_msgs/local/lib/python3.10/dist-packages:/home/jeanho/gps_rtk/install/rtcm_msgs/local/lib/python3.10/dist-packages:${PYTHONPATH} /usr/bin/cmake --build /home/jeanho/gps_rtk/build/ublox -- -j24 -l24
[1.826s] Invoking command in '/home/jeanho/gps_rtk/build/ublox': AMENT_PREFIX_PATH=/home/jeanho/gps_rtk/install/ublox_gps:/home/jeanho/gps_rtk/install/ublox_msgs:/home/jeanho/gps_rtk/install/ublox_serialization:/home/jeanho/gps_rtk/install/rtcm_msgs:${AMENT_PREFIX_PATH} CMAKE_PREFIX_PATH=/home/jeanho/gps_rtk/install/ublox_gps:/home/jeanho/gps_rtk/install/ublox_msgs:/home/jeanho/gps_rtk/install/ublox_serialization:/home/jeanho/gps_rtk/install/rtcm_msgs:/opt/ros/humble LD_LIBRARY_PATH=/home/jeanho/gps_rtk/install/ublox_gps/lib:/home/jeanho/gps_rtk/install/ublox_msgs/lib:/home/jeanho/gps_rtk/install/rtcm_msgs/lib:/opt/ros/humble/opt/rviz_ogre_vendor/lib:/opt/ros/humble/lib/x86_64-linux-gnu:/opt/ros/humble/lib:/home/jeanho/acados/lib PYTHONPATH=/home/jeanho/gps_rtk/install/ublox_msgs/local/lib/python3.10/dist-packages:/home/jeanho/gps_rtk/install/rtcm_msgs/local/lib/python3.10/dist-packages:${PYTHONPATH} /usr/bin/cmake --install /home/jeanho/gps_rtk/build/ublox
[1.829s] -- Install configuration: ""
[1.830s] -- Installing: /home/jeanho/gps_rtk/install/ublox/share/ament_index/resource_index/package_run_dependencies/ublox
[1.830s] -- Installing: /home/jeanho/gps_rtk/install/ublox/share/ament_index/resource_index/parent_prefix_path/ublox
[1.830s] -- Installing: /home/jeanho/gps_rtk/install/ublox/share/ublox/environment/ament_prefix_path.sh
[1.830s] -- Installing: /home/jeanho/gps_rtk/install/ublox/share/ublox/environment/ament_prefix_path.dsv
[1.830s] -- Installing: /home/jeanho/gps_rtk/install/ublox/share/ublox/environment/path.sh
[1.830s] -- Installing: /home/jeanho/gps_rtk/install/ublox/share/ublox/environment/path.dsv
[1.830s] -- Installing: /home/jeanho/gps_rtk/install/ublox/share/ublox/local_setup.bash
[1.831s] -- Installing: /home/jeanho/gps_rtk/install/ublox/share/ublox/local_setup.sh
[1.831s] -- Installing: /home/jeanho/gps_rtk/install/ublox/share/ublox/local_setup.zsh
[1.831s] -- Installing: /home/jeanho/gps_rtk/install/ublox/share/ublox/local_setup.dsv
[1.831s] -- Installing: /home/jeanho/gps_rtk/install/ublox/share/ublox/package.dsv
[1.831s] -- Installing: /home/jeanho/gps_rtk/install/ublox/share/ament_index/resource_index/packages/ublox
[1.831s] -- Installing: /home/jeanho/gps_rtk/install/ublox/share/ublox/cmake/ubloxConfig.cmake
[1.831s] -- Installing: /home/jeanho/gps_rtk/install/ublox/share/ublox/cmake/ubloxConfig-version.cmake
[1.831s] -- Installing: /home/jeanho/gps_rtk/install/ublox/share/ublox/package.xml
[1.833s] Invoked command in '/home/jeanho/gps_rtk/build/ublox' returned '0': AMENT_PREFIX_PATH=/home/jeanho/gps_rtk/install/ublox_gps:/home/jeanho/gps_rtk/install/ublox_msgs:/home/jeanho/gps_rtk/install/ublox_serialization:/home/jeanho/gps_rtk/install/rtcm_msgs:${AMENT_PREFIX_PATH} CMAKE_PREFIX_PATH=/home/jeanho/gps_rtk/install/ublox_gps:/home/jeanho/gps_rtk/install/ublox_msgs:/home/jeanho/gps_rtk/install/ublox_serialization:/home/jeanho/gps_rtk/install/rtcm_msgs:/opt/ros/humble LD_LIBRARY_PATH=/home/jeanho/gps_rtk/install/ublox_gps/lib:/home/jeanho/gps_rtk/install/ublox_msgs/lib:/home/jeanho/gps_rtk/install/rtcm_msgs/lib:/opt/ros/humble/opt/rviz_ogre_vendor/lib:/opt/ros/humble/lib/x86_64-linux-gnu:/opt/ros/humble/lib:/home/jeanho/acados/lib PYTHONPATH=/home/jeanho/gps_rtk/install/ublox_msgs/local/lib/python3.10/dist-packages:/home/jeanho/gps_rtk/install/rtcm_msgs/local/lib/python3.10/dist-packages:${PYTHONPATH} /usr/bin/cmake --install /home/jeanho/gps_rtk/build/ublox
