[0.010s] Invoking command in '/home/jeanho/gps_rtk/src/build/ublox': AMENT_PREFIX_PATH=/home/jeanho/gps_rtk/src/install/ublox_gps:/home/jeanho/gps_rtk/src/install/ublox_msgs:/home/jeanho/gps_rtk/src/install/ublox_serialization:/home/jeanho/gps_rtk/src/install/rtcm_msgs:${AMENT_PREFIX_PATH} CMAKE_PREFIX_PATH=/home/jeanho/gps_rtk/src/install/ublox_gps:/home/jeanho/gps_rtk/src/install/ublox_msgs:/home/jeanho/gps_rtk/src/install/ublox_serialization:/home/jeanho/gps_rtk/src/install/rtcm_msgs:/opt/ros/humble LD_LIBRARY_PATH=/home/jeanho/gps_rtk/src/install/ublox_gps/lib:/home/jeanho/gps_rtk/src/install/ublox_msgs/lib:/home/jeanho/gps_rtk/src/install/rtcm_msgs/lib:${LD_LIBRARY_PATH} PYTHONPATH=/home/jeanho/gps_rtk/src/install/ublox_msgs/local/lib/python3.10/dist-packages:/home/jeanho/gps_rtk/src/install/rtcm_msgs/local/lib/python3.10/dist-packages:${PYTHONPATH} /usr/bin/cmake /home/jeanho/gps_rtk/src/ublox -DCMAKE_INSTALL_PREFIX=/home/jeanho/gps_rtk/src/install/ublox
[0.059s] -- The C compiler identification is GNU 11.4.0
[0.101s] -- The CXX compiler identification is GNU 11.4.0
[0.106s] -- Detecting C compiler ABI info
[0.154s] -- Detecting C compiler ABI info - done
[0.159s] -- Check for working C compiler: /usr/bin/cc - skipped
[0.159s] -- Detecting C compile features
[0.159s] -- Detecting C compile features - done
[0.162s] -- Detecting CXX compiler ABI info
[0.211s] -- Detecting CXX compiler ABI info - done
[0.215s] -- Check for working CXX compiler: /usr/bin/c++ - skipped
[0.215s] -- Detecting CXX compile features
[0.215s] -- Detecting CXX compile features - done
[0.217s] -- Found ament_cmake: 1.3.12 (/opt/ros/humble/share/ament_cmake/cmake)
[0.319s] -- Found Python3: /usr/bin/python3 (found version "3.10.12") found components: Interpreter 
[0.406s] -- Configuring done
[0.407s] -- Generating done
[0.408s] -- Build files have been written to: /home/jeanho/gps_rtk/src/build/ublox
[0.412s] Invoked command in '/home/jeanho/gps_rtk/src/build/ublox' returned '0': AMENT_PREFIX_PATH=/home/jeanho/gps_rtk/src/install/ublox_gps:/home/jeanho/gps_rtk/src/install/ublox_msgs:/home/jeanho/gps_rtk/src/install/ublox_serialization:/home/jeanho/gps_rtk/src/install/rtcm_msgs:${AMENT_PREFIX_PATH} CMAKE_PREFIX_PATH=/home/jeanho/gps_rtk/src/install/ublox_gps:/home/jeanho/gps_rtk/src/install/ublox_msgs:/home/jeanho/gps_rtk/src/install/ublox_serialization:/home/jeanho/gps_rtk/src/install/rtcm_msgs:/opt/ros/humble LD_LIBRARY_PATH=/home/jeanho/gps_rtk/src/install/ublox_gps/lib:/home/jeanho/gps_rtk/src/install/ublox_msgs/lib:/home/jeanho/gps_rtk/src/install/rtcm_msgs/lib:${LD_LIBRARY_PATH} PYTHONPATH=/home/jeanho/gps_rtk/src/install/ublox_msgs/local/lib/python3.10/dist-packages:/home/jeanho/gps_rtk/src/install/rtcm_msgs/local/lib/python3.10/dist-packages:${PYTHONPATH} /usr/bin/cmake /home/jeanho/gps_rtk/src/ublox -DCMAKE_INSTALL_PREFIX=/home/jeanho/gps_rtk/src/install/ublox
[0.414s] Invoking command in '/home/jeanho/gps_rtk/src/build/ublox': AMENT_PREFIX_PATH=/home/jeanho/gps_rtk/src/install/ublox_gps:/home/jeanho/gps_rtk/src/install/ublox_msgs:/home/jeanho/gps_rtk/src/install/ublox_serialization:/home/jeanho/gps_rtk/src/install/rtcm_msgs:${AMENT_PREFIX_PATH} CMAKE_PREFIX_PATH=/home/jeanho/gps_rtk/src/install/ublox_gps:/home/jeanho/gps_rtk/src/install/ublox_msgs:/home/jeanho/gps_rtk/src/install/ublox_serialization:/home/jeanho/gps_rtk/src/install/rtcm_msgs:/opt/ros/humble LD_LIBRARY_PATH=/home/jeanho/gps_rtk/src/install/ublox_gps/lib:/home/jeanho/gps_rtk/src/install/ublox_msgs/lib:/home/jeanho/gps_rtk/src/install/rtcm_msgs/lib:${LD_LIBRARY_PATH} PYTHONPATH=/home/jeanho/gps_rtk/src/install/ublox_msgs/local/lib/python3.10/dist-packages:/home/jeanho/gps_rtk/src/install/rtcm_msgs/local/lib/python3.10/dist-packages:${PYTHONPATH} /usr/bin/cmake --build /home/jeanho/gps_rtk/src/build/ublox -- -j24 -l24
[0.441s] Invoked command in '/home/jeanho/gps_rtk/src/build/ublox' returned '0': AMENT_PREFIX_PATH=/home/jeanho/gps_rtk/src/install/ublox_gps:/home/jeanho/gps_rtk/src/install/ublox_msgs:/home/jeanho/gps_rtk/src/install/ublox_serialization:/home/jeanho/gps_rtk/src/install/rtcm_msgs:${AMENT_PREFIX_PATH} CMAKE_PREFIX_PATH=/home/jeanho/gps_rtk/src/install/ublox_gps:/home/jeanho/gps_rtk/src/install/ublox_msgs:/home/jeanho/gps_rtk/src/install/ublox_serialization:/home/jeanho/gps_rtk/src/install/rtcm_msgs:/opt/ros/humble LD_LIBRARY_PATH=/home/jeanho/gps_rtk/src/install/ublox_gps/lib:/home/jeanho/gps_rtk/src/install/ublox_msgs/lib:/home/jeanho/gps_rtk/src/install/rtcm_msgs/lib:${LD_LIBRARY_PATH} PYTHONPATH=/home/jeanho/gps_rtk/src/install/ublox_msgs/local/lib/python3.10/dist-packages:/home/jeanho/gps_rtk/src/install/rtcm_msgs/local/lib/python3.10/dist-packages:${PYTHONPATH} /usr/bin/cmake --build /home/jeanho/gps_rtk/src/build/ublox -- -j24 -l24
[0.441s] Invoking command in '/home/jeanho/gps_rtk/src/build/ublox': AMENT_PREFIX_PATH=/home/jeanho/gps_rtk/src/install/ublox_gps:/home/jeanho/gps_rtk/src/install/ublox_msgs:/home/jeanho/gps_rtk/src/install/ublox_serialization:/home/jeanho/gps_rtk/src/install/rtcm_msgs:${AMENT_PREFIX_PATH} CMAKE_PREFIX_PATH=/home/jeanho/gps_rtk/src/install/ublox_gps:/home/jeanho/gps_rtk/src/install/ublox_msgs:/home/jeanho/gps_rtk/src/install/ublox_serialization:/home/jeanho/gps_rtk/src/install/rtcm_msgs:/opt/ros/humble LD_LIBRARY_PATH=/home/jeanho/gps_rtk/src/install/ublox_gps/lib:/home/jeanho/gps_rtk/src/install/ublox_msgs/lib:/home/jeanho/gps_rtk/src/install/rtcm_msgs/lib:${LD_LIBRARY_PATH} PYTHONPATH=/home/jeanho/gps_rtk/src/install/ublox_msgs/local/lib/python3.10/dist-packages:/home/jeanho/gps_rtk/src/install/rtcm_msgs/local/lib/python3.10/dist-packages:${PYTHONPATH} /usr/bin/cmake --install /home/jeanho/gps_rtk/src/build/ublox
[0.446s] -- Install configuration: ""
[0.447s] -- Installing: /home/jeanho/gps_rtk/src/install/ublox/share/ament_index/resource_index/package_run_dependencies/ublox
[0.447s] -- Installing: /home/jeanho/gps_rtk/src/install/ublox/share/ament_index/resource_index/parent_prefix_path/ublox
[0.447s] -- Installing: /home/jeanho/gps_rtk/src/install/ublox/share/ublox/environment/ament_prefix_path.sh
[0.447s] -- Installing: /home/jeanho/gps_rtk/src/install/ublox/share/ublox/environment/ament_prefix_path.dsv
[0.447s] -- Installing: /home/jeanho/gps_rtk/src/install/ublox/share/ublox/environment/path.sh
[0.447s] -- Installing: /home/jeanho/gps_rtk/src/install/ublox/share/ublox/environment/path.dsv
[0.447s] -- Installing: /home/jeanho/gps_rtk/src/install/ublox/share/ublox/local_setup.bash
[0.447s] -- Installing: /home/jeanho/gps_rtk/src/install/ublox/share/ublox/local_setup.sh
[0.447s] -- Installing: /home/jeanho/gps_rtk/src/install/ublox/share/ublox/local_setup.zsh
[0.447s] -- Installing: /home/jeanho/gps_rtk/src/install/ublox/share/ublox/local_setup.dsv
[0.447s] -- Installing: /home/jeanho/gps_rtk/src/install/ublox/share/ublox/package.dsv
[0.447s] -- Installing: /home/jeanho/gps_rtk/src/install/ublox/share/ament_index/resource_index/packages/ublox
[0.447s] -- Installing: /home/jeanho/gps_rtk/src/install/ublox/share/ublox/cmake/ubloxConfig.cmake
[0.447s] -- Installing: /home/jeanho/gps_rtk/src/install/ublox/share/ublox/cmake/ubloxConfig-version.cmake
[0.448s] -- Installing: /home/jeanho/gps_rtk/src/install/ublox/share/ublox/package.xml
[0.449s] Invoked command in '/home/jeanho/gps_rtk/src/build/ublox' returned '0': AMENT_PREFIX_PATH=/home/jeanho/gps_rtk/src/install/ublox_gps:/home/jeanho/gps_rtk/src/install/ublox_msgs:/home/jeanho/gps_rtk/src/install/ublox_serialization:/home/jeanho/gps_rtk/src/install/rtcm_msgs:${AMENT_PREFIX_PATH} CMAKE_PREFIX_PATH=/home/jeanho/gps_rtk/src/install/ublox_gps:/home/jeanho/gps_rtk/src/install/ublox_msgs:/home/jeanho/gps_rtk/src/install/ublox_serialization:/home/jeanho/gps_rtk/src/install/rtcm_msgs:/opt/ros/humble LD_LIBRARY_PATH=/home/jeanho/gps_rtk/src/install/ublox_gps/lib:/home/jeanho/gps_rtk/src/install/ublox_msgs/lib:/home/jeanho/gps_rtk/src/install/rtcm_msgs/lib:${LD_LIBRARY_PATH} PYTHONPATH=/home/jeanho/gps_rtk/src/install/ublox_msgs/local/lib/python3.10/dist-packages:/home/jeanho/gps_rtk/src/install/rtcm_msgs/local/lib/python3.10/dist-packages:${PYTHONPATH} /usr/bin/cmake --install /home/jeanho/gps_rtk/src/build/ublox
