[0.227s] Invoking command in '/home/jeanho/gps_rtk/build/ublox_gps': AMENT_PREFIX_PATH=/home/jeanho/gps_rtk/install/ublox_msgs:/home/jeanho/gps_rtk/install/ublox_serialization:/home/jeanho/gps_rtk/install/rtcm_msgs:${AMENT_PREFIX_PATH} CMAKE_PREFIX_PATH=/home/jeanho/gps_rtk/install/ublox_msgs:/home/jeanho/gps_rtk/install/ublox_serialization:/home/jeanho/gps_rtk/install/rtcm_msgs:/opt/ros/humble LD_LIBRARY_PATH=/home/jeanho/gps_rtk/install/ublox_msgs/lib:/home/jeanho/gps_rtk/install/rtcm_msgs/lib:/opt/ros/humble/opt/rviz_ogre_vendor/lib:/opt/ros/humble/lib/x86_64-linux-gnu:/opt/ros/humble/lib:/home/jeanho/acados/lib PYTHONPATH=/home/jeanho/gps_rtk/install/ublox_msgs/local/lib/python3.10/dist-packages:/home/jeanho/gps_rtk/install/rtcm_msgs/local/lib/python3.10/dist-packages:${PYTHONPATH} /usr/bin/cmake --build /home/jeanho/gps_rtk/build/ublox_gps -- -j24 -l24
[0.242s] -- Found ament_cmake_ros: 0.10.0 (/opt/ros/humble/share/ament_cmake_ros/cmake)
[0.312s] -- Found diagnostic_msgs: 4.9.0 (/opt/ros/humble/share/diagnostic_msgs/cmake)
[0.446s] -- Found rosidl_generator_c: 3.1.7 (/opt/ros/humble/share/rosidl_generator_c/cmake)
[0.447s] -- Found rosidl_adapter: 3.1.7 (/opt/ros/humble/share/rosidl_adapter/cmake)
[0.451s] -- Found rosidl_generator_cpp: 3.1.7 (/opt/ros/humble/share/rosidl_generator_cpp/cmake)
[0.457s] -- Using all available rosidl_typesupport_c: rosidl_typesupport_fastrtps_c;rosidl_typesupport_introspection_c
[0.466s] -- Using all available rosidl_typesupport_cpp: rosidl_typesupport_fastrtps_cpp;rosidl_typesupport_introspection_cpp
[0.486s] -- Found diagnostic_updater: 4.0.6 (/opt/ros/humble/share/diagnostic_updater/cmake)
[0.503s] -- Found rmw_implementation_cmake: 6.1.2 (/opt/ros/humble/share/rmw_implementation_cmake/cmake)
[0.504s] -- Found rmw_fastrtps_cpp: 6.2.8 (/opt/ros/humble/share/rmw_fastrtps_cpp/cmake)
[6.653s] -- Using RMW implementation 'rmw_fastrtps_cpp' as default
[6.707s] -- Found geometry_msgs: 4.9.0 (/opt/ros/humble/share/geometry_msgs/cmake)
[6.721s] -- Found rclcpp_components: 16.0.14 (/opt/ros/humble/share/rclcpp_components/cmake)
[6.749s] -- Found sensor_msgs: 4.9.0 (/opt/ros/humble/share/sensor_msgs/cmake)
[6.767s] -- Found tf2: 0.25.16 (/opt/ros/humble/share/tf2/cmake)
[6.771s] -- Found ublox_msgs: 2.3.0 (/home/jeanho/gps_rtk/install/ublox_msgs/share/ublox_msgs/cmake)
[6.789s] -- Found rtcm_msgs: 1.1.6 (/home/jeanho/gps_rtk/install/rtcm_msgs/share/rtcm_msgs/cmake)
[6.860s] -- Configuring done
[6.933s] -- Generating done
[6.941s] -- Build files have been written to: /home/jeanho/gps_rtk/build/ublox_gps
[6.985s] [35m[1mConsolidate compiler generated dependencies of target ublox_gps[0m
[7.054s] [ 77%] Built target ublox_gps
[7.064s] [35m[1mConsolidate compiler generated dependencies of target ublox_gps_node[0m
[7.065s] [35m[1mConsolidate compiler generated dependencies of target ublox_logger[0m
[7.080s] [ 86%] Built target ublox_gps_node
[7.080s] [100%] Built target ublox_logger
[7.088s] Invoked command in '/home/jeanho/gps_rtk/build/ublox_gps' returned '0': AMENT_PREFIX_PATH=/home/jeanho/gps_rtk/install/ublox_msgs:/home/jeanho/gps_rtk/install/ublox_serialization:/home/jeanho/gps_rtk/install/rtcm_msgs:${AMENT_PREFIX_PATH} CMAKE_PREFIX_PATH=/home/jeanho/gps_rtk/install/ublox_msgs:/home/jeanho/gps_rtk/install/ublox_serialization:/home/jeanho/gps_rtk/install/rtcm_msgs:/opt/ros/humble LD_LIBRARY_PATH=/home/jeanho/gps_rtk/install/ublox_msgs/lib:/home/jeanho/gps_rtk/install/rtcm_msgs/lib:/opt/ros/humble/opt/rviz_ogre_vendor/lib:/opt/ros/humble/lib/x86_64-linux-gnu:/opt/ros/humble/lib:/home/jeanho/acados/lib PYTHONPATH=/home/jeanho/gps_rtk/install/ublox_msgs/local/lib/python3.10/dist-packages:/home/jeanho/gps_rtk/install/rtcm_msgs/local/lib/python3.10/dist-packages:${PYTHONPATH} /usr/bin/cmake --build /home/jeanho/gps_rtk/build/ublox_gps -- -j24 -l24
[7.090s] Invoking command in '/home/jeanho/gps_rtk/build/ublox_gps': AMENT_PREFIX_PATH=/home/jeanho/gps_rtk/install/ublox_msgs:/home/jeanho/gps_rtk/install/ublox_serialization:/home/jeanho/gps_rtk/install/rtcm_msgs:${AMENT_PREFIX_PATH} CMAKE_PREFIX_PATH=/home/jeanho/gps_rtk/install/ublox_msgs:/home/jeanho/gps_rtk/install/ublox_serialization:/home/jeanho/gps_rtk/install/rtcm_msgs:/opt/ros/humble LD_LIBRARY_PATH=/home/jeanho/gps_rtk/install/ublox_msgs/lib:/home/jeanho/gps_rtk/install/rtcm_msgs/lib:/opt/ros/humble/opt/rviz_ogre_vendor/lib:/opt/ros/humble/lib/x86_64-linux-gnu:/opt/ros/humble/lib:/home/jeanho/acados/lib PYTHONPATH=/home/jeanho/gps_rtk/install/ublox_msgs/local/lib/python3.10/dist-packages:/home/jeanho/gps_rtk/install/rtcm_msgs/local/lib/python3.10/dist-packages:${PYTHONPATH} /usr/bin/cmake --install /home/jeanho/gps_rtk/build/ublox_gps
[7.095s] -- Install configuration: ""
[7.097s] -- Up-to-date: /home/jeanho/gps_rtk/install/ublox_gps/lib/libublox_gps.so
[7.098s] -- Up-to-date: /home/jeanho/gps_rtk/install/ublox_gps/lib/ublox_gps/ublox_gps_node
[7.099s] -- Up-to-date: /home/jeanho/gps_rtk/install/ublox_gps/lib/ublox_gps/ublox_logger
[7.099s] -- Up-to-date: /home/jeanho/gps_rtk/install/ublox_gps/include/ublox_gps
[7.100s] -- Up-to-date: /home/jeanho/gps_rtk/install/ublox_gps/include/ublox_gps/ublox_gps
[7.100s] -- Up-to-date: /home/jeanho/gps_rtk/install/ublox_gps/include/ublox_gps/ublox_gps/ublox_firmware7plus.hpp
[7.100s] -- Up-to-date: /home/jeanho/gps_rtk/install/ublox_gps/include/ublox_gps/ublox_gps/ublox_firmware6.hpp
[7.100s] -- Up-to-date: /home/jeanho/gps_rtk/install/ublox_gps/include/ublox_gps/ublox_gps/async_worker.hpp
[7.101s] -- Up-to-date: /home/jeanho/gps_rtk/install/ublox_gps/include/ublox_gps/ublox_gps/ublox_topic_diagnostic.hpp
[7.101s] -- Up-to-date: /home/jeanho/gps_rtk/install/ublox_gps/include/ublox_gps/ublox_gps/hp_pos_rec_product.hpp
[7.101s] -- Up-to-date: /home/jeanho/gps_rtk/install/ublox_gps/include/ublox_gps/ublox_gps/fix_diagnostic.hpp
[7.101s] -- Up-to-date: /home/jeanho/gps_rtk/install/ublox_gps/include/ublox_gps/ublox_gps/ublox_firmware8.hpp
[7.101s] -- Up-to-date: /home/jeanho/gps_rtk/install/ublox_gps/include/ublox_gps/ublox_gps/node.hpp
[7.102s] -- Up-to-date: /home/jeanho/gps_rtk/install/ublox_gps/include/ublox_gps/ublox_gps/utils.hpp
[7.102s] -- Up-to-date: /home/jeanho/gps_rtk/install/ublox_gps/include/ublox_gps/ublox_gps/callback.hpp
[7.102s] -- Up-to-date: /home/jeanho/gps_rtk/install/ublox_gps/include/ublox_gps/ublox_gps/hpg_rov_product.hpp
[7.102s] -- Up-to-date: /home/jeanho/gps_rtk/install/ublox_gps/include/ublox_gps/ublox_gps/gps.hpp
[7.103s] -- Up-to-date: /home/jeanho/gps_rtk/install/ublox_gps/include/ublox_gps/ublox_gps/ublox_firmware9.hpp
[7.103s] -- Up-to-date: /home/jeanho/gps_rtk/install/ublox_gps/include/ublox_gps/ublox_gps/component_interface.hpp
[7.103s] -- Up-to-date: /home/jeanho/gps_rtk/install/ublox_gps/include/ublox_gps/ublox_gps/fts_product.hpp
[7.103s] -- Up-to-date: /home/jeanho/gps_rtk/install/ublox_gps/include/ublox_gps/ublox_gps/gnss.hpp
[7.103s] -- Up-to-date: /home/jeanho/gps_rtk/install/ublox_gps/include/ublox_gps/ublox_gps/raw_data_product.hpp
[7.104s] -- Up-to-date: /home/jeanho/gps_rtk/install/ublox_gps/include/ublox_gps/ublox_gps/raw_data_pa.hpp
[7.104s] -- Up-to-date: /home/jeanho/gps_rtk/install/ublox_gps/include/ublox_gps/ublox_gps/rtcm.hpp
[7.104s] -- Up-to-date: /home/jeanho/gps_rtk/install/ublox_gps/include/ublox_gps/ublox_gps/worker.hpp
[7.104s] -- Up-to-date: /home/jeanho/gps_rtk/install/ublox_gps/include/ublox_gps/ublox_gps/hpg_ref_product.hpp
[7.104s] -- Up-to-date: /home/jeanho/gps_rtk/install/ublox_gps/include/ublox_gps/ublox_gps/adr_udr_product.hpp
[7.104s] -- Up-to-date: /home/jeanho/gps_rtk/install/ublox_gps/include/ublox_gps/ublox_gps/tim_product.hpp
[7.104s] -- Up-to-date: /home/jeanho/gps_rtk/install/ublox_gps/include/ublox_gps/ublox_gps/ublox_firmware.hpp
[7.104s] -- Up-to-date: /home/jeanho/gps_rtk/install/ublox_gps/include/ublox_gps/ublox_gps/mkgmtime.h
[7.104s] -- Up-to-date: /home/jeanho/gps_rtk/install/ublox_gps/include/ublox_gps/ublox_gps/ublox_firmware7.hpp
[7.104s] -- Up-to-date: /home/jeanho/gps_rtk/install/ublox_gps/share/ublox_gps/launch
[7.104s] -- Up-to-date: /home/jeanho/gps_rtk/install/ublox_gps/share/ublox_gps/launch/ublox_gps_node-launch.py
[7.104s] -- Up-to-date: /home/jeanho/gps_rtk/install/ublox_gps/share/ublox_gps/launch/ublox_gps_node-composed-launch.py
[7.104s] -- Up-to-date: /home/jeanho/gps_rtk/install/ublox_gps/share/ublox_gps/config
[7.104s] -- Up-to-date: /home/jeanho/gps_rtk/install/ublox_gps/share/ublox_gps/config/c94_m8t_base.yaml
[7.104s] -- Up-to-date: /home/jeanho/gps_rtk/install/ublox_gps/share/ublox_gps/config/neo_m8u_rover.yaml
[7.105s] -- Up-to-date: /home/jeanho/gps_rtk/install/ublox_gps/share/ublox_gps/config/nmea.yaml
[7.105s] -- Up-to-date: /home/jeanho/gps_rtk/install/ublox_gps/share/ublox_gps/config/zed_f9p.yaml
[7.105s] -- Up-to-date: /home/jeanho/gps_rtk/install/ublox_gps/share/ublox_gps/config/c94_m8p_rover.yaml
[7.105s] -- Up-to-date: /home/jeanho/gps_rtk/install/ublox_gps/share/ublox_gps/config/c94_m8t_rover.yaml
[7.105s] -- Up-to-date: /home/jeanho/gps_rtk/install/ublox_gps/share/ublox_gps/config/c94_m8p_base.yaml
[7.106s] -- Up-to-date: /home/jeanho/gps_rtk/install/ublox_gps/share/ublox_gps/config/zed_f9p_rover.yaml
[7.106s] -- Up-to-date: /home/jeanho/gps_rtk/install/ublox_gps/share/ament_index/resource_index/package_run_dependencies/ublox_gps
[7.106s] -- Up-to-date: /home/jeanho/gps_rtk/install/ublox_gps/share/ament_index/resource_index/parent_prefix_path/ublox_gps
[7.106s] -- Up-to-date: /home/jeanho/gps_rtk/install/ublox_gps/share/ublox_gps/environment/ament_prefix_path.sh
[7.107s] -- Installing: /home/jeanho/gps_rtk/install/ublox_gps/share/ublox_gps/environment/ament_prefix_path.dsv
[7.107s] -- Up-to-date: /home/jeanho/gps_rtk/install/ublox_gps/share/ublox_gps/environment/path.sh
[7.107s] -- Installing: /home/jeanho/gps_rtk/install/ublox_gps/share/ublox_gps/environment/path.dsv
[7.107s] -- Up-to-date: /home/jeanho/gps_rtk/install/ublox_gps/share/ublox_gps/local_setup.bash
[7.108s] -- Up-to-date: /home/jeanho/gps_rtk/install/ublox_gps/share/ublox_gps/local_setup.sh
[7.108s] -- Up-to-date: /home/jeanho/gps_rtk/install/ublox_gps/share/ublox_gps/local_setup.zsh
[7.108s] -- Installing: /home/jeanho/gps_rtk/install/ublox_gps/share/ublox_gps/local_setup.dsv
[7.108s] -- Installing: /home/jeanho/gps_rtk/install/ublox_gps/share/ublox_gps/package.dsv
[7.108s] -- Up-to-date: /home/jeanho/gps_rtk/install/ublox_gps/share/ament_index/resource_index/packages/ublox_gps
[7.109s] -- Up-to-date: /home/jeanho/gps_rtk/install/ublox_gps/share/ament_index/resource_index/rclcpp_components/ublox_gps
[7.109s] -- Up-to-date: /home/jeanho/gps_rtk/install/ublox_gps/share/ublox_gps/cmake/export_ublox_gpsExport.cmake
[7.109s] -- Up-to-date: /home/jeanho/gps_rtk/install/ublox_gps/share/ublox_gps/cmake/export_ublox_gpsExport-noconfig.cmake
[7.109s] -- Up-to-date: /home/jeanho/gps_rtk/install/ublox_gps/share/ublox_gps/cmake/ament_cmake_export_include_directories-extras.cmake
[7.109s] -- Up-to-date: /home/jeanho/gps_rtk/install/ublox_gps/share/ublox_gps/cmake/ament_cmake_export_targets-extras.cmake
[7.110s] -- Up-to-date: /home/jeanho/gps_rtk/install/ublox_gps/share/ublox_gps/cmake/ublox_gpsConfig.cmake
[7.110s] -- Up-to-date: /home/jeanho/gps_rtk/install/ublox_gps/share/ublox_gps/cmake/ublox_gpsConfig-version.cmake
[7.110s] -- Up-to-date: /home/jeanho/gps_rtk/install/ublox_gps/share/ublox_gps/package.xml
[7.112s] Invoked command in '/home/jeanho/gps_rtk/build/ublox_gps' returned '0': AMENT_PREFIX_PATH=/home/jeanho/gps_rtk/install/ublox_msgs:/home/jeanho/gps_rtk/install/ublox_serialization:/home/jeanho/gps_rtk/install/rtcm_msgs:${AMENT_PREFIX_PATH} CMAKE_PREFIX_PATH=/home/jeanho/gps_rtk/install/ublox_msgs:/home/jeanho/gps_rtk/install/ublox_serialization:/home/jeanho/gps_rtk/install/rtcm_msgs:/opt/ros/humble LD_LIBRARY_PATH=/home/jeanho/gps_rtk/install/ublox_msgs/lib:/home/jeanho/gps_rtk/install/rtcm_msgs/lib:/opt/ros/humble/opt/rviz_ogre_vendor/lib:/opt/ros/humble/lib/x86_64-linux-gnu:/opt/ros/humble/lib:/home/jeanho/acados/lib PYTHONPATH=/home/jeanho/gps_rtk/install/ublox_msgs/local/lib/python3.10/dist-packages:/home/jeanho/gps_rtk/install/rtcm_msgs/local/lib/python3.10/dist-packages:${PYTHONPATH} /usr/bin/cmake --install /home/jeanho/gps_rtk/build/ublox_gps
