running egg_info
creating ../../build/gps_visualizer/gps_visualizer.egg-info
writing ../../build/gps_visualizer/gps_visualizer.egg-info/PKG-INFO
writing dependency_links to ../../build/gps_visualizer/gps_visualizer.egg-info/dependency_links.txt
writing entry points to ../../build/gps_visualizer/gps_visualizer.egg-info/entry_points.txt
writing requirements to ../../build/gps_visualizer/gps_visualizer.egg-info/requires.txt
writing top-level names to ../../build/gps_visualizer/gps_visualizer.egg-info/top_level.txt
writing manifest file '../../build/gps_visualizer/gps_visualizer.egg-info/SOURCES.txt'
reading manifest file '../../build/gps_visualizer/gps_visualizer.egg-info/SOURCES.txt'
writing manifest file '../../build/gps_visualizer/gps_visualizer.egg-info/SOURCES.txt'
running build
running build_py
creating /home/jeanho/gps_rtk/build/gps_visualizer/build
creating /home/jeanho/gps_rtk/build/gps_visualizer/build/lib
creating /home/jeanho/gps_rtk/build/gps_visualizer/build/lib/gps_visualizer
copying gps_visualizer/waypoint_visualizer.py -> /home/jeanho/gps_rtk/build/gps_visualizer/build/lib/gps_visualizer
copying gps_visualizer/__init__.py -> /home/jeanho/gps_rtk/build/gps_visualizer/build/lib/gps_visualizer
running install
running install_lib
creating /home/jeanho/gps_rtk/install/gps_visualizer/lib/python3.10/site-packages/gps_visualizer
copying /home/jeanho/gps_rtk/build/gps_visualizer/build/lib/gps_visualizer/waypoint_visualizer.py -> /home/jeanho/gps_rtk/install/gps_visualizer/lib/python3.10/site-packages/gps_visualizer
copying /home/jeanho/gps_rtk/build/gps_visualizer/build/lib/gps_visualizer/__init__.py -> /home/jeanho/gps_rtk/install/gps_visualizer/lib/python3.10/site-packages/gps_visualizer
byte-compiling /home/jeanho/gps_rtk/install/gps_visualizer/lib/python3.10/site-packages/gps_visualizer/waypoint_visualizer.py to waypoint_visualizer.cpython-310.pyc
byte-compiling /home/jeanho/gps_rtk/install/gps_visualizer/lib/python3.10/site-packages/gps_visualizer/__init__.py to __init__.cpython-310.pyc
running install_data
creating /home/jeanho/gps_rtk/install/gps_visualizer/share/ament_index
creating /home/jeanho/gps_rtk/install/gps_visualizer/share/ament_index/resource_index
creating /home/jeanho/gps_rtk/install/gps_visualizer/share/ament_index/resource_index/packages
copying resource/gps_visualizer -> /home/jeanho/gps_rtk/install/gps_visualizer/share/ament_index/resource_index/packages
copying package.xml -> /home/jeanho/gps_rtk/install/gps_visualizer/share/gps_visualizer
running install_egg_info
Copying ../../build/gps_visualizer/gps_visualizer.egg-info to /home/jeanho/gps_rtk/install/gps_visualizer/lib/python3.10/site-packages/gps_visualizer-0.0.0-py3.10.egg-info
running install_scripts
Installing waypoint_visualizer script to /home/jeanho/gps_rtk/install/gps_visualizer/lib/gps_visualizer
writing list of installed files to '/home/jeanho/gps_rtk/build/gps_visualizer/install.log'
