[0.824s] Invoking command in '/home/jeanho/gps_rtk/src/RTK_GPS_NTRIP/ntrip_client': PYTHONPATH=/home/jeanho/gps_rtk/build/ntrip_client/prefix_override:/usr/lib/python3/dist-packages/colcon_core/task/python/colcon_distutils_commands:/home/jeanho/gps_rtk/install/ntrip_client/lib/python3.10/site-packages:${PYTHONPATH} /usr/bin/python3 -W ignore:setup.py install is deprecated -W ignore:easy_install command is deprecated setup.py egg_info --egg-base ../../../build/ntrip_client build --build-base /home/jeanho/gps_rtk/build/ntrip_client/build install --record /home/jeanho/gps_rtk/build/ntrip_client/install.log --single-version-externally-managed install_data
[1.018s] running egg_info
[1.018s] writing ../../../build/ntrip_client/ntrip_client.egg-info/PKG-INFO
[1.018s] writing dependency_links to ../../../build/ntrip_client/ntrip_client.egg-info/dependency_links.txt
[1.018s] writing requirements to ../../../build/ntrip_client/ntrip_client.egg-info/requires.txt
[1.018s] writing top-level names to ../../../build/ntrip_client/ntrip_client.egg-info/top_level.txt
[1.024s] reading manifest file '../../../build/ntrip_client/ntrip_client.egg-info/SOURCES.txt'
[1.029s] adding license file 'LICENSE'
[1.029s] writing manifest file '../../../build/ntrip_client/ntrip_client.egg-info/SOURCES.txt'
[1.029s] running build
[1.029s] running build_py
[1.029s] running build_scripts
[1.029s] running install
[1.041s] running install_lib
[1.044s] running install_data
[1.044s] running install_egg_info
[1.045s] removing '/home/jeanho/gps_rtk/install/ntrip_client/lib/python3.10/site-packages/ntrip_client-1.2.0-py3.10.egg-info' (and everything under it)
[1.046s] Copying ../../../build/ntrip_client/ntrip_client.egg-info to /home/jeanho/gps_rtk/install/ntrip_client/lib/python3.10/site-packages/ntrip_client-1.2.0-py3.10.egg-info
[1.048s] running install_scripts
[1.109s] changing mode of /home/jeanho/gps_rtk/install/ntrip_client/lib/ntrip_client/ntrip_ros.py to 755
[1.110s] writing list of installed files to '/home/jeanho/gps_rtk/build/ntrip_client/install.log'
[1.158s] Invoked command in '/home/jeanho/gps_rtk/src/RTK_GPS_NTRIP/ntrip_client' returned '0': PYTHONPATH=/home/jeanho/gps_rtk/build/ntrip_client/prefix_override:/usr/lib/python3/dist-packages/colcon_core/task/python/colcon_distutils_commands:/home/jeanho/gps_rtk/install/ntrip_client/lib/python3.10/site-packages:${PYTHONPATH} /usr/bin/python3 -W ignore:setup.py install is deprecated -W ignore:easy_install command is deprecated setup.py egg_info --egg-base ../../../build/ntrip_client build --build-base /home/jeanho/gps_rtk/build/ntrip_client/build install --record /home/jeanho/gps_rtk/build/ntrip_client/install.log --single-version-externally-managed install_data
