[0.206s] DEBUG:colcon:Command line arguments: ['/usr/bin/colcon', 'build']
[0.206s] DEBUG:colcon:Parsed command line arguments: Namespace(log_base=None, log_level=None, verb_name='build', build_base='build', install_base='install', merge_install=False, symlink_install=False, test_result_base=None, continue_on_error=False, executor='parallel', parallel_workers=24, event_handlers=None, ignore_user_meta=False, metas=['./colcon.meta'], base_paths=['.'], packages_ignore=None, packages_ignore_regex=None, paths=None, packages_up_to=None, packages_up_to_regex=None, packages_above=None, packages_above_and_dependencies=None, packages_above_depth=None, packages_select_by_dep=None, packages_skip_by_dep=None, packages_skip_up_to=None, packages_select_build_failed=False, packages_skip_build_finished=False, packages_select_test_failures=False, packages_skip_test_passed=False, packages_select=None, packages_skip=None, packages_select_regex=None, packages_skip_regex=None, packages_start=None, packages_end=None, allow_overriding=[], cmake_args=None, cmake_target=None, cmake_target_skip_unavailable=False, cmake_clean_cache=False, cmake_clean_first=False, cmake_force_configure=False, ament_cmake_args=None, catkin_cmake_args=None, catkin_skip_building_tests=False, mixin_files=None, mixin=None, verb_parser=<colcon_mixin.mixin.mixin_argument.MixinArgumentDecorator object at 0x7f41b9a66140>, verb_extension=<colcon_core.verb.build.BuildVerb object at 0x7f41b9a65c60>, main=<bound method BuildVerb.main of <colcon_core.verb.build.BuildVerb object at 0x7f41b9a65c60>>, mixin_verb=('build',))
[0.308s] Level 1:colcon.colcon_core.package_discovery:discover_packages(colcon_meta) check parameters
[0.309s] Level 1:colcon.colcon_core.package_discovery:discover_packages(recursive) check parameters
[0.309s] Level 1:colcon.colcon_core.package_discovery:discover_packages(ignore) check parameters
[0.309s] Level 1:colcon.colcon_core.package_discovery:discover_packages(path) check parameters
[0.309s] Level 1:colcon.colcon_core.package_discovery:discover_packages(colcon_meta) discover
[0.309s] Level 1:colcon.colcon_core.package_discovery:discover_packages(recursive) discover
[0.309s] INFO:colcon.colcon_core.package_discovery:Crawling recursively for packages in '/home/jeanho/gps_rtk'
[0.309s] Level 1:colcon.colcon_core.package_identification:_identify(.) by extensions ['ignore', 'ignore_ament_install']
[0.309s] Level 1:colcon.colcon_core.package_identification:_identify(.) by extension 'ignore'
[0.309s] Level 1:colcon.colcon_core.package_identification:_identify(.) by extension 'ignore_ament_install'
[0.309s] Level 1:colcon.colcon_core.package_identification:_identify(.) by extensions ['colcon_pkg']
[0.309s] Level 1:colcon.colcon_core.package_identification:_identify(.) by extension 'colcon_pkg'
[0.309s] Level 1:colcon.colcon_core.package_identification:_identify(.) by extensions ['colcon_meta']
[0.309s] Level 1:colcon.colcon_core.package_identification:_identify(.) by extension 'colcon_meta'
[0.309s] Level 1:colcon.colcon_core.package_identification:_identify(.) by extensions ['ros']
[0.309s] Level 1:colcon.colcon_core.package_identification:_identify(.) by extension 'ros'
[0.324s] Level 1:colcon.colcon_core.package_identification:_identify(.) by extensions ['cmake', 'python']
[0.324s] Level 1:colcon.colcon_core.package_identification:_identify(.) by extension 'cmake'
[0.324s] Level 1:colcon.colcon_core.package_identification:_identify(.) by extension 'python'
[0.324s] Level 1:colcon.colcon_core.package_identification:_identify(.) by extensions ['python_setup_py']
[0.324s] Level 1:colcon.colcon_core.package_identification:_identify(.) by extension 'python_setup_py'
[0.324s] Level 1:colcon.colcon_core.package_identification:_identify(build) by extensions ['ignore', 'ignore_ament_install']
[0.324s] Level 1:colcon.colcon_core.package_identification:_identify(build) by extension 'ignore'
[0.324s] Level 1:colcon.colcon_core.package_identification:_identify(build) ignored
[0.324s] Level 1:colcon.colcon_core.package_identification:_identify(install) by extensions ['ignore', 'ignore_ament_install']
[0.324s] Level 1:colcon.colcon_core.package_identification:_identify(install) by extension 'ignore'
[0.324s] Level 1:colcon.colcon_core.package_identification:_identify(install) ignored
[0.324s] Level 1:colcon.colcon_core.package_identification:_identify(log) by extensions ['ignore', 'ignore_ament_install']
[0.324s] Level 1:colcon.colcon_core.package_identification:_identify(log) by extension 'ignore'
[0.324s] Level 1:colcon.colcon_core.package_identification:_identify(log) ignored
[0.324s] Level 1:colcon.colcon_core.package_identification:_identify(src) by extensions ['ignore', 'ignore_ament_install']
[0.324s] Level 1:colcon.colcon_core.package_identification:_identify(src) by extension 'ignore'
[0.325s] Level 1:colcon.colcon_core.package_identification:_identify(src) by extension 'ignore_ament_install'
[0.325s] Level 1:colcon.colcon_core.package_identification:_identify(src) by extensions ['colcon_pkg']
[0.325s] Level 1:colcon.colcon_core.package_identification:_identify(src) by extension 'colcon_pkg'
[0.325s] Level 1:colcon.colcon_core.package_identification:_identify(src) by extensions ['colcon_meta']
[0.325s] Level 1:colcon.colcon_core.package_identification:_identify(src) by extension 'colcon_meta'
[0.325s] Level 1:colcon.colcon_core.package_identification:_identify(src) by extensions ['ros']
[0.325s] Level 1:colcon.colcon_core.package_identification:_identify(src) by extension 'ros'
[0.325s] Level 1:colcon.colcon_core.package_identification:_identify(src) by extensions ['cmake', 'python']
[0.325s] Level 1:colcon.colcon_core.package_identification:_identify(src) by extension 'cmake'
[0.325s] Level 1:colcon.colcon_core.package_identification:_identify(src) by extension 'python'
[0.325s] Level 1:colcon.colcon_core.package_identification:_identify(src) by extensions ['python_setup_py']
[0.325s] Level 1:colcon.colcon_core.package_identification:_identify(src) by extension 'python_setup_py'
[0.325s] Level 1:colcon.colcon_core.package_identification:_identify(src/RTK_GPS_NTRIP) by extensions ['ignore', 'ignore_ament_install']
[0.325s] Level 1:colcon.colcon_core.package_identification:_identify(src/RTK_GPS_NTRIP) by extension 'ignore'
[0.325s] Level 1:colcon.colcon_core.package_identification:_identify(src/RTK_GPS_NTRIP) by extension 'ignore_ament_install'
[0.325s] Level 1:colcon.colcon_core.package_identification:_identify(src/RTK_GPS_NTRIP) by extensions ['colcon_pkg']
[0.325s] Level 1:colcon.colcon_core.package_identification:_identify(src/RTK_GPS_NTRIP) by extension 'colcon_pkg'
[0.325s] Level 1:colcon.colcon_core.package_identification:_identify(src/RTK_GPS_NTRIP) by extensions ['colcon_meta']
[0.325s] Level 1:colcon.colcon_core.package_identification:_identify(src/RTK_GPS_NTRIP) by extension 'colcon_meta'
[0.325s] Level 1:colcon.colcon_core.package_identification:_identify(src/RTK_GPS_NTRIP) by extensions ['ros']
[0.325s] Level 1:colcon.colcon_core.package_identification:_identify(src/RTK_GPS_NTRIP) by extension 'ros'
[0.325s] Level 1:colcon.colcon_core.package_identification:_identify(src/RTK_GPS_NTRIP) by extensions ['cmake', 'python']
[0.325s] Level 1:colcon.colcon_core.package_identification:_identify(src/RTK_GPS_NTRIP) by extension 'cmake'
[0.325s] Level 1:colcon.colcon_core.package_identification:_identify(src/RTK_GPS_NTRIP) by extension 'python'
[0.325s] Level 1:colcon.colcon_core.package_identification:_identify(src/RTK_GPS_NTRIP) by extensions ['python_setup_py']
[0.325s] Level 1:colcon.colcon_core.package_identification:_identify(src/RTK_GPS_NTRIP) by extension 'python_setup_py'
[0.325s] Level 1:colcon.colcon_core.package_identification:_identify(src/RTK_GPS_NTRIP/build) by extensions ['ignore', 'ignore_ament_install']
[0.325s] Level 1:colcon.colcon_core.package_identification:_identify(src/RTK_GPS_NTRIP/build) by extension 'ignore'
[0.325s] Level 1:colcon.colcon_core.package_identification:_identify(src/RTK_GPS_NTRIP/build) ignored
[0.325s] Level 1:colcon.colcon_core.package_identification:_identify(src/RTK_GPS_NTRIP/fix2nmea) by extensions ['ignore', 'ignore_ament_install']
[0.325s] Level 1:colcon.colcon_core.package_identification:_identify(src/RTK_GPS_NTRIP/fix2nmea) by extension 'ignore'
[0.325s] Level 1:colcon.colcon_core.package_identification:_identify(src/RTK_GPS_NTRIP/fix2nmea) by extension 'ignore_ament_install'
[0.325s] Level 1:colcon.colcon_core.package_identification:_identify(src/RTK_GPS_NTRIP/fix2nmea) by extensions ['colcon_pkg']
[0.325s] Level 1:colcon.colcon_core.package_identification:_identify(src/RTK_GPS_NTRIP/fix2nmea) by extension 'colcon_pkg'
[0.325s] Level 1:colcon.colcon_core.package_identification:_identify(src/RTK_GPS_NTRIP/fix2nmea) by extensions ['colcon_meta']
[0.325s] Level 1:colcon.colcon_core.package_identification:_identify(src/RTK_GPS_NTRIP/fix2nmea) by extension 'colcon_meta'
[0.325s] Level 1:colcon.colcon_core.package_identification:_identify(src/RTK_GPS_NTRIP/fix2nmea) by extensions ['ros']
[0.325s] Level 1:colcon.colcon_core.package_identification:_identify(src/RTK_GPS_NTRIP/fix2nmea) by extension 'ros'
[0.327s] DEBUG:colcon.colcon_core.package_identification:Package 'src/RTK_GPS_NTRIP/fix2nmea' with type 'ros.ament_cmake' and name 'fix2nmea'
[0.327s] Level 1:colcon.colcon_core.package_identification:_identify(src/RTK_GPS_NTRIP/install) by extensions ['ignore', 'ignore_ament_install']
[0.327s] Level 1:colcon.colcon_core.package_identification:_identify(src/RTK_GPS_NTRIP/install) by extension 'ignore'
[0.327s] Level 1:colcon.colcon_core.package_identification:_identify(src/RTK_GPS_NTRIP/install) ignored
[0.327s] Level 1:colcon.colcon_core.package_identification:_identify(src/RTK_GPS_NTRIP/log) by extensions ['ignore', 'ignore_ament_install']
[0.327s] Level 1:colcon.colcon_core.package_identification:_identify(src/RTK_GPS_NTRIP/log) by extension 'ignore'
[0.327s] Level 1:colcon.colcon_core.package_identification:_identify(src/RTK_GPS_NTRIP/log) ignored
[0.328s] Level 1:colcon.colcon_core.package_identification:_identify(src/RTK_GPS_NTRIP/ntrip_client) by extensions ['ignore', 'ignore_ament_install']
[0.328s] Level 1:colcon.colcon_core.package_identification:_identify(src/RTK_GPS_NTRIP/ntrip_client) by extension 'ignore'
[0.328s] Level 1:colcon.colcon_core.package_identification:_identify(src/RTK_GPS_NTRIP/ntrip_client) by extension 'ignore_ament_install'
[0.328s] Level 1:colcon.colcon_core.package_identification:_identify(src/RTK_GPS_NTRIP/ntrip_client) by extensions ['colcon_pkg']
[0.328s] Level 1:colcon.colcon_core.package_identification:_identify(src/RTK_GPS_NTRIP/ntrip_client) by extension 'colcon_pkg'
[0.328s] Level 1:colcon.colcon_core.package_identification:_identify(src/RTK_GPS_NTRIP/ntrip_client) by extensions ['colcon_meta']
[0.328s] Level 1:colcon.colcon_core.package_identification:_identify(src/RTK_GPS_NTRIP/ntrip_client) by extension 'colcon_meta'
[0.328s] Level 1:colcon.colcon_core.package_identification:_identify(src/RTK_GPS_NTRIP/ntrip_client) by extensions ['ros']
[0.328s] Level 1:colcon.colcon_core.package_identification:_identify(src/RTK_GPS_NTRIP/ntrip_client) by extension 'ros'
[0.328s] DEBUG:colcon.colcon_core.package_identification:Package 'src/RTK_GPS_NTRIP/ntrip_client' with type 'ros.ament_python' and name 'ntrip_client'
[0.328s] Level 1:colcon.colcon_core.package_identification:_identify(src/RTK_GPS_NTRIP/rtcm_msgs) by extensions ['ignore', 'ignore_ament_install']
[0.328s] Level 1:colcon.colcon_core.package_identification:_identify(src/RTK_GPS_NTRIP/rtcm_msgs) by extension 'ignore'
[0.328s] Level 1:colcon.colcon_core.package_identification:_identify(src/RTK_GPS_NTRIP/rtcm_msgs) by extension 'ignore_ament_install'
[0.328s] Level 1:colcon.colcon_core.package_identification:_identify(src/RTK_GPS_NTRIP/rtcm_msgs) by extensions ['colcon_pkg']
[0.328s] Level 1:colcon.colcon_core.package_identification:_identify(src/RTK_GPS_NTRIP/rtcm_msgs) by extension 'colcon_pkg'
[0.328s] Level 1:colcon.colcon_core.package_identification:_identify(src/RTK_GPS_NTRIP/rtcm_msgs) by extensions ['colcon_meta']
[0.328s] Level 1:colcon.colcon_core.package_identification:_identify(src/RTK_GPS_NTRIP/rtcm_msgs) by extension 'colcon_meta'
[0.328s] Level 1:colcon.colcon_core.package_identification:_identify(src/RTK_GPS_NTRIP/rtcm_msgs) by extensions ['ros']
[0.329s] Level 1:colcon.colcon_core.package_identification:_identify(src/RTK_GPS_NTRIP/rtcm_msgs) by extension 'ros'
[0.331s] DEBUG:colcon.colcon_core.package_identification:Package 'src/RTK_GPS_NTRIP/rtcm_msgs' with type 'ros.ament_cmake' and name 'rtcm_msgs'
[0.331s] Level 1:colcon.colcon_core.package_identification:_identify(src/RTK_GPS_NTRIP/ublox) by extensions ['ignore', 'ignore_ament_install']
[0.331s] Level 1:colcon.colcon_core.package_identification:_identify(src/RTK_GPS_NTRIP/ublox) by extension 'ignore'
[0.331s] Level 1:colcon.colcon_core.package_identification:_identify(src/RTK_GPS_NTRIP/ublox) by extension 'ignore_ament_install'
[0.331s] Level 1:colcon.colcon_core.package_identification:_identify(src/RTK_GPS_NTRIP/ublox) by extensions ['colcon_pkg']
[0.331s] Level 1:colcon.colcon_core.package_identification:_identify(src/RTK_GPS_NTRIP/ublox) by extension 'colcon_pkg'
[0.332s] Level 1:colcon.colcon_core.package_identification:_identify(src/RTK_GPS_NTRIP/ublox) by extensions ['colcon_meta']
[0.332s] Level 1:colcon.colcon_core.package_identification:_identify(src/RTK_GPS_NTRIP/ublox) by extension 'colcon_meta'
[0.332s] Level 1:colcon.colcon_core.package_identification:_identify(src/RTK_GPS_NTRIP/ublox) by extensions ['ros']
[0.332s] Level 1:colcon.colcon_core.package_identification:_identify(src/RTK_GPS_NTRIP/ublox) by extension 'ros'
[0.332s] DEBUG:colcon.colcon_core.package_identification:Package 'src/RTK_GPS_NTRIP/ublox' with type 'ros.ament_cmake' and name 'ublox'
[0.332s] Level 1:colcon.colcon_core.package_identification:_identify(src/RTK_GPS_NTRIP/ublox_gps) by extensions ['ignore', 'ignore_ament_install']
[0.332s] Level 1:colcon.colcon_core.package_identification:_identify(src/RTK_GPS_NTRIP/ublox_gps) by extension 'ignore'
[0.332s] Level 1:colcon.colcon_core.package_identification:_identify(src/RTK_GPS_NTRIP/ublox_gps) by extension 'ignore_ament_install'
[0.332s] Level 1:colcon.colcon_core.package_identification:_identify(src/RTK_GPS_NTRIP/ublox_gps) by extensions ['colcon_pkg']
[0.332s] Level 1:colcon.colcon_core.package_identification:_identify(src/RTK_GPS_NTRIP/ublox_gps) by extension 'colcon_pkg'
[0.332s] Level 1:colcon.colcon_core.package_identification:_identify(src/RTK_GPS_NTRIP/ublox_gps) by extensions ['colcon_meta']
[0.332s] Level 1:colcon.colcon_core.package_identification:_identify(src/RTK_GPS_NTRIP/ublox_gps) by extension 'colcon_meta'
[0.332s] Level 1:colcon.colcon_core.package_identification:_identify(src/RTK_GPS_NTRIP/ublox_gps) by extensions ['ros']
[0.332s] Level 1:colcon.colcon_core.package_identification:_identify(src/RTK_GPS_NTRIP/ublox_gps) by extension 'ros'
[0.333s] DEBUG:colcon.colcon_core.package_identification:Package 'src/RTK_GPS_NTRIP/ublox_gps' with type 'ros.ament_cmake' and name 'ublox_gps'
[0.333s] Level 1:colcon.colcon_core.package_identification:_identify(src/RTK_GPS_NTRIP/ublox_msgs) by extensions ['ignore', 'ignore_ament_install']
[0.333s] Level 1:colcon.colcon_core.package_identification:_identify(src/RTK_GPS_NTRIP/ublox_msgs) by extension 'ignore'
[0.333s] Level 1:colcon.colcon_core.package_identification:_identify(src/RTK_GPS_NTRIP/ublox_msgs) by extension 'ignore_ament_install'
[0.333s] Level 1:colcon.colcon_core.package_identification:_identify(src/RTK_GPS_NTRIP/ublox_msgs) by extensions ['colcon_pkg']
[0.333s] Level 1:colcon.colcon_core.package_identification:_identify(src/RTK_GPS_NTRIP/ublox_msgs) by extension 'colcon_pkg'
[0.333s] Level 1:colcon.colcon_core.package_identification:_identify(src/RTK_GPS_NTRIP/ublox_msgs) by extensions ['colcon_meta']
[0.333s] Level 1:colcon.colcon_core.package_identification:_identify(src/RTK_GPS_NTRIP/ublox_msgs) by extension 'colcon_meta'
[0.333s] Level 1:colcon.colcon_core.package_identification:_identify(src/RTK_GPS_NTRIP/ublox_msgs) by extensions ['ros']
[0.333s] Level 1:colcon.colcon_core.package_identification:_identify(src/RTK_GPS_NTRIP/ublox_msgs) by extension 'ros'
[0.334s] DEBUG:colcon.colcon_core.package_identification:Package 'src/RTK_GPS_NTRIP/ublox_msgs' with type 'ros.ament_cmake' and name 'ublox_msgs'
[0.334s] Level 1:colcon.colcon_core.package_identification:_identify(src/RTK_GPS_NTRIP/ublox_serialization) by extensions ['ignore', 'ignore_ament_install']
[0.334s] Level 1:colcon.colcon_core.package_identification:_identify(src/RTK_GPS_NTRIP/ublox_serialization) by extension 'ignore'
[0.334s] Level 1:colcon.colcon_core.package_identification:_identify(src/RTK_GPS_NTRIP/ublox_serialization) by extension 'ignore_ament_install'
[0.334s] Level 1:colcon.colcon_core.package_identification:_identify(src/RTK_GPS_NTRIP/ublox_serialization) by extensions ['colcon_pkg']
[0.334s] Level 1:colcon.colcon_core.package_identification:_identify(src/RTK_GPS_NTRIP/ublox_serialization) by extension 'colcon_pkg'
[0.334s] Level 1:colcon.colcon_core.package_identification:_identify(src/RTK_GPS_NTRIP/ublox_serialization) by extensions ['colcon_meta']
[0.334s] Level 1:colcon.colcon_core.package_identification:_identify(src/RTK_GPS_NTRIP/ublox_serialization) by extension 'colcon_meta'
[0.334s] Level 1:colcon.colcon_core.package_identification:_identify(src/RTK_GPS_NTRIP/ublox_serialization) by extensions ['ros']
[0.334s] Level 1:colcon.colcon_core.package_identification:_identify(src/RTK_GPS_NTRIP/ublox_serialization) by extension 'ros'
[0.334s] DEBUG:colcon.colcon_core.package_identification:Package 'src/RTK_GPS_NTRIP/ublox_serialization' with type 'ros.ament_cmake' and name 'ublox_serialization'
[0.334s] Level 1:colcon.colcon_core.package_identification:_identify(src/gps_visualizer) by extensions ['ignore', 'ignore_ament_install']
[0.334s] Level 1:colcon.colcon_core.package_identification:_identify(src/gps_visualizer) by extension 'ignore'
[0.334s] Level 1:colcon.colcon_core.package_identification:_identify(src/gps_visualizer) by extension 'ignore_ament_install'
[0.334s] Level 1:colcon.colcon_core.package_identification:_identify(src/gps_visualizer) by extensions ['colcon_pkg']
[0.334s] Level 1:colcon.colcon_core.package_identification:_identify(src/gps_visualizer) by extension 'colcon_pkg'
[0.334s] Level 1:colcon.colcon_core.package_identification:_identify(src/gps_visualizer) by extensions ['colcon_meta']
[0.334s] Level 1:colcon.colcon_core.package_identification:_identify(src/gps_visualizer) by extension 'colcon_meta'
[0.334s] Level 1:colcon.colcon_core.package_identification:_identify(src/gps_visualizer) by extensions ['ros']
[0.334s] Level 1:colcon.colcon_core.package_identification:_identify(src/gps_visualizer) by extension 'ros'
[0.335s] DEBUG:colcon.colcon_core.package_identification:Package 'src/gps_visualizer' with type 'ros.ament_python' and name 'gps_visualizer'
[0.335s] Level 1:colcon.colcon_core.package_discovery:discover_packages(recursive) using defaults
[0.335s] Level 1:colcon.colcon_core.package_discovery:discover_packages(ignore) discover
[0.335s] Level 1:colcon.colcon_core.package_discovery:discover_packages(ignore) using defaults
[0.335s] Level 1:colcon.colcon_core.package_discovery:discover_packages(path) discover
[0.335s] Level 1:colcon.colcon_core.package_discovery:discover_packages(path) using defaults
[0.348s] Level 1:colcon.colcon_core.package_discovery:discover_packages(prefix_path) check parameters
[0.348s] Level 1:colcon.colcon_core.package_discovery:discover_packages(prefix_path) discover
[0.350s] DEBUG:colcon.colcon_installed_package_information.package_discovery:Found 272 installed packages in /opt/ros/humble
[0.350s] Level 1:colcon.colcon_core.package_discovery:discover_packages(prefix_path) using defaults
[0.370s] Level 5:colcon.colcon_core.verb:set package 'gps_visualizer' build argument 'cmake_args' from command line to 'None'
[0.370s] Level 5:colcon.colcon_core.verb:set package 'gps_visualizer' build argument 'cmake_target' from command line to 'None'
[0.370s] Level 5:colcon.colcon_core.verb:set package 'gps_visualizer' build argument 'cmake_target_skip_unavailable' from command line to 'False'
[0.370s] Level 5:colcon.colcon_core.verb:set package 'gps_visualizer' build argument 'cmake_clean_cache' from command line to 'False'
[0.370s] Level 5:colcon.colcon_core.verb:set package 'gps_visualizer' build argument 'cmake_clean_first' from command line to 'False'
[0.370s] Level 5:colcon.colcon_core.verb:set package 'gps_visualizer' build argument 'cmake_force_configure' from command line to 'False'
[0.370s] Level 5:colcon.colcon_core.verb:set package 'gps_visualizer' build argument 'ament_cmake_args' from command line to 'None'
[0.370s] Level 5:colcon.colcon_core.verb:set package 'gps_visualizer' build argument 'catkin_cmake_args' from command line to 'None'
[0.370s] Level 5:colcon.colcon_core.verb:set package 'gps_visualizer' build argument 'catkin_skip_building_tests' from command line to 'False'
[0.370s] DEBUG:colcon.colcon_core.verb:Building package 'gps_visualizer' with the following arguments: {'ament_cmake_args': None, 'build_base': '/home/jeanho/gps_rtk/build/gps_visualizer', 'catkin_cmake_args': None, 'catkin_skip_building_tests': False, 'cmake_args': None, 'cmake_clean_cache': False, 'cmake_clean_first': False, 'cmake_force_configure': False, 'cmake_target': None, 'cmake_target_skip_unavailable': False, 'install_base': '/home/jeanho/gps_rtk/install/gps_visualizer', 'merge_install': False, 'path': '/home/jeanho/gps_rtk/src/gps_visualizer', 'symlink_install': False, 'test_result_base': None}
[0.370s] Level 5:colcon.colcon_core.verb:set package 'ntrip_client' build argument 'cmake_args' from command line to 'None'
[0.370s] Level 5:colcon.colcon_core.verb:set package 'ntrip_client' build argument 'cmake_target' from command line to 'None'
[0.370s] Level 5:colcon.colcon_core.verb:set package 'ntrip_client' build argument 'cmake_target_skip_unavailable' from command line to 'False'
[0.370s] Level 5:colcon.colcon_core.verb:set package 'ntrip_client' build argument 'cmake_clean_cache' from command line to 'False'
[0.370s] Level 5:colcon.colcon_core.verb:set package 'ntrip_client' build argument 'cmake_clean_first' from command line to 'False'
[0.370s] Level 5:colcon.colcon_core.verb:set package 'ntrip_client' build argument 'cmake_force_configure' from command line to 'False'
[0.370s] Level 5:colcon.colcon_core.verb:set package 'ntrip_client' build argument 'ament_cmake_args' from command line to 'None'
[0.370s] Level 5:colcon.colcon_core.verb:set package 'ntrip_client' build argument 'catkin_cmake_args' from command line to 'None'
[0.370s] Level 5:colcon.colcon_core.verb:set package 'ntrip_client' build argument 'catkin_skip_building_tests' from command line to 'False'
[0.370s] DEBUG:colcon.colcon_core.verb:Building package 'ntrip_client' with the following arguments: {'ament_cmake_args': None, 'build_base': '/home/jeanho/gps_rtk/build/ntrip_client', 'catkin_cmake_args': None, 'catkin_skip_building_tests': False, 'cmake_args': None, 'cmake_clean_cache': False, 'cmake_clean_first': False, 'cmake_force_configure': False, 'cmake_target': None, 'cmake_target_skip_unavailable': False, 'install_base': '/home/jeanho/gps_rtk/install/ntrip_client', 'merge_install': False, 'path': '/home/jeanho/gps_rtk/src/RTK_GPS_NTRIP/ntrip_client', 'symlink_install': False, 'test_result_base': None}
[0.370s] Level 5:colcon.colcon_core.verb:set package 'rtcm_msgs' build argument 'cmake_args' from command line to 'None'
[0.370s] Level 5:colcon.colcon_core.verb:set package 'rtcm_msgs' build argument 'cmake_target' from command line to 'None'
[0.370s] Level 5:colcon.colcon_core.verb:set package 'rtcm_msgs' build argument 'cmake_target_skip_unavailable' from command line to 'False'
[0.370s] Level 5:colcon.colcon_core.verb:set package 'rtcm_msgs' build argument 'cmake_clean_cache' from command line to 'False'
[0.370s] Level 5:colcon.colcon_core.verb:set package 'rtcm_msgs' build argument 'cmake_clean_first' from command line to 'False'
[0.370s] Level 5:colcon.colcon_core.verb:set package 'rtcm_msgs' build argument 'cmake_force_configure' from command line to 'False'
[0.370s] Level 5:colcon.colcon_core.verb:set package 'rtcm_msgs' build argument 'ament_cmake_args' from command line to 'None'
[0.371s] Level 5:colcon.colcon_core.verb:set package 'rtcm_msgs' build argument 'catkin_cmake_args' from command line to 'None'
[0.371s] Level 5:colcon.colcon_core.verb:set package 'rtcm_msgs' build argument 'catkin_skip_building_tests' from command line to 'False'
[0.371s] DEBUG:colcon.colcon_core.verb:Building package 'rtcm_msgs' with the following arguments: {'ament_cmake_args': None, 'build_base': '/home/jeanho/gps_rtk/build/rtcm_msgs', 'catkin_cmake_args': None, 'catkin_skip_building_tests': False, 'cmake_args': None, 'cmake_clean_cache': False, 'cmake_clean_first': False, 'cmake_force_configure': False, 'cmake_target': None, 'cmake_target_skip_unavailable': False, 'install_base': '/home/jeanho/gps_rtk/install/rtcm_msgs', 'merge_install': False, 'path': '/home/jeanho/gps_rtk/src/RTK_GPS_NTRIP/rtcm_msgs', 'symlink_install': False, 'test_result_base': None}
[0.371s] Level 5:colcon.colcon_core.verb:set package 'ublox_serialization' build argument 'cmake_args' from command line to 'None'
[0.371s] Level 5:colcon.colcon_core.verb:set package 'ublox_serialization' build argument 'cmake_target' from command line to 'None'
[0.371s] Level 5:colcon.colcon_core.verb:set package 'ublox_serialization' build argument 'cmake_target_skip_unavailable' from command line to 'False'
[0.371s] Level 5:colcon.colcon_core.verb:set package 'ublox_serialization' build argument 'cmake_clean_cache' from command line to 'False'
[0.371s] Level 5:colcon.colcon_core.verb:set package 'ublox_serialization' build argument 'cmake_clean_first' from command line to 'False'
[0.371s] Level 5:colcon.colcon_core.verb:set package 'ublox_serialization' build argument 'cmake_force_configure' from command line to 'False'
[0.371s] Level 5:colcon.colcon_core.verb:set package 'ublox_serialization' build argument 'ament_cmake_args' from command line to 'None'
[0.371s] Level 5:colcon.colcon_core.verb:set package 'ublox_serialization' build argument 'catkin_cmake_args' from command line to 'None'
[0.371s] Level 5:colcon.colcon_core.verb:set package 'ublox_serialization' build argument 'catkin_skip_building_tests' from command line to 'False'
[0.371s] DEBUG:colcon.colcon_core.verb:Building package 'ublox_serialization' with the following arguments: {'ament_cmake_args': None, 'build_base': '/home/jeanho/gps_rtk/build/ublox_serialization', 'catkin_cmake_args': None, 'catkin_skip_building_tests': False, 'cmake_args': None, 'cmake_clean_cache': False, 'cmake_clean_first': False, 'cmake_force_configure': False, 'cmake_target': None, 'cmake_target_skip_unavailable': False, 'install_base': '/home/jeanho/gps_rtk/install/ublox_serialization', 'merge_install': False, 'path': '/home/jeanho/gps_rtk/src/RTK_GPS_NTRIP/ublox_serialization', 'symlink_install': False, 'test_result_base': None}
[0.371s] Level 5:colcon.colcon_core.verb:set package 'ublox_msgs' build argument 'cmake_args' from command line to 'None'
[0.371s] Level 5:colcon.colcon_core.verb:set package 'ublox_msgs' build argument 'cmake_target' from command line to 'None'
[0.371s] Level 5:colcon.colcon_core.verb:set package 'ublox_msgs' build argument 'cmake_target_skip_unavailable' from command line to 'False'
[0.371s] Level 5:colcon.colcon_core.verb:set package 'ublox_msgs' build argument 'cmake_clean_cache' from command line to 'False'
[0.371s] Level 5:colcon.colcon_core.verb:set package 'ublox_msgs' build argument 'cmake_clean_first' from command line to 'False'
[0.371s] Level 5:colcon.colcon_core.verb:set package 'ublox_msgs' build argument 'cmake_force_configure' from command line to 'False'
[0.371s] Level 5:colcon.colcon_core.verb:set package 'ublox_msgs' build argument 'ament_cmake_args' from command line to 'None'
[0.371s] Level 5:colcon.colcon_core.verb:set package 'ublox_msgs' build argument 'catkin_cmake_args' from command line to 'None'
[0.371s] Level 5:colcon.colcon_core.verb:set package 'ublox_msgs' build argument 'catkin_skip_building_tests' from command line to 'False'
[0.371s] DEBUG:colcon.colcon_core.verb:Building package 'ublox_msgs' with the following arguments: {'ament_cmake_args': None, 'build_base': '/home/jeanho/gps_rtk/build/ublox_msgs', 'catkin_cmake_args': None, 'catkin_skip_building_tests': False, 'cmake_args': None, 'cmake_clean_cache': False, 'cmake_clean_first': False, 'cmake_force_configure': False, 'cmake_target': None, 'cmake_target_skip_unavailable': False, 'install_base': '/home/jeanho/gps_rtk/install/ublox_msgs', 'merge_install': False, 'path': '/home/jeanho/gps_rtk/src/RTK_GPS_NTRIP/ublox_msgs', 'symlink_install': False, 'test_result_base': None}
[0.371s] Level 5:colcon.colcon_core.verb:set package 'fix2nmea' build argument 'cmake_args' from command line to 'None'
[0.371s] Level 5:colcon.colcon_core.verb:set package 'fix2nmea' build argument 'cmake_target' from command line to 'None'
[0.371s] Level 5:colcon.colcon_core.verb:set package 'fix2nmea' build argument 'cmake_target_skip_unavailable' from command line to 'False'
[0.371s] Level 5:colcon.colcon_core.verb:set package 'fix2nmea' build argument 'cmake_clean_cache' from command line to 'False'
[0.371s] Level 5:colcon.colcon_core.verb:set package 'fix2nmea' build argument 'cmake_clean_first' from command line to 'False'
[0.371s] Level 5:colcon.colcon_core.verb:set package 'fix2nmea' build argument 'cmake_force_configure' from command line to 'False'
[0.371s] Level 5:colcon.colcon_core.verb:set package 'fix2nmea' build argument 'ament_cmake_args' from command line to 'None'
[0.371s] Level 5:colcon.colcon_core.verb:set package 'fix2nmea' build argument 'catkin_cmake_args' from command line to 'None'
[0.372s] Level 5:colcon.colcon_core.verb:set package 'fix2nmea' build argument 'catkin_skip_building_tests' from command line to 'False'
[0.372s] DEBUG:colcon.colcon_core.verb:Building package 'fix2nmea' with the following arguments: {'ament_cmake_args': None, 'build_base': '/home/jeanho/gps_rtk/build/fix2nmea', 'catkin_cmake_args': None, 'catkin_skip_building_tests': False, 'cmake_args': None, 'cmake_clean_cache': False, 'cmake_clean_first': False, 'cmake_force_configure': False, 'cmake_target': None, 'cmake_target_skip_unavailable': False, 'install_base': '/home/jeanho/gps_rtk/install/fix2nmea', 'merge_install': False, 'path': '/home/jeanho/gps_rtk/src/RTK_GPS_NTRIP/fix2nmea', 'symlink_install': False, 'test_result_base': None}
[0.372s] Level 5:colcon.colcon_core.verb:set package 'ublox_gps' build argument 'cmake_args' from command line to 'None'
[0.372s] Level 5:colcon.colcon_core.verb:set package 'ublox_gps' build argument 'cmake_target' from command line to 'None'
[0.372s] Level 5:colcon.colcon_core.verb:set package 'ublox_gps' build argument 'cmake_target_skip_unavailable' from command line to 'False'
[0.372s] Level 5:colcon.colcon_core.verb:set package 'ublox_gps' build argument 'cmake_clean_cache' from command line to 'False'
[0.372s] Level 5:colcon.colcon_core.verb:set package 'ublox_gps' build argument 'cmake_clean_first' from command line to 'False'
[0.372s] Level 5:colcon.colcon_core.verb:set package 'ublox_gps' build argument 'cmake_force_configure' from command line to 'False'
[0.372s] Level 5:colcon.colcon_core.verb:set package 'ublox_gps' build argument 'ament_cmake_args' from command line to 'None'
[0.372s] Level 5:colcon.colcon_core.verb:set package 'ublox_gps' build argument 'catkin_cmake_args' from command line to 'None'
[0.372s] Level 5:colcon.colcon_core.verb:set package 'ublox_gps' build argument 'catkin_skip_building_tests' from command line to 'False'
[0.372s] DEBUG:colcon.colcon_core.verb:Building package 'ublox_gps' with the following arguments: {'ament_cmake_args': None, 'build_base': '/home/jeanho/gps_rtk/build/ublox_gps', 'catkin_cmake_args': None, 'catkin_skip_building_tests': False, 'cmake_args': None, 'cmake_clean_cache': False, 'cmake_clean_first': False, 'cmake_force_configure': False, 'cmake_target': None, 'cmake_target_skip_unavailable': False, 'install_base': '/home/jeanho/gps_rtk/install/ublox_gps', 'merge_install': False, 'path': '/home/jeanho/gps_rtk/src/RTK_GPS_NTRIP/ublox_gps', 'symlink_install': False, 'test_result_base': None}
[0.372s] Level 5:colcon.colcon_core.verb:set package 'ublox' build argument 'cmake_args' from command line to 'None'
[0.372s] Level 5:colcon.colcon_core.verb:set package 'ublox' build argument 'cmake_target' from command line to 'None'
[0.372s] Level 5:colcon.colcon_core.verb:set package 'ublox' build argument 'cmake_target_skip_unavailable' from command line to 'False'
[0.372s] Level 5:colcon.colcon_core.verb:set package 'ublox' build argument 'cmake_clean_cache' from command line to 'False'
[0.372s] Level 5:colcon.colcon_core.verb:set package 'ublox' build argument 'cmake_clean_first' from command line to 'False'
[0.372s] Level 5:colcon.colcon_core.verb:set package 'ublox' build argument 'cmake_force_configure' from command line to 'False'
[0.372s] Level 5:colcon.colcon_core.verb:set package 'ublox' build argument 'ament_cmake_args' from command line to 'None'
[0.372s] Level 5:colcon.colcon_core.verb:set package 'ublox' build argument 'catkin_cmake_args' from command line to 'None'
[0.372s] Level 5:colcon.colcon_core.verb:set package 'ublox' build argument 'catkin_skip_building_tests' from command line to 'False'
[0.372s] DEBUG:colcon.colcon_core.verb:Building package 'ublox' with the following arguments: {'ament_cmake_args': None, 'build_base': '/home/jeanho/gps_rtk/build/ublox', 'catkin_cmake_args': None, 'catkin_skip_building_tests': False, 'cmake_args': None, 'cmake_clean_cache': False, 'cmake_clean_first': False, 'cmake_force_configure': False, 'cmake_target': None, 'cmake_target_skip_unavailable': False, 'install_base': '/home/jeanho/gps_rtk/install/ublox', 'merge_install': False, 'path': '/home/jeanho/gps_rtk/src/RTK_GPS_NTRIP/ublox', 'symlink_install': False, 'test_result_base': None}
[0.372s] INFO:colcon.colcon_core.executor:Executing jobs using 'parallel' executor
[0.375s] DEBUG:colcon.colcon_parallel_executor.executor.parallel:run_until_complete
[0.375s] INFO:colcon.colcon_ros.task.ament_cmake.build:Building ROS package in '/home/jeanho/gps_rtk/src/RTK_GPS_NTRIP/ublox_serialization' with build type 'ament_cmake'
[0.375s] INFO:colcon.colcon_cmake.task.cmake.build:Building CMake package in '/home/jeanho/gps_rtk/src/RTK_GPS_NTRIP/ublox_serialization'
[0.377s] INFO:colcon.colcon_core.plugin_system:Skipping extension 'colcon_core.shell.bat': Not used on non-Windows systems
[0.377s] INFO:colcon.colcon_core.shell:Skip shell extension 'powershell' for command environment: Not usable outside of PowerShell
[0.377s] DEBUG:colcon.colcon_core.shell:Skip shell extension 'dsv' for command environment
[0.380s] INFO:colcon.colcon_ros.task.ament_cmake.build:Building ROS package in '/home/jeanho/gps_rtk/src/RTK_GPS_NTRIP/rtcm_msgs' with build type 'ament_cmake'
[0.381s] INFO:colcon.colcon_cmake.task.cmake.build:Building CMake package in '/home/jeanho/gps_rtk/src/RTK_GPS_NTRIP/rtcm_msgs'
[0.381s] INFO:colcon.colcon_core.shell:Skip shell extension 'powershell' for command environment: Not usable outside of PowerShell
[0.381s] DEBUG:colcon.colcon_core.shell:Skip shell extension 'dsv' for command environment
[0.385s] INFO:colcon.colcon_ros.task.ament_python.build:Building ROS package in '/home/jeanho/gps_rtk/src/gps_visualizer' with build type 'ament_python'
[0.386s] Level 1:colcon.colcon_core.shell:create_environment_hook('gps_visualizer', 'ament_prefix_path')
[0.386s] INFO:colcon.colcon_core.shell:Creating environment hook '/home/jeanho/gps_rtk/install/gps_visualizer/share/gps_visualizer/hook/ament_prefix_path.ps1'
[0.388s] INFO:colcon.colcon_core.shell:Creating environment descriptor '/home/jeanho/gps_rtk/install/gps_visualizer/share/gps_visualizer/hook/ament_prefix_path.dsv'
[0.389s] INFO:colcon.colcon_core.shell:Creating environment hook '/home/jeanho/gps_rtk/install/gps_visualizer/share/gps_visualizer/hook/ament_prefix_path.sh'
[0.390s] INFO:colcon.colcon_core.shell:Skip shell extension 'powershell' for command environment: Not usable outside of PowerShell
[0.390s] DEBUG:colcon.colcon_core.shell:Skip shell extension 'dsv' for command environment
[0.393s] INFO:colcon.colcon_ros.task.ament_python.build:Building ROS package in '/home/jeanho/gps_rtk/src/RTK_GPS_NTRIP/ntrip_client' with build type 'ament_python'
[0.393s] Level 1:colcon.colcon_core.shell:create_environment_hook('ntrip_client', 'ament_prefix_path')
[0.394s] INFO:colcon.colcon_core.shell:Creating environment hook '/home/jeanho/gps_rtk/install/ntrip_client/share/ntrip_client/hook/ament_prefix_path.ps1'
[0.395s] INFO:colcon.colcon_core.shell:Creating environment descriptor '/home/jeanho/gps_rtk/install/ntrip_client/share/ntrip_client/hook/ament_prefix_path.dsv'
[0.395s] INFO:colcon.colcon_core.shell:Creating environment hook '/home/jeanho/gps_rtk/install/ntrip_client/share/ntrip_client/hook/ament_prefix_path.sh'
[0.396s] INFO:colcon.colcon_core.shell:Skip shell extension 'powershell' for command environment: Not usable outside of PowerShell
[0.396s] DEBUG:colcon.colcon_core.shell:Skip shell extension 'dsv' for command environment
[0.405s] DEBUG:colcon.colcon_core.event_handler.log_command:Invoking command in '/home/jeanho/gps_rtk/build/ublox_serialization': CMAKE_PREFIX_PATH=/opt/ros/humble /usr/bin/cmake --build /home/jeanho/gps_rtk/build/ublox_serialization -- -j24 -l24
[0.410s] DEBUG:colcon.colcon_core.event_handler.log_command:Invoking command in '/home/jeanho/gps_rtk/build/rtcm_msgs': CMAKE_PREFIX_PATH=/opt/ros/humble /usr/bin/cmake --build /home/jeanho/gps_rtk/build/rtcm_msgs -- -j24 -l24
[0.646s] INFO:colcon.colcon_core.task.python.build:Building Python package in '/home/jeanho/gps_rtk/src/gps_visualizer'
[0.646s] INFO:colcon.colcon_core.shell:Skip shell extension 'powershell' for command environment: Not usable outside of PowerShell
[0.646s] DEBUG:colcon.colcon_core.shell:Skip shell extension 'dsv' for command environment
[0.793s] INFO:colcon.colcon_core.task.python.build:Building Python package in '/home/jeanho/gps_rtk/src/RTK_GPS_NTRIP/ntrip_client'
[0.793s] INFO:colcon.colcon_core.shell:Skip shell extension 'powershell' for command environment: Not usable outside of PowerShell
[0.794s] DEBUG:colcon.colcon_core.shell:Skip shell extension 'dsv' for command environment
[0.799s] DEBUG:colcon.colcon_core.event_handler.log_command:Invoked command in '/home/jeanho/gps_rtk/build/ublox_serialization' returned '0': CMAKE_PREFIX_PATH=/opt/ros/humble /usr/bin/cmake --build /home/jeanho/gps_rtk/build/ublox_serialization -- -j24 -l24
[0.807s] DEBUG:colcon.colcon_core.event_handler.log_command:Invoking command in '/home/jeanho/gps_rtk/build/ublox_serialization': CMAKE_PREFIX_PATH=/opt/ros/humble /usr/bin/cmake --install /home/jeanho/gps_rtk/build/ublox_serialization
[0.821s] DEBUG:colcon.colcon_core.event_handler.log_command:Invoked command in '/home/jeanho/gps_rtk/build/rtcm_msgs' returned '0': CMAKE_PREFIX_PATH=/opt/ros/humble /usr/bin/cmake --build /home/jeanho/gps_rtk/build/rtcm_msgs -- -j24 -l24
[0.824s] DEBUG:colcon.colcon_core.event_handler.log_command:Invoking command in '/home/jeanho/gps_rtk/build/rtcm_msgs': CMAKE_PREFIX_PATH=/opt/ros/humble /usr/bin/cmake --install /home/jeanho/gps_rtk/build/rtcm_msgs
[0.829s] Level 1:colcon.colcon_core.environment:create_environment_scripts_only(ublox_serialization)
[0.830s] DEBUG:colcon.colcon_core.event_handler.log_command:Invoked command in '/home/jeanho/gps_rtk/build/ublox_serialization' returned '0': CMAKE_PREFIX_PATH=/opt/ros/humble /usr/bin/cmake --install /home/jeanho/gps_rtk/build/ublox_serialization
[0.845s] Level 1:colcon.colcon_core.environment:checking '/home/jeanho/gps_rtk/install/ublox_serialization' for CMake module files
[0.846s] Level 1:colcon.colcon_core.environment:checking '/home/jeanho/gps_rtk/install/ublox_serialization' for CMake config files
[0.850s] Level 1:colcon.colcon_core.shell:create_environment_hook('ublox_serialization', 'cmake_prefix_path')
[0.850s] INFO:colcon.colcon_core.shell:Creating environment hook '/home/jeanho/gps_rtk/install/ublox_serialization/share/ublox_serialization/hook/cmake_prefix_path.ps1'
[0.851s] INFO:colcon.colcon_core.shell:Creating environment descriptor '/home/jeanho/gps_rtk/install/ublox_serialization/share/ublox_serialization/hook/cmake_prefix_path.dsv'
[0.851s] INFO:colcon.colcon_core.shell:Creating environment hook '/home/jeanho/gps_rtk/install/ublox_serialization/share/ublox_serialization/hook/cmake_prefix_path.sh'
[0.852s] Level 1:colcon.colcon_core.environment:checking '/home/jeanho/gps_rtk/install/ublox_serialization/bin'
[0.852s] Level 1:colcon.colcon_core.environment:checking '/home/jeanho/gps_rtk/install/ublox_serialization/lib/pkgconfig/ublox_serialization.pc'
[0.852s] Level 1:colcon.colcon_core.environment:checking '/home/jeanho/gps_rtk/install/ublox_serialization/lib/python3.10/site-packages'
[0.852s] Level 1:colcon.colcon_core.environment:checking '/home/jeanho/gps_rtk/install/ublox_serialization/bin'
[0.853s] INFO:colcon.colcon_core.shell:Creating package script '/home/jeanho/gps_rtk/install/ublox_serialization/share/ublox_serialization/package.ps1'
[0.853s] INFO:colcon.colcon_core.shell:Creating package descriptor '/home/jeanho/gps_rtk/install/ublox_serialization/share/ublox_serialization/package.dsv'
[0.853s] INFO:colcon.colcon_core.shell:Creating package script '/home/jeanho/gps_rtk/install/ublox_serialization/share/ublox_serialization/package.sh'
[0.854s] INFO:colcon.colcon_core.shell:Creating package script '/home/jeanho/gps_rtk/install/ublox_serialization/share/ublox_serialization/package.bash'
[0.854s] INFO:colcon.colcon_core.shell:Creating package script '/home/jeanho/gps_rtk/install/ublox_serialization/share/ublox_serialization/package.zsh'
[0.855s] Level 1:colcon.colcon_core.environment:create_file_with_runtime_dependencies(/home/jeanho/gps_rtk/install/ublox_serialization/share/colcon-core/packages/ublox_serialization)
[0.855s] Level 1:colcon.colcon_core.environment:create_environment_scripts_only(ublox_serialization)
[0.855s] Level 1:colcon.colcon_core.environment:checking '/home/jeanho/gps_rtk/install/ublox_serialization' for CMake module files
[0.856s] Level 1:colcon.colcon_core.environment:checking '/home/jeanho/gps_rtk/install/ublox_serialization' for CMake config files
[0.856s] Level 1:colcon.colcon_core.shell:create_environment_hook('ublox_serialization', 'cmake_prefix_path')
[0.856s] INFO:colcon.colcon_core.shell:Creating environment hook '/home/jeanho/gps_rtk/install/ublox_serialization/share/ublox_serialization/hook/cmake_prefix_path.ps1'
[0.856s] INFO:colcon.colcon_core.shell:Creating environment descriptor '/home/jeanho/gps_rtk/install/ublox_serialization/share/ublox_serialization/hook/cmake_prefix_path.dsv'
[0.856s] INFO:colcon.colcon_core.shell:Creating environment hook '/home/jeanho/gps_rtk/install/ublox_serialization/share/ublox_serialization/hook/cmake_prefix_path.sh'
[0.857s] Level 1:colcon.colcon_core.environment:checking '/home/jeanho/gps_rtk/install/ublox_serialization/bin'
[0.857s] Level 1:colcon.colcon_core.environment:checking '/home/jeanho/gps_rtk/install/ublox_serialization/lib/pkgconfig/ublox_serialization.pc'
[0.857s] Level 1:colcon.colcon_core.environment:checking '/home/jeanho/gps_rtk/install/ublox_serialization/lib/python3.10/site-packages'
[0.857s] Level 1:colcon.colcon_core.environment:checking '/home/jeanho/gps_rtk/install/ublox_serialization/bin'
[0.857s] INFO:colcon.colcon_core.shell:Creating package script '/home/jeanho/gps_rtk/install/ublox_serialization/share/ublox_serialization/package.ps1'
[0.857s] INFO:colcon.colcon_core.shell:Creating package descriptor '/home/jeanho/gps_rtk/install/ublox_serialization/share/ublox_serialization/package.dsv'
[0.858s] INFO:colcon.colcon_core.shell:Creating package script '/home/jeanho/gps_rtk/install/ublox_serialization/share/ublox_serialization/package.sh'
[0.858s] INFO:colcon.colcon_core.shell:Creating package script '/home/jeanho/gps_rtk/install/ublox_serialization/share/ublox_serialization/package.bash'
[0.858s] INFO:colcon.colcon_core.shell:Creating package script '/home/jeanho/gps_rtk/install/ublox_serialization/share/ublox_serialization/package.zsh'
[0.858s] Level 1:colcon.colcon_core.environment:create_file_with_runtime_dependencies(/home/jeanho/gps_rtk/install/ublox_serialization/share/colcon-core/packages/ublox_serialization)
[0.859s] INFO:colcon.colcon_ros.task.ament_cmake.build:Building ROS package in '/home/jeanho/gps_rtk/src/RTK_GPS_NTRIP/ublox_msgs' with build type 'ament_cmake'
[0.859s] INFO:colcon.colcon_cmake.task.cmake.build:Building CMake package in '/home/jeanho/gps_rtk/src/RTK_GPS_NTRIP/ublox_msgs'
[0.859s] INFO:colcon.colcon_core.shell:Skip shell extension 'powershell' for command environment: Not usable outside of PowerShell
[0.859s] DEBUG:colcon.colcon_core.shell:Skip shell extension 'dsv' for command environment
[0.875s] Level 1:colcon.colcon_core.environment:create_environment_scripts_only(rtcm_msgs)
[0.876s] Level 1:colcon.colcon_core.environment:checking '/home/jeanho/gps_rtk/install/rtcm_msgs' for CMake module files
[0.876s] DEBUG:colcon.colcon_core.event_handler.log_command:Invoked command in '/home/jeanho/gps_rtk/build/rtcm_msgs' returned '0': CMAKE_PREFIX_PATH=/opt/ros/humble /usr/bin/cmake --install /home/jeanho/gps_rtk/build/rtcm_msgs
[0.876s] Level 1:colcon.colcon_core.environment:checking '/home/jeanho/gps_rtk/install/rtcm_msgs' for CMake config files
[0.877s] Level 1:colcon.colcon_core.shell:create_environment_hook('rtcm_msgs', 'cmake_prefix_path')
[0.877s] INFO:colcon.colcon_core.shell:Creating environment hook '/home/jeanho/gps_rtk/install/rtcm_msgs/share/rtcm_msgs/hook/cmake_prefix_path.ps1'
[0.877s] INFO:colcon.colcon_core.shell:Creating environment descriptor '/home/jeanho/gps_rtk/install/rtcm_msgs/share/rtcm_msgs/hook/cmake_prefix_path.dsv'
[0.878s] INFO:colcon.colcon_core.shell:Creating environment hook '/home/jeanho/gps_rtk/install/rtcm_msgs/share/rtcm_msgs/hook/cmake_prefix_path.sh'
[0.878s] Level 1:colcon.colcon_core.environment:checking '/home/jeanho/gps_rtk/install/rtcm_msgs/lib'
[0.878s] Level 1:colcon.colcon_core.shell:create_environment_hook('rtcm_msgs', 'ld_library_path_lib')
[0.878s] INFO:colcon.colcon_core.shell:Creating environment hook '/home/jeanho/gps_rtk/install/rtcm_msgs/share/rtcm_msgs/hook/ld_library_path_lib.ps1'
[0.879s] INFO:colcon.colcon_core.shell:Creating environment descriptor '/home/jeanho/gps_rtk/install/rtcm_msgs/share/rtcm_msgs/hook/ld_library_path_lib.dsv'
[0.879s] INFO:colcon.colcon_core.shell:Creating environment hook '/home/jeanho/gps_rtk/install/rtcm_msgs/share/rtcm_msgs/hook/ld_library_path_lib.sh'
[0.879s] Level 1:colcon.colcon_core.environment:checking '/home/jeanho/gps_rtk/install/rtcm_msgs/bin'
[0.879s] Level 1:colcon.colcon_core.environment:checking '/home/jeanho/gps_rtk/install/rtcm_msgs/lib/pkgconfig/rtcm_msgs.pc'
[0.880s] Level 1:colcon.colcon_core.environment:checking '/home/jeanho/gps_rtk/install/rtcm_msgs/lib/python3.10/site-packages'
[0.880s] Level 1:colcon.colcon_core.environment:checking '/home/jeanho/gps_rtk/install/rtcm_msgs/bin'
[0.880s] INFO:colcon.colcon_core.shell:Creating package script '/home/jeanho/gps_rtk/install/rtcm_msgs/share/rtcm_msgs/package.ps1'
[0.880s] INFO:colcon.colcon_core.shell:Creating package descriptor '/home/jeanho/gps_rtk/install/rtcm_msgs/share/rtcm_msgs/package.dsv'
[0.881s] INFO:colcon.colcon_core.shell:Creating package script '/home/jeanho/gps_rtk/install/rtcm_msgs/share/rtcm_msgs/package.sh'
[0.881s] INFO:colcon.colcon_core.shell:Creating package script '/home/jeanho/gps_rtk/install/rtcm_msgs/share/rtcm_msgs/package.bash'
[0.881s] INFO:colcon.colcon_core.shell:Creating package script '/home/jeanho/gps_rtk/install/rtcm_msgs/share/rtcm_msgs/package.zsh'
[0.881s] Level 1:colcon.colcon_core.environment:create_file_with_runtime_dependencies(/home/jeanho/gps_rtk/install/rtcm_msgs/share/colcon-core/packages/rtcm_msgs)
[0.882s] Level 1:colcon.colcon_core.environment:create_environment_scripts_only(rtcm_msgs)
[0.882s] Level 1:colcon.colcon_core.environment:checking '/home/jeanho/gps_rtk/install/rtcm_msgs' for CMake module files
[0.882s] Level 1:colcon.colcon_core.environment:checking '/home/jeanho/gps_rtk/install/rtcm_msgs' for CMake config files
[0.882s] Level 1:colcon.colcon_core.shell:create_environment_hook('rtcm_msgs', 'cmake_prefix_path')
[0.882s] INFO:colcon.colcon_core.shell:Creating environment hook '/home/jeanho/gps_rtk/install/rtcm_msgs/share/rtcm_msgs/hook/cmake_prefix_path.ps1'
[0.883s] INFO:colcon.colcon_core.shell:Creating environment descriptor '/home/jeanho/gps_rtk/install/rtcm_msgs/share/rtcm_msgs/hook/cmake_prefix_path.dsv'
[0.883s] INFO:colcon.colcon_core.shell:Creating environment hook '/home/jeanho/gps_rtk/install/rtcm_msgs/share/rtcm_msgs/hook/cmake_prefix_path.sh'
[0.883s] Level 1:colcon.colcon_core.environment:checking '/home/jeanho/gps_rtk/install/rtcm_msgs/lib'
[0.883s] Level 1:colcon.colcon_core.shell:create_environment_hook('rtcm_msgs', 'ld_library_path_lib')
[0.884s] INFO:colcon.colcon_core.shell:Creating environment hook '/home/jeanho/gps_rtk/install/rtcm_msgs/share/rtcm_msgs/hook/ld_library_path_lib.ps1'
[0.884s] INFO:colcon.colcon_core.shell:Creating environment descriptor '/home/jeanho/gps_rtk/install/rtcm_msgs/share/rtcm_msgs/hook/ld_library_path_lib.dsv'
[0.884s] INFO:colcon.colcon_core.shell:Creating environment hook '/home/jeanho/gps_rtk/install/rtcm_msgs/share/rtcm_msgs/hook/ld_library_path_lib.sh'
[0.884s] Level 1:colcon.colcon_core.environment:checking '/home/jeanho/gps_rtk/install/rtcm_msgs/bin'
[0.884s] Level 1:colcon.colcon_core.environment:checking '/home/jeanho/gps_rtk/install/rtcm_msgs/lib/pkgconfig/rtcm_msgs.pc'
[0.885s] Level 1:colcon.colcon_core.environment:checking '/home/jeanho/gps_rtk/install/rtcm_msgs/lib/python3.10/site-packages'
[0.885s] Level 1:colcon.colcon_core.environment:checking '/home/jeanho/gps_rtk/install/rtcm_msgs/bin'
[0.885s] INFO:colcon.colcon_core.shell:Creating package script '/home/jeanho/gps_rtk/install/rtcm_msgs/share/rtcm_msgs/package.ps1'
[0.885s] INFO:colcon.colcon_core.shell:Creating package descriptor '/home/jeanho/gps_rtk/install/rtcm_msgs/share/rtcm_msgs/package.dsv'
[0.886s] INFO:colcon.colcon_core.shell:Creating package script '/home/jeanho/gps_rtk/install/rtcm_msgs/share/rtcm_msgs/package.sh'
[0.886s] INFO:colcon.colcon_core.shell:Creating package script '/home/jeanho/gps_rtk/install/rtcm_msgs/share/rtcm_msgs/package.bash'
[0.886s] INFO:colcon.colcon_core.shell:Creating package script '/home/jeanho/gps_rtk/install/rtcm_msgs/share/rtcm_msgs/package.zsh'
[0.887s] Level 1:colcon.colcon_core.environment:create_file_with_runtime_dependencies(/home/jeanho/gps_rtk/install/rtcm_msgs/share/colcon-core/packages/rtcm_msgs)
[0.948s] DEBUG:colcon.colcon_core.event_handler.log_command:Invoking command in '/home/jeanho/gps_rtk/build/ublox_msgs': AMENT_PREFIX_PATH=/home/jeanho/gps_rtk/install/ublox_serialization:${AMENT_PREFIX_PATH} CMAKE_PREFIX_PATH=/home/jeanho/gps_rtk/install/ublox_serialization:/opt/ros/humble /usr/bin/cmake --build /home/jeanho/gps_rtk/build/ublox_msgs -- -j24 -l24
[1.065s] DEBUG:colcon.colcon_core.event_handler.log_command:Invoking command in '/home/jeanho/gps_rtk/src/gps_visualizer': PYTHONPATH=/home/jeanho/gps_rtk/build/gps_visualizer/prefix_override:/usr/lib/python3/dist-packages/colcon_core/task/python/colcon_distutils_commands:/home/jeanho/gps_rtk/install/gps_visualizer/lib/python3.10/site-packages:${PYTHONPATH} /usr/bin/python3 -W ignore:setup.py install is deprecated -W ignore:easy_install command is deprecated setup.py egg_info --egg-base ../../build/gps_visualizer build --build-base /home/jeanho/gps_rtk/build/gps_visualizer/build install --record /home/jeanho/gps_rtk/build/gps_visualizer/install.log --single-version-externally-managed install_data
[1.085s] DEBUG:colcon.colcon_core.event_handler.log_command:Invoking command in '/home/jeanho/gps_rtk/src/RTK_GPS_NTRIP/ntrip_client': PYTHONPATH=/home/jeanho/gps_rtk/build/ntrip_client/prefix_override:/usr/lib/python3/dist-packages/colcon_core/task/python/colcon_distutils_commands:/home/jeanho/gps_rtk/install/ntrip_client/lib/python3.10/site-packages:${PYTHONPATH} /usr/bin/python3 -W ignore:setup.py install is deprecated -W ignore:easy_install command is deprecated setup.py egg_info --egg-base ../../../build/ntrip_client build --build-base /home/jeanho/gps_rtk/build/ntrip_client/build install --record /home/jeanho/gps_rtk/build/ntrip_client/install.log --single-version-externally-managed install_data
[1.204s] DEBUG:colcon.colcon_core.event_handler.log_command:Invoked command in '/home/jeanho/gps_rtk/build/ublox_msgs' returned '0': AMENT_PREFIX_PATH=/home/jeanho/gps_rtk/install/ublox_serialization:${AMENT_PREFIX_PATH} CMAKE_PREFIX_PATH=/home/jeanho/gps_rtk/install/ublox_serialization:/opt/ros/humble /usr/bin/cmake --build /home/jeanho/gps_rtk/build/ublox_msgs -- -j24 -l24
[1.205s] DEBUG:colcon.colcon_core.event_handler.log_command:Invoking command in '/home/jeanho/gps_rtk/build/ublox_msgs': AMENT_PREFIX_PATH=/home/jeanho/gps_rtk/install/ublox_serialization:${AMENT_PREFIX_PATH} CMAKE_PREFIX_PATH=/home/jeanho/gps_rtk/install/ublox_serialization:/opt/ros/humble /usr/bin/cmake --install /home/jeanho/gps_rtk/build/ublox_msgs
[1.250s] Level 1:colcon.colcon_core.environment:checking '/home/jeanho/gps_rtk/install/gps_visualizer' for CMake module files
[1.254s] Level 1:colcon.colcon_core.environment:checking '/home/jeanho/gps_rtk/install/gps_visualizer' for CMake config files
[1.266s] Level 1:colcon.colcon_core.environment:checking '/home/jeanho/gps_rtk/install/gps_visualizer/lib'
[1.266s] Level 1:colcon.colcon_core.environment:checking '/home/jeanho/gps_rtk/install/gps_visualizer/bin'
[1.266s] Level 1:colcon.colcon_core.environment:checking '/home/jeanho/gps_rtk/install/gps_visualizer/lib/pkgconfig/gps_visualizer.pc'
[1.266s] Level 1:colcon.colcon_core.environment:checking '/home/jeanho/gps_rtk/install/gps_visualizer/lib/python3.10/site-packages'
[1.266s] Level 1:colcon.colcon_core.shell:create_environment_hook('gps_visualizer', 'pythonpath')
[1.267s] INFO:colcon.colcon_core.shell:Creating environment hook '/home/jeanho/gps_rtk/install/gps_visualizer/share/gps_visualizer/hook/pythonpath.ps1'
[1.268s] INFO:colcon.colcon_core.shell:Creating environment descriptor '/home/jeanho/gps_rtk/install/gps_visualizer/share/gps_visualizer/hook/pythonpath.dsv'
[1.274s] INFO:colcon.colcon_core.shell:Creating environment hook '/home/jeanho/gps_rtk/install/gps_visualizer/share/gps_visualizer/hook/pythonpath.sh'
[1.280s] Level 1:colcon.colcon_core.environment:checking '/home/jeanho/gps_rtk/install/gps_visualizer/bin'
[1.280s] Level 1:colcon.colcon_core.environment:create_environment_scripts_only(gps_visualizer)
[1.280s] INFO:colcon.colcon_core.shell:Creating package script '/home/jeanho/gps_rtk/install/gps_visualizer/share/gps_visualizer/package.ps1'
[1.283s] INFO:colcon.colcon_core.shell:Creating package descriptor '/home/jeanho/gps_rtk/install/gps_visualizer/share/gps_visualizer/package.dsv'
[1.285s] INFO:colcon.colcon_core.shell:Creating package script '/home/jeanho/gps_rtk/install/gps_visualizer/share/gps_visualizer/package.sh'
[1.289s] INFO:colcon.colcon_core.shell:Creating package script '/home/jeanho/gps_rtk/install/gps_visualizer/share/gps_visualizer/package.bash'
[1.295s] INFO:colcon.colcon_core.shell:Creating package script '/home/jeanho/gps_rtk/install/gps_visualizer/share/gps_visualizer/package.zsh'
[1.304s] Level 1:colcon.colcon_core.environment:create_file_with_runtime_dependencies(/home/jeanho/gps_rtk/install/gps_visualizer/share/colcon-core/packages/gps_visualizer)
[1.317s] Level 1:colcon.colcon_core.environment:checking '/home/jeanho/gps_rtk/install/ntrip_client' for CMake module files
[1.318s] Level 1:colcon.colcon_core.environment:checking '/home/jeanho/gps_rtk/install/ntrip_client' for CMake config files
[1.343s] Level 1:colcon.colcon_core.environment:checking '/home/jeanho/gps_rtk/install/ntrip_client/lib'
[1.343s] Level 1:colcon.colcon_core.environment:checking '/home/jeanho/gps_rtk/install/ntrip_client/bin'
[1.347s] Level 1:colcon.colcon_core.environment:checking '/home/jeanho/gps_rtk/install/ntrip_client/lib/pkgconfig/ntrip_client.pc'
[1.348s] Level 1:colcon.colcon_core.environment:checking '/home/jeanho/gps_rtk/install/ntrip_client/lib/python3.10/site-packages'
[1.348s] Level 1:colcon.colcon_core.shell:create_environment_hook('ntrip_client', 'pythonpath')
[1.348s] INFO:colcon.colcon_core.shell:Creating environment hook '/home/jeanho/gps_rtk/install/ntrip_client/share/ntrip_client/hook/pythonpath.ps1'
[1.355s] INFO:colcon.colcon_core.shell:Creating environment descriptor '/home/jeanho/gps_rtk/install/ntrip_client/share/ntrip_client/hook/pythonpath.dsv'
[1.359s] INFO:colcon.colcon_core.shell:Creating environment hook '/home/jeanho/gps_rtk/install/ntrip_client/share/ntrip_client/hook/pythonpath.sh'
[1.364s] Level 1:colcon.colcon_core.environment:checking '/home/jeanho/gps_rtk/install/ntrip_client/bin'
[1.365s] Level 1:colcon.colcon_core.environment:create_environment_scripts_only(ntrip_client)
[1.365s] INFO:colcon.colcon_core.shell:Creating package script '/home/jeanho/gps_rtk/install/ntrip_client/share/ntrip_client/package.ps1'
[1.368s] INFO:colcon.colcon_core.shell:Creating package descriptor '/home/jeanho/gps_rtk/install/ntrip_client/share/ntrip_client/package.dsv'
[1.372s] INFO:colcon.colcon_core.shell:Creating package script '/home/jeanho/gps_rtk/install/ntrip_client/share/ntrip_client/package.sh'
[1.372s] INFO:colcon.colcon_core.shell:Creating package script '/home/jeanho/gps_rtk/install/ntrip_client/share/ntrip_client/package.bash'
[1.379s] INFO:colcon.colcon_core.shell:Creating package script '/home/jeanho/gps_rtk/install/ntrip_client/share/ntrip_client/package.zsh'
[1.392s] Level 1:colcon.colcon_core.environment:create_file_with_runtime_dependencies(/home/jeanho/gps_rtk/install/ntrip_client/share/colcon-core/packages/ntrip_client)
[1.397s] Level 1:colcon.colcon_core.environment:create_environment_scripts_only(ublox_msgs)
[1.397s] Level 1:colcon.colcon_core.environment:checking '/home/jeanho/gps_rtk/install/ublox_msgs' for CMake module files
[1.410s] DEBUG:colcon.colcon_core.event_handler.log_command:Invoked command in '/home/jeanho/gps_rtk/src/gps_visualizer' returned '0': PYTHONPATH=/home/jeanho/gps_rtk/build/gps_visualizer/prefix_override:/usr/lib/python3/dist-packages/colcon_core/task/python/colcon_distutils_commands:/home/jeanho/gps_rtk/install/gps_visualizer/lib/python3.10/site-packages:${PYTHONPATH} /usr/bin/python3 -W ignore:setup.py install is deprecated -W ignore:easy_install command is deprecated setup.py egg_info --egg-base ../../build/gps_visualizer build --build-base /home/jeanho/gps_rtk/build/gps_visualizer/build install --record /home/jeanho/gps_rtk/build/gps_visualizer/install.log --single-version-externally-managed install_data
[1.414s] Level 1:colcon.colcon_core.environment:checking '/home/jeanho/gps_rtk/install/ublox_msgs' for CMake config files
[1.443s] DEBUG:colcon.colcon_core.event_handler.log_command:Invoked command in '/home/jeanho/gps_rtk/src/RTK_GPS_NTRIP/ntrip_client' returned '0': PYTHONPATH=/home/jeanho/gps_rtk/build/ntrip_client/prefix_override:/usr/lib/python3/dist-packages/colcon_core/task/python/colcon_distutils_commands:/home/jeanho/gps_rtk/install/ntrip_client/lib/python3.10/site-packages:${PYTHONPATH} /usr/bin/python3 -W ignore:setup.py install is deprecated -W ignore:easy_install command is deprecated setup.py egg_info --egg-base ../../../build/ntrip_client build --build-base /home/jeanho/gps_rtk/build/ntrip_client/build install --record /home/jeanho/gps_rtk/build/ntrip_client/install.log --single-version-externally-managed install_data
[1.444s] DEBUG:colcon.colcon_core.event_handler.log_command:Invoked command in '/home/jeanho/gps_rtk/build/ublox_msgs' returned '0': AMENT_PREFIX_PATH=/home/jeanho/gps_rtk/install/ublox_serialization:${AMENT_PREFIX_PATH} CMAKE_PREFIX_PATH=/home/jeanho/gps_rtk/install/ublox_serialization:/opt/ros/humble /usr/bin/cmake --install /home/jeanho/gps_rtk/build/ublox_msgs
[1.445s] Level 1:colcon.colcon_core.shell:create_environment_hook('ublox_msgs', 'cmake_prefix_path')
[1.445s] INFO:colcon.colcon_core.shell:Creating environment hook '/home/jeanho/gps_rtk/install/ublox_msgs/share/ublox_msgs/hook/cmake_prefix_path.ps1'
[1.445s] INFO:colcon.colcon_core.shell:Creating environment descriptor '/home/jeanho/gps_rtk/install/ublox_msgs/share/ublox_msgs/hook/cmake_prefix_path.dsv'
[1.445s] INFO:colcon.colcon_core.shell:Creating environment hook '/home/jeanho/gps_rtk/install/ublox_msgs/share/ublox_msgs/hook/cmake_prefix_path.sh'
[1.446s] Level 1:colcon.colcon_core.environment:checking '/home/jeanho/gps_rtk/install/ublox_msgs/lib'
[1.446s] Level 1:colcon.colcon_core.shell:create_environment_hook('ublox_msgs', 'ld_library_path_lib')
[1.446s] INFO:colcon.colcon_core.shell:Creating environment hook '/home/jeanho/gps_rtk/install/ublox_msgs/share/ublox_msgs/hook/ld_library_path_lib.ps1'
[1.446s] INFO:colcon.colcon_core.shell:Creating environment descriptor '/home/jeanho/gps_rtk/install/ublox_msgs/share/ublox_msgs/hook/ld_library_path_lib.dsv'
[1.446s] INFO:colcon.colcon_core.shell:Creating environment hook '/home/jeanho/gps_rtk/install/ublox_msgs/share/ublox_msgs/hook/ld_library_path_lib.sh'
[1.446s] Level 1:colcon.colcon_core.environment:checking '/home/jeanho/gps_rtk/install/ublox_msgs/bin'
[1.446s] Level 1:colcon.colcon_core.environment:checking '/home/jeanho/gps_rtk/install/ublox_msgs/lib/pkgconfig/ublox_msgs.pc'
[1.446s] Level 1:colcon.colcon_core.environment:checking '/home/jeanho/gps_rtk/install/ublox_msgs/lib/python3.10/site-packages'
[1.446s] Level 1:colcon.colcon_core.environment:checking '/home/jeanho/gps_rtk/install/ublox_msgs/bin'
[1.446s] INFO:colcon.colcon_core.shell:Creating package script '/home/jeanho/gps_rtk/install/ublox_msgs/share/ublox_msgs/package.ps1'
[1.447s] INFO:colcon.colcon_core.shell:Creating package descriptor '/home/jeanho/gps_rtk/install/ublox_msgs/share/ublox_msgs/package.dsv'
[1.447s] INFO:colcon.colcon_core.shell:Creating package script '/home/jeanho/gps_rtk/install/ublox_msgs/share/ublox_msgs/package.sh'
[1.447s] INFO:colcon.colcon_core.shell:Creating package script '/home/jeanho/gps_rtk/install/ublox_msgs/share/ublox_msgs/package.bash'
[1.447s] INFO:colcon.colcon_core.shell:Creating package script '/home/jeanho/gps_rtk/install/ublox_msgs/share/ublox_msgs/package.zsh'
[1.447s] Level 1:colcon.colcon_core.environment:create_file_with_runtime_dependencies(/home/jeanho/gps_rtk/install/ublox_msgs/share/colcon-core/packages/ublox_msgs)
[1.448s] Level 1:colcon.colcon_core.environment:create_environment_scripts_only(ublox_msgs)
[1.448s] Level 1:colcon.colcon_core.environment:checking '/home/jeanho/gps_rtk/install/ublox_msgs' for CMake module files
[1.448s] Level 1:colcon.colcon_core.environment:checking '/home/jeanho/gps_rtk/install/ublox_msgs' for CMake config files
[1.449s] Level 1:colcon.colcon_core.shell:create_environment_hook('ublox_msgs', 'cmake_prefix_path')
[1.449s] INFO:colcon.colcon_core.shell:Creating environment hook '/home/jeanho/gps_rtk/install/ublox_msgs/share/ublox_msgs/hook/cmake_prefix_path.ps1'
[1.449s] INFO:colcon.colcon_core.shell:Creating environment descriptor '/home/jeanho/gps_rtk/install/ublox_msgs/share/ublox_msgs/hook/cmake_prefix_path.dsv'
[1.449s] INFO:colcon.colcon_core.shell:Creating environment hook '/home/jeanho/gps_rtk/install/ublox_msgs/share/ublox_msgs/hook/cmake_prefix_path.sh'
[1.450s] Level 1:colcon.colcon_core.environment:checking '/home/jeanho/gps_rtk/install/ublox_msgs/lib'
[1.450s] Level 1:colcon.colcon_core.shell:create_environment_hook('ublox_msgs', 'ld_library_path_lib')
[1.450s] INFO:colcon.colcon_core.shell:Creating environment hook '/home/jeanho/gps_rtk/install/ublox_msgs/share/ublox_msgs/hook/ld_library_path_lib.ps1'
[1.450s] INFO:colcon.colcon_core.shell:Creating environment descriptor '/home/jeanho/gps_rtk/install/ublox_msgs/share/ublox_msgs/hook/ld_library_path_lib.dsv'
[1.450s] INFO:colcon.colcon_core.shell:Creating environment hook '/home/jeanho/gps_rtk/install/ublox_msgs/share/ublox_msgs/hook/ld_library_path_lib.sh'
[1.450s] Level 1:colcon.colcon_core.environment:checking '/home/jeanho/gps_rtk/install/ublox_msgs/bin'
[1.450s] Level 1:colcon.colcon_core.environment:checking '/home/jeanho/gps_rtk/install/ublox_msgs/lib/pkgconfig/ublox_msgs.pc'
[1.450s] Level 1:colcon.colcon_core.environment:checking '/home/jeanho/gps_rtk/install/ublox_msgs/lib/python3.10/site-packages'
[1.450s] Level 1:colcon.colcon_core.environment:checking '/home/jeanho/gps_rtk/install/ublox_msgs/bin'
[1.451s] INFO:colcon.colcon_core.shell:Creating package script '/home/jeanho/gps_rtk/install/ublox_msgs/share/ublox_msgs/package.ps1'
[1.451s] INFO:colcon.colcon_core.shell:Creating package descriptor '/home/jeanho/gps_rtk/install/ublox_msgs/share/ublox_msgs/package.dsv'
[1.451s] INFO:colcon.colcon_core.shell:Creating package script '/home/jeanho/gps_rtk/install/ublox_msgs/share/ublox_msgs/package.sh'
[1.451s] INFO:colcon.colcon_core.shell:Creating package script '/home/jeanho/gps_rtk/install/ublox_msgs/share/ublox_msgs/package.bash'
[1.451s] INFO:colcon.colcon_core.shell:Creating package script '/home/jeanho/gps_rtk/install/ublox_msgs/share/ublox_msgs/package.zsh'
[1.452s] Level 1:colcon.colcon_core.environment:create_file_with_runtime_dependencies(/home/jeanho/gps_rtk/install/ublox_msgs/share/colcon-core/packages/ublox_msgs)
[1.452s] INFO:colcon.colcon_ros.task.ament_cmake.build:Building ROS package in '/home/jeanho/gps_rtk/src/RTK_GPS_NTRIP/ublox_gps' with build type 'ament_cmake'
[1.452s] INFO:colcon.colcon_cmake.task.cmake.build:Building CMake package in '/home/jeanho/gps_rtk/src/RTK_GPS_NTRIP/ublox_gps'
[1.452s] INFO:colcon.colcon_core.shell:Skip shell extension 'powershell' for command environment: Not usable outside of PowerShell
[1.452s] DEBUG:colcon.colcon_core.shell:Skip shell extension 'dsv' for command environment
[1.455s] INFO:colcon.colcon_ros.task.ament_cmake.build:Building ROS package in '/home/jeanho/gps_rtk/src/RTK_GPS_NTRIP/fix2nmea' with build type 'ament_cmake'
[1.455s] INFO:colcon.colcon_cmake.task.cmake.build:Building CMake package in '/home/jeanho/gps_rtk/src/RTK_GPS_NTRIP/fix2nmea'
[1.455s] INFO:colcon.colcon_core.shell:Skip shell extension 'powershell' for command environment: Not usable outside of PowerShell
[1.455s] DEBUG:colcon.colcon_core.shell:Skip shell extension 'dsv' for command environment
[1.566s] DEBUG:colcon.colcon_core.event_handler.log_command:Invoking command in '/home/jeanho/gps_rtk/build/fix2nmea': AMENT_PREFIX_PATH=/home/jeanho/gps_rtk/install/ublox_msgs:/home/jeanho/gps_rtk/install/ublox_serialization:${AMENT_PREFIX_PATH} CMAKE_PREFIX_PATH=/home/jeanho/gps_rtk/install/ublox_msgs:/home/jeanho/gps_rtk/install/ublox_serialization:/opt/ros/humble LD_LIBRARY_PATH=/home/jeanho/gps_rtk/install/ublox_msgs/lib:/opt/ros/humble/opt/rviz_ogre_vendor/lib:/opt/ros/humble/lib/x86_64-linux-gnu:/opt/ros/humble/lib:/home/jeanho/acados/lib PYTHONPATH=/home/jeanho/gps_rtk/install/ublox_msgs/local/lib/python3.10/dist-packages:${PYTHONPATH} /usr/bin/cmake --build /home/jeanho/gps_rtk/build/fix2nmea -- -j24 -l24
[1.680s] DEBUG:colcon.colcon_core.event_handler.log_command:Invoking command in '/home/jeanho/gps_rtk/build/ublox_gps': AMENT_PREFIX_PATH=/home/jeanho/gps_rtk/install/ublox_msgs:/home/jeanho/gps_rtk/install/ublox_serialization:/home/jeanho/gps_rtk/install/rtcm_msgs:${AMENT_PREFIX_PATH} CMAKE_PREFIX_PATH=/home/jeanho/gps_rtk/install/ublox_msgs:/home/jeanho/gps_rtk/install/ublox_serialization:/home/jeanho/gps_rtk/install/rtcm_msgs:/opt/ros/humble LD_LIBRARY_PATH=/home/jeanho/gps_rtk/install/ublox_msgs/lib:/home/jeanho/gps_rtk/install/rtcm_msgs/lib:/opt/ros/humble/opt/rviz_ogre_vendor/lib:/opt/ros/humble/lib/x86_64-linux-gnu:/opt/ros/humble/lib:/home/jeanho/acados/lib PYTHONPATH=/home/jeanho/gps_rtk/install/ublox_msgs/local/lib/python3.10/dist-packages:/home/jeanho/gps_rtk/install/rtcm_msgs/local/lib/python3.10/dist-packages:${PYTHONPATH} /usr/bin/cmake --build /home/jeanho/gps_rtk/build/ublox_gps -- -j24 -l24
[8.541s] DEBUG:colcon.colcon_core.event_handler.log_command:Invoked command in '/home/jeanho/gps_rtk/build/ublox_gps' returned '0': AMENT_PREFIX_PATH=/home/jeanho/gps_rtk/install/ublox_msgs:/home/jeanho/gps_rtk/install/ublox_serialization:/home/jeanho/gps_rtk/install/rtcm_msgs:${AMENT_PREFIX_PATH} CMAKE_PREFIX_PATH=/home/jeanho/gps_rtk/install/ublox_msgs:/home/jeanho/gps_rtk/install/ublox_serialization:/home/jeanho/gps_rtk/install/rtcm_msgs:/opt/ros/humble LD_LIBRARY_PATH=/home/jeanho/gps_rtk/install/ublox_msgs/lib:/home/jeanho/gps_rtk/install/rtcm_msgs/lib:/opt/ros/humble/opt/rviz_ogre_vendor/lib:/opt/ros/humble/lib/x86_64-linux-gnu:/opt/ros/humble/lib:/home/jeanho/acados/lib PYTHONPATH=/home/jeanho/gps_rtk/install/ublox_msgs/local/lib/python3.10/dist-packages:/home/jeanho/gps_rtk/install/rtcm_msgs/local/lib/python3.10/dist-packages:${PYTHONPATH} /usr/bin/cmake --build /home/jeanho/gps_rtk/build/ublox_gps -- -j24 -l24
[8.543s] DEBUG:colcon.colcon_core.event_handler.log_command:Invoking command in '/home/jeanho/gps_rtk/build/ublox_gps': AMENT_PREFIX_PATH=/home/jeanho/gps_rtk/install/ublox_msgs:/home/jeanho/gps_rtk/install/ublox_serialization:/home/jeanho/gps_rtk/install/rtcm_msgs:${AMENT_PREFIX_PATH} CMAKE_PREFIX_PATH=/home/jeanho/gps_rtk/install/ublox_msgs:/home/jeanho/gps_rtk/install/ublox_serialization:/home/jeanho/gps_rtk/install/rtcm_msgs:/opt/ros/humble LD_LIBRARY_PATH=/home/jeanho/gps_rtk/install/ublox_msgs/lib:/home/jeanho/gps_rtk/install/rtcm_msgs/lib:/opt/ros/humble/opt/rviz_ogre_vendor/lib:/opt/ros/humble/lib/x86_64-linux-gnu:/opt/ros/humble/lib:/home/jeanho/acados/lib PYTHONPATH=/home/jeanho/gps_rtk/install/ublox_msgs/local/lib/python3.10/dist-packages:/home/jeanho/gps_rtk/install/rtcm_msgs/local/lib/python3.10/dist-packages:${PYTHONPATH} /usr/bin/cmake --install /home/jeanho/gps_rtk/build/ublox_gps
[8.564s] Level 1:colcon.colcon_core.environment:create_environment_scripts_only(ublox_gps)
[8.565s] Level 1:colcon.colcon_core.environment:checking '/home/jeanho/gps_rtk/install/ublox_gps' for CMake module files
[8.565s] DEBUG:colcon.colcon_core.event_handler.log_command:Invoked command in '/home/jeanho/gps_rtk/build/ublox_gps' returned '0': AMENT_PREFIX_PATH=/home/jeanho/gps_rtk/install/ublox_msgs:/home/jeanho/gps_rtk/install/ublox_serialization:/home/jeanho/gps_rtk/install/rtcm_msgs:${AMENT_PREFIX_PATH} CMAKE_PREFIX_PATH=/home/jeanho/gps_rtk/install/ublox_msgs:/home/jeanho/gps_rtk/install/ublox_serialization:/home/jeanho/gps_rtk/install/rtcm_msgs:/opt/ros/humble LD_LIBRARY_PATH=/home/jeanho/gps_rtk/install/ublox_msgs/lib:/home/jeanho/gps_rtk/install/rtcm_msgs/lib:/opt/ros/humble/opt/rviz_ogre_vendor/lib:/opt/ros/humble/lib/x86_64-linux-gnu:/opt/ros/humble/lib:/home/jeanho/acados/lib PYTHONPATH=/home/jeanho/gps_rtk/install/ublox_msgs/local/lib/python3.10/dist-packages:/home/jeanho/gps_rtk/install/rtcm_msgs/local/lib/python3.10/dist-packages:${PYTHONPATH} /usr/bin/cmake --install /home/jeanho/gps_rtk/build/ublox_gps
[8.566s] Level 1:colcon.colcon_core.environment:checking '/home/jeanho/gps_rtk/install/ublox_gps' for CMake config files
[8.566s] Level 1:colcon.colcon_core.shell:create_environment_hook('ublox_gps', 'cmake_prefix_path')
[8.566s] INFO:colcon.colcon_core.shell:Creating environment hook '/home/jeanho/gps_rtk/install/ublox_gps/share/ublox_gps/hook/cmake_prefix_path.ps1'
[8.567s] INFO:colcon.colcon_core.shell:Creating environment descriptor '/home/jeanho/gps_rtk/install/ublox_gps/share/ublox_gps/hook/cmake_prefix_path.dsv'
[8.567s] INFO:colcon.colcon_core.shell:Creating environment hook '/home/jeanho/gps_rtk/install/ublox_gps/share/ublox_gps/hook/cmake_prefix_path.sh'
[8.568s] Level 1:colcon.colcon_core.environment:checking '/home/jeanho/gps_rtk/install/ublox_gps/lib'
[8.568s] Level 1:colcon.colcon_core.shell:create_environment_hook('ublox_gps', 'ld_library_path_lib')
[8.568s] INFO:colcon.colcon_core.shell:Creating environment hook '/home/jeanho/gps_rtk/install/ublox_gps/share/ublox_gps/hook/ld_library_path_lib.ps1'
[8.568s] INFO:colcon.colcon_core.shell:Creating environment descriptor '/home/jeanho/gps_rtk/install/ublox_gps/share/ublox_gps/hook/ld_library_path_lib.dsv'
[8.568s] INFO:colcon.colcon_core.shell:Creating environment hook '/home/jeanho/gps_rtk/install/ublox_gps/share/ublox_gps/hook/ld_library_path_lib.sh'
[8.569s] Level 1:colcon.colcon_core.environment:checking '/home/jeanho/gps_rtk/install/ublox_gps/bin'
[8.569s] Level 1:colcon.colcon_core.environment:checking '/home/jeanho/gps_rtk/install/ublox_gps/lib/pkgconfig/ublox_gps.pc'
[8.569s] Level 1:colcon.colcon_core.environment:checking '/home/jeanho/gps_rtk/install/ublox_gps/lib/python3.10/site-packages'
[8.569s] Level 1:colcon.colcon_core.environment:checking '/home/jeanho/gps_rtk/install/ublox_gps/bin'
[8.569s] INFO:colcon.colcon_core.shell:Creating package script '/home/jeanho/gps_rtk/install/ublox_gps/share/ublox_gps/package.ps1'
[8.570s] INFO:colcon.colcon_core.shell:Creating package descriptor '/home/jeanho/gps_rtk/install/ublox_gps/share/ublox_gps/package.dsv'
[8.570s] INFO:colcon.colcon_core.shell:Creating package script '/home/jeanho/gps_rtk/install/ublox_gps/share/ublox_gps/package.sh'
[8.570s] INFO:colcon.colcon_core.shell:Creating package script '/home/jeanho/gps_rtk/install/ublox_gps/share/ublox_gps/package.bash'
[8.571s] INFO:colcon.colcon_core.shell:Creating package script '/home/jeanho/gps_rtk/install/ublox_gps/share/ublox_gps/package.zsh'
[8.571s] Level 1:colcon.colcon_core.environment:create_file_with_runtime_dependencies(/home/jeanho/gps_rtk/install/ublox_gps/share/colcon-core/packages/ublox_gps)
[8.571s] Level 1:colcon.colcon_core.environment:create_environment_scripts_only(ublox_gps)
[8.572s] Level 1:colcon.colcon_core.environment:checking '/home/jeanho/gps_rtk/install/ublox_gps' for CMake module files
[8.572s] Level 1:colcon.colcon_core.environment:checking '/home/jeanho/gps_rtk/install/ublox_gps' for CMake config files
[8.572s] Level 1:colcon.colcon_core.shell:create_environment_hook('ublox_gps', 'cmake_prefix_path')
[8.572s] INFO:colcon.colcon_core.shell:Creating environment hook '/home/jeanho/gps_rtk/install/ublox_gps/share/ublox_gps/hook/cmake_prefix_path.ps1'
[8.572s] INFO:colcon.colcon_core.shell:Creating environment descriptor '/home/jeanho/gps_rtk/install/ublox_gps/share/ublox_gps/hook/cmake_prefix_path.dsv'
[8.573s] INFO:colcon.colcon_core.shell:Creating environment hook '/home/jeanho/gps_rtk/install/ublox_gps/share/ublox_gps/hook/cmake_prefix_path.sh'
[8.573s] Level 1:colcon.colcon_core.environment:checking '/home/jeanho/gps_rtk/install/ublox_gps/lib'
[8.573s] Level 1:colcon.colcon_core.shell:create_environment_hook('ublox_gps', 'ld_library_path_lib')
[8.573s] INFO:colcon.colcon_core.shell:Creating environment hook '/home/jeanho/gps_rtk/install/ublox_gps/share/ublox_gps/hook/ld_library_path_lib.ps1'
[8.574s] INFO:colcon.colcon_core.shell:Creating environment descriptor '/home/jeanho/gps_rtk/install/ublox_gps/share/ublox_gps/hook/ld_library_path_lib.dsv'
[8.574s] INFO:colcon.colcon_core.shell:Creating environment hook '/home/jeanho/gps_rtk/install/ublox_gps/share/ublox_gps/hook/ld_library_path_lib.sh'
[8.574s] Level 1:colcon.colcon_core.environment:checking '/home/jeanho/gps_rtk/install/ublox_gps/bin'
[8.574s] Level 1:colcon.colcon_core.environment:checking '/home/jeanho/gps_rtk/install/ublox_gps/lib/pkgconfig/ublox_gps.pc'
[8.574s] Level 1:colcon.colcon_core.environment:checking '/home/jeanho/gps_rtk/install/ublox_gps/lib/python3.10/site-packages'
[8.575s] Level 1:colcon.colcon_core.environment:checking '/home/jeanho/gps_rtk/install/ublox_gps/bin'
[8.575s] INFO:colcon.colcon_core.shell:Creating package script '/home/jeanho/gps_rtk/install/ublox_gps/share/ublox_gps/package.ps1'
[8.575s] INFO:colcon.colcon_core.shell:Creating package descriptor '/home/jeanho/gps_rtk/install/ublox_gps/share/ublox_gps/package.dsv'
[8.576s] INFO:colcon.colcon_core.shell:Creating package script '/home/jeanho/gps_rtk/install/ublox_gps/share/ublox_gps/package.sh'
[8.576s] INFO:colcon.colcon_core.shell:Creating package script '/home/jeanho/gps_rtk/install/ublox_gps/share/ublox_gps/package.bash'
[8.577s] INFO:colcon.colcon_core.shell:Creating package script '/home/jeanho/gps_rtk/install/ublox_gps/share/ublox_gps/package.zsh'
[8.577s] Level 1:colcon.colcon_core.environment:create_file_with_runtime_dependencies(/home/jeanho/gps_rtk/install/ublox_gps/share/colcon-core/packages/ublox_gps)
[8.577s] INFO:colcon.colcon_ros.task.ament_cmake.build:Building ROS package in '/home/jeanho/gps_rtk/src/RTK_GPS_NTRIP/ublox' with build type 'ament_cmake'
[8.577s] INFO:colcon.colcon_cmake.task.cmake.build:Building CMake package in '/home/jeanho/gps_rtk/src/RTK_GPS_NTRIP/ublox'
[8.578s] INFO:colcon.colcon_core.shell:Skip shell extension 'powershell' for command environment: Not usable outside of PowerShell
[8.578s] DEBUG:colcon.colcon_core.shell:Skip shell extension 'dsv' for command environment
[9.105s] DEBUG:colcon.colcon_core.event_handler.log_command:Invoking command in '/home/jeanho/gps_rtk/build/ublox': AMENT_PREFIX_PATH=/home/jeanho/gps_rtk/install/ublox_gps:/home/jeanho/gps_rtk/install/ublox_msgs:/home/jeanho/gps_rtk/install/ublox_serialization:/home/jeanho/gps_rtk/install/rtcm_msgs:${AMENT_PREFIX_PATH} CMAKE_PREFIX_PATH=/home/jeanho/gps_rtk/install/ublox_gps:/home/jeanho/gps_rtk/install/ublox_msgs:/home/jeanho/gps_rtk/install/ublox_serialization:/home/jeanho/gps_rtk/install/rtcm_msgs:/opt/ros/humble LD_LIBRARY_PATH=/home/jeanho/gps_rtk/install/ublox_gps/lib:/home/jeanho/gps_rtk/install/ublox_msgs/lib:/home/jeanho/gps_rtk/install/rtcm_msgs/lib:/opt/ros/humble/opt/rviz_ogre_vendor/lib:/opt/ros/humble/lib/x86_64-linux-gnu:/opt/ros/humble/lib:/home/jeanho/acados/lib PYTHONPATH=/home/jeanho/gps_rtk/install/ublox_msgs/local/lib/python3.10/dist-packages:/home/jeanho/gps_rtk/install/rtcm_msgs/local/lib/python3.10/dist-packages:${PYTHONPATH} /usr/bin/cmake --build /home/jeanho/gps_rtk/build/ublox -- -j24 -l24
[9.135s] DEBUG:colcon.colcon_core.event_handler.log_command:Invoked command in '/home/jeanho/gps_rtk/build/ublox' returned '0': AMENT_PREFIX_PATH=/home/jeanho/gps_rtk/install/ublox_gps:/home/jeanho/gps_rtk/install/ublox_msgs:/home/jeanho/gps_rtk/install/ublox_serialization:/home/jeanho/gps_rtk/install/rtcm_msgs:${AMENT_PREFIX_PATH} CMAKE_PREFIX_PATH=/home/jeanho/gps_rtk/install/ublox_gps:/home/jeanho/gps_rtk/install/ublox_msgs:/home/jeanho/gps_rtk/install/ublox_serialization:/home/jeanho/gps_rtk/install/rtcm_msgs:/opt/ros/humble LD_LIBRARY_PATH=/home/jeanho/gps_rtk/install/ublox_gps/lib:/home/jeanho/gps_rtk/install/ublox_msgs/lib:/home/jeanho/gps_rtk/install/rtcm_msgs/lib:/opt/ros/humble/opt/rviz_ogre_vendor/lib:/opt/ros/humble/lib/x86_64-linux-gnu:/opt/ros/humble/lib:/home/jeanho/acados/lib PYTHONPATH=/home/jeanho/gps_rtk/install/ublox_msgs/local/lib/python3.10/dist-packages:/home/jeanho/gps_rtk/install/rtcm_msgs/local/lib/python3.10/dist-packages:${PYTHONPATH} /usr/bin/cmake --build /home/jeanho/gps_rtk/build/ublox -- -j24 -l24
[9.138s] DEBUG:colcon.colcon_core.event_handler.log_command:Invoking command in '/home/jeanho/gps_rtk/build/ublox': AMENT_PREFIX_PATH=/home/jeanho/gps_rtk/install/ublox_gps:/home/jeanho/gps_rtk/install/ublox_msgs:/home/jeanho/gps_rtk/install/ublox_serialization:/home/jeanho/gps_rtk/install/rtcm_msgs:${AMENT_PREFIX_PATH} CMAKE_PREFIX_PATH=/home/jeanho/gps_rtk/install/ublox_gps:/home/jeanho/gps_rtk/install/ublox_msgs:/home/jeanho/gps_rtk/install/ublox_serialization:/home/jeanho/gps_rtk/install/rtcm_msgs:/opt/ros/humble LD_LIBRARY_PATH=/home/jeanho/gps_rtk/install/ublox_gps/lib:/home/jeanho/gps_rtk/install/ublox_msgs/lib:/home/jeanho/gps_rtk/install/rtcm_msgs/lib:/opt/ros/humble/opt/rviz_ogre_vendor/lib:/opt/ros/humble/lib/x86_64-linux-gnu:/opt/ros/humble/lib:/home/jeanho/acados/lib PYTHONPATH=/home/jeanho/gps_rtk/install/ublox_msgs/local/lib/python3.10/dist-packages:/home/jeanho/gps_rtk/install/rtcm_msgs/local/lib/python3.10/dist-packages:${PYTHONPATH} /usr/bin/cmake --install /home/jeanho/gps_rtk/build/ublox
[9.146s] Level 1:colcon.colcon_core.environment:create_environment_scripts_only(ublox)
[9.146s] Level 1:colcon.colcon_core.environment:checking '/home/jeanho/gps_rtk/install/ublox' for CMake module files
[9.147s] DEBUG:colcon.colcon_core.event_handler.log_command:Invoked command in '/home/jeanho/gps_rtk/build/ublox' returned '0': AMENT_PREFIX_PATH=/home/jeanho/gps_rtk/install/ublox_gps:/home/jeanho/gps_rtk/install/ublox_msgs:/home/jeanho/gps_rtk/install/ublox_serialization:/home/jeanho/gps_rtk/install/rtcm_msgs:${AMENT_PREFIX_PATH} CMAKE_PREFIX_PATH=/home/jeanho/gps_rtk/install/ublox_gps:/home/jeanho/gps_rtk/install/ublox_msgs:/home/jeanho/gps_rtk/install/ublox_serialization:/home/jeanho/gps_rtk/install/rtcm_msgs:/opt/ros/humble LD_LIBRARY_PATH=/home/jeanho/gps_rtk/install/ublox_gps/lib:/home/jeanho/gps_rtk/install/ublox_msgs/lib:/home/jeanho/gps_rtk/install/rtcm_msgs/lib:/opt/ros/humble/opt/rviz_ogre_vendor/lib:/opt/ros/humble/lib/x86_64-linux-gnu:/opt/ros/humble/lib:/home/jeanho/acados/lib PYTHONPATH=/home/jeanho/gps_rtk/install/ublox_msgs/local/lib/python3.10/dist-packages:/home/jeanho/gps_rtk/install/rtcm_msgs/local/lib/python3.10/dist-packages:${PYTHONPATH} /usr/bin/cmake --install /home/jeanho/gps_rtk/build/ublox
[9.147s] Level 1:colcon.colcon_core.environment:checking '/home/jeanho/gps_rtk/install/ublox' for CMake config files
[9.147s] Level 1:colcon.colcon_core.shell:create_environment_hook('ublox', 'cmake_prefix_path')
[9.148s] INFO:colcon.colcon_core.shell:Creating environment hook '/home/jeanho/gps_rtk/install/ublox/share/ublox/hook/cmake_prefix_path.ps1'
[9.148s] INFO:colcon.colcon_core.shell:Creating environment descriptor '/home/jeanho/gps_rtk/install/ublox/share/ublox/hook/cmake_prefix_path.dsv'
[9.148s] INFO:colcon.colcon_core.shell:Creating environment hook '/home/jeanho/gps_rtk/install/ublox/share/ublox/hook/cmake_prefix_path.sh'
[9.149s] Level 1:colcon.colcon_core.environment:checking '/home/jeanho/gps_rtk/install/ublox/bin'
[9.149s] Level 1:colcon.colcon_core.environment:checking '/home/jeanho/gps_rtk/install/ublox/lib/pkgconfig/ublox.pc'
[9.149s] Level 1:colcon.colcon_core.environment:checking '/home/jeanho/gps_rtk/install/ublox/lib/python3.10/site-packages'
[9.149s] Level 1:colcon.colcon_core.environment:checking '/home/jeanho/gps_rtk/install/ublox/bin'
[9.149s] INFO:colcon.colcon_core.shell:Creating package script '/home/jeanho/gps_rtk/install/ublox/share/ublox/package.ps1'
[9.150s] INFO:colcon.colcon_core.shell:Creating package descriptor '/home/jeanho/gps_rtk/install/ublox/share/ublox/package.dsv'
[9.150s] INFO:colcon.colcon_core.shell:Creating package script '/home/jeanho/gps_rtk/install/ublox/share/ublox/package.sh'
[9.150s] INFO:colcon.colcon_core.shell:Creating package script '/home/jeanho/gps_rtk/install/ublox/share/ublox/package.bash'
[9.151s] INFO:colcon.colcon_core.shell:Creating package script '/home/jeanho/gps_rtk/install/ublox/share/ublox/package.zsh'
[9.151s] Level 1:colcon.colcon_core.environment:create_file_with_runtime_dependencies(/home/jeanho/gps_rtk/install/ublox/share/colcon-core/packages/ublox)
[9.152s] Level 1:colcon.colcon_core.environment:create_environment_scripts_only(ublox)
[9.152s] Level 1:colcon.colcon_core.environment:checking '/home/jeanho/gps_rtk/install/ublox' for CMake module files
[9.152s] Level 1:colcon.colcon_core.environment:checking '/home/jeanho/gps_rtk/install/ublox' for CMake config files
[9.152s] Level 1:colcon.colcon_core.shell:create_environment_hook('ublox', 'cmake_prefix_path')
[9.152s] INFO:colcon.colcon_core.shell:Creating environment hook '/home/jeanho/gps_rtk/install/ublox/share/ublox/hook/cmake_prefix_path.ps1'
[9.152s] INFO:colcon.colcon_core.shell:Creating environment descriptor '/home/jeanho/gps_rtk/install/ublox/share/ublox/hook/cmake_prefix_path.dsv'
[9.153s] INFO:colcon.colcon_core.shell:Creating environment hook '/home/jeanho/gps_rtk/install/ublox/share/ublox/hook/cmake_prefix_path.sh'
[9.153s] Level 1:colcon.colcon_core.environment:checking '/home/jeanho/gps_rtk/install/ublox/bin'
[9.153s] Level 1:colcon.colcon_core.environment:checking '/home/jeanho/gps_rtk/install/ublox/lib/pkgconfig/ublox.pc'
[9.154s] Level 1:colcon.colcon_core.environment:checking '/home/jeanho/gps_rtk/install/ublox/lib/python3.10/site-packages'
[9.154s] Level 1:colcon.colcon_core.environment:checking '/home/jeanho/gps_rtk/install/ublox/bin'
[9.154s] INFO:colcon.colcon_core.shell:Creating package script '/home/jeanho/gps_rtk/install/ublox/share/ublox/package.ps1'
[9.154s] INFO:colcon.colcon_core.shell:Creating package descriptor '/home/jeanho/gps_rtk/install/ublox/share/ublox/package.dsv'
[9.155s] INFO:colcon.colcon_core.shell:Creating package script '/home/jeanho/gps_rtk/install/ublox/share/ublox/package.sh'
[9.155s] INFO:colcon.colcon_core.shell:Creating package script '/home/jeanho/gps_rtk/install/ublox/share/ublox/package.bash'
[9.156s] INFO:colcon.colcon_core.shell:Creating package script '/home/jeanho/gps_rtk/install/ublox/share/ublox/package.zsh'
[9.156s] Level 1:colcon.colcon_core.environment:create_file_with_runtime_dependencies(/home/jeanho/gps_rtk/install/ublox/share/colcon-core/packages/ublox)
[9.548s] DEBUG:colcon.colcon_core.event_handler.log_command:Invoked command in '/home/jeanho/gps_rtk/build/fix2nmea' returned '2': AMENT_PREFIX_PATH=/home/jeanho/gps_rtk/install/ublox_msgs:/home/jeanho/gps_rtk/install/ublox_serialization:${AMENT_PREFIX_PATH} CMAKE_PREFIX_PATH=/home/jeanho/gps_rtk/install/ublox_msgs:/home/jeanho/gps_rtk/install/ublox_serialization:/opt/ros/humble LD_LIBRARY_PATH=/home/jeanho/gps_rtk/install/ublox_msgs/lib:/opt/ros/humble/opt/rviz_ogre_vendor/lib:/opt/ros/humble/lib/x86_64-linux-gnu:/opt/ros/humble/lib:/home/jeanho/acados/lib PYTHONPATH=/home/jeanho/gps_rtk/install/ublox_msgs/local/lib/python3.10/dist-packages:${PYTHONPATH} /usr/bin/cmake --build /home/jeanho/gps_rtk/build/fix2nmea -- -j24 -l24
[9.565s] Level 1:colcon.colcon_core.environment:create_environment_scripts_only(fix2nmea)
[9.565s] Level 1:colcon.colcon_core.environment:checking '/home/jeanho/gps_rtk/install/fix2nmea' for CMake module files
[9.565s] Level 1:colcon.colcon_core.environment:checking '/home/jeanho/gps_rtk/install/fix2nmea' for CMake config files
[9.565s] Level 1:colcon.colcon_core.shell:create_environment_hook('fix2nmea', 'cmake_prefix_path')
[9.566s] INFO:colcon.colcon_core.shell:Creating environment hook '/home/jeanho/gps_rtk/install/fix2nmea/share/fix2nmea/hook/cmake_prefix_path.ps1'
[9.566s] INFO:colcon.colcon_core.shell:Creating environment descriptor '/home/jeanho/gps_rtk/install/fix2nmea/share/fix2nmea/hook/cmake_prefix_path.dsv'
[9.566s] INFO:colcon.colcon_core.shell:Creating environment hook '/home/jeanho/gps_rtk/install/fix2nmea/share/fix2nmea/hook/cmake_prefix_path.sh'
[9.567s] Level 1:colcon.colcon_core.environment:checking '/home/jeanho/gps_rtk/install/fix2nmea/lib'
[9.567s] Level 1:colcon.colcon_core.environment:checking '/home/jeanho/gps_rtk/install/fix2nmea/bin'
[9.567s] Level 1:colcon.colcon_core.environment:checking '/home/jeanho/gps_rtk/install/fix2nmea/lib/pkgconfig/fix2nmea.pc'
[9.567s] Level 1:colcon.colcon_core.environment:checking '/home/jeanho/gps_rtk/install/fix2nmea/lib/python3.10/site-packages'
[9.567s] Level 1:colcon.colcon_core.environment:checking '/home/jeanho/gps_rtk/install/fix2nmea/bin'
[9.568s] INFO:colcon.colcon_core.shell:Creating package script '/home/jeanho/gps_rtk/install/fix2nmea/share/fix2nmea/package.ps1'
[9.568s] INFO:colcon.colcon_core.shell:Creating package descriptor '/home/jeanho/gps_rtk/install/fix2nmea/share/fix2nmea/package.dsv'
[9.568s] INFO:colcon.colcon_core.shell:Creating package script '/home/jeanho/gps_rtk/install/fix2nmea/share/fix2nmea/package.sh'
[9.569s] INFO:colcon.colcon_core.shell:Creating package script '/home/jeanho/gps_rtk/install/fix2nmea/share/fix2nmea/package.bash'
[9.569s] INFO:colcon.colcon_core.shell:Creating package script '/home/jeanho/gps_rtk/install/fix2nmea/share/fix2nmea/package.zsh'
[9.569s] Level 1:colcon.colcon_core.environment:create_file_with_runtime_dependencies(/home/jeanho/gps_rtk/install/fix2nmea/share/colcon-core/packages/fix2nmea)
[9.580s] DEBUG:colcon.colcon_parallel_executor.executor.parallel:closing loop
[9.580s] DEBUG:colcon.colcon_parallel_executor.executor.parallel:loop closed
[9.580s] DEBUG:colcon.colcon_parallel_executor.executor.parallel:run_until_complete finished with '2'
[9.580s] DEBUG:colcon.colcon_core.event_reactor:joining thread
[9.639s] INFO:colcon.colcon_core.plugin_system:Skipping extension 'colcon_notification.desktop_notification.notify_send': Could not find 'notify-send'
[9.639s] INFO:colcon.colcon_core.plugin_system:Skipping extension 'colcon_notification.desktop_notification.terminal_notifier': Not used on non-Darwin systems
[9.639s] INFO:colcon.colcon_core.plugin_system:Skipping extension 'colcon_notification.desktop_notification.win32': Not used on non-Windows systems
[9.639s] INFO:colcon.colcon_notification.desktop_notification:Sending desktop notification using 'notify2'
[9.639s] DEBUG:colcon.colcon_notification.desktop_notification.notify2:Failed to initialize notify2: org.freedesktop.DBus.Error.FileNotFound: Failed to connect to socket /run/user/1000/bus: No such file or directory
[9.639s] DEBUG:colcon.colcon_core.event_reactor:joined thread
[9.640s] INFO:colcon.colcon_core.shell:Creating prefix script '/home/jeanho/gps_rtk/install/local_setup.ps1'
[9.641s] INFO:colcon.colcon_core.shell:Creating prefix util module '/home/jeanho/gps_rtk/install/_local_setup_util_ps1.py'
[9.641s] INFO:colcon.colcon_core.shell:Creating prefix chain script '/home/jeanho/gps_rtk/install/setup.ps1'
[9.642s] INFO:colcon.colcon_core.shell:Creating prefix script '/home/jeanho/gps_rtk/install/local_setup.sh'
[9.642s] INFO:colcon.colcon_core.shell:Creating prefix util module '/home/jeanho/gps_rtk/install/_local_setup_util_sh.py'
[9.642s] INFO:colcon.colcon_core.shell:Creating prefix chain script '/home/jeanho/gps_rtk/install/setup.sh'
[9.643s] INFO:colcon.colcon_core.shell:Creating prefix script '/home/jeanho/gps_rtk/install/local_setup.bash'
[9.644s] INFO:colcon.colcon_core.shell:Creating prefix chain script '/home/jeanho/gps_rtk/install/setup.bash'
[9.644s] INFO:colcon.colcon_core.shell:Creating prefix script '/home/jeanho/gps_rtk/install/local_setup.zsh'
[9.645s] INFO:colcon.colcon_core.shell:Creating prefix chain script '/home/jeanho/gps_rtk/install/setup.zsh'
