[0.009s] Invoking command in '/home/jeanho/gps_rtk/build/ublox_gps': AMENT_PREFIX_PATH=/home/jeanho/gps_rtk/install/ublox_msgs:/home/jeanho/gps_rtk/install/ublox_serialization:/home/jeanho/gps_rtk/install/rtcm_msgs:${AMENT_PREFIX_PATH} CMAKE_PREFIX_PATH=/home/jeanho/gps_rtk/install/ublox_msgs:/home/jeanho/gps_rtk/install/ublox_serialization:/home/jeanho/gps_rtk/install/rtcm_msgs:/home/jeanho/ublox_ws/install/ublox:/home/jeanho/ublox_ws/install/ublox_gps:/home/jeanho/ublox_ws/install/ublox_msgs:/home/jeanho/ublox_ws/install/ublox_serialization:/home/jeanho/ublox_ws/install/ntrip_client:/opt/ros/humble LD_LIBRARY_PATH=/home/jeanho/gps_rtk/install/ublox_msgs/lib:/home/jeanho/gps_rtk/install/rtcm_msgs/lib:${LD_LIBRARY_PATH} PYTHONPATH=/home/jeanho/gps_rtk/install/ublox_msgs/local/lib/python3.10/dist-packages:/home/jeanho/gps_rtk/install/rtcm_msgs/local/lib/python3.10/dist-packages:${PYTHONPATH} /usr/bin/cmake /home/jeanho/gps_rtk/src/RTK_GPS_NTRIP-main/ublox_gps -DCMAKE_INSTALL_PREFIX=/home/jeanho/gps_rtk/install/ublox_gps
[0.046s] -- The C compiler identification is GNU 11.4.0
[0.082s] -- The CXX compiler identification is GNU 11.4.0
[0.085s] -- Detecting C compiler ABI info
[0.133s] -- Detecting C compiler ABI info - done
[0.138s] -- Check for working C compiler: /usr/bin/cc - skipped
[0.138s] -- Detecting C compile features
[0.138s] -- Detecting C compile features - done
[0.139s] -- Detecting CXX compiler ABI info
[0.187s] -- Detecting CXX compiler ABI info - done
[0.192s] -- Check for working CXX compiler: /usr/bin/c++ - skipped
[0.192s] -- Detecting CXX compile features
[0.192s] -- Detecting CXX compile features - done
[0.194s] -- Found ament_cmake_ros: 0.10.0 (/opt/ros/humble/share/ament_cmake_ros/cmake)
[0.289s] -- Found Python3: /usr/bin/python3 (found version "3.10.12") found components: Interpreter 
[0.336s] -- Found asio: /usr/include  
[0.337s] -- Found diagnostic_msgs: 4.9.0 (/opt/ros/humble/share/diagnostic_msgs/cmake)
[0.353s] -- Found rosidl_generator_c: 3.1.7 (/opt/ros/humble/share/rosidl_generator_c/cmake)
[0.355s] -- Found rosidl_adapter: 3.1.7 (/opt/ros/humble/share/rosidl_adapter/cmake)
[0.359s] -- Found rosidl_generator_cpp: 3.1.7 (/opt/ros/humble/share/rosidl_generator_cpp/cmake)
[0.366s] -- Using all available rosidl_typesupport_c: rosidl_typesupport_fastrtps_c;rosidl_typesupport_introspection_c
[0.372s] -- Using all available rosidl_typesupport_cpp: rosidl_typesupport_fastrtps_cpp;rosidl_typesupport_introspection_cpp
[0.389s] -- Found diagnostic_updater: 4.0.6 (/opt/ros/humble/share/diagnostic_updater/cmake)
[0.407s] -- Found rmw_implementation_cmake: 6.1.2 (/opt/ros/humble/share/rmw_implementation_cmake/cmake)
[0.408s] -- Found rmw_fastrtps_cpp: 6.2.8 (/opt/ros/humble/share/rmw_fastrtps_cpp/cmake)
[0.456s] -- Found OpenSSL: /usr/lib/x86_64-linux-gnu/libcrypto.so (found version "3.0.2")  
[0.474s] -- Found FastRTPS: /opt/ros/humble/include  
[0.501s] -- Using RMW implementation 'rmw_fastrtps_cpp' as default
[0.507s] -- Looking for pthread.h
[0.556s] -- Looking for pthread.h - found
[0.556s] -- Performing Test CMAKE_HAVE_LIBC_PTHREAD
[0.603s] -- Performing Test CMAKE_HAVE_LIBC_PTHREAD - Success
[0.603s] -- Found Threads: TRUE  
[0.628s] -- Found geometry_msgs: 4.9.0 (/opt/ros/humble/share/geometry_msgs/cmake)
[0.635s] -- Found rclcpp_components: 16.0.14 (/opt/ros/humble/share/rclcpp_components/cmake)
[0.647s] -- Found sensor_msgs: 4.9.0 (/opt/ros/humble/share/sensor_msgs/cmake)
[0.655s] -- Found tf2: 0.25.16 (/opt/ros/humble/share/tf2/cmake)
[0.656s] -- Found ublox_msgs: 2.3.0 (/home/jeanho/gps_rtk/install/ublox_msgs/share/ublox_msgs/cmake)
[0.664s] -- Found rtcm_msgs: 1.1.6 (/home/jeanho/gps_rtk/install/rtcm_msgs/share/rtcm_msgs/cmake)
[0.702s] -- Configuring done
[0.724s] -- Generating done
[0.731s] -- Build files have been written to: /home/jeanho/gps_rtk/build/ublox_gps
[0.740s] Invoked command in '/home/jeanho/gps_rtk/build/ublox_gps' returned '0': AMENT_PREFIX_PATH=/home/jeanho/gps_rtk/install/ublox_msgs:/home/jeanho/gps_rtk/install/ublox_serialization:/home/jeanho/gps_rtk/install/rtcm_msgs:${AMENT_PREFIX_PATH} CMAKE_PREFIX_PATH=/home/jeanho/gps_rtk/install/ublox_msgs:/home/jeanho/gps_rtk/install/ublox_serialization:/home/jeanho/gps_rtk/install/rtcm_msgs:/home/jeanho/ublox_ws/install/ublox:/home/jeanho/ublox_ws/install/ublox_gps:/home/jeanho/ublox_ws/install/ublox_msgs:/home/jeanho/ublox_ws/install/ublox_serialization:/home/jeanho/ublox_ws/install/ntrip_client:/opt/ros/humble LD_LIBRARY_PATH=/home/jeanho/gps_rtk/install/ublox_msgs/lib:/home/jeanho/gps_rtk/install/rtcm_msgs/lib:${LD_LIBRARY_PATH} PYTHONPATH=/home/jeanho/gps_rtk/install/ublox_msgs/local/lib/python3.10/dist-packages:/home/jeanho/gps_rtk/install/rtcm_msgs/local/lib/python3.10/dist-packages:${PYTHONPATH} /usr/bin/cmake /home/jeanho/gps_rtk/src/RTK_GPS_NTRIP-main/ublox_gps -DCMAKE_INSTALL_PREFIX=/home/jeanho/gps_rtk/install/ublox_gps
[0.740s] Invoking command in '/home/jeanho/gps_rtk/build/ublox_gps': AMENT_PREFIX_PATH=/home/jeanho/gps_rtk/install/ublox_msgs:/home/jeanho/gps_rtk/install/ublox_serialization:/home/jeanho/gps_rtk/install/rtcm_msgs:${AMENT_PREFIX_PATH} CMAKE_PREFIX_PATH=/home/jeanho/gps_rtk/install/ublox_msgs:/home/jeanho/gps_rtk/install/ublox_serialization:/home/jeanho/gps_rtk/install/rtcm_msgs:/home/jeanho/ublox_ws/install/ublox:/home/jeanho/ublox_ws/install/ublox_gps:/home/jeanho/ublox_ws/install/ublox_msgs:/home/jeanho/ublox_ws/install/ublox_serialization:/home/jeanho/ublox_ws/install/ntrip_client:/opt/ros/humble LD_LIBRARY_PATH=/home/jeanho/gps_rtk/install/ublox_msgs/lib:/home/jeanho/gps_rtk/install/rtcm_msgs/lib:${LD_LIBRARY_PATH} PYTHONPATH=/home/jeanho/gps_rtk/install/ublox_msgs/local/lib/python3.10/dist-packages:/home/jeanho/gps_rtk/install/rtcm_msgs/local/lib/python3.10/dist-packages:${PYTHONPATH} /usr/bin/cmake --build /home/jeanho/gps_rtk/build/ublox_gps -- -j24 -l24
[0.779s] [ 13%] [32mBuilding CXX object CMakeFiles/ublox_gps.dir/src/adr_udr_product.cpp.o[0m
[0.779s] [ 13%] [32mBuilding C object CMakeFiles/ublox_gps.dir/src/mkgmtime.c.o[0m
[0.779s] [ 13%] [32mBuilding CXX object CMakeFiles/ublox_gps.dir/src/hpg_ref_product.cpp.o[0m
[0.779s] [ 18%] [32mBuilding CXX object CMakeFiles/ublox_gps.dir/src/ublox_firmware7.cpp.o[0m
[0.780s] [ 22%] [32mBuilding CXX object CMakeFiles/ublox_gps.dir/src/ublox_firmware8.cpp.o[0m
[0.780s] [ 50%] [32mBuilding CXX object CMakeFiles/ublox_gps.dir/src/raw_data_pa.cpp.o[0m
[0.780s] [ 50%] [32mBuilding CXX object CMakeFiles/ublox_gps.dir/src/node.cpp.o[0m
[0.780s] [ 50%] [32mBuilding CXX object CMakeFiles/ublox_gps.dir/src/hp_pos_rec_product.cpp.o[0m
[0.780s] [ 50%] [32mBuilding CXX object CMakeFiles/ublox_gps.dir/src/gnss.cpp.o[0m
[0.780s] [ 50%] [32mBuilding CXX object CMakeFiles/ublox_gps.dir/src/hpg_rov_product.cpp.o[0m
[0.780s] [ 50%] [32mBuilding CXX object CMakeFiles/ublox_gps.dir/src/gps.cpp.o[0m
[0.781s] [ 59%] [32mBuilding CXX object CMakeFiles/ublox_gps.dir/src/raw_data_product.cpp.o[0m
[0.781s] [ 59%] [32mBuilding CXX object CMakeFiles/ublox_gps.dir/src/tim_product.cpp.o[0m
[0.781s] [ 63%] [32mBuilding CXX object CMakeFiles/ublox_gps.dir/src/ublox_firmware6.cpp.o[0m
[0.781s] [ 72%] [32mBuilding CXX object CMakeFiles/ublox_gps.dir/src/ublox_firmware9.cpp.o[0m
[0.781s] [ 72%] [32mBuilding CXX object CMakeFiles/ublox_gps.dir/src/ublox_firmware.cpp.o[0m
[14.000s] [ 77%] [32m[1mLinking CXX shared library libublox_gps.so[0m
[15.811s] [ 77%] Built target ublox_gps
[15.828s] [ 86%] [32mBuilding CXX object CMakeFiles/ublox_logger.dir/src/logger_node_pa.cpp.o[0m
[15.829s] [ 86%] [32mBuilding CXX object CMakeFiles/ublox_gps_node.dir/src/node_main.cpp.o[0m
[15.829s] [ 90%] [32mBuilding CXX object CMakeFiles/ublox_logger.dir/src/raw_data_pa.cpp.o[0m
[18.858s] [ 95%] [32m[1mLinking CXX executable ublox_gps_node[0m
[19.576s] [ 95%] Built target ublox_gps_node
[20.405s] [100%] [32m[1mLinking CXX executable ublox_logger[0m
[20.668s] [100%] Built target ublox_logger
[20.677s] Invoked command in '/home/jeanho/gps_rtk/build/ublox_gps' returned '0': AMENT_PREFIX_PATH=/home/jeanho/gps_rtk/install/ublox_msgs:/home/jeanho/gps_rtk/install/ublox_serialization:/home/jeanho/gps_rtk/install/rtcm_msgs:${AMENT_PREFIX_PATH} CMAKE_PREFIX_PATH=/home/jeanho/gps_rtk/install/ublox_msgs:/home/jeanho/gps_rtk/install/ublox_serialization:/home/jeanho/gps_rtk/install/rtcm_msgs:/home/jeanho/ublox_ws/install/ublox:/home/jeanho/ublox_ws/install/ublox_gps:/home/jeanho/ublox_ws/install/ublox_msgs:/home/jeanho/ublox_ws/install/ublox_serialization:/home/jeanho/ublox_ws/install/ntrip_client:/opt/ros/humble LD_LIBRARY_PATH=/home/jeanho/gps_rtk/install/ublox_msgs/lib:/home/jeanho/gps_rtk/install/rtcm_msgs/lib:${LD_LIBRARY_PATH} PYTHONPATH=/home/jeanho/gps_rtk/install/ublox_msgs/local/lib/python3.10/dist-packages:/home/jeanho/gps_rtk/install/rtcm_msgs/local/lib/python3.10/dist-packages:${PYTHONPATH} /usr/bin/cmake --build /home/jeanho/gps_rtk/build/ublox_gps -- -j24 -l24
[20.678s] Invoking command in '/home/jeanho/gps_rtk/build/ublox_gps': AMENT_PREFIX_PATH=/home/jeanho/gps_rtk/install/ublox_msgs:/home/jeanho/gps_rtk/install/ublox_serialization:/home/jeanho/gps_rtk/install/rtcm_msgs:${AMENT_PREFIX_PATH} CMAKE_PREFIX_PATH=/home/jeanho/gps_rtk/install/ublox_msgs:/home/jeanho/gps_rtk/install/ublox_serialization:/home/jeanho/gps_rtk/install/rtcm_msgs:/home/jeanho/ublox_ws/install/ublox:/home/jeanho/ublox_ws/install/ublox_gps:/home/jeanho/ublox_ws/install/ublox_msgs:/home/jeanho/ublox_ws/install/ublox_serialization:/home/jeanho/ublox_ws/install/ntrip_client:/opt/ros/humble LD_LIBRARY_PATH=/home/jeanho/gps_rtk/install/ublox_msgs/lib:/home/jeanho/gps_rtk/install/rtcm_msgs/lib:${LD_LIBRARY_PATH} PYTHONPATH=/home/jeanho/gps_rtk/install/ublox_msgs/local/lib/python3.10/dist-packages:/home/jeanho/gps_rtk/install/rtcm_msgs/local/lib/python3.10/dist-packages:${PYTHONPATH} /usr/bin/cmake --install /home/jeanho/gps_rtk/build/ublox_gps
[20.684s] -- Install configuration: ""
[20.684s] -- Installing: /home/jeanho/gps_rtk/install/ublox_gps/lib/libublox_gps.so
[20.695s] -- Set runtime path of "/home/jeanho/gps_rtk/install/ublox_gps/lib/libublox_gps.so" to ""
[20.695s] -- Installing: /home/jeanho/gps_rtk/install/ublox_gps/lib/ublox_gps/ublox_gps_node
[20.695s] -- Set runtime path of "/home/jeanho/gps_rtk/install/ublox_gps/lib/ublox_gps/ublox_gps_node" to ""
[20.695s] -- Installing: /home/jeanho/gps_rtk/install/ublox_gps/lib/ublox_gps/ublox_logger
[20.696s] -- Set runtime path of "/home/jeanho/gps_rtk/install/ublox_gps/lib/ublox_gps/ublox_logger" to ""
[20.696s] -- Installing: /home/jeanho/gps_rtk/install/ublox_gps/include/ublox_gps
[20.696s] -- Installing: /home/jeanho/gps_rtk/install/ublox_gps/include/ublox_gps/ublox_gps
[20.696s] -- Installing: /home/jeanho/gps_rtk/install/ublox_gps/include/ublox_gps/ublox_gps/ublox_firmware7plus.hpp
[20.696s] -- Installing: /home/jeanho/gps_rtk/install/ublox_gps/include/ublox_gps/ublox_gps/ublox_topic_diagnostic.hpp
[20.696s] -- Installing: /home/jeanho/gps_rtk/install/ublox_gps/include/ublox_gps/ublox_gps/async_worker.hpp
[20.696s] -- Installing: /home/jeanho/gps_rtk/install/ublox_gps/include/ublox_gps/ublox_gps/worker.hpp
[20.697s] -- Installing: /home/jeanho/gps_rtk/install/ublox_gps/include/ublox_gps/ublox_gps/hpg_rov_product.hpp
[20.697s] -- Installing: /home/jeanho/gps_rtk/install/ublox_gps/include/ublox_gps/ublox_gps/fix_diagnostic.hpp
[20.697s] -- Installing: /home/jeanho/gps_rtk/install/ublox_gps/include/ublox_gps/ublox_gps/node.hpp
[20.697s] -- Installing: /home/jeanho/gps_rtk/install/ublox_gps/include/ublox_gps/ublox_gps/ublox_firmware6.hpp
[20.697s] -- Installing: /home/jeanho/gps_rtk/install/ublox_gps/include/ublox_gps/ublox_gps/callback.hpp
[20.697s] -- Installing: /home/jeanho/gps_rtk/install/ublox_gps/include/ublox_gps/ublox_gps/gps.hpp
[20.697s] -- Installing: /home/jeanho/gps_rtk/install/ublox_gps/include/ublox_gps/ublox_gps/ublox_firmware.hpp
[20.697s] -- Installing: /home/jeanho/gps_rtk/install/ublox_gps/include/ublox_gps/ublox_gps/fts_product.hpp
[20.697s] -- Installing: /home/jeanho/gps_rtk/install/ublox_gps/include/ublox_gps/ublox_gps/adr_udr_product.hpp
[20.697s] -- Installing: /home/jeanho/gps_rtk/install/ublox_gps/include/ublox_gps/ublox_gps/component_interface.hpp
[20.697s] -- Installing: /home/jeanho/gps_rtk/install/ublox_gps/include/ublox_gps/ublox_gps/hpg_ref_product.hpp
[20.697s] -- Installing: /home/jeanho/gps_rtk/install/ublox_gps/include/ublox_gps/ublox_gps/raw_data_pa.hpp
[20.697s] -- Installing: /home/jeanho/gps_rtk/install/ublox_gps/include/ublox_gps/ublox_gps/tim_product.hpp
[20.697s] -- Installing: /home/jeanho/gps_rtk/install/ublox_gps/include/ublox_gps/ublox_gps/raw_data_product.hpp
[20.698s] -- Installing: /home/jeanho/gps_rtk/install/ublox_gps/include/ublox_gps/ublox_gps/rtcm.hpp
[20.698s] -- Installing: /home/jeanho/gps_rtk/install/ublox_gps/include/ublox_gps/ublox_gps/gnss.hpp
[20.698s] -- Installing: /home/jeanho/gps_rtk/install/ublox_gps/include/ublox_gps/ublox_gps/ublox_firmware7.hpp
[20.698s] -- Installing: /home/jeanho/gps_rtk/install/ublox_gps/include/ublox_gps/ublox_gps/mkgmtime.h
[20.698s] -- Installing: /home/jeanho/gps_rtk/install/ublox_gps/include/ublox_gps/ublox_gps/utils.hpp
[20.698s] -- Installing: /home/jeanho/gps_rtk/install/ublox_gps/include/ublox_gps/ublox_gps/ublox_firmware9.hpp
[20.698s] -- Installing: /home/jeanho/gps_rtk/install/ublox_gps/include/ublox_gps/ublox_gps/ublox_firmware8.hpp
[20.698s] -- Installing: /home/jeanho/gps_rtk/install/ublox_gps/include/ublox_gps/ublox_gps/hp_pos_rec_product.hpp
[20.698s] -- Installing: /home/jeanho/gps_rtk/install/ublox_gps/share/ublox_gps/launch
[20.698s] -- Installing: /home/jeanho/gps_rtk/install/ublox_gps/share/ublox_gps/launch/ublox_gps_node-composed-launch.py
[20.698s] -- Installing: /home/jeanho/gps_rtk/install/ublox_gps/share/ublox_gps/launch/ublox_gps_node-launch.py
[20.698s] -- Installing: /home/jeanho/gps_rtk/install/ublox_gps/share/ublox_gps/config
[20.698s] -- Installing: /home/jeanho/gps_rtk/install/ublox_gps/share/ublox_gps/config/c94_m8p_base.yaml
[20.698s] -- Installing: /home/jeanho/gps_rtk/install/ublox_gps/share/ublox_gps/config/c94_m8t_base.yaml
[20.698s] -- Installing: /home/jeanho/gps_rtk/install/ublox_gps/share/ublox_gps/config/nmea.yaml
[20.698s] -- Installing: /home/jeanho/gps_rtk/install/ublox_gps/share/ublox_gps/config/neo_m8u_rover.yaml
[20.698s] -- Installing: /home/jeanho/gps_rtk/install/ublox_gps/share/ublox_gps/config/zed_f9p.yaml
[20.698s] -- Installing: /home/jeanho/gps_rtk/install/ublox_gps/share/ublox_gps/config/c94_m8t_rover.yaml
[20.698s] -- Installing: /home/jeanho/gps_rtk/install/ublox_gps/share/ublox_gps/config/c94_m8p_rover.yaml
[20.698s] -- Installing: /home/jeanho/gps_rtk/install/ublox_gps/share/ament_index/resource_index/package_run_dependencies/ublox_gps
[20.698s] -- Installing: /home/jeanho/gps_rtk/install/ublox_gps/share/ament_index/resource_index/parent_prefix_path/ublox_gps
[20.698s] -- Installing: /home/jeanho/gps_rtk/install/ublox_gps/share/ublox_gps/environment/ament_prefix_path.sh
[20.698s] -- Installing: /home/jeanho/gps_rtk/install/ublox_gps/share/ublox_gps/environment/ament_prefix_path.dsv
[20.698s] -- Installing: /home/jeanho/gps_rtk/install/ublox_gps/share/ublox_gps/environment/path.sh
[20.698s] -- Installing: /home/jeanho/gps_rtk/install/ublox_gps/share/ublox_gps/environment/path.dsv
[20.698s] -- Installing: /home/jeanho/gps_rtk/install/ublox_gps/share/ublox_gps/local_setup.bash
[20.698s] -- Installing: /home/jeanho/gps_rtk/install/ublox_gps/share/ublox_gps/local_setup.sh
[20.698s] -- Installing: /home/jeanho/gps_rtk/install/ublox_gps/share/ublox_gps/local_setup.zsh
[20.698s] -- Installing: /home/jeanho/gps_rtk/install/ublox_gps/share/ublox_gps/local_setup.dsv
[20.698s] -- Installing: /home/jeanho/gps_rtk/install/ublox_gps/share/ublox_gps/package.dsv
[20.698s] -- Installing: /home/jeanho/gps_rtk/install/ublox_gps/share/ament_index/resource_index/packages/ublox_gps
[20.698s] -- Installing: /home/jeanho/gps_rtk/install/ublox_gps/share/ament_index/resource_index/rclcpp_components/ublox_gps
[20.698s] -- Installing: /home/jeanho/gps_rtk/install/ublox_gps/share/ublox_gps/cmake/export_ublox_gpsExport.cmake
[20.698s] -- Installing: /home/jeanho/gps_rtk/install/ublox_gps/share/ublox_gps/cmake/export_ublox_gpsExport-noconfig.cmake
[20.698s] -- Installing: /home/jeanho/gps_rtk/install/ublox_gps/share/ublox_gps/cmake/ament_cmake_export_include_directories-extras.cmake
[20.698s] -- Installing: /home/jeanho/gps_rtk/install/ublox_gps/share/ublox_gps/cmake/ament_cmake_export_targets-extras.cmake
[20.698s] -- Installing: /home/jeanho/gps_rtk/install/ublox_gps/share/ublox_gps/cmake/ublox_gpsConfig.cmake
[20.698s] -- Installing: /home/jeanho/gps_rtk/install/ublox_gps/share/ublox_gps/cmake/ublox_gpsConfig-version.cmake
[20.698s] -- Installing: /home/jeanho/gps_rtk/install/ublox_gps/share/ublox_gps/package.xml
[20.700s] Invoked command in '/home/jeanho/gps_rtk/build/ublox_gps' returned '0': AMENT_PREFIX_PATH=/home/jeanho/gps_rtk/install/ublox_msgs:/home/jeanho/gps_rtk/install/ublox_serialization:/home/jeanho/gps_rtk/install/rtcm_msgs:${AMENT_PREFIX_PATH} CMAKE_PREFIX_PATH=/home/jeanho/gps_rtk/install/ublox_msgs:/home/jeanho/gps_rtk/install/ublox_serialization:/home/jeanho/gps_rtk/install/rtcm_msgs:/home/jeanho/ublox_ws/install/ublox:/home/jeanho/ublox_ws/install/ublox_gps:/home/jeanho/ublox_ws/install/ublox_msgs:/home/jeanho/ublox_ws/install/ublox_serialization:/home/jeanho/ublox_ws/install/ntrip_client:/opt/ros/humble LD_LIBRARY_PATH=/home/jeanho/gps_rtk/install/ublox_msgs/lib:/home/jeanho/gps_rtk/install/rtcm_msgs/lib:${LD_LIBRARY_PATH} PYTHONPATH=/home/jeanho/gps_rtk/install/ublox_msgs/local/lib/python3.10/dist-packages:/home/jeanho/gps_rtk/install/rtcm_msgs/local/lib/python3.10/dist-packages:${PYTHONPATH} /usr/bin/cmake --install /home/jeanho/gps_rtk/build/ublox_gps
