[0.439s] Invoking command in '/home/jeanho/gps_rtk/src/gps_visualizer': PYTHONPATH=/home/jeanho/gps_rtk/build/gps_visualizer/prefix_override:/usr/lib/python3/dist-packages/colcon_core/task/python/colcon_distutils_commands:/home/jeanho/gps_rtk/install/gps_visualizer/lib/python3.10/site-packages:${PYTHONPATH} /usr/bin/python3 -W ignore:setup.py install is deprecated -W ignore:easy_install command is deprecated setup.py egg_info --egg-base ../../build/gps_visualizer build --build-base /home/jeanho/gps_rtk/build/gps_visualizer/build install --record /home/jeanho/gps_rtk/build/gps_visualizer/install.log --single-version-externally-managed install_data
[0.541s] running egg_info
[0.541s] creating ../../build/gps_visualizer/gps_visualizer.egg-info
[0.541s] writing ../../build/gps_visualizer/gps_visualizer.egg-info/PKG-INFO
[0.542s] writing dependency_links to ../../build/gps_visualizer/gps_visualizer.egg-info/dependency_links.txt
[0.542s] writing entry points to ../../build/gps_visualizer/gps_visualizer.egg-info/entry_points.txt
[0.542s] writing requirements to ../../build/gps_visualizer/gps_visualizer.egg-info/requires.txt
[0.542s] writing top-level names to ../../build/gps_visualizer/gps_visualizer.egg-info/top_level.txt
[0.542s] writing manifest file '../../build/gps_visualizer/gps_visualizer.egg-info/SOURCES.txt'
[0.543s] reading manifest file '../../build/gps_visualizer/gps_visualizer.egg-info/SOURCES.txt'
[0.543s] writing manifest file '../../build/gps_visualizer/gps_visualizer.egg-info/SOURCES.txt'
[0.544s] running build
[0.544s] running build_py
[0.544s] creating /home/jeanho/gps_rtk/build/gps_visualizer/build
[0.544s] creating /home/jeanho/gps_rtk/build/gps_visualizer/build/lib
[0.544s] creating /home/jeanho/gps_rtk/build/gps_visualizer/build/lib/gps_visualizer
[0.544s] copying gps_visualizer/waypoint_collection.py -> /home/jeanho/gps_rtk/build/gps_visualizer/build/lib/gps_visualizer
[0.545s] copying gps_visualizer/__init__.py -> /home/jeanho/gps_rtk/build/gps_visualizer/build/lib/gps_visualizer
[0.545s] running install
[0.545s] running install_lib
[0.545s] creating /home/jeanho/gps_rtk/install/gps_visualizer/lib/python3.10/site-packages/gps_visualizer
[0.545s] copying /home/jeanho/gps_rtk/build/gps_visualizer/build/lib/gps_visualizer/waypoint_collection.py -> /home/jeanho/gps_rtk/install/gps_visualizer/lib/python3.10/site-packages/gps_visualizer
[0.545s] copying /home/jeanho/gps_rtk/build/gps_visualizer/build/lib/gps_visualizer/__init__.py -> /home/jeanho/gps_rtk/install/gps_visualizer/lib/python3.10/site-packages/gps_visualizer
[0.546s] byte-compiling /home/jeanho/gps_rtk/install/gps_visualizer/lib/python3.10/site-packages/gps_visualizer/waypoint_collection.py to waypoint_collection.cpython-310.pyc
[0.546s] byte-compiling /home/jeanho/gps_rtk/install/gps_visualizer/lib/python3.10/site-packages/gps_visualizer/__init__.py to __init__.cpython-310.pyc
[0.547s] running install_data
[0.547s] creating /home/jeanho/gps_rtk/install/gps_visualizer/share/ament_index
[0.547s] creating /home/jeanho/gps_rtk/install/gps_visualizer/share/ament_index/resource_index
[0.548s] creating /home/jeanho/gps_rtk/install/gps_visualizer/share/ament_index/resource_index/packages
[0.548s] copying resource/gps_visualizer -> /home/jeanho/gps_rtk/install/gps_visualizer/share/ament_index/resource_index/packages
[0.548s] copying package.xml -> /home/jeanho/gps_rtk/install/gps_visualizer/share/gps_visualizer
[0.548s] running install_egg_info
[0.549s] Copying ../../build/gps_visualizer/gps_visualizer.egg-info to /home/jeanho/gps_rtk/install/gps_visualizer/lib/python3.10/site-packages/gps_visualizer-0.0.0-py3.10.egg-info
[0.549s] running install_scripts
[0.558s] writing list of installed files to '/home/jeanho/gps_rtk/build/gps_visualizer/install.log'
[0.581s] Invoked command in '/home/jeanho/gps_rtk/src/gps_visualizer' returned '0': PYTHONPATH=/home/jeanho/gps_rtk/build/gps_visualizer/prefix_override:/usr/lib/python3/dist-packages/colcon_core/task/python/colcon_distutils_commands:/home/jeanho/gps_rtk/install/gps_visualizer/lib/python3.10/site-packages:${PYTHONPATH} /usr/bin/python3 -W ignore:setup.py install is deprecated -W ignore:easy_install command is deprecated setup.py egg_info --egg-base ../../build/gps_visualizer build --build-base /home/jeanho/gps_rtk/build/gps_visualizer/build install --record /home/jeanho/gps_rtk/build/gps_visualizer/install.log --single-version-externally-managed install_data
