[0.009s] Invoking command in '/home/jeanho/gps_rtk/build/fix2nmea': AMENT_PREFIX_PATH=/home/jeanho/gps_rtk/install/ublox_msgs:/home/jeanho/gps_rtk/install/ublox_serialization:${AMENT_PREFIX_PATH} CMAKE_PREFIX_PATH=/home/jeanho/gps_rtk/install/ublox_msgs:/home/jeanho/gps_rtk/install/ublox_serialization:/home/jeanho/ublox_ws/install/ublox:/home/jeanho/ublox_ws/install/ublox_gps:/home/jeanho/ublox_ws/install/ublox_msgs:/home/jeanho/ublox_ws/install/ublox_serialization:/home/jeanho/ublox_ws/install/ntrip_client:/opt/ros/humble LD_LIBRARY_PATH=/home/jeanho/gps_rtk/install/ublox_msgs/lib:${LD_LIBRARY_PATH} PYTHONPATH=/home/jeanho/gps_rtk/install/ublox_msgs/local/lib/python3.10/dist-packages:${PYTHONPATH} /usr/bin/cmake /home/jeanho/gps_rtk/src/RTK_GPS_NTRIP-main/fix2nmea -DCMAKE_INSTALL_PREFIX=/home/jeanho/gps_rtk/install/fix2nmea
[0.044s] -- The C compiler identification is GNU 11.4.0
[0.077s] -- The CXX compiler identification is GNU 11.4.0
[0.081s] -- Detecting C compiler ABI info
[0.131s] -- Detecting C compiler ABI info - done
[0.134s] -- Check for working C compiler: /usr/bin/cc - skipped
[0.134s] -- Detecting C compile features
[0.134s] -- Detecting C compile features - done
[0.136s] -- Detecting CXX compiler ABI info
[0.186s] -- Detecting CXX compiler ABI info - done
[0.190s] -- Check for working CXX compiler: /usr/bin/c++ - skipped
[0.191s] -- Detecting CXX compile features
[0.191s] -- Detecting CXX compile features - done
[0.192s] -- Found ament_cmake: 1.3.12 (/opt/ros/humble/share/ament_cmake/cmake)
[0.286s] -- Found Python3: /usr/bin/python3 (found version "3.10.12") found components: Interpreter 
[0.332s] -- Found rclcpp: 16.0.14 (/opt/ros/humble/share/rclcpp/cmake)
[0.357s] -- Found rosidl_generator_c: 3.1.7 (/opt/ros/humble/share/rosidl_generator_c/cmake)
[0.359s] -- Found rosidl_adapter: 3.1.7 (/opt/ros/humble/share/rosidl_adapter/cmake)
[0.363s] -- Found rosidl_generator_cpp: 3.1.7 (/opt/ros/humble/share/rosidl_generator_cpp/cmake)
[0.368s] -- Using all available rosidl_typesupport_c: rosidl_typesupport_fastrtps_c;rosidl_typesupport_introspection_c
[0.375s] -- Using all available rosidl_typesupport_cpp: rosidl_typesupport_fastrtps_cpp;rosidl_typesupport_introspection_cpp
[0.395s] -- Found rmw_implementation_cmake: 6.1.2 (/opt/ros/humble/share/rmw_implementation_cmake/cmake)
[0.396s] -- Found rmw_fastrtps_cpp: 6.2.8 (/opt/ros/humble/share/rmw_fastrtps_cpp/cmake)
[0.447s] -- Found OpenSSL: /usr/lib/x86_64-linux-gnu/libcrypto.so (found version "3.0.2")  
[0.466s] -- Found FastRTPS: /opt/ros/humble/include  
[0.491s] -- Using RMW implementation 'rmw_fastrtps_cpp' as default
[0.496s] -- Looking for pthread.h
[0.545s] -- Looking for pthread.h - found
[0.545s] -- Performing Test CMAKE_HAVE_LIBC_PTHREAD
[0.592s] -- Performing Test CMAKE_HAVE_LIBC_PTHREAD - Success
[0.593s] -- Found Threads: TRUE  
[0.621s] -- Found nmea_msgs: 2.0.0 (/opt/ros/humble/share/nmea_msgs/cmake)
[0.630s] -- Found sensor_msgs: 4.9.0 (/opt/ros/humble/share/sensor_msgs/cmake)
[0.643s] -- Found ublox_msgs: 2.3.0 (/home/jeanho/gps_rtk/install/ublox_msgs/share/ublox_msgs/cmake)
[0.653s] -- Found ament_lint_auto: 0.12.14 (/opt/ros/humble/share/ament_lint_auto/cmake)
[0.698s] -- Added test 'cppcheck' to perform static code analysis on C / C++ code
[0.698s] -- Configured cppcheck include dirs: 
[0.698s] -- Configured cppcheck exclude dirs and/or files: 
[0.698s] -- Added test 'lint_cmake' to check CMake code style
[0.699s] -- Added test 'uncrustify' to check C / C++ code style
[0.699s] -- Configured uncrustify additional arguments: 
[0.699s] -- Added test 'xmllint' to check XML markup files
[0.700s] -- Configuring done
[0.704s] -- Generating done
[0.706s] -- Build files have been written to: /home/jeanho/gps_rtk/build/fix2nmea
[0.714s] Invoked command in '/home/jeanho/gps_rtk/build/fix2nmea' returned '0': AMENT_PREFIX_PATH=/home/jeanho/gps_rtk/install/ublox_msgs:/home/jeanho/gps_rtk/install/ublox_serialization:${AMENT_PREFIX_PATH} CMAKE_PREFIX_PATH=/home/jeanho/gps_rtk/install/ublox_msgs:/home/jeanho/gps_rtk/install/ublox_serialization:/home/jeanho/ublox_ws/install/ublox:/home/jeanho/ublox_ws/install/ublox_gps:/home/jeanho/ublox_ws/install/ublox_msgs:/home/jeanho/ublox_ws/install/ublox_serialization:/home/jeanho/ublox_ws/install/ntrip_client:/opt/ros/humble LD_LIBRARY_PATH=/home/jeanho/gps_rtk/install/ublox_msgs/lib:${LD_LIBRARY_PATH} PYTHONPATH=/home/jeanho/gps_rtk/install/ublox_msgs/local/lib/python3.10/dist-packages:${PYTHONPATH} /usr/bin/cmake /home/jeanho/gps_rtk/src/RTK_GPS_NTRIP-main/fix2nmea -DCMAKE_INSTALL_PREFIX=/home/jeanho/gps_rtk/install/fix2nmea
[0.714s] Invoking command in '/home/jeanho/gps_rtk/build/fix2nmea': AMENT_PREFIX_PATH=/home/jeanho/gps_rtk/install/ublox_msgs:/home/jeanho/gps_rtk/install/ublox_serialization:${AMENT_PREFIX_PATH} CMAKE_PREFIX_PATH=/home/jeanho/gps_rtk/install/ublox_msgs:/home/jeanho/gps_rtk/install/ublox_serialization:/home/jeanho/ublox_ws/install/ublox:/home/jeanho/ublox_ws/install/ublox_gps:/home/jeanho/ublox_ws/install/ublox_msgs:/home/jeanho/ublox_ws/install/ublox_serialization:/home/jeanho/ublox_ws/install/ntrip_client:/opt/ros/humble LD_LIBRARY_PATH=/home/jeanho/gps_rtk/install/ublox_msgs/lib:${LD_LIBRARY_PATH} PYTHONPATH=/home/jeanho/gps_rtk/install/ublox_msgs/local/lib/python3.10/dist-packages:${PYTHONPATH} /usr/bin/cmake --build /home/jeanho/gps_rtk/build/fix2nmea -- -j24 -l24
[0.747s] [ 50%] [32mBuilding CXX object CMakeFiles/fix2nmea.dir/src/fix2nmea.cpp.o[0m
[9.612s] [100%] [32m[1mLinking CXX executable fix2nmea[0m
[9.823s] [100%] Built target fix2nmea
[9.840s] Invoked command in '/home/jeanho/gps_rtk/build/fix2nmea' returned '0': AMENT_PREFIX_PATH=/home/jeanho/gps_rtk/install/ublox_msgs:/home/jeanho/gps_rtk/install/ublox_serialization:${AMENT_PREFIX_PATH} CMAKE_PREFIX_PATH=/home/jeanho/gps_rtk/install/ublox_msgs:/home/jeanho/gps_rtk/install/ublox_serialization:/home/jeanho/ublox_ws/install/ublox:/home/jeanho/ublox_ws/install/ublox_gps:/home/jeanho/ublox_ws/install/ublox_msgs:/home/jeanho/ublox_ws/install/ublox_serialization:/home/jeanho/ublox_ws/install/ntrip_client:/opt/ros/humble LD_LIBRARY_PATH=/home/jeanho/gps_rtk/install/ublox_msgs/lib:${LD_LIBRARY_PATH} PYTHONPATH=/home/jeanho/gps_rtk/install/ublox_msgs/local/lib/python3.10/dist-packages:${PYTHONPATH} /usr/bin/cmake --build /home/jeanho/gps_rtk/build/fix2nmea -- -j24 -l24
[9.841s] Invoking command in '/home/jeanho/gps_rtk/build/fix2nmea': AMENT_PREFIX_PATH=/home/jeanho/gps_rtk/install/ublox_msgs:/home/jeanho/gps_rtk/install/ublox_serialization:${AMENT_PREFIX_PATH} CMAKE_PREFIX_PATH=/home/jeanho/gps_rtk/install/ublox_msgs:/home/jeanho/gps_rtk/install/ublox_serialization:/home/jeanho/ublox_ws/install/ublox:/home/jeanho/ublox_ws/install/ublox_gps:/home/jeanho/ublox_ws/install/ublox_msgs:/home/jeanho/ublox_ws/install/ublox_serialization:/home/jeanho/ublox_ws/install/ntrip_client:/opt/ros/humble LD_LIBRARY_PATH=/home/jeanho/gps_rtk/install/ublox_msgs/lib:${LD_LIBRARY_PATH} PYTHONPATH=/home/jeanho/gps_rtk/install/ublox_msgs/local/lib/python3.10/dist-packages:${PYTHONPATH} /usr/bin/cmake --install /home/jeanho/gps_rtk/build/fix2nmea
[9.847s] -- Install configuration: ""
[9.847s] -- Installing: /home/jeanho/gps_rtk/install/fix2nmea/lib/fix2nmea/fix2nmea
[9.848s] -- Set runtime path of "/home/jeanho/gps_rtk/install/fix2nmea/lib/fix2nmea/fix2nmea" to ""
[9.848s] -- Installing: /home/jeanho/gps_rtk/install/fix2nmea/share/ament_index/resource_index/package_run_dependencies/fix2nmea
[9.848s] -- Installing: /home/jeanho/gps_rtk/install/fix2nmea/share/ament_index/resource_index/parent_prefix_path/fix2nmea
[9.849s] -- Installing: /home/jeanho/gps_rtk/install/fix2nmea/share/fix2nmea/environment/ament_prefix_path.sh
[9.849s] -- Installing: /home/jeanho/gps_rtk/install/fix2nmea/share/fix2nmea/environment/ament_prefix_path.dsv
[9.849s] -- Installing: /home/jeanho/gps_rtk/install/fix2nmea/share/fix2nmea/environment/path.sh
[9.849s] -- Installing: /home/jeanho/gps_rtk/install/fix2nmea/share/fix2nmea/environment/path.dsv
[9.849s] -- Installing: /home/jeanho/gps_rtk/install/fix2nmea/share/fix2nmea/local_setup.bash
[9.849s] -- Installing: /home/jeanho/gps_rtk/install/fix2nmea/share/fix2nmea/local_setup.sh
[9.849s] -- Installing: /home/jeanho/gps_rtk/install/fix2nmea/share/fix2nmea/local_setup.zsh
[9.849s] -- Installing: /home/jeanho/gps_rtk/install/fix2nmea/share/fix2nmea/local_setup.dsv
[9.849s] -- Installing: /home/jeanho/gps_rtk/install/fix2nmea/share/fix2nmea/package.dsv
[9.849s] -- Installing: /home/jeanho/gps_rtk/install/fix2nmea/share/ament_index/resource_index/packages/fix2nmea
[9.849s] -- Installing: /home/jeanho/gps_rtk/install/fix2nmea/share/fix2nmea/cmake/fix2nmeaConfig.cmake
[9.849s] -- Installing: /home/jeanho/gps_rtk/install/fix2nmea/share/fix2nmea/cmake/fix2nmeaConfig-version.cmake
[9.849s] -- Installing: /home/jeanho/gps_rtk/install/fix2nmea/share/fix2nmea/package.xml
[9.851s] Invoked command in '/home/jeanho/gps_rtk/build/fix2nmea' returned '0': AMENT_PREFIX_PATH=/home/jeanho/gps_rtk/install/ublox_msgs:/home/jeanho/gps_rtk/install/ublox_serialization:${AMENT_PREFIX_PATH} CMAKE_PREFIX_PATH=/home/jeanho/gps_rtk/install/ublox_msgs:/home/jeanho/gps_rtk/install/ublox_serialization:/home/jeanho/ublox_ws/install/ublox:/home/jeanho/ublox_ws/install/ublox_gps:/home/jeanho/ublox_ws/install/ublox_msgs:/home/jeanho/ublox_ws/install/ublox_serialization:/home/jeanho/ublox_ws/install/ntrip_client:/opt/ros/humble LD_LIBRARY_PATH=/home/jeanho/gps_rtk/install/ublox_msgs/lib:${LD_LIBRARY_PATH} PYTHONPATH=/home/jeanho/gps_rtk/install/ublox_msgs/local/lib/python3.10/dist-packages:${PYTHONPATH} /usr/bin/cmake --install /home/jeanho/gps_rtk/build/fix2nmea
