[0.015s] Invoking command in '/home/jeanho/gps_rtk/build/rtcm_msgs': CMAKE_PREFIX_PATH=${CMAKE_PREFIX_PATH}:/home/jeanho/gps_rtk/install/ntrip_client:/home/jeanho/gps_rtk/install/gps_visualizer:/home/jeanho/ros2_ws/install/serial_communication_pkg:/home/jeanho/ros2_ws/install/lidar_perception_pkg:/home/jeanho/ros2_ws/install/decision_making_pkg:/home/jeanho/ros2_ws/install/debug_pkg:/home/jeanho/ros2_ws/install/camera_perception_pkg:/opt/ros/humble /usr/bin/cmake --build /home/jeanho/gps_rtk/build/rtcm_msgs -- -j24 -l24
[0.180s] [  9%] Built target rtcm_msgs__rosidl_generator_c
[0.180s] [ 12%] Built target rtcm_msgs__cpp
[0.181s] [ 12%] Built target ament_cmake_python_copy_rtcm_msgs
[0.181s] [ 51%] Built target rtcm_msgs__rosidl_typesupport_c
[0.181s] [ 51%] Built target rtcm_msgs__rosidl_typesupport_introspection_cpp
[0.181s] [ 58%] Built target rtcm_msgs__rosidl_typesupport_introspection_c
[0.181s] [ 61%] Built target rtcm_msgs__rosidl_typesupport_fastrtps_c
[0.181s] [ 61%] Built target rtcm_msgs__rosidl_typesupport_cpp
[0.181s] [ 70%] Built target rtcm_msgs__rosidl_typesupport_fastrtps_cpp
[0.181s] [ 70%] Built target rtcm_msgs
[0.181s] [ 74%] Built target rtcm_msgs__py
[0.181s] [ 80%] Built target rtcm_msgs__rosidl_generator_py
[0.187s] [ 87%] Built target rtcm_msgs__rosidl_typesupport_fastrtps_c__pyext
[0.187s] [ 93%] Built target rtcm_msgs__rosidl_typesupport_introspection_c__pyext
[0.188s] [100%] Built target rtcm_msgs__rosidl_typesupport_c__pyext
[0.223s] running egg_info
[0.223s] writing rtcm_msgs.egg-info/PKG-INFO
[0.223s] writing dependency_links to rtcm_msgs.egg-info/dependency_links.txt
[0.223s] writing top-level names to rtcm_msgs.egg-info/top_level.txt
[0.224s] reading manifest file 'rtcm_msgs.egg-info/SOURCES.txt'
[0.232s] writing manifest file 'rtcm_msgs.egg-info/SOURCES.txt'
[0.265s] [100%] Built target ament_cmake_python_build_rtcm_msgs_egg
[0.347s] Invoked command in '/home/jeanho/gps_rtk/build/rtcm_msgs' returned '0': CMAKE_PREFIX_PATH=${CMAKE_PREFIX_PATH}:/home/jeanho/gps_rtk/install/ntrip_client:/home/jeanho/gps_rtk/install/gps_visualizer:/home/jeanho/ros2_ws/install/serial_communication_pkg:/home/jeanho/ros2_ws/install/lidar_perception_pkg:/home/jeanho/ros2_ws/install/decision_making_pkg:/home/jeanho/ros2_ws/install/debug_pkg:/home/jeanho/ros2_ws/install/camera_perception_pkg:/opt/ros/humble /usr/bin/cmake --build /home/jeanho/gps_rtk/build/rtcm_msgs -- -j24 -l24
[0.349s] Invoking command in '/home/jeanho/gps_rtk/build/rtcm_msgs': CMAKE_PREFIX_PATH=${CMAKE_PREFIX_PATH}:/home/jeanho/gps_rtk/install/ntrip_client:/home/jeanho/gps_rtk/install/gps_visualizer:/home/jeanho/ros2_ws/install/serial_communication_pkg:/home/jeanho/ros2_ws/install/lidar_perception_pkg:/home/jeanho/ros2_ws/install/decision_making_pkg:/home/jeanho/ros2_ws/install/debug_pkg:/home/jeanho/ros2_ws/install/camera_perception_pkg:/opt/ros/humble /usr/bin/cmake --install /home/jeanho/gps_rtk/build/rtcm_msgs
[0.359s] -- Install configuration: ""
[0.359s] -- Up-to-date: /home/jeanho/gps_rtk/install/rtcm_msgs/share/ament_index/resource_index/rosidl_interfaces/rtcm_msgs
[0.359s] -- Up-to-date: /home/jeanho/gps_rtk/install/rtcm_msgs/include/rtcm_msgs/rtcm_msgs
[0.359s] -- Up-to-date: /home/jeanho/gps_rtk/install/rtcm_msgs/include/rtcm_msgs/rtcm_msgs/msg
[0.359s] -- Up-to-date: /home/jeanho/gps_rtk/install/rtcm_msgs/include/rtcm_msgs/rtcm_msgs/msg/detail
[0.359s] -- Up-to-date: /home/jeanho/gps_rtk/install/rtcm_msgs/include/rtcm_msgs/rtcm_msgs/msg/detail/message__functions.c
[0.359s] -- Up-to-date: /home/jeanho/gps_rtk/install/rtcm_msgs/include/rtcm_msgs/rtcm_msgs/msg/detail/message__functions.h
[0.359s] -- Up-to-date: /home/jeanho/gps_rtk/install/rtcm_msgs/include/rtcm_msgs/rtcm_msgs/msg/detail/message__struct.h
[0.359s] -- Up-to-date: /home/jeanho/gps_rtk/install/rtcm_msgs/include/rtcm_msgs/rtcm_msgs/msg/detail/message__type_support.h
[0.359s] -- Up-to-date: /home/jeanho/gps_rtk/install/rtcm_msgs/include/rtcm_msgs/rtcm_msgs/msg/message.h
[0.359s] -- Up-to-date: /home/jeanho/gps_rtk/install/rtcm_msgs/include/rtcm_msgs/rtcm_msgs/msg/rosidl_generator_c__visibility_control.h
[0.359s] -- Up-to-date: /home/jeanho/gps_rtk/install/rtcm_msgs/share/rtcm_msgs/environment/library_path.sh
[0.359s] -- Up-to-date: /home/jeanho/gps_rtk/install/rtcm_msgs/share/rtcm_msgs/environment/library_path.dsv
[0.359s] -- Up-to-date: /home/jeanho/gps_rtk/install/rtcm_msgs/lib/librtcm_msgs__rosidl_generator_c.so
[0.359s] -- Up-to-date: /home/jeanho/gps_rtk/install/rtcm_msgs/include/rtcm_msgs/rtcm_msgs
[0.359s] -- Up-to-date: /home/jeanho/gps_rtk/install/rtcm_msgs/include/rtcm_msgs/rtcm_msgs/msg
[0.359s] -- Up-to-date: /home/jeanho/gps_rtk/install/rtcm_msgs/include/rtcm_msgs/rtcm_msgs/msg/detail
[0.359s] -- Up-to-date: /home/jeanho/gps_rtk/install/rtcm_msgs/include/rtcm_msgs/rtcm_msgs/msg/detail/message__rosidl_typesupport_fastrtps_c.h
[0.359s] -- Up-to-date: /home/jeanho/gps_rtk/install/rtcm_msgs/include/rtcm_msgs/rtcm_msgs/msg/rosidl_typesupport_fastrtps_c__visibility_control.h
[0.359s] -- Up-to-date: /home/jeanho/gps_rtk/install/rtcm_msgs/lib/librtcm_msgs__rosidl_typesupport_fastrtps_c.so
[0.359s] -- Up-to-date: /home/jeanho/gps_rtk/install/rtcm_msgs/include/rtcm_msgs/rtcm_msgs
[0.359s] -- Up-to-date: /home/jeanho/gps_rtk/install/rtcm_msgs/include/rtcm_msgs/rtcm_msgs/msg
[0.359s] -- Up-to-date: /home/jeanho/gps_rtk/install/rtcm_msgs/include/rtcm_msgs/rtcm_msgs/msg/rosidl_generator_cpp__visibility_control.hpp
[0.359s] -- Up-to-date: /home/jeanho/gps_rtk/install/rtcm_msgs/include/rtcm_msgs/rtcm_msgs/msg/detail
[0.359s] -- Up-to-date: /home/jeanho/gps_rtk/install/rtcm_msgs/include/rtcm_msgs/rtcm_msgs/msg/detail/message__traits.hpp
[0.359s] -- Up-to-date: /home/jeanho/gps_rtk/install/rtcm_msgs/include/rtcm_msgs/rtcm_msgs/msg/detail/message__type_support.hpp
[0.359s] -- Up-to-date: /home/jeanho/gps_rtk/install/rtcm_msgs/include/rtcm_msgs/rtcm_msgs/msg/detail/message__builder.hpp
[0.359s] -- Up-to-date: /home/jeanho/gps_rtk/install/rtcm_msgs/include/rtcm_msgs/rtcm_msgs/msg/detail/message__struct.hpp
[0.359s] -- Up-to-date: /home/jeanho/gps_rtk/install/rtcm_msgs/include/rtcm_msgs/rtcm_msgs/msg/message.hpp
[0.359s] -- Up-to-date: /home/jeanho/gps_rtk/install/rtcm_msgs/include/rtcm_msgs/rtcm_msgs
[0.359s] -- Up-to-date: /home/jeanho/gps_rtk/install/rtcm_msgs/include/rtcm_msgs/rtcm_msgs/msg
[0.359s] -- Up-to-date: /home/jeanho/gps_rtk/install/rtcm_msgs/include/rtcm_msgs/rtcm_msgs/msg/rosidl_typesupport_fastrtps_cpp__visibility_control.h
[0.359s] -- Up-to-date: /home/jeanho/gps_rtk/install/rtcm_msgs/include/rtcm_msgs/rtcm_msgs/msg/detail
[0.359s] -- Up-to-date: /home/jeanho/gps_rtk/install/rtcm_msgs/include/rtcm_msgs/rtcm_msgs/msg/detail/message__rosidl_typesupport_fastrtps_cpp.hpp
[0.360s] -- Up-to-date: /home/jeanho/gps_rtk/install/rtcm_msgs/include/rtcm_msgs/rtcm_msgs/msg/detail/dds_fastrtps
[0.360s] -- Up-to-date: /home/jeanho/gps_rtk/install/rtcm_msgs/lib/librtcm_msgs__rosidl_typesupport_fastrtps_cpp.so
[0.360s] -- Up-to-date: /home/jeanho/gps_rtk/install/rtcm_msgs/include/rtcm_msgs/rtcm_msgs
[0.360s] -- Up-to-date: /home/jeanho/gps_rtk/install/rtcm_msgs/include/rtcm_msgs/rtcm_msgs/msg
[0.360s] -- Up-to-date: /home/jeanho/gps_rtk/install/rtcm_msgs/include/rtcm_msgs/rtcm_msgs/msg/detail
[0.360s] -- Up-to-date: /home/jeanho/gps_rtk/install/rtcm_msgs/include/rtcm_msgs/rtcm_msgs/msg/detail/message__rosidl_typesupport_introspection_c.h
[0.360s] -- Up-to-date: /home/jeanho/gps_rtk/install/rtcm_msgs/include/rtcm_msgs/rtcm_msgs/msg/detail/message__type_support.c
[0.360s] -- Up-to-date: /home/jeanho/gps_rtk/install/rtcm_msgs/include/rtcm_msgs/rtcm_msgs/msg/rosidl_typesupport_introspection_c__visibility_control.h
[0.360s] -- Up-to-date: /home/jeanho/gps_rtk/install/rtcm_msgs/lib/librtcm_msgs__rosidl_typesupport_introspection_c.so
[0.360s] -- Up-to-date: /home/jeanho/gps_rtk/install/rtcm_msgs/lib/librtcm_msgs__rosidl_typesupport_c.so
[0.360s] -- Up-to-date: /home/jeanho/gps_rtk/install/rtcm_msgs/include/rtcm_msgs/rtcm_msgs
[0.360s] -- Up-to-date: /home/jeanho/gps_rtk/install/rtcm_msgs/include/rtcm_msgs/rtcm_msgs/msg
[0.360s] -- Up-to-date: /home/jeanho/gps_rtk/install/rtcm_msgs/include/rtcm_msgs/rtcm_msgs/msg/detail
[0.360s] -- Up-to-date: /home/jeanho/gps_rtk/install/rtcm_msgs/include/rtcm_msgs/rtcm_msgs/msg/detail/message__type_support.cpp
[0.360s] -- Up-to-date: /home/jeanho/gps_rtk/install/rtcm_msgs/include/rtcm_msgs/rtcm_msgs/msg/detail/message__rosidl_typesupport_introspection_cpp.hpp
[0.360s] -- Up-to-date: /home/jeanho/gps_rtk/install/rtcm_msgs/lib/librtcm_msgs__rosidl_typesupport_introspection_cpp.so
[0.360s] -- Up-to-date: /home/jeanho/gps_rtk/install/rtcm_msgs/lib/librtcm_msgs__rosidl_typesupport_cpp.so
[0.360s] -- Up-to-date: /home/jeanho/gps_rtk/install/rtcm_msgs/share/rtcm_msgs/environment/pythonpath.sh
[0.360s] -- Up-to-date: /home/jeanho/gps_rtk/install/rtcm_msgs/share/rtcm_msgs/environment/pythonpath.dsv
[0.360s] -- Up-to-date: /home/jeanho/gps_rtk/install/rtcm_msgs/local/lib/python3.10/dist-packages/rtcm_msgs-1.1.6-py3.10.egg-info
[0.360s] -- Installing: /home/jeanho/gps_rtk/install/rtcm_msgs/local/lib/python3.10/dist-packages/rtcm_msgs-1.1.6-py3.10.egg-info/PKG-INFO
[0.360s] -- Installing: /home/jeanho/gps_rtk/install/rtcm_msgs/local/lib/python3.10/dist-packages/rtcm_msgs-1.1.6-py3.10.egg-info/SOURCES.txt
[0.360s] -- Installing: /home/jeanho/gps_rtk/install/rtcm_msgs/local/lib/python3.10/dist-packages/rtcm_msgs-1.1.6-py3.10.egg-info/top_level.txt
[0.360s] -- Installing: /home/jeanho/gps_rtk/install/rtcm_msgs/local/lib/python3.10/dist-packages/rtcm_msgs-1.1.6-py3.10.egg-info/dependency_links.txt
[0.360s] -- Up-to-date: /home/jeanho/gps_rtk/install/rtcm_msgs/local/lib/python3.10/dist-packages/rtcm_msgs
[0.360s] -- Up-to-date: /home/jeanho/gps_rtk/install/rtcm_msgs/local/lib/python3.10/dist-packages/rtcm_msgs/_rtcm_msgs_s.ep.rosidl_typesupport_c.c
[0.360s] -- Up-to-date: /home/jeanho/gps_rtk/install/rtcm_msgs/local/lib/python3.10/dist-packages/rtcm_msgs/_rtcm_msgs_s.ep.rosidl_typesupport_fastrtps_c.c
[0.360s] -- Up-to-date: /home/jeanho/gps_rtk/install/rtcm_msgs/local/lib/python3.10/dist-packages/rtcm_msgs/msg
[0.360s] -- Up-to-date: /home/jeanho/gps_rtk/install/rtcm_msgs/local/lib/python3.10/dist-packages/rtcm_msgs/msg/_message.py
[0.360s] -- Up-to-date: /home/jeanho/gps_rtk/install/rtcm_msgs/local/lib/python3.10/dist-packages/rtcm_msgs/msg/_message_s.c
[0.360s] -- Up-to-date: /home/jeanho/gps_rtk/install/rtcm_msgs/local/lib/python3.10/dist-packages/rtcm_msgs/msg/__init__.py
[0.360s] -- Up-to-date: /home/jeanho/gps_rtk/install/rtcm_msgs/local/lib/python3.10/dist-packages/rtcm_msgs/rtcm_msgs_s__rosidl_typesupport_fastrtps_c.cpython-310-x86_64-linux-gnu.so
[0.360s] -- Up-to-date: /home/jeanho/gps_rtk/install/rtcm_msgs/local/lib/python3.10/dist-packages/rtcm_msgs/rtcm_msgs_s__rosidl_typesupport_c.cpython-310-x86_64-linux-gnu.so
[0.360s] -- Up-to-date: /home/jeanho/gps_rtk/install/rtcm_msgs/local/lib/python3.10/dist-packages/rtcm_msgs/librtcm_msgs__rosidl_generator_py.so
[0.360s] -- Up-to-date: /home/jeanho/gps_rtk/install/rtcm_msgs/local/lib/python3.10/dist-packages/rtcm_msgs/rtcm_msgs_s__rosidl_typesupport_introspection_c.cpython-310-x86_64-linux-gnu.so
[0.361s] -- Up-to-date: /home/jeanho/gps_rtk/install/rtcm_msgs/local/lib/python3.10/dist-packages/rtcm_msgs/_rtcm_msgs_s.ep.rosidl_typesupport_introspection_c.c
[0.361s] -- Up-to-date: /home/jeanho/gps_rtk/install/rtcm_msgs/local/lib/python3.10/dist-packages/rtcm_msgs/__init__.py
[0.388s] Listing '/home/jeanho/gps_rtk/install/rtcm_msgs/local/lib/python3.10/dist-packages/rtcm_msgs'...
[0.388s] Listing '/home/jeanho/gps_rtk/install/rtcm_msgs/local/lib/python3.10/dist-packages/rtcm_msgs/msg'...
[0.392s] -- Up-to-date: /home/jeanho/gps_rtk/install/rtcm_msgs/local/lib/python3.10/dist-packages/rtcm_msgs/rtcm_msgs_s__rosidl_typesupport_fastrtps_c.cpython-310-x86_64-linux-gnu.so
[0.392s] -- Up-to-date: /home/jeanho/gps_rtk/install/rtcm_msgs/local/lib/python3.10/dist-packages/rtcm_msgs/rtcm_msgs_s__rosidl_typesupport_introspection_c.cpython-310-x86_64-linux-gnu.so
[0.393s] -- Up-to-date: /home/jeanho/gps_rtk/install/rtcm_msgs/local/lib/python3.10/dist-packages/rtcm_msgs/rtcm_msgs_s__rosidl_typesupport_c.cpython-310-x86_64-linux-gnu.so
[0.393s] -- Up-to-date: /home/jeanho/gps_rtk/install/rtcm_msgs/lib/librtcm_msgs__rosidl_generator_py.so
[0.393s] -- Up-to-date: /home/jeanho/gps_rtk/install/rtcm_msgs/share/rtcm_msgs/msg/Message.idl
[0.393s] -- Up-to-date: /home/jeanho/gps_rtk/install/rtcm_msgs/share/rtcm_msgs/msg/Message.msg
[0.393s] -- Up-to-date: /home/jeanho/gps_rtk/install/rtcm_msgs/share/ament_index/resource_index/package_run_dependencies/rtcm_msgs
[0.393s] -- Up-to-date: /home/jeanho/gps_rtk/install/rtcm_msgs/share/ament_index/resource_index/parent_prefix_path/rtcm_msgs
[0.393s] -- Up-to-date: /home/jeanho/gps_rtk/install/rtcm_msgs/share/rtcm_msgs/environment/ament_prefix_path.sh
[0.393s] -- Up-to-date: /home/jeanho/gps_rtk/install/rtcm_msgs/share/rtcm_msgs/environment/ament_prefix_path.dsv
[0.393s] -- Up-to-date: /home/jeanho/gps_rtk/install/rtcm_msgs/share/rtcm_msgs/environment/path.sh
[0.393s] -- Up-to-date: /home/jeanho/gps_rtk/install/rtcm_msgs/share/rtcm_msgs/environment/path.dsv
[0.394s] -- Up-to-date: /home/jeanho/gps_rtk/install/rtcm_msgs/share/rtcm_msgs/local_setup.bash
[0.394s] -- Up-to-date: /home/jeanho/gps_rtk/install/rtcm_msgs/share/rtcm_msgs/local_setup.sh
[0.394s] -- Up-to-date: /home/jeanho/gps_rtk/install/rtcm_msgs/share/rtcm_msgs/local_setup.zsh
[0.394s] -- Up-to-date: /home/jeanho/gps_rtk/install/rtcm_msgs/share/rtcm_msgs/local_setup.dsv
[0.394s] -- Installing: /home/jeanho/gps_rtk/install/rtcm_msgs/share/rtcm_msgs/package.dsv
[0.401s] -- Up-to-date: /home/jeanho/gps_rtk/install/rtcm_msgs/share/ament_index/resource_index/packages/rtcm_msgs
[0.402s] -- Up-to-date: /home/jeanho/gps_rtk/install/rtcm_msgs/share/rtcm_msgs/cmake/export_rtcm_msgs__rosidl_generator_cExport.cmake
[0.402s] -- Up-to-date: /home/jeanho/gps_rtk/install/rtcm_msgs/share/rtcm_msgs/cmake/export_rtcm_msgs__rosidl_generator_cExport-noconfig.cmake
[0.402s] -- Up-to-date: /home/jeanho/gps_rtk/install/rtcm_msgs/share/rtcm_msgs/cmake/export_rtcm_msgs__rosidl_typesupport_fastrtps_cExport.cmake
[0.402s] -- Up-to-date: /home/jeanho/gps_rtk/install/rtcm_msgs/share/rtcm_msgs/cmake/export_rtcm_msgs__rosidl_typesupport_fastrtps_cExport-noconfig.cmake
[0.402s] -- Up-to-date: /home/jeanho/gps_rtk/install/rtcm_msgs/share/rtcm_msgs/cmake/export_rtcm_msgs__rosidl_generator_cppExport.cmake
[0.402s] -- Up-to-date: /home/jeanho/gps_rtk/install/rtcm_msgs/share/rtcm_msgs/cmake/export_rtcm_msgs__rosidl_typesupport_fastrtps_cppExport.cmake
[0.402s] -- Up-to-date: /home/jeanho/gps_rtk/install/rtcm_msgs/share/rtcm_msgs/cmake/export_rtcm_msgs__rosidl_typesupport_fastrtps_cppExport-noconfig.cmake
[0.402s] -- Up-to-date: /home/jeanho/gps_rtk/install/rtcm_msgs/share/rtcm_msgs/cmake/rtcm_msgs__rosidl_typesupport_introspection_cExport.cmake
[0.402s] -- Up-to-date: /home/jeanho/gps_rtk/install/rtcm_msgs/share/rtcm_msgs/cmake/rtcm_msgs__rosidl_typesupport_introspection_cExport-noconfig.cmake
[0.402s] -- Up-to-date: /home/jeanho/gps_rtk/install/rtcm_msgs/share/rtcm_msgs/cmake/rtcm_msgs__rosidl_typesupport_cExport.cmake
[0.402s] -- Up-to-date: /home/jeanho/gps_rtk/install/rtcm_msgs/share/rtcm_msgs/cmake/rtcm_msgs__rosidl_typesupport_cExport-noconfig.cmake
[0.402s] -- Up-to-date: /home/jeanho/gps_rtk/install/rtcm_msgs/share/rtcm_msgs/cmake/rtcm_msgs__rosidl_typesupport_introspection_cppExport.cmake
[0.402s] -- Up-to-date: /home/jeanho/gps_rtk/install/rtcm_msgs/share/rtcm_msgs/cmake/rtcm_msgs__rosidl_typesupport_introspection_cppExport-noconfig.cmake
[0.402s] -- Up-to-date: /home/jeanho/gps_rtk/install/rtcm_msgs/share/rtcm_msgs/cmake/rtcm_msgs__rosidl_typesupport_cppExport.cmake
[0.402s] -- Up-to-date: /home/jeanho/gps_rtk/install/rtcm_msgs/share/rtcm_msgs/cmake/rtcm_msgs__rosidl_typesupport_cppExport-noconfig.cmake
[0.402s] -- Up-to-date: /home/jeanho/gps_rtk/install/rtcm_msgs/share/rtcm_msgs/cmake/export_rtcm_msgs__rosidl_generator_pyExport.cmake
[0.402s] -- Up-to-date: /home/jeanho/gps_rtk/install/rtcm_msgs/share/rtcm_msgs/cmake/export_rtcm_msgs__rosidl_generator_pyExport-noconfig.cmake
[0.402s] -- Up-to-date: /home/jeanho/gps_rtk/install/rtcm_msgs/share/rtcm_msgs/cmake/rosidl_cmake-extras.cmake
[0.402s] -- Up-to-date: /home/jeanho/gps_rtk/install/rtcm_msgs/share/rtcm_msgs/cmake/ament_cmake_export_dependencies-extras.cmake
[0.402s] -- Up-to-date: /home/jeanho/gps_rtk/install/rtcm_msgs/share/rtcm_msgs/cmake/ament_cmake_export_include_directories-extras.cmake
[0.402s] -- Up-to-date: /home/jeanho/gps_rtk/install/rtcm_msgs/share/rtcm_msgs/cmake/ament_cmake_export_libraries-extras.cmake
[0.403s] -- Up-to-date: /home/jeanho/gps_rtk/install/rtcm_msgs/share/rtcm_msgs/cmake/ament_cmake_export_targets-extras.cmake
[0.403s] -- Up-to-date: /home/jeanho/gps_rtk/install/rtcm_msgs/share/rtcm_msgs/cmake/rosidl_cmake_export_typesupport_targets-extras.cmake
[0.403s] -- Up-to-date: /home/jeanho/gps_rtk/install/rtcm_msgs/share/rtcm_msgs/cmake/rosidl_cmake_export_typesupport_libraries-extras.cmake
[0.403s] -- Up-to-date: /home/jeanho/gps_rtk/install/rtcm_msgs/share/rtcm_msgs/cmake/rtcm_msgsConfig.cmake
[0.403s] -- Up-to-date: /home/jeanho/gps_rtk/install/rtcm_msgs/share/rtcm_msgs/cmake/rtcm_msgsConfig-version.cmake
[0.403s] -- Up-to-date: /home/jeanho/gps_rtk/install/rtcm_msgs/share/rtcm_msgs/package.xml
[0.411s] Invoked command in '/home/jeanho/gps_rtk/build/rtcm_msgs' returned '0': CMAKE_PREFIX_PATH=${CMAKE_PREFIX_PATH}:/home/jeanho/gps_rtk/install/ntrip_client:/home/jeanho/gps_rtk/install/gps_visualizer:/home/jeanho/ros2_ws/install/serial_communication_pkg:/home/jeanho/ros2_ws/install/lidar_perception_pkg:/home/jeanho/ros2_ws/install/decision_making_pkg:/home/jeanho/ros2_ws/install/debug_pkg:/home/jeanho/ros2_ws/install/camera_perception_pkg:/opt/ros/humble /usr/bin/cmake --install /home/jeanho/gps_rtk/build/rtcm_msgs
