[0.691s] Invoking command in '/home/jeanho/gps_rtk/src/RTK_GPS_NTRIP/ntrip_client': PYTHONPATH=/home/jeanho/gps_rtk/build/ntrip_client/prefix_override:/usr/lib/python3/dist-packages/colcon_core/task/python/colcon_distutils_commands:/home/jeanho/gps_rtk/install/ntrip_client/lib/python3.10/site-packages:${PYTHONPATH} /usr/bin/python3 -W ignore:setup.py install is deprecated -W ignore:easy_install command is deprecated setup.py egg_info --egg-base ../../../build/ntrip_client build --build-base /home/jeanho/gps_rtk/build/ntrip_client/build install --record /home/jeanho/gps_rtk/build/ntrip_client/install.log --single-version-externally-managed install_data
[0.819s] running egg_info
[0.819s] writing ../../../build/ntrip_client/ntrip_client.egg-info/PKG-INFO
[0.820s] writing dependency_links to ../../../build/ntrip_client/ntrip_client.egg-info/dependency_links.txt
[0.824s] writing requirements to ../../../build/ntrip_client/ntrip_client.egg-info/requires.txt
[0.824s] writing top-level names to ../../../build/ntrip_client/ntrip_client.egg-info/top_level.txt
[0.827s] reading manifest file '../../../build/ntrip_client/ntrip_client.egg-info/SOURCES.txt'
[0.837s] adding license file 'LICENSE'
[0.838s] writing manifest file '../../../build/ntrip_client/ntrip_client.egg-info/SOURCES.txt'
[0.838s] running build
[0.839s] running build_py
[0.841s] running build_scripts
[0.841s] running install
[0.841s] running install_lib
[0.843s] running install_data
[0.844s] running install_egg_info
[0.848s] removing '/home/jeanho/gps_rtk/install/ntrip_client/lib/python3.10/site-packages/ntrip_client-1.2.0-py3.10.egg-info' (and everything under it)
[0.848s] Copying ../../../build/ntrip_client/ntrip_client.egg-info to /home/jeanho/gps_rtk/install/ntrip_client/lib/python3.10/site-packages/ntrip_client-1.2.0-py3.10.egg-info
[0.852s] running install_scripts
[0.916s] changing mode of /home/jeanho/gps_rtk/install/ntrip_client/lib/ntrip_client/ntrip_ros.py to 755
[0.920s] writing list of installed files to '/home/jeanho/gps_rtk/build/ntrip_client/install.log'
[1.050s] Invoked command in '/home/jeanho/gps_rtk/src/RTK_GPS_NTRIP/ntrip_client' returned '0': PYTHONPATH=/home/jeanho/gps_rtk/build/ntrip_client/prefix_override:/usr/lib/python3/dist-packages/colcon_core/task/python/colcon_distutils_commands:/home/jeanho/gps_rtk/install/ntrip_client/lib/python3.10/site-packages:${PYTHONPATH} /usr/bin/python3 -W ignore:setup.py install is deprecated -W ignore:easy_install command is deprecated setup.py egg_info --egg-base ../../../build/ntrip_client build --build-base /home/jeanho/gps_rtk/build/ntrip_client/build install --record /home/jeanho/gps_rtk/build/ntrip_client/install.log --single-version-externally-managed install_data
