[0.206s] DEBUG:colcon:Command line arguments: ['/usr/bin/colcon', 'build']
[0.206s] DEBUG:colcon:Parsed command line arguments: Namespace(log_base=None, log_level=None, verb_name='build', build_base='build', install_base='install', merge_install=False, symlink_install=False, test_result_base=None, continue_on_error=False, executor='parallel', parallel_workers=24, event_handlers=None, ignore_user_meta=False, metas=['./colcon.meta'], base_paths=['.'], packages_ignore=None, packages_ignore_regex=None, paths=None, packages_up_to=None, packages_up_to_regex=None, packages_above=None, packages_above_and_dependencies=None, packages_above_depth=None, packages_select_by_dep=None, packages_skip_by_dep=None, packages_skip_up_to=None, packages_select_build_failed=False, packages_skip_build_finished=False, packages_select_test_failures=False, packages_skip_test_passed=False, packages_select=None, packages_skip=None, packages_select_regex=None, packages_skip_regex=None, packages_start=None, packages_end=None, allow_overriding=[], cmake_args=None, cmake_target=None, cmake_target_skip_unavailable=False, cmake_clean_cache=False, cmake_clean_first=False, cmake_force_configure=False, ament_cmake_args=None, catkin_cmake_args=None, catkin_skip_building_tests=False, mixin_files=None, mixin=None, verb_parser=<colcon_mixin.mixin.mixin_argument.MixinArgumentDecorator object at 0x7dbe18d5a140>, verb_extension=<colcon_core.verb.build.BuildVerb object at 0x7dbe18d59c60>, main=<bound method BuildVerb.main of <colcon_core.verb.build.BuildVerb object at 0x7dbe18d59c60>>, mixin_verb=('build',))
[0.309s] Level 1:colcon.colcon_core.package_discovery:discover_packages(colcon_meta) check parameters
[0.309s] Level 1:colcon.colcon_core.package_discovery:discover_packages(recursive) check parameters
[0.309s] Level 1:colcon.colcon_core.package_discovery:discover_packages(ignore) check parameters
[0.309s] Level 1:colcon.colcon_core.package_discovery:discover_packages(path) check parameters
[0.309s] Level 1:colcon.colcon_core.package_discovery:discover_packages(colcon_meta) discover
[0.309s] Level 1:colcon.colcon_core.package_discovery:discover_packages(recursive) discover
[0.309s] INFO:colcon.colcon_core.package_discovery:Crawling recursively for packages in '/home/jeanho/gps_rtk'
[0.309s] Level 1:colcon.colcon_core.package_identification:_identify(.) by extensions ['ignore', 'ignore_ament_install']
[0.309s] Level 1:colcon.colcon_core.package_identification:_identify(.) by extension 'ignore'
[0.309s] Level 1:colcon.colcon_core.package_identification:_identify(.) by extension 'ignore_ament_install'
[0.309s] Level 1:colcon.colcon_core.package_identification:_identify(.) by extensions ['colcon_pkg']
[0.309s] Level 1:colcon.colcon_core.package_identification:_identify(.) by extension 'colcon_pkg'
[0.310s] Level 1:colcon.colcon_core.package_identification:_identify(.) by extensions ['colcon_meta']
[0.310s] Level 1:colcon.colcon_core.package_identification:_identify(.) by extension 'colcon_meta'
[0.310s] Level 1:colcon.colcon_core.package_identification:_identify(.) by extensions ['ros']
[0.310s] Level 1:colcon.colcon_core.package_identification:_identify(.) by extension 'ros'
[0.324s] Level 1:colcon.colcon_core.package_identification:_identify(.) by extensions ['cmake', 'python']
[0.324s] Level 1:colcon.colcon_core.package_identification:_identify(.) by extension 'cmake'
[0.324s] Level 1:colcon.colcon_core.package_identification:_identify(.) by extension 'python'
[0.324s] Level 1:colcon.colcon_core.package_identification:_identify(.) by extensions ['python_setup_py']
[0.324s] Level 1:colcon.colcon_core.package_identification:_identify(.) by extension 'python_setup_py'
[0.324s] Level 1:colcon.colcon_core.package_identification:_identify(build) by extensions ['ignore', 'ignore_ament_install']
[0.324s] Level 1:colcon.colcon_core.package_identification:_identify(build) by extension 'ignore'
[0.325s] Level 1:colcon.colcon_core.package_identification:_identify(build) ignored
[0.325s] Level 1:colcon.colcon_core.package_identification:_identify(install) by extensions ['ignore', 'ignore_ament_install']
[0.325s] Level 1:colcon.colcon_core.package_identification:_identify(install) by extension 'ignore'
[0.325s] Level 1:colcon.colcon_core.package_identification:_identify(install) ignored
[0.325s] Level 1:colcon.colcon_core.package_identification:_identify(log) by extensions ['ignore', 'ignore_ament_install']
[0.325s] Level 1:colcon.colcon_core.package_identification:_identify(log) by extension 'ignore'
[0.325s] Level 1:colcon.colcon_core.package_identification:_identify(log) ignored
[0.325s] Level 1:colcon.colcon_core.package_identification:_identify(src) by extensions ['ignore', 'ignore_ament_install']
[0.325s] Level 1:colcon.colcon_core.package_identification:_identify(src) by extension 'ignore'
[0.325s] Level 1:colcon.colcon_core.package_identification:_identify(src) by extension 'ignore_ament_install'
[0.325s] Level 1:colcon.colcon_core.package_identification:_identify(src) by extensions ['colcon_pkg']
[0.325s] Level 1:colcon.colcon_core.package_identification:_identify(src) by extension 'colcon_pkg'
[0.325s] Level 1:colcon.colcon_core.package_identification:_identify(src) by extensions ['colcon_meta']
[0.325s] Level 1:colcon.colcon_core.package_identification:_identify(src) by extension 'colcon_meta'
[0.325s] Level 1:colcon.colcon_core.package_identification:_identify(src) by extensions ['ros']
[0.325s] Level 1:colcon.colcon_core.package_identification:_identify(src) by extension 'ros'
[0.325s] Level 1:colcon.colcon_core.package_identification:_identify(src) by extensions ['cmake', 'python']
[0.325s] Level 1:colcon.colcon_core.package_identification:_identify(src) by extension 'cmake'
[0.325s] Level 1:colcon.colcon_core.package_identification:_identify(src) by extension 'python'
[0.325s] Level 1:colcon.colcon_core.package_identification:_identify(src) by extensions ['python_setup_py']
[0.325s] Level 1:colcon.colcon_core.package_identification:_identify(src) by extension 'python_setup_py'
[0.325s] Level 1:colcon.colcon_core.package_identification:_identify(src/RTK_GPS_NTRIP) by extensions ['ignore', 'ignore_ament_install']
[0.325s] Level 1:colcon.colcon_core.package_identification:_identify(src/RTK_GPS_NTRIP) by extension 'ignore'
[0.325s] Level 1:colcon.colcon_core.package_identification:_identify(src/RTK_GPS_NTRIP) by extension 'ignore_ament_install'
[0.325s] Level 1:colcon.colcon_core.package_identification:_identify(src/RTK_GPS_NTRIP) by extensions ['colcon_pkg']
[0.325s] Level 1:colcon.colcon_core.package_identification:_identify(src/RTK_GPS_NTRIP) by extension 'colcon_pkg'
[0.325s] Level 1:colcon.colcon_core.package_identification:_identify(src/RTK_GPS_NTRIP) by extensions ['colcon_meta']
[0.325s] Level 1:colcon.colcon_core.package_identification:_identify(src/RTK_GPS_NTRIP) by extension 'colcon_meta'
[0.325s] Level 1:colcon.colcon_core.package_identification:_identify(src/RTK_GPS_NTRIP) by extensions ['ros']
[0.325s] Level 1:colcon.colcon_core.package_identification:_identify(src/RTK_GPS_NTRIP) by extension 'ros'
[0.325s] Level 1:colcon.colcon_core.package_identification:_identify(src/RTK_GPS_NTRIP) by extensions ['cmake', 'python']
[0.325s] Level 1:colcon.colcon_core.package_identification:_identify(src/RTK_GPS_NTRIP) by extension 'cmake'
[0.325s] Level 1:colcon.colcon_core.package_identification:_identify(src/RTK_GPS_NTRIP) by extension 'python'
[0.325s] Level 1:colcon.colcon_core.package_identification:_identify(src/RTK_GPS_NTRIP) by extensions ['python_setup_py']
[0.325s] Level 1:colcon.colcon_core.package_identification:_identify(src/RTK_GPS_NTRIP) by extension 'python_setup_py'
[0.325s] Level 1:colcon.colcon_core.package_identification:_identify(src/RTK_GPS_NTRIP/build) by extensions ['ignore', 'ignore_ament_install']
[0.325s] Level 1:colcon.colcon_core.package_identification:_identify(src/RTK_GPS_NTRIP/build) by extension 'ignore'
[0.326s] Level 1:colcon.colcon_core.package_identification:_identify(src/RTK_GPS_NTRIP/build) ignored
[0.326s] Level 1:colcon.colcon_core.package_identification:_identify(src/RTK_GPS_NTRIP/fix2nmea) by extensions ['ignore', 'ignore_ament_install']
[0.326s] Level 1:colcon.colcon_core.package_identification:_identify(src/RTK_GPS_NTRIP/fix2nmea) by extension 'ignore'
[0.326s] Level 1:colcon.colcon_core.package_identification:_identify(src/RTK_GPS_NTRIP/fix2nmea) by extension 'ignore_ament_install'
[0.326s] Level 1:colcon.colcon_core.package_identification:_identify(src/RTK_GPS_NTRIP/fix2nmea) by extensions ['colcon_pkg']
[0.326s] Level 1:colcon.colcon_core.package_identification:_identify(src/RTK_GPS_NTRIP/fix2nmea) by extension 'colcon_pkg'
[0.326s] Level 1:colcon.colcon_core.package_identification:_identify(src/RTK_GPS_NTRIP/fix2nmea) by extensions ['colcon_meta']
[0.326s] Level 1:colcon.colcon_core.package_identification:_identify(src/RTK_GPS_NTRIP/fix2nmea) by extension 'colcon_meta'
[0.326s] Level 1:colcon.colcon_core.package_identification:_identify(src/RTK_GPS_NTRIP/fix2nmea) by extensions ['ros']
[0.326s] Level 1:colcon.colcon_core.package_identification:_identify(src/RTK_GPS_NTRIP/fix2nmea) by extension 'ros'
[0.328s] DEBUG:colcon.colcon_core.package_identification:Package 'src/RTK_GPS_NTRIP/fix2nmea' with type 'ros.ament_cmake' and name 'fix2nmea'
[0.328s] Level 1:colcon.colcon_core.package_identification:_identify(src/RTK_GPS_NTRIP/install) by extensions ['ignore', 'ignore_ament_install']
[0.328s] Level 1:colcon.colcon_core.package_identification:_identify(src/RTK_GPS_NTRIP/install) by extension 'ignore'
[0.328s] Level 1:colcon.colcon_core.package_identification:_identify(src/RTK_GPS_NTRIP/install) ignored
[0.328s] Level 1:colcon.colcon_core.package_identification:_identify(src/RTK_GPS_NTRIP/log) by extensions ['ignore', 'ignore_ament_install']
[0.328s] Level 1:colcon.colcon_core.package_identification:_identify(src/RTK_GPS_NTRIP/log) by extension 'ignore'
[0.328s] Level 1:colcon.colcon_core.package_identification:_identify(src/RTK_GPS_NTRIP/log) ignored
[0.328s] Level 1:colcon.colcon_core.package_identification:_identify(src/RTK_GPS_NTRIP/ntrip_client) by extensions ['ignore', 'ignore_ament_install']
[0.328s] Level 1:colcon.colcon_core.package_identification:_identify(src/RTK_GPS_NTRIP/ntrip_client) by extension 'ignore'
[0.328s] Level 1:colcon.colcon_core.package_identification:_identify(src/RTK_GPS_NTRIP/ntrip_client) by extension 'ignore_ament_install'
[0.328s] Level 1:colcon.colcon_core.package_identification:_identify(src/RTK_GPS_NTRIP/ntrip_client) by extensions ['colcon_pkg']
[0.328s] Level 1:colcon.colcon_core.package_identification:_identify(src/RTK_GPS_NTRIP/ntrip_client) by extension 'colcon_pkg'
[0.328s] Level 1:colcon.colcon_core.package_identification:_identify(src/RTK_GPS_NTRIP/ntrip_client) by extensions ['colcon_meta']
[0.328s] Level 1:colcon.colcon_core.package_identification:_identify(src/RTK_GPS_NTRIP/ntrip_client) by extension 'colcon_meta'
[0.328s] Level 1:colcon.colcon_core.package_identification:_identify(src/RTK_GPS_NTRIP/ntrip_client) by extensions ['ros']
[0.328s] Level 1:colcon.colcon_core.package_identification:_identify(src/RTK_GPS_NTRIP/ntrip_client) by extension 'ros'
[0.329s] DEBUG:colcon.colcon_core.package_identification:Package 'src/RTK_GPS_NTRIP/ntrip_client' with type 'ros.ament_python' and name 'ntrip_client'
[0.329s] Level 1:colcon.colcon_core.package_identification:_identify(src/RTK_GPS_NTRIP/rtcm_msgs) by extensions ['ignore', 'ignore_ament_install']
[0.329s] Level 1:colcon.colcon_core.package_identification:_identify(src/RTK_GPS_NTRIP/rtcm_msgs) by extension 'ignore'
[0.329s] Level 1:colcon.colcon_core.package_identification:_identify(src/RTK_GPS_NTRIP/rtcm_msgs) by extension 'ignore_ament_install'
[0.329s] Level 1:colcon.colcon_core.package_identification:_identify(src/RTK_GPS_NTRIP/rtcm_msgs) by extensions ['colcon_pkg']
[0.329s] Level 1:colcon.colcon_core.package_identification:_identify(src/RTK_GPS_NTRIP/rtcm_msgs) by extension 'colcon_pkg'
[0.329s] Level 1:colcon.colcon_core.package_identification:_identify(src/RTK_GPS_NTRIP/rtcm_msgs) by extensions ['colcon_meta']
[0.329s] Level 1:colcon.colcon_core.package_identification:_identify(src/RTK_GPS_NTRIP/rtcm_msgs) by extension 'colcon_meta'
[0.329s] Level 1:colcon.colcon_core.package_identification:_identify(src/RTK_GPS_NTRIP/rtcm_msgs) by extensions ['ros']
[0.329s] Level 1:colcon.colcon_core.package_identification:_identify(src/RTK_GPS_NTRIP/rtcm_msgs) by extension 'ros'
[0.332s] DEBUG:colcon.colcon_core.package_identification:Package 'src/RTK_GPS_NTRIP/rtcm_msgs' with type 'ros.ament_cmake' and name 'rtcm_msgs'
[0.332s] Level 1:colcon.colcon_core.package_identification:_identify(src/RTK_GPS_NTRIP/ublox) by extensions ['ignore', 'ignore_ament_install']
[0.332s] Level 1:colcon.colcon_core.package_identification:_identify(src/RTK_GPS_NTRIP/ublox) by extension 'ignore'
[0.332s] Level 1:colcon.colcon_core.package_identification:_identify(src/RTK_GPS_NTRIP/ublox) by extension 'ignore_ament_install'
[0.332s] Level 1:colcon.colcon_core.package_identification:_identify(src/RTK_GPS_NTRIP/ublox) by extensions ['colcon_pkg']
[0.332s] Level 1:colcon.colcon_core.package_identification:_identify(src/RTK_GPS_NTRIP/ublox) by extension 'colcon_pkg'
[0.332s] Level 1:colcon.colcon_core.package_identification:_identify(src/RTK_GPS_NTRIP/ublox) by extensions ['colcon_meta']
[0.332s] Level 1:colcon.colcon_core.package_identification:_identify(src/RTK_GPS_NTRIP/ublox) by extension 'colcon_meta'
[0.332s] Level 1:colcon.colcon_core.package_identification:_identify(src/RTK_GPS_NTRIP/ublox) by extensions ['ros']
[0.332s] Level 1:colcon.colcon_core.package_identification:_identify(src/RTK_GPS_NTRIP/ublox) by extension 'ros'
[0.332s] DEBUG:colcon.colcon_core.package_identification:Package 'src/RTK_GPS_NTRIP/ublox' with type 'ros.ament_cmake' and name 'ublox'
[0.332s] Level 1:colcon.colcon_core.package_identification:_identify(src/RTK_GPS_NTRIP/ublox_gps) by extensions ['ignore', 'ignore_ament_install']
[0.332s] Level 1:colcon.colcon_core.package_identification:_identify(src/RTK_GPS_NTRIP/ublox_gps) by extension 'ignore'
[0.332s] Level 1:colcon.colcon_core.package_identification:_identify(src/RTK_GPS_NTRIP/ublox_gps) by extension 'ignore_ament_install'
[0.332s] Level 1:colcon.colcon_core.package_identification:_identify(src/RTK_GPS_NTRIP/ublox_gps) by extensions ['colcon_pkg']
[0.332s] Level 1:colcon.colcon_core.package_identification:_identify(src/RTK_GPS_NTRIP/ublox_gps) by extension 'colcon_pkg'
[0.332s] Level 1:colcon.colcon_core.package_identification:_identify(src/RTK_GPS_NTRIP/ublox_gps) by extensions ['colcon_meta']
[0.333s] Level 1:colcon.colcon_core.package_identification:_identify(src/RTK_GPS_NTRIP/ublox_gps) by extension 'colcon_meta'
[0.333s] Level 1:colcon.colcon_core.package_identification:_identify(src/RTK_GPS_NTRIP/ublox_gps) by extensions ['ros']
[0.333s] Level 1:colcon.colcon_core.package_identification:_identify(src/RTK_GPS_NTRIP/ublox_gps) by extension 'ros'
[0.333s] DEBUG:colcon.colcon_core.package_identification:Package 'src/RTK_GPS_NTRIP/ublox_gps' with type 'ros.ament_cmake' and name 'ublox_gps'
[0.333s] Level 1:colcon.colcon_core.package_identification:_identify(src/RTK_GPS_NTRIP/ublox_msgs) by extensions ['ignore', 'ignore_ament_install']
[0.333s] Level 1:colcon.colcon_core.package_identification:_identify(src/RTK_GPS_NTRIP/ublox_msgs) by extension 'ignore'
[0.333s] Level 1:colcon.colcon_core.package_identification:_identify(src/RTK_GPS_NTRIP/ublox_msgs) by extension 'ignore_ament_install'
[0.333s] Level 1:colcon.colcon_core.package_identification:_identify(src/RTK_GPS_NTRIP/ublox_msgs) by extensions ['colcon_pkg']
[0.333s] Level 1:colcon.colcon_core.package_identification:_identify(src/RTK_GPS_NTRIP/ublox_msgs) by extension 'colcon_pkg'
[0.333s] Level 1:colcon.colcon_core.package_identification:_identify(src/RTK_GPS_NTRIP/ublox_msgs) by extensions ['colcon_meta']
[0.334s] Level 1:colcon.colcon_core.package_identification:_identify(src/RTK_GPS_NTRIP/ublox_msgs) by extension 'colcon_meta'
[0.334s] Level 1:colcon.colcon_core.package_identification:_identify(src/RTK_GPS_NTRIP/ublox_msgs) by extensions ['ros']
[0.334s] Level 1:colcon.colcon_core.package_identification:_identify(src/RTK_GPS_NTRIP/ublox_msgs) by extension 'ros'
[0.334s] DEBUG:colcon.colcon_core.package_identification:Package 'src/RTK_GPS_NTRIP/ublox_msgs' with type 'ros.ament_cmake' and name 'ublox_msgs'
[0.334s] Level 1:colcon.colcon_core.package_identification:_identify(src/RTK_GPS_NTRIP/ublox_serialization) by extensions ['ignore', 'ignore_ament_install']
[0.334s] Level 1:colcon.colcon_core.package_identification:_identify(src/RTK_GPS_NTRIP/ublox_serialization) by extension 'ignore'
[0.334s] Level 1:colcon.colcon_core.package_identification:_identify(src/RTK_GPS_NTRIP/ublox_serialization) by extension 'ignore_ament_install'
[0.334s] Level 1:colcon.colcon_core.package_identification:_identify(src/RTK_GPS_NTRIP/ublox_serialization) by extensions ['colcon_pkg']
[0.334s] Level 1:colcon.colcon_core.package_identification:_identify(src/RTK_GPS_NTRIP/ublox_serialization) by extension 'colcon_pkg'
[0.334s] Level 1:colcon.colcon_core.package_identification:_identify(src/RTK_GPS_NTRIP/ublox_serialization) by extensions ['colcon_meta']
[0.334s] Level 1:colcon.colcon_core.package_identification:_identify(src/RTK_GPS_NTRIP/ublox_serialization) by extension 'colcon_meta'
[0.334s] Level 1:colcon.colcon_core.package_identification:_identify(src/RTK_GPS_NTRIP/ublox_serialization) by extensions ['ros']
[0.334s] Level 1:colcon.colcon_core.package_identification:_identify(src/RTK_GPS_NTRIP/ublox_serialization) by extension 'ros'
[0.334s] DEBUG:colcon.colcon_core.package_identification:Package 'src/RTK_GPS_NTRIP/ublox_serialization' with type 'ros.ament_cmake' and name 'ublox_serialization'
[0.335s] Level 1:colcon.colcon_core.package_identification:_identify(src/gps_visualizer) by extensions ['ignore', 'ignore_ament_install']
[0.335s] Level 1:colcon.colcon_core.package_identification:_identify(src/gps_visualizer) by extension 'ignore'
[0.335s] Level 1:colcon.colcon_core.package_identification:_identify(src/gps_visualizer) by extension 'ignore_ament_install'
[0.335s] Level 1:colcon.colcon_core.package_identification:_identify(src/gps_visualizer) by extensions ['colcon_pkg']
[0.335s] Level 1:colcon.colcon_core.package_identification:_identify(src/gps_visualizer) by extension 'colcon_pkg'
[0.335s] Level 1:colcon.colcon_core.package_identification:_identify(src/gps_visualizer) by extensions ['colcon_meta']
[0.335s] Level 1:colcon.colcon_core.package_identification:_identify(src/gps_visualizer) by extension 'colcon_meta'
[0.335s] Level 1:colcon.colcon_core.package_identification:_identify(src/gps_visualizer) by extensions ['ros']
[0.335s] Level 1:colcon.colcon_core.package_identification:_identify(src/gps_visualizer) by extension 'ros'
[0.335s] DEBUG:colcon.colcon_core.package_identification:Package 'src/gps_visualizer' with type 'ros.ament_python' and name 'gps_visualizer'
[0.335s] Level 1:colcon.colcon_core.package_discovery:discover_packages(recursive) using defaults
[0.335s] Level 1:colcon.colcon_core.package_discovery:discover_packages(ignore) discover
[0.335s] Level 1:colcon.colcon_core.package_discovery:discover_packages(ignore) using defaults
[0.335s] Level 1:colcon.colcon_core.package_discovery:discover_packages(path) discover
[0.335s] Level 1:colcon.colcon_core.package_discovery:discover_packages(path) using defaults
[0.348s] Level 1:colcon.colcon_core.package_discovery:discover_packages(prefix_path) check parameters
[0.348s] Level 1:colcon.colcon_core.package_discovery:discover_packages(prefix_path) discover
[0.350s] DEBUG:colcon.colcon_installed_package_information.package_discovery:Found 271 installed packages in /opt/ros/humble
[0.350s] Level 1:colcon.colcon_core.package_discovery:discover_packages(prefix_path) using defaults
[0.370s] Level 5:colcon.colcon_core.verb:set package 'gps_visualizer' build argument 'cmake_args' from command line to 'None'
[0.370s] Level 5:colcon.colcon_core.verb:set package 'gps_visualizer' build argument 'cmake_target' from command line to 'None'
[0.370s] Level 5:colcon.colcon_core.verb:set package 'gps_visualizer' build argument 'cmake_target_skip_unavailable' from command line to 'False'
[0.370s] Level 5:colcon.colcon_core.verb:set package 'gps_visualizer' build argument 'cmake_clean_cache' from command line to 'False'
[0.370s] Level 5:colcon.colcon_core.verb:set package 'gps_visualizer' build argument 'cmake_clean_first' from command line to 'False'
[0.370s] Level 5:colcon.colcon_core.verb:set package 'gps_visualizer' build argument 'cmake_force_configure' from command line to 'False'
[0.370s] Level 5:colcon.colcon_core.verb:set package 'gps_visualizer' build argument 'ament_cmake_args' from command line to 'None'
[0.370s] Level 5:colcon.colcon_core.verb:set package 'gps_visualizer' build argument 'catkin_cmake_args' from command line to 'None'
[0.370s] Level 5:colcon.colcon_core.verb:set package 'gps_visualizer' build argument 'catkin_skip_building_tests' from command line to 'False'
[0.370s] DEBUG:colcon.colcon_core.verb:Building package 'gps_visualizer' with the following arguments: {'ament_cmake_args': None, 'build_base': '/home/jeanho/gps_rtk/build/gps_visualizer', 'catkin_cmake_args': None, 'catkin_skip_building_tests': False, 'cmake_args': None, 'cmake_clean_cache': False, 'cmake_clean_first': False, 'cmake_force_configure': False, 'cmake_target': None, 'cmake_target_skip_unavailable': False, 'install_base': '/home/jeanho/gps_rtk/install/gps_visualizer', 'merge_install': False, 'path': '/home/jeanho/gps_rtk/src/gps_visualizer', 'symlink_install': False, 'test_result_base': None}
[0.370s] Level 5:colcon.colcon_core.verb:set package 'ntrip_client' build argument 'cmake_args' from command line to 'None'
[0.370s] Level 5:colcon.colcon_core.verb:set package 'ntrip_client' build argument 'cmake_target' from command line to 'None'
[0.370s] Level 5:colcon.colcon_core.verb:set package 'ntrip_client' build argument 'cmake_target_skip_unavailable' from command line to 'False'
[0.370s] Level 5:colcon.colcon_core.verb:set package 'ntrip_client' build argument 'cmake_clean_cache' from command line to 'False'
[0.370s] Level 5:colcon.colcon_core.verb:set package 'ntrip_client' build argument 'cmake_clean_first' from command line to 'False'
[0.370s] Level 5:colcon.colcon_core.verb:set package 'ntrip_client' build argument 'cmake_force_configure' from command line to 'False'
[0.370s] Level 5:colcon.colcon_core.verb:set package 'ntrip_client' build argument 'ament_cmake_args' from command line to 'None'
[0.370s] Level 5:colcon.colcon_core.verb:set package 'ntrip_client' build argument 'catkin_cmake_args' from command line to 'None'
[0.370s] Level 5:colcon.colcon_core.verb:set package 'ntrip_client' build argument 'catkin_skip_building_tests' from command line to 'False'
[0.370s] DEBUG:colcon.colcon_core.verb:Building package 'ntrip_client' with the following arguments: {'ament_cmake_args': None, 'build_base': '/home/jeanho/gps_rtk/build/ntrip_client', 'catkin_cmake_args': None, 'catkin_skip_building_tests': False, 'cmake_args': None, 'cmake_clean_cache': False, 'cmake_clean_first': False, 'cmake_force_configure': False, 'cmake_target': None, 'cmake_target_skip_unavailable': False, 'install_base': '/home/jeanho/gps_rtk/install/ntrip_client', 'merge_install': False, 'path': '/home/jeanho/gps_rtk/src/RTK_GPS_NTRIP/ntrip_client', 'symlink_install': False, 'test_result_base': None}
[0.370s] Level 5:colcon.colcon_core.verb:set package 'rtcm_msgs' build argument 'cmake_args' from command line to 'None'
[0.370s] Level 5:colcon.colcon_core.verb:set package 'rtcm_msgs' build argument 'cmake_target' from command line to 'None'
[0.370s] Level 5:colcon.colcon_core.verb:set package 'rtcm_msgs' build argument 'cmake_target_skip_unavailable' from command line to 'False'
[0.370s] Level 5:colcon.colcon_core.verb:set package 'rtcm_msgs' build argument 'cmake_clean_cache' from command line to 'False'
[0.370s] Level 5:colcon.colcon_core.verb:set package 'rtcm_msgs' build argument 'cmake_clean_first' from command line to 'False'
[0.370s] Level 5:colcon.colcon_core.verb:set package 'rtcm_msgs' build argument 'cmake_force_configure' from command line to 'False'
[0.370s] Level 5:colcon.colcon_core.verb:set package 'rtcm_msgs' build argument 'ament_cmake_args' from command line to 'None'
[0.371s] Level 5:colcon.colcon_core.verb:set package 'rtcm_msgs' build argument 'catkin_cmake_args' from command line to 'None'
[0.371s] Level 5:colcon.colcon_core.verb:set package 'rtcm_msgs' build argument 'catkin_skip_building_tests' from command line to 'False'
[0.371s] DEBUG:colcon.colcon_core.verb:Building package 'rtcm_msgs' with the following arguments: {'ament_cmake_args': None, 'build_base': '/home/jeanho/gps_rtk/build/rtcm_msgs', 'catkin_cmake_args': None, 'catkin_skip_building_tests': False, 'cmake_args': None, 'cmake_clean_cache': False, 'cmake_clean_first': False, 'cmake_force_configure': False, 'cmake_target': None, 'cmake_target_skip_unavailable': False, 'install_base': '/home/jeanho/gps_rtk/install/rtcm_msgs', 'merge_install': False, 'path': '/home/jeanho/gps_rtk/src/RTK_GPS_NTRIP/rtcm_msgs', 'symlink_install': False, 'test_result_base': None}
[0.371s] Level 5:colcon.colcon_core.verb:set package 'ublox_serialization' build argument 'cmake_args' from command line to 'None'
[0.371s] Level 5:colcon.colcon_core.verb:set package 'ublox_serialization' build argument 'cmake_target' from command line to 'None'
[0.371s] Level 5:colcon.colcon_core.verb:set package 'ublox_serialization' build argument 'cmake_target_skip_unavailable' from command line to 'False'
[0.371s] Level 5:colcon.colcon_core.verb:set package 'ublox_serialization' build argument 'cmake_clean_cache' from command line to 'False'
[0.371s] Level 5:colcon.colcon_core.verb:set package 'ublox_serialization' build argument 'cmake_clean_first' from command line to 'False'
[0.371s] Level 5:colcon.colcon_core.verb:set package 'ublox_serialization' build argument 'cmake_force_configure' from command line to 'False'
[0.371s] Level 5:colcon.colcon_core.verb:set package 'ublox_serialization' build argument 'ament_cmake_args' from command line to 'None'
[0.371s] Level 5:colcon.colcon_core.verb:set package 'ublox_serialization' build argument 'catkin_cmake_args' from command line to 'None'
[0.371s] Level 5:colcon.colcon_core.verb:set package 'ublox_serialization' build argument 'catkin_skip_building_tests' from command line to 'False'
[0.371s] DEBUG:colcon.colcon_core.verb:Building package 'ublox_serialization' with the following arguments: {'ament_cmake_args': None, 'build_base': '/home/jeanho/gps_rtk/build/ublox_serialization', 'catkin_cmake_args': None, 'catkin_skip_building_tests': False, 'cmake_args': None, 'cmake_clean_cache': False, 'cmake_clean_first': False, 'cmake_force_configure': False, 'cmake_target': None, 'cmake_target_skip_unavailable': False, 'install_base': '/home/jeanho/gps_rtk/install/ublox_serialization', 'merge_install': False, 'path': '/home/jeanho/gps_rtk/src/RTK_GPS_NTRIP/ublox_serialization', 'symlink_install': False, 'test_result_base': None}
[0.371s] Level 5:colcon.colcon_core.verb:set package 'ublox_msgs' build argument 'cmake_args' from command line to 'None'
[0.371s] Level 5:colcon.colcon_core.verb:set package 'ublox_msgs' build argument 'cmake_target' from command line to 'None'
[0.371s] Level 5:colcon.colcon_core.verb:set package 'ublox_msgs' build argument 'cmake_target_skip_unavailable' from command line to 'False'
[0.371s] Level 5:colcon.colcon_core.verb:set package 'ublox_msgs' build argument 'cmake_clean_cache' from command line to 'False'
[0.371s] Level 5:colcon.colcon_core.verb:set package 'ublox_msgs' build argument 'cmake_clean_first' from command line to 'False'
[0.371s] Level 5:colcon.colcon_core.verb:set package 'ublox_msgs' build argument 'cmake_force_configure' from command line to 'False'
[0.371s] Level 5:colcon.colcon_core.verb:set package 'ublox_msgs' build argument 'ament_cmake_args' from command line to 'None'
[0.371s] Level 5:colcon.colcon_core.verb:set package 'ublox_msgs' build argument 'catkin_cmake_args' from command line to 'None'
[0.371s] Level 5:colcon.colcon_core.verb:set package 'ublox_msgs' build argument 'catkin_skip_building_tests' from command line to 'False'
[0.371s] DEBUG:colcon.colcon_core.verb:Building package 'ublox_msgs' with the following arguments: {'ament_cmake_args': None, 'build_base': '/home/jeanho/gps_rtk/build/ublox_msgs', 'catkin_cmake_args': None, 'catkin_skip_building_tests': False, 'cmake_args': None, 'cmake_clean_cache': False, 'cmake_clean_first': False, 'cmake_force_configure': False, 'cmake_target': None, 'cmake_target_skip_unavailable': False, 'install_base': '/home/jeanho/gps_rtk/install/ublox_msgs', 'merge_install': False, 'path': '/home/jeanho/gps_rtk/src/RTK_GPS_NTRIP/ublox_msgs', 'symlink_install': False, 'test_result_base': None}
[0.371s] Level 5:colcon.colcon_core.verb:set package 'fix2nmea' build argument 'cmake_args' from command line to 'None'
[0.371s] Level 5:colcon.colcon_core.verb:set package 'fix2nmea' build argument 'cmake_target' from command line to 'None'
[0.371s] Level 5:colcon.colcon_core.verb:set package 'fix2nmea' build argument 'cmake_target_skip_unavailable' from command line to 'False'
[0.371s] Level 5:colcon.colcon_core.verb:set package 'fix2nmea' build argument 'cmake_clean_cache' from command line to 'False'
[0.371s] Level 5:colcon.colcon_core.verb:set package 'fix2nmea' build argument 'cmake_clean_first' from command line to 'False'
[0.371s] Level 5:colcon.colcon_core.verb:set package 'fix2nmea' build argument 'cmake_force_configure' from command line to 'False'
[0.371s] Level 5:colcon.colcon_core.verb:set package 'fix2nmea' build argument 'ament_cmake_args' from command line to 'None'
[0.372s] Level 5:colcon.colcon_core.verb:set package 'fix2nmea' build argument 'catkin_cmake_args' from command line to 'None'
[0.372s] Level 5:colcon.colcon_core.verb:set package 'fix2nmea' build argument 'catkin_skip_building_tests' from command line to 'False'
[0.372s] DEBUG:colcon.colcon_core.verb:Building package 'fix2nmea' with the following arguments: {'ament_cmake_args': None, 'build_base': '/home/jeanho/gps_rtk/build/fix2nmea', 'catkin_cmake_args': None, 'catkin_skip_building_tests': False, 'cmake_args': None, 'cmake_clean_cache': False, 'cmake_clean_first': False, 'cmake_force_configure': False, 'cmake_target': None, 'cmake_target_skip_unavailable': False, 'install_base': '/home/jeanho/gps_rtk/install/fix2nmea', 'merge_install': False, 'path': '/home/jeanho/gps_rtk/src/RTK_GPS_NTRIP/fix2nmea', 'symlink_install': False, 'test_result_base': None}
[0.372s] Level 5:colcon.colcon_core.verb:set package 'ublox_gps' build argument 'cmake_args' from command line to 'None'
[0.372s] Level 5:colcon.colcon_core.verb:set package 'ublox_gps' build argument 'cmake_target' from command line to 'None'
[0.372s] Level 5:colcon.colcon_core.verb:set package 'ublox_gps' build argument 'cmake_target_skip_unavailable' from command line to 'False'
[0.372s] Level 5:colcon.colcon_core.verb:set package 'ublox_gps' build argument 'cmake_clean_cache' from command line to 'False'
[0.372s] Level 5:colcon.colcon_core.verb:set package 'ublox_gps' build argument 'cmake_clean_first' from command line to 'False'
[0.372s] Level 5:colcon.colcon_core.verb:set package 'ublox_gps' build argument 'cmake_force_configure' from command line to 'False'
[0.372s] Level 5:colcon.colcon_core.verb:set package 'ublox_gps' build argument 'ament_cmake_args' from command line to 'None'
[0.372s] Level 5:colcon.colcon_core.verb:set package 'ublox_gps' build argument 'catkin_cmake_args' from command line to 'None'
[0.372s] Level 5:colcon.colcon_core.verb:set package 'ublox_gps' build argument 'catkin_skip_building_tests' from command line to 'False'
[0.372s] DEBUG:colcon.colcon_core.verb:Building package 'ublox_gps' with the following arguments: {'ament_cmake_args': None, 'build_base': '/home/jeanho/gps_rtk/build/ublox_gps', 'catkin_cmake_args': None, 'catkin_skip_building_tests': False, 'cmake_args': None, 'cmake_clean_cache': False, 'cmake_clean_first': False, 'cmake_force_configure': False, 'cmake_target': None, 'cmake_target_skip_unavailable': False, 'install_base': '/home/jeanho/gps_rtk/install/ublox_gps', 'merge_install': False, 'path': '/home/jeanho/gps_rtk/src/RTK_GPS_NTRIP/ublox_gps', 'symlink_install': False, 'test_result_base': None}
[0.372s] Level 5:colcon.colcon_core.verb:set package 'ublox' build argument 'cmake_args' from command line to 'None'
[0.372s] Level 5:colcon.colcon_core.verb:set package 'ublox' build argument 'cmake_target' from command line to 'None'
[0.372s] Level 5:colcon.colcon_core.verb:set package 'ublox' build argument 'cmake_target_skip_unavailable' from command line to 'False'
[0.372s] Level 5:colcon.colcon_core.verb:set package 'ublox' build argument 'cmake_clean_cache' from command line to 'False'
[0.372s] Level 5:colcon.colcon_core.verb:set package 'ublox' build argument 'cmake_clean_first' from command line to 'False'
[0.372s] Level 5:colcon.colcon_core.verb:set package 'ublox' build argument 'cmake_force_configure' from command line to 'False'
[0.372s] Level 5:colcon.colcon_core.verb:set package 'ublox' build argument 'ament_cmake_args' from command line to 'None'
[0.372s] Level 5:colcon.colcon_core.verb:set package 'ublox' build argument 'catkin_cmake_args' from command line to 'None'
[0.372s] Level 5:colcon.colcon_core.verb:set package 'ublox' build argument 'catkin_skip_building_tests' from command line to 'False'
[0.372s] DEBUG:colcon.colcon_core.verb:Building package 'ublox' with the following arguments: {'ament_cmake_args': None, 'build_base': '/home/jeanho/gps_rtk/build/ublox', 'catkin_cmake_args': None, 'catkin_skip_building_tests': False, 'cmake_args': None, 'cmake_clean_cache': False, 'cmake_clean_first': False, 'cmake_force_configure': False, 'cmake_target': None, 'cmake_target_skip_unavailable': False, 'install_base': '/home/jeanho/gps_rtk/install/ublox', 'merge_install': False, 'path': '/home/jeanho/gps_rtk/src/RTK_GPS_NTRIP/ublox', 'symlink_install': False, 'test_result_base': None}
[0.372s] INFO:colcon.colcon_core.executor:Executing jobs using 'parallel' executor
[0.373s] DEBUG:colcon.colcon_parallel_executor.executor.parallel:run_until_complete
[0.374s] INFO:colcon.colcon_ros.task.ament_cmake.build:Building ROS package in '/home/jeanho/gps_rtk/src/RTK_GPS_NTRIP/ublox_serialization' with build type 'ament_cmake'
[0.374s] INFO:colcon.colcon_cmake.task.cmake.build:Building CMake package in '/home/jeanho/gps_rtk/src/RTK_GPS_NTRIP/ublox_serialization'
[0.377s] INFO:colcon.colcon_core.plugin_system:Skipping extension 'colcon_core.shell.bat': Not used on non-Windows systems
[0.377s] INFO:colcon.colcon_core.shell:Skip shell extension 'powershell' for command environment: Not usable outside of PowerShell
[0.377s] DEBUG:colcon.colcon_core.shell:Skip shell extension 'dsv' for command environment
[0.379s] INFO:colcon.colcon_ros.task.ament_cmake.build:Building ROS package in '/home/jeanho/gps_rtk/src/RTK_GPS_NTRIP/rtcm_msgs' with build type 'ament_cmake'
[0.380s] INFO:colcon.colcon_cmake.task.cmake.build:Building CMake package in '/home/jeanho/gps_rtk/src/RTK_GPS_NTRIP/rtcm_msgs'
[0.380s] INFO:colcon.colcon_core.shell:Skip shell extension 'powershell' for command environment: Not usable outside of PowerShell
[0.380s] DEBUG:colcon.colcon_core.shell:Skip shell extension 'dsv' for command environment
[0.383s] INFO:colcon.colcon_ros.task.ament_python.build:Building ROS package in '/home/jeanho/gps_rtk/src/gps_visualizer' with build type 'ament_python'
[0.383s] Level 1:colcon.colcon_core.shell:create_environment_hook('gps_visualizer', 'ament_prefix_path')
[0.383s] INFO:colcon.colcon_core.shell:Creating environment hook '/home/jeanho/gps_rtk/install/gps_visualizer/share/gps_visualizer/hook/ament_prefix_path.ps1'
[0.384s] INFO:colcon.colcon_core.shell:Creating environment descriptor '/home/jeanho/gps_rtk/install/gps_visualizer/share/gps_visualizer/hook/ament_prefix_path.dsv'
[0.385s] INFO:colcon.colcon_core.shell:Creating environment hook '/home/jeanho/gps_rtk/install/gps_visualizer/share/gps_visualizer/hook/ament_prefix_path.sh'
[0.386s] INFO:colcon.colcon_core.shell:Skip shell extension 'powershell' for command environment: Not usable outside of PowerShell
[0.386s] DEBUG:colcon.colcon_core.shell:Skip shell extension 'dsv' for command environment
[0.387s] INFO:colcon.colcon_ros.task.ament_python.build:Building ROS package in '/home/jeanho/gps_rtk/src/RTK_GPS_NTRIP/ntrip_client' with build type 'ament_python'
[0.388s] Level 1:colcon.colcon_core.shell:create_environment_hook('ntrip_client', 'ament_prefix_path')
[0.388s] INFO:colcon.colcon_core.shell:Creating environment hook '/home/jeanho/gps_rtk/install/ntrip_client/share/ntrip_client/hook/ament_prefix_path.ps1'
[0.389s] INFO:colcon.colcon_core.shell:Creating environment descriptor '/home/jeanho/gps_rtk/install/ntrip_client/share/ntrip_client/hook/ament_prefix_path.dsv'
[0.389s] INFO:colcon.colcon_core.shell:Creating environment hook '/home/jeanho/gps_rtk/install/ntrip_client/share/ntrip_client/hook/ament_prefix_path.sh'
[0.390s] INFO:colcon.colcon_core.shell:Skip shell extension 'powershell' for command environment: Not usable outside of PowerShell
[0.390s] DEBUG:colcon.colcon_core.shell:Skip shell extension 'dsv' for command environment
[0.397s] DEBUG:colcon.colcon_core.event_handler.log_command:Invoking command in '/home/jeanho/gps_rtk/build/ublox_serialization': CMAKE_PREFIX_PATH=/opt/ros/humble /usr/bin/cmake --build /home/jeanho/gps_rtk/build/ublox_serialization -- -j24 -l24
[0.409s] DEBUG:colcon.colcon_core.event_handler.log_command:Invoking command in '/home/jeanho/gps_rtk/build/rtcm_msgs': CMAKE_PREFIX_PATH=/opt/ros/humble /usr/bin/cmake --build /home/jeanho/gps_rtk/build/rtcm_msgs -- -j24 -l24
[0.628s] INFO:colcon.colcon_core.task.python.build:Building Python package in '/home/jeanho/gps_rtk/src/gps_visualizer'
[0.629s] INFO:colcon.colcon_core.shell:Skip shell extension 'powershell' for command environment: Not usable outside of PowerShell
[0.629s] DEBUG:colcon.colcon_core.shell:Skip shell extension 'dsv' for command environment
[0.781s] INFO:colcon.colcon_core.task.python.build:Building Python package in '/home/jeanho/gps_rtk/src/RTK_GPS_NTRIP/ntrip_client'
[0.781s] INFO:colcon.colcon_core.shell:Skip shell extension 'powershell' for command environment: Not usable outside of PowerShell
[0.781s] DEBUG:colcon.colcon_core.shell:Skip shell extension 'dsv' for command environment
[0.784s] DEBUG:colcon.colcon_core.event_handler.log_command:Invoked command in '/home/jeanho/gps_rtk/build/ublox_serialization' returned '0': CMAKE_PREFIX_PATH=/opt/ros/humble /usr/bin/cmake --build /home/jeanho/gps_rtk/build/ublox_serialization -- -j24 -l24
[0.790s] DEBUG:colcon.colcon_core.event_handler.log_command:Invoking command in '/home/jeanho/gps_rtk/build/ublox_serialization': CMAKE_PREFIX_PATH=/opt/ros/humble /usr/bin/cmake --install /home/jeanho/gps_rtk/build/ublox_serialization
[0.798s] DEBUG:colcon.colcon_core.event_handler.log_command:Invoked command in '/home/jeanho/gps_rtk/build/rtcm_msgs' returned '0': CMAKE_PREFIX_PATH=/opt/ros/humble /usr/bin/cmake --build /home/jeanho/gps_rtk/build/rtcm_msgs -- -j24 -l24
[0.803s] DEBUG:colcon.colcon_core.event_handler.log_command:Invoking command in '/home/jeanho/gps_rtk/build/rtcm_msgs': CMAKE_PREFIX_PATH=/opt/ros/humble /usr/bin/cmake --install /home/jeanho/gps_rtk/build/rtcm_msgs
[0.805s] Level 1:colcon.colcon_core.environment:create_environment_scripts_only(ublox_serialization)
[0.806s] DEBUG:colcon.colcon_core.event_handler.log_command:Invoked command in '/home/jeanho/gps_rtk/build/ublox_serialization' returned '0': CMAKE_PREFIX_PATH=/opt/ros/humble /usr/bin/cmake --install /home/jeanho/gps_rtk/build/ublox_serialization
[0.815s] Level 1:colcon.colcon_core.environment:checking '/home/jeanho/gps_rtk/install/ublox_serialization' for CMake module files
[0.817s] Level 1:colcon.colcon_core.environment:checking '/home/jeanho/gps_rtk/install/ublox_serialization' for CMake config files
[0.821s] Level 1:colcon.colcon_core.shell:create_environment_hook('ublox_serialization', 'cmake_prefix_path')
[0.821s] INFO:colcon.colcon_core.shell:Creating environment hook '/home/jeanho/gps_rtk/install/ublox_serialization/share/ublox_serialization/hook/cmake_prefix_path.ps1'
[0.822s] INFO:colcon.colcon_core.shell:Creating environment descriptor '/home/jeanho/gps_rtk/install/ublox_serialization/share/ublox_serialization/hook/cmake_prefix_path.dsv'
[0.822s] INFO:colcon.colcon_core.shell:Creating environment hook '/home/jeanho/gps_rtk/install/ublox_serialization/share/ublox_serialization/hook/cmake_prefix_path.sh'
[0.823s] Level 1:colcon.colcon_core.environment:checking '/home/jeanho/gps_rtk/install/ublox_serialization/bin'
[0.823s] Level 1:colcon.colcon_core.environment:checking '/home/jeanho/gps_rtk/install/ublox_serialization/lib/pkgconfig/ublox_serialization.pc'
[0.823s] Level 1:colcon.colcon_core.environment:checking '/home/jeanho/gps_rtk/install/ublox_serialization/lib/python3.10/site-packages'
[0.823s] Level 1:colcon.colcon_core.environment:checking '/home/jeanho/gps_rtk/install/ublox_serialization/bin'
[0.823s] INFO:colcon.colcon_core.shell:Creating package script '/home/jeanho/gps_rtk/install/ublox_serialization/share/ublox_serialization/package.ps1'
[0.825s] INFO:colcon.colcon_core.shell:Creating package descriptor '/home/jeanho/gps_rtk/install/ublox_serialization/share/ublox_serialization/package.dsv'
[0.827s] INFO:colcon.colcon_core.shell:Creating package script '/home/jeanho/gps_rtk/install/ublox_serialization/share/ublox_serialization/package.sh'
[0.828s] INFO:colcon.colcon_core.shell:Creating package script '/home/jeanho/gps_rtk/install/ublox_serialization/share/ublox_serialization/package.bash'
[0.831s] INFO:colcon.colcon_core.shell:Creating package script '/home/jeanho/gps_rtk/install/ublox_serialization/share/ublox_serialization/package.zsh'
[0.831s] Level 1:colcon.colcon_core.environment:create_file_with_runtime_dependencies(/home/jeanho/gps_rtk/install/ublox_serialization/share/colcon-core/packages/ublox_serialization)
[0.832s] Level 1:colcon.colcon_core.environment:create_environment_scripts_only(ublox_serialization)
[0.832s] Level 1:colcon.colcon_core.environment:checking '/home/jeanho/gps_rtk/install/ublox_serialization' for CMake module files
[0.832s] Level 1:colcon.colcon_core.environment:checking '/home/jeanho/gps_rtk/install/ublox_serialization' for CMake config files
[0.833s] Level 1:colcon.colcon_core.shell:create_environment_hook('ublox_serialization', 'cmake_prefix_path')
[0.833s] INFO:colcon.colcon_core.shell:Creating environment hook '/home/jeanho/gps_rtk/install/ublox_serialization/share/ublox_serialization/hook/cmake_prefix_path.ps1'
[0.833s] INFO:colcon.colcon_core.shell:Creating environment descriptor '/home/jeanho/gps_rtk/install/ublox_serialization/share/ublox_serialization/hook/cmake_prefix_path.dsv'
[0.833s] INFO:colcon.colcon_core.shell:Creating environment hook '/home/jeanho/gps_rtk/install/ublox_serialization/share/ublox_serialization/hook/cmake_prefix_path.sh'
[0.834s] Level 1:colcon.colcon_core.environment:checking '/home/jeanho/gps_rtk/install/ublox_serialization/bin'
[0.834s] Level 1:colcon.colcon_core.environment:checking '/home/jeanho/gps_rtk/install/ublox_serialization/lib/pkgconfig/ublox_serialization.pc'
[0.834s] Level 1:colcon.colcon_core.environment:checking '/home/jeanho/gps_rtk/install/ublox_serialization/lib/python3.10/site-packages'
[0.834s] Level 1:colcon.colcon_core.environment:checking '/home/jeanho/gps_rtk/install/ublox_serialization/bin'
[0.834s] INFO:colcon.colcon_core.shell:Creating package script '/home/jeanho/gps_rtk/install/ublox_serialization/share/ublox_serialization/package.ps1'
[0.835s] INFO:colcon.colcon_core.shell:Creating package descriptor '/home/jeanho/gps_rtk/install/ublox_serialization/share/ublox_serialization/package.dsv'
[0.835s] INFO:colcon.colcon_core.shell:Creating package script '/home/jeanho/gps_rtk/install/ublox_serialization/share/ublox_serialization/package.sh'
[0.835s] INFO:colcon.colcon_core.shell:Creating package script '/home/jeanho/gps_rtk/install/ublox_serialization/share/ublox_serialization/package.bash'
[0.836s] INFO:colcon.colcon_core.shell:Creating package script '/home/jeanho/gps_rtk/install/ublox_serialization/share/ublox_serialization/package.zsh'
[0.836s] Level 1:colcon.colcon_core.environment:create_file_with_runtime_dependencies(/home/jeanho/gps_rtk/install/ublox_serialization/share/colcon-core/packages/ublox_serialization)
[0.836s] INFO:colcon.colcon_ros.task.ament_cmake.build:Building ROS package in '/home/jeanho/gps_rtk/src/RTK_GPS_NTRIP/ublox_msgs' with build type 'ament_cmake'
[0.836s] INFO:colcon.colcon_cmake.task.cmake.build:Building CMake package in '/home/jeanho/gps_rtk/src/RTK_GPS_NTRIP/ublox_msgs'
[0.837s] INFO:colcon.colcon_core.shell:Skip shell extension 'powershell' for command environment: Not usable outside of PowerShell
[0.837s] DEBUG:colcon.colcon_core.shell:Skip shell extension 'dsv' for command environment
[0.849s] Level 1:colcon.colcon_core.environment:create_environment_scripts_only(rtcm_msgs)
[0.850s] DEBUG:colcon.colcon_core.event_handler.log_command:Invoked command in '/home/jeanho/gps_rtk/build/rtcm_msgs' returned '0': CMAKE_PREFIX_PATH=/opt/ros/humble /usr/bin/cmake --install /home/jeanho/gps_rtk/build/rtcm_msgs
[0.850s] Level 1:colcon.colcon_core.environment:checking '/home/jeanho/gps_rtk/install/rtcm_msgs' for CMake module files
[0.851s] Level 1:colcon.colcon_core.environment:checking '/home/jeanho/gps_rtk/install/rtcm_msgs' for CMake config files
[0.851s] Level 1:colcon.colcon_core.shell:create_environment_hook('rtcm_msgs', 'cmake_prefix_path')
[0.851s] INFO:colcon.colcon_core.shell:Creating environment hook '/home/jeanho/gps_rtk/install/rtcm_msgs/share/rtcm_msgs/hook/cmake_prefix_path.ps1'
[0.852s] INFO:colcon.colcon_core.shell:Creating environment descriptor '/home/jeanho/gps_rtk/install/rtcm_msgs/share/rtcm_msgs/hook/cmake_prefix_path.dsv'
[0.852s] INFO:colcon.colcon_core.shell:Creating environment hook '/home/jeanho/gps_rtk/install/rtcm_msgs/share/rtcm_msgs/hook/cmake_prefix_path.sh'
[0.853s] Level 1:colcon.colcon_core.environment:checking '/home/jeanho/gps_rtk/install/rtcm_msgs/lib'
[0.853s] Level 1:colcon.colcon_core.shell:create_environment_hook('rtcm_msgs', 'ld_library_path_lib')
[0.853s] INFO:colcon.colcon_core.shell:Creating environment hook '/home/jeanho/gps_rtk/install/rtcm_msgs/share/rtcm_msgs/hook/ld_library_path_lib.ps1'
[0.853s] INFO:colcon.colcon_core.shell:Creating environment descriptor '/home/jeanho/gps_rtk/install/rtcm_msgs/share/rtcm_msgs/hook/ld_library_path_lib.dsv'
[0.854s] INFO:colcon.colcon_core.shell:Creating environment hook '/home/jeanho/gps_rtk/install/rtcm_msgs/share/rtcm_msgs/hook/ld_library_path_lib.sh'
[0.854s] Level 1:colcon.colcon_core.environment:checking '/home/jeanho/gps_rtk/install/rtcm_msgs/bin'
[0.854s] Level 1:colcon.colcon_core.environment:checking '/home/jeanho/gps_rtk/install/rtcm_msgs/lib/pkgconfig/rtcm_msgs.pc'
[0.854s] Level 1:colcon.colcon_core.environment:checking '/home/jeanho/gps_rtk/install/rtcm_msgs/lib/python3.10/site-packages'
[0.854s] Level 1:colcon.colcon_core.environment:checking '/home/jeanho/gps_rtk/install/rtcm_msgs/bin'
[0.854s] INFO:colcon.colcon_core.shell:Creating package script '/home/jeanho/gps_rtk/install/rtcm_msgs/share/rtcm_msgs/package.ps1'
[0.855s] INFO:colcon.colcon_core.shell:Creating package descriptor '/home/jeanho/gps_rtk/install/rtcm_msgs/share/rtcm_msgs/package.dsv'
[0.855s] INFO:colcon.colcon_core.shell:Creating package script '/home/jeanho/gps_rtk/install/rtcm_msgs/share/rtcm_msgs/package.sh'
[0.855s] INFO:colcon.colcon_core.shell:Creating package script '/home/jeanho/gps_rtk/install/rtcm_msgs/share/rtcm_msgs/package.bash'
[0.855s] INFO:colcon.colcon_core.shell:Creating package script '/home/jeanho/gps_rtk/install/rtcm_msgs/share/rtcm_msgs/package.zsh'
[0.856s] Level 1:colcon.colcon_core.environment:create_file_with_runtime_dependencies(/home/jeanho/gps_rtk/install/rtcm_msgs/share/colcon-core/packages/rtcm_msgs)
[0.856s] Level 1:colcon.colcon_core.environment:create_environment_scripts_only(rtcm_msgs)
[0.856s] Level 1:colcon.colcon_core.environment:checking '/home/jeanho/gps_rtk/install/rtcm_msgs' for CMake module files
[0.857s] Level 1:colcon.colcon_core.environment:checking '/home/jeanho/gps_rtk/install/rtcm_msgs' for CMake config files
[0.857s] Level 1:colcon.colcon_core.shell:create_environment_hook('rtcm_msgs', 'cmake_prefix_path')
[0.857s] INFO:colcon.colcon_core.shell:Creating environment hook '/home/jeanho/gps_rtk/install/rtcm_msgs/share/rtcm_msgs/hook/cmake_prefix_path.ps1'
[0.857s] INFO:colcon.colcon_core.shell:Creating environment descriptor '/home/jeanho/gps_rtk/install/rtcm_msgs/share/rtcm_msgs/hook/cmake_prefix_path.dsv'
[0.857s] INFO:colcon.colcon_core.shell:Creating environment hook '/home/jeanho/gps_rtk/install/rtcm_msgs/share/rtcm_msgs/hook/cmake_prefix_path.sh'
[0.858s] Level 1:colcon.colcon_core.environment:checking '/home/jeanho/gps_rtk/install/rtcm_msgs/lib'
[0.858s] Level 1:colcon.colcon_core.shell:create_environment_hook('rtcm_msgs', 'ld_library_path_lib')
[0.858s] INFO:colcon.colcon_core.shell:Creating environment hook '/home/jeanho/gps_rtk/install/rtcm_msgs/share/rtcm_msgs/hook/ld_library_path_lib.ps1'
[0.858s] INFO:colcon.colcon_core.shell:Creating environment descriptor '/home/jeanho/gps_rtk/install/rtcm_msgs/share/rtcm_msgs/hook/ld_library_path_lib.dsv'
[0.859s] INFO:colcon.colcon_core.shell:Creating environment hook '/home/jeanho/gps_rtk/install/rtcm_msgs/share/rtcm_msgs/hook/ld_library_path_lib.sh'
[0.859s] Level 1:colcon.colcon_core.environment:checking '/home/jeanho/gps_rtk/install/rtcm_msgs/bin'
[0.859s] Level 1:colcon.colcon_core.environment:checking '/home/jeanho/gps_rtk/install/rtcm_msgs/lib/pkgconfig/rtcm_msgs.pc'
[0.859s] Level 1:colcon.colcon_core.environment:checking '/home/jeanho/gps_rtk/install/rtcm_msgs/lib/python3.10/site-packages'
[0.859s] Level 1:colcon.colcon_core.environment:checking '/home/jeanho/gps_rtk/install/rtcm_msgs/bin'
[0.859s] INFO:colcon.colcon_core.shell:Creating package script '/home/jeanho/gps_rtk/install/rtcm_msgs/share/rtcm_msgs/package.ps1'
[0.860s] INFO:colcon.colcon_core.shell:Creating package descriptor '/home/jeanho/gps_rtk/install/rtcm_msgs/share/rtcm_msgs/package.dsv'
[0.860s] INFO:colcon.colcon_core.shell:Creating package script '/home/jeanho/gps_rtk/install/rtcm_msgs/share/rtcm_msgs/package.sh'
[0.860s] INFO:colcon.colcon_core.shell:Creating package script '/home/jeanho/gps_rtk/install/rtcm_msgs/share/rtcm_msgs/package.bash'
[0.860s] INFO:colcon.colcon_core.shell:Creating package script '/home/jeanho/gps_rtk/install/rtcm_msgs/share/rtcm_msgs/package.zsh'
[0.861s] Level 1:colcon.colcon_core.environment:create_file_with_runtime_dependencies(/home/jeanho/gps_rtk/install/rtcm_msgs/share/colcon-core/packages/rtcm_msgs)
[0.923s] DEBUG:colcon.colcon_core.event_handler.log_command:Invoking command in '/home/jeanho/gps_rtk/build/ublox_msgs': AMENT_PREFIX_PATH=/home/jeanho/gps_rtk/install/ublox_serialization:${AMENT_PREFIX_PATH} CMAKE_PREFIX_PATH=/home/jeanho/gps_rtk/install/ublox_serialization:/opt/ros/humble /usr/bin/cmake --build /home/jeanho/gps_rtk/build/ublox_msgs -- -j24 -l24
[1.045s] DEBUG:colcon.colcon_core.event_handler.log_command:Invoking command in '/home/jeanho/gps_rtk/src/gps_visualizer': PYTHONPATH=/home/jeanho/gps_rtk/build/gps_visualizer/prefix_override:/usr/lib/python3/dist-packages/colcon_core/task/python/colcon_distutils_commands:/home/jeanho/gps_rtk/install/gps_visualizer/lib/python3.10/site-packages:${PYTHONPATH} /usr/bin/python3 -W ignore:setup.py install is deprecated -W ignore:easy_install command is deprecated setup.py egg_info --egg-base ../../build/gps_visualizer build --build-base /home/jeanho/gps_rtk/build/gps_visualizer/build install --record /home/jeanho/gps_rtk/build/gps_visualizer/install.log --single-version-externally-managed install_data
[1.063s] DEBUG:colcon.colcon_core.event_handler.log_command:Invoking command in '/home/jeanho/gps_rtk/src/RTK_GPS_NTRIP/ntrip_client': PYTHONPATH=/home/jeanho/gps_rtk/build/ntrip_client/prefix_override:/usr/lib/python3/dist-packages/colcon_core/task/python/colcon_distutils_commands:/home/jeanho/gps_rtk/install/ntrip_client/lib/python3.10/site-packages:${PYTHONPATH} /usr/bin/python3 -W ignore:setup.py install is deprecated -W ignore:easy_install command is deprecated setup.py egg_info --egg-base ../../../build/ntrip_client build --build-base /home/jeanho/gps_rtk/build/ntrip_client/build install --record /home/jeanho/gps_rtk/build/ntrip_client/install.log --single-version-externally-managed install_data
[1.183s] DEBUG:colcon.colcon_core.event_handler.log_command:Invoked command in '/home/jeanho/gps_rtk/build/ublox_msgs' returned '0': AMENT_PREFIX_PATH=/home/jeanho/gps_rtk/install/ublox_serialization:${AMENT_PREFIX_PATH} CMAKE_PREFIX_PATH=/home/jeanho/gps_rtk/install/ublox_serialization:/opt/ros/humble /usr/bin/cmake --build /home/jeanho/gps_rtk/build/ublox_msgs -- -j24 -l24
[1.184s] DEBUG:colcon.colcon_core.event_handler.log_command:Invoking command in '/home/jeanho/gps_rtk/build/ublox_msgs': AMENT_PREFIX_PATH=/home/jeanho/gps_rtk/install/ublox_serialization:${AMENT_PREFIX_PATH} CMAKE_PREFIX_PATH=/home/jeanho/gps_rtk/install/ublox_serialization:/opt/ros/humble /usr/bin/cmake --install /home/jeanho/gps_rtk/build/ublox_msgs
[1.235s] Level 1:colcon.colcon_core.environment:checking '/home/jeanho/gps_rtk/install/gps_visualizer' for CMake module files
[1.241s] Level 1:colcon.colcon_core.environment:checking '/home/jeanho/gps_rtk/install/gps_visualizer' for CMake config files
[1.265s] Level 1:colcon.colcon_core.environment:checking '/home/jeanho/gps_rtk/install/gps_visualizer/lib'
[1.266s] Level 1:colcon.colcon_core.environment:checking '/home/jeanho/gps_rtk/install/gps_visualizer/bin'
[1.266s] Level 1:colcon.colcon_core.environment:checking '/home/jeanho/gps_rtk/install/gps_visualizer/lib/pkgconfig/gps_visualizer.pc'
[1.267s] Level 1:colcon.colcon_core.environment:checking '/home/jeanho/gps_rtk/install/gps_visualizer/lib/python3.10/site-packages'
[1.268s] Level 1:colcon.colcon_core.shell:create_environment_hook('gps_visualizer', 'pythonpath')
[1.268s] INFO:colcon.colcon_core.shell:Creating environment hook '/home/jeanho/gps_rtk/install/gps_visualizer/share/gps_visualizer/hook/pythonpath.ps1'
[1.277s] INFO:colcon.colcon_core.shell:Creating environment descriptor '/home/jeanho/gps_rtk/install/gps_visualizer/share/gps_visualizer/hook/pythonpath.dsv'
[1.281s] INFO:colcon.colcon_core.shell:Creating environment hook '/home/jeanho/gps_rtk/install/gps_visualizer/share/gps_visualizer/hook/pythonpath.sh'
[1.282s] Level 1:colcon.colcon_core.environment:checking '/home/jeanho/gps_rtk/install/gps_visualizer/bin'
[1.284s] Level 1:colcon.colcon_core.environment:create_environment_scripts_only(gps_visualizer)
[1.284s] INFO:colcon.colcon_core.shell:Creating package script '/home/jeanho/gps_rtk/install/gps_visualizer/share/gps_visualizer/package.ps1'
[1.293s] INFO:colcon.colcon_core.shell:Creating package descriptor '/home/jeanho/gps_rtk/install/gps_visualizer/share/gps_visualizer/package.dsv'
[1.296s] INFO:colcon.colcon_core.shell:Creating package script '/home/jeanho/gps_rtk/install/gps_visualizer/share/gps_visualizer/package.sh'
[1.301s] INFO:colcon.colcon_core.shell:Creating package script '/home/jeanho/gps_rtk/install/gps_visualizer/share/gps_visualizer/package.bash'
[1.303s] INFO:colcon.colcon_core.shell:Creating package script '/home/jeanho/gps_rtk/install/gps_visualizer/share/gps_visualizer/package.zsh'
[1.313s] Level 1:colcon.colcon_core.environment:create_file_with_runtime_dependencies(/home/jeanho/gps_rtk/install/gps_visualizer/share/colcon-core/packages/gps_visualizer)
[1.317s] Level 1:colcon.colcon_core.environment:checking '/home/jeanho/gps_rtk/install/ntrip_client' for CMake module files
[1.329s] Level 1:colcon.colcon_core.environment:checking '/home/jeanho/gps_rtk/install/ntrip_client' for CMake config files
[1.341s] Level 1:colcon.colcon_core.environment:checking '/home/jeanho/gps_rtk/install/ntrip_client/lib'
[1.342s] Level 1:colcon.colcon_core.environment:checking '/home/jeanho/gps_rtk/install/ntrip_client/bin'
[1.342s] Level 1:colcon.colcon_core.environment:checking '/home/jeanho/gps_rtk/install/ntrip_client/lib/pkgconfig/ntrip_client.pc'
[1.343s] Level 1:colcon.colcon_core.environment:checking '/home/jeanho/gps_rtk/install/ntrip_client/lib/python3.10/site-packages'
[1.343s] Level 1:colcon.colcon_core.shell:create_environment_hook('ntrip_client', 'pythonpath')
[1.344s] INFO:colcon.colcon_core.shell:Creating environment hook '/home/jeanho/gps_rtk/install/ntrip_client/share/ntrip_client/hook/pythonpath.ps1'
[1.348s] INFO:colcon.colcon_core.shell:Creating environment descriptor '/home/jeanho/gps_rtk/install/ntrip_client/share/ntrip_client/hook/pythonpath.dsv'
[1.349s] INFO:colcon.colcon_core.shell:Creating environment hook '/home/jeanho/gps_rtk/install/ntrip_client/share/ntrip_client/hook/pythonpath.sh'
[1.353s] Level 1:colcon.colcon_core.environment:checking '/home/jeanho/gps_rtk/install/ntrip_client/bin'
[1.353s] Level 1:colcon.colcon_core.environment:create_environment_scripts_only(ntrip_client)
[1.353s] INFO:colcon.colcon_core.shell:Creating package script '/home/jeanho/gps_rtk/install/ntrip_client/share/ntrip_client/package.ps1'
[1.355s] INFO:colcon.colcon_core.shell:Creating package descriptor '/home/jeanho/gps_rtk/install/ntrip_client/share/ntrip_client/package.dsv'
[1.360s] INFO:colcon.colcon_core.shell:Creating package script '/home/jeanho/gps_rtk/install/ntrip_client/share/ntrip_client/package.sh'
[1.366s] INFO:colcon.colcon_core.shell:Creating package script '/home/jeanho/gps_rtk/install/ntrip_client/share/ntrip_client/package.bash'
[1.373s] INFO:colcon.colcon_core.shell:Creating package script '/home/jeanho/gps_rtk/install/ntrip_client/share/ntrip_client/package.zsh'
[1.374s] Level 1:colcon.colcon_core.environment:create_file_with_runtime_dependencies(/home/jeanho/gps_rtk/install/ntrip_client/share/colcon-core/packages/ntrip_client)
[1.376s] Level 1:colcon.colcon_core.environment:create_environment_scripts_only(ublox_msgs)
[1.377s] Level 1:colcon.colcon_core.environment:checking '/home/jeanho/gps_rtk/install/ublox_msgs' for CMake module files
[1.390s] Level 1:colcon.colcon_core.environment:checking '/home/jeanho/gps_rtk/install/ublox_msgs' for CMake config files
[1.408s] DEBUG:colcon.colcon_core.event_handler.log_command:Invoked command in '/home/jeanho/gps_rtk/src/gps_visualizer' returned '0': PYTHONPATH=/home/jeanho/gps_rtk/build/gps_visualizer/prefix_override:/usr/lib/python3/dist-packages/colcon_core/task/python/colcon_distutils_commands:/home/jeanho/gps_rtk/install/gps_visualizer/lib/python3.10/site-packages:${PYTHONPATH} /usr/bin/python3 -W ignore:setup.py install is deprecated -W ignore:easy_install command is deprecated setup.py egg_info --egg-base ../../build/gps_visualizer build --build-base /home/jeanho/gps_rtk/build/gps_visualizer/build install --record /home/jeanho/gps_rtk/build/gps_visualizer/install.log --single-version-externally-managed install_data
[1.434s] DEBUG:colcon.colcon_core.event_handler.log_command:Invoked command in '/home/jeanho/gps_rtk/src/RTK_GPS_NTRIP/ntrip_client' returned '0': PYTHONPATH=/home/jeanho/gps_rtk/build/ntrip_client/prefix_override:/usr/lib/python3/dist-packages/colcon_core/task/python/colcon_distutils_commands:/home/jeanho/gps_rtk/install/ntrip_client/lib/python3.10/site-packages:${PYTHONPATH} /usr/bin/python3 -W ignore:setup.py install is deprecated -W ignore:easy_install command is deprecated setup.py egg_info --egg-base ../../../build/ntrip_client build --build-base /home/jeanho/gps_rtk/build/ntrip_client/build install --record /home/jeanho/gps_rtk/build/ntrip_client/install.log --single-version-externally-managed install_data
[1.435s] DEBUG:colcon.colcon_core.event_handler.log_command:Invoked command in '/home/jeanho/gps_rtk/build/ublox_msgs' returned '0': AMENT_PREFIX_PATH=/home/jeanho/gps_rtk/install/ublox_serialization:${AMENT_PREFIX_PATH} CMAKE_PREFIX_PATH=/home/jeanho/gps_rtk/install/ublox_serialization:/opt/ros/humble /usr/bin/cmake --install /home/jeanho/gps_rtk/build/ublox_msgs
[1.436s] Level 1:colcon.colcon_core.shell:create_environment_hook('ublox_msgs', 'cmake_prefix_path')
[1.436s] INFO:colcon.colcon_core.shell:Creating environment hook '/home/jeanho/gps_rtk/install/ublox_msgs/share/ublox_msgs/hook/cmake_prefix_path.ps1'
[1.436s] INFO:colcon.colcon_core.shell:Creating environment descriptor '/home/jeanho/gps_rtk/install/ublox_msgs/share/ublox_msgs/hook/cmake_prefix_path.dsv'
[1.437s] INFO:colcon.colcon_core.shell:Creating environment hook '/home/jeanho/gps_rtk/install/ublox_msgs/share/ublox_msgs/hook/cmake_prefix_path.sh'
[1.437s] Level 1:colcon.colcon_core.environment:checking '/home/jeanho/gps_rtk/install/ublox_msgs/lib'
[1.437s] Level 1:colcon.colcon_core.shell:create_environment_hook('ublox_msgs', 'ld_library_path_lib')
[1.437s] INFO:colcon.colcon_core.shell:Creating environment hook '/home/jeanho/gps_rtk/install/ublox_msgs/share/ublox_msgs/hook/ld_library_path_lib.ps1'
[1.437s] INFO:colcon.colcon_core.shell:Creating environment descriptor '/home/jeanho/gps_rtk/install/ublox_msgs/share/ublox_msgs/hook/ld_library_path_lib.dsv'
[1.438s] INFO:colcon.colcon_core.shell:Creating environment hook '/home/jeanho/gps_rtk/install/ublox_msgs/share/ublox_msgs/hook/ld_library_path_lib.sh'
[1.438s] Level 1:colcon.colcon_core.environment:checking '/home/jeanho/gps_rtk/install/ublox_msgs/bin'
[1.438s] Level 1:colcon.colcon_core.environment:checking '/home/jeanho/gps_rtk/install/ublox_msgs/lib/pkgconfig/ublox_msgs.pc'
[1.438s] Level 1:colcon.colcon_core.environment:checking '/home/jeanho/gps_rtk/install/ublox_msgs/lib/python3.10/site-packages'
[1.438s] Level 1:colcon.colcon_core.environment:checking '/home/jeanho/gps_rtk/install/ublox_msgs/bin'
[1.438s] INFO:colcon.colcon_core.shell:Creating package script '/home/jeanho/gps_rtk/install/ublox_msgs/share/ublox_msgs/package.ps1'
[1.438s] INFO:colcon.colcon_core.shell:Creating package descriptor '/home/jeanho/gps_rtk/install/ublox_msgs/share/ublox_msgs/package.dsv'
[1.438s] INFO:colcon.colcon_core.shell:Creating package script '/home/jeanho/gps_rtk/install/ublox_msgs/share/ublox_msgs/package.sh'
[1.439s] INFO:colcon.colcon_core.shell:Creating package script '/home/jeanho/gps_rtk/install/ublox_msgs/share/ublox_msgs/package.bash'
[1.439s] INFO:colcon.colcon_core.shell:Creating package script '/home/jeanho/gps_rtk/install/ublox_msgs/share/ublox_msgs/package.zsh'
[1.439s] Level 1:colcon.colcon_core.environment:create_file_with_runtime_dependencies(/home/jeanho/gps_rtk/install/ublox_msgs/share/colcon-core/packages/ublox_msgs)
[1.439s] Level 1:colcon.colcon_core.environment:create_environment_scripts_only(ublox_msgs)
[1.439s] Level 1:colcon.colcon_core.environment:checking '/home/jeanho/gps_rtk/install/ublox_msgs' for CMake module files
[1.440s] Level 1:colcon.colcon_core.environment:checking '/home/jeanho/gps_rtk/install/ublox_msgs' for CMake config files
[1.441s] Level 1:colcon.colcon_core.shell:create_environment_hook('ublox_msgs', 'cmake_prefix_path')
[1.441s] INFO:colcon.colcon_core.shell:Creating environment hook '/home/jeanho/gps_rtk/install/ublox_msgs/share/ublox_msgs/hook/cmake_prefix_path.ps1'
[1.441s] INFO:colcon.colcon_core.shell:Creating environment descriptor '/home/jeanho/gps_rtk/install/ublox_msgs/share/ublox_msgs/hook/cmake_prefix_path.dsv'
[1.441s] INFO:colcon.colcon_core.shell:Creating environment hook '/home/jeanho/gps_rtk/install/ublox_msgs/share/ublox_msgs/hook/cmake_prefix_path.sh'
[1.441s] Level 1:colcon.colcon_core.environment:checking '/home/jeanho/gps_rtk/install/ublox_msgs/lib'
[1.441s] Level 1:colcon.colcon_core.shell:create_environment_hook('ublox_msgs', 'ld_library_path_lib')
[1.441s] INFO:colcon.colcon_core.shell:Creating environment hook '/home/jeanho/gps_rtk/install/ublox_msgs/share/ublox_msgs/hook/ld_library_path_lib.ps1'
[1.442s] INFO:colcon.colcon_core.shell:Creating environment descriptor '/home/jeanho/gps_rtk/install/ublox_msgs/share/ublox_msgs/hook/ld_library_path_lib.dsv'
[1.442s] INFO:colcon.colcon_core.shell:Creating environment hook '/home/jeanho/gps_rtk/install/ublox_msgs/share/ublox_msgs/hook/ld_library_path_lib.sh'
[1.442s] Level 1:colcon.colcon_core.environment:checking '/home/jeanho/gps_rtk/install/ublox_msgs/bin'
[1.442s] Level 1:colcon.colcon_core.environment:checking '/home/jeanho/gps_rtk/install/ublox_msgs/lib/pkgconfig/ublox_msgs.pc'
[1.442s] Level 1:colcon.colcon_core.environment:checking '/home/jeanho/gps_rtk/install/ublox_msgs/lib/python3.10/site-packages'
[1.442s] Level 1:colcon.colcon_core.environment:checking '/home/jeanho/gps_rtk/install/ublox_msgs/bin'
[1.442s] INFO:colcon.colcon_core.shell:Creating package script '/home/jeanho/gps_rtk/install/ublox_msgs/share/ublox_msgs/package.ps1'
[1.442s] INFO:colcon.colcon_core.shell:Creating package descriptor '/home/jeanho/gps_rtk/install/ublox_msgs/share/ublox_msgs/package.dsv'
[1.443s] INFO:colcon.colcon_core.shell:Creating package script '/home/jeanho/gps_rtk/install/ublox_msgs/share/ublox_msgs/package.sh'
[1.443s] INFO:colcon.colcon_core.shell:Creating package script '/home/jeanho/gps_rtk/install/ublox_msgs/share/ublox_msgs/package.bash'
[1.443s] INFO:colcon.colcon_core.shell:Creating package script '/home/jeanho/gps_rtk/install/ublox_msgs/share/ublox_msgs/package.zsh'
[1.443s] Level 1:colcon.colcon_core.environment:create_file_with_runtime_dependencies(/home/jeanho/gps_rtk/install/ublox_msgs/share/colcon-core/packages/ublox_msgs)
[1.443s] INFO:colcon.colcon_ros.task.ament_cmake.build:Building ROS package in '/home/jeanho/gps_rtk/src/RTK_GPS_NTRIP/ublox_gps' with build type 'ament_cmake'
[1.444s] INFO:colcon.colcon_cmake.task.cmake.build:Building CMake package in '/home/jeanho/gps_rtk/src/RTK_GPS_NTRIP/ublox_gps'
[1.444s] INFO:colcon.colcon_core.shell:Skip shell extension 'powershell' for command environment: Not usable outside of PowerShell
[1.444s] DEBUG:colcon.colcon_core.shell:Skip shell extension 'dsv' for command environment
[1.446s] INFO:colcon.colcon_ros.task.ament_cmake.build:Building ROS package in '/home/jeanho/gps_rtk/src/RTK_GPS_NTRIP/fix2nmea' with build type 'ament_cmake'
[1.446s] INFO:colcon.colcon_cmake.task.cmake.build:Building CMake package in '/home/jeanho/gps_rtk/src/RTK_GPS_NTRIP/fix2nmea'
[1.446s] INFO:colcon.colcon_core.shell:Skip shell extension 'powershell' for command environment: Not usable outside of PowerShell
[1.446s] DEBUG:colcon.colcon_core.shell:Skip shell extension 'dsv' for command environment
[1.556s] DEBUG:colcon.colcon_core.event_handler.log_command:Invoking command in '/home/jeanho/gps_rtk/build/fix2nmea': AMENT_PREFIX_PATH=/home/jeanho/gps_rtk/install/ublox_msgs:/home/jeanho/gps_rtk/install/ublox_serialization:${AMENT_PREFIX_PATH} CMAKE_PREFIX_PATH=/home/jeanho/gps_rtk/install/ublox_msgs:/home/jeanho/gps_rtk/install/ublox_serialization:/opt/ros/humble LD_LIBRARY_PATH=/home/jeanho/gps_rtk/install/ublox_msgs/lib:/opt/ros/humble/opt/rviz_ogre_vendor/lib:/opt/ros/humble/lib/x86_64-linux-gnu:/opt/ros/humble/lib:/home/jeanho/acados/lib PYTHONPATH=/home/jeanho/gps_rtk/install/ublox_msgs/local/lib/python3.10/dist-packages:${PYTHONPATH} /usr/bin/cmake --build /home/jeanho/gps_rtk/build/fix2nmea -- -j24 -l24
[1.675s] DEBUG:colcon.colcon_core.event_handler.log_command:Invoking command in '/home/jeanho/gps_rtk/build/ublox_gps': AMENT_PREFIX_PATH=/home/jeanho/gps_rtk/install/ublox_msgs:/home/jeanho/gps_rtk/install/ublox_serialization:/home/jeanho/gps_rtk/install/rtcm_msgs:${AMENT_PREFIX_PATH} CMAKE_PREFIX_PATH=/home/jeanho/gps_rtk/install/ublox_msgs:/home/jeanho/gps_rtk/install/ublox_serialization:/home/jeanho/gps_rtk/install/rtcm_msgs:/opt/ros/humble LD_LIBRARY_PATH=/home/jeanho/gps_rtk/install/ublox_msgs/lib:/home/jeanho/gps_rtk/install/rtcm_msgs/lib:/opt/ros/humble/opt/rviz_ogre_vendor/lib:/opt/ros/humble/lib/x86_64-linux-gnu:/opt/ros/humble/lib:/home/jeanho/acados/lib PYTHONPATH=/home/jeanho/gps_rtk/install/ublox_msgs/local/lib/python3.10/dist-packages:/home/jeanho/gps_rtk/install/rtcm_msgs/local/lib/python3.10/dist-packages:${PYTHONPATH} /usr/bin/cmake --build /home/jeanho/gps_rtk/build/ublox_gps -- -j24 -l24
[3.032s] DEBUG:colcon.colcon_core.event_handler.log_command:Invoked command in '/home/jeanho/gps_rtk/build/ublox_gps' returned '2': AMENT_PREFIX_PATH=/home/jeanho/gps_rtk/install/ublox_msgs:/home/jeanho/gps_rtk/install/ublox_serialization:/home/jeanho/gps_rtk/install/rtcm_msgs:${AMENT_PREFIX_PATH} CMAKE_PREFIX_PATH=/home/jeanho/gps_rtk/install/ublox_msgs:/home/jeanho/gps_rtk/install/ublox_serialization:/home/jeanho/gps_rtk/install/rtcm_msgs:/opt/ros/humble LD_LIBRARY_PATH=/home/jeanho/gps_rtk/install/ublox_msgs/lib:/home/jeanho/gps_rtk/install/rtcm_msgs/lib:/opt/ros/humble/opt/rviz_ogre_vendor/lib:/opt/ros/humble/lib/x86_64-linux-gnu:/opt/ros/humble/lib:/home/jeanho/acados/lib PYTHONPATH=/home/jeanho/gps_rtk/install/ublox_msgs/local/lib/python3.10/dist-packages:/home/jeanho/gps_rtk/install/rtcm_msgs/local/lib/python3.10/dist-packages:${PYTHONPATH} /usr/bin/cmake --build /home/jeanho/gps_rtk/build/ublox_gps -- -j24 -l24
[3.032s] Level 1:colcon.colcon_core.environment:create_environment_scripts_only(ublox_gps)
[3.032s] Level 1:colcon.colcon_core.environment:checking '/home/jeanho/gps_rtk/install/ublox_gps' for CMake module files
[3.033s] Level 1:colcon.colcon_core.environment:checking '/home/jeanho/gps_rtk/install/ublox_gps' for CMake config files
[3.033s] Level 1:colcon.colcon_core.shell:create_environment_hook('ublox_gps', 'cmake_prefix_path')
[3.033s] INFO:colcon.colcon_core.shell:Creating environment hook '/home/jeanho/gps_rtk/install/ublox_gps/share/ublox_gps/hook/cmake_prefix_path.ps1'
[3.033s] INFO:colcon.colcon_core.shell:Creating environment descriptor '/home/jeanho/gps_rtk/install/ublox_gps/share/ublox_gps/hook/cmake_prefix_path.dsv'
[3.033s] INFO:colcon.colcon_core.shell:Creating environment hook '/home/jeanho/gps_rtk/install/ublox_gps/share/ublox_gps/hook/cmake_prefix_path.sh'
[3.034s] Level 1:colcon.colcon_core.environment:checking '/home/jeanho/gps_rtk/install/ublox_gps/lib'
[3.034s] Level 1:colcon.colcon_core.shell:create_environment_hook('ublox_gps', 'ld_library_path_lib')
[3.034s] INFO:colcon.colcon_core.shell:Creating environment hook '/home/jeanho/gps_rtk/install/ublox_gps/share/ublox_gps/hook/ld_library_path_lib.ps1'
[3.034s] INFO:colcon.colcon_core.shell:Creating environment descriptor '/home/jeanho/gps_rtk/install/ublox_gps/share/ublox_gps/hook/ld_library_path_lib.dsv'
[3.034s] INFO:colcon.colcon_core.shell:Creating environment hook '/home/jeanho/gps_rtk/install/ublox_gps/share/ublox_gps/hook/ld_library_path_lib.sh'
[3.034s] Level 1:colcon.colcon_core.environment:checking '/home/jeanho/gps_rtk/install/ublox_gps/bin'
[3.034s] Level 1:colcon.colcon_core.environment:checking '/home/jeanho/gps_rtk/install/ublox_gps/lib/pkgconfig/ublox_gps.pc'
[3.034s] Level 1:colcon.colcon_core.environment:checking '/home/jeanho/gps_rtk/install/ublox_gps/lib/python3.10/site-packages'
[3.034s] Level 1:colcon.colcon_core.environment:checking '/home/jeanho/gps_rtk/install/ublox_gps/bin'
[3.035s] INFO:colcon.colcon_core.shell:Creating package script '/home/jeanho/gps_rtk/install/ublox_gps/share/ublox_gps/package.ps1'
[3.035s] INFO:colcon.colcon_core.shell:Creating package descriptor '/home/jeanho/gps_rtk/install/ublox_gps/share/ublox_gps/package.dsv'
[3.035s] INFO:colcon.colcon_core.shell:Creating package script '/home/jeanho/gps_rtk/install/ublox_gps/share/ublox_gps/package.sh'
[3.035s] INFO:colcon.colcon_core.shell:Creating package script '/home/jeanho/gps_rtk/install/ublox_gps/share/ublox_gps/package.bash'
[3.035s] INFO:colcon.colcon_core.shell:Creating package script '/home/jeanho/gps_rtk/install/ublox_gps/share/ublox_gps/package.zsh'
[3.035s] Level 1:colcon.colcon_core.environment:create_file_with_runtime_dependencies(/home/jeanho/gps_rtk/install/ublox_gps/share/colcon-core/packages/ublox_gps)
[10.644s] DEBUG:colcon.colcon_parallel_executor.executor.parallel:closing loop
[10.644s] DEBUG:colcon.colcon_parallel_executor.executor.parallel:loop closed
[10.644s] DEBUG:colcon.colcon_parallel_executor.executor.parallel:run_until_complete finished with '2'
[10.644s] DEBUG:colcon.colcon_core.event_reactor:joining thread
[10.702s] INFO:colcon.colcon_core.plugin_system:Skipping extension 'colcon_notification.desktop_notification.notify_send': Could not find 'notify-send'
[10.702s] INFO:colcon.colcon_core.plugin_system:Skipping extension 'colcon_notification.desktop_notification.terminal_notifier': Not used on non-Darwin systems
[10.702s] INFO:colcon.colcon_core.plugin_system:Skipping extension 'colcon_notification.desktop_notification.win32': Not used on non-Windows systems
[10.702s] INFO:colcon.colcon_notification.desktop_notification:Sending desktop notification using 'notify2'
[10.702s] DEBUG:colcon.colcon_notification.desktop_notification.notify2:Failed to initialize notify2: org.freedesktop.DBus.Error.FileNotFound: Failed to connect to socket /run/user/1000/bus: No such file or directory
[10.702s] DEBUG:colcon.colcon_core.event_reactor:joined thread
[10.702s] INFO:colcon.colcon_core.shell:Creating prefix script '/home/jeanho/gps_rtk/install/local_setup.ps1'
[10.703s] INFO:colcon.colcon_core.shell:Creating prefix util module '/home/jeanho/gps_rtk/install/_local_setup_util_ps1.py'
[10.704s] INFO:colcon.colcon_core.shell:Creating prefix chain script '/home/jeanho/gps_rtk/install/setup.ps1'
[10.705s] INFO:colcon.colcon_core.shell:Creating prefix script '/home/jeanho/gps_rtk/install/local_setup.sh'
[10.705s] INFO:colcon.colcon_core.shell:Creating prefix util module '/home/jeanho/gps_rtk/install/_local_setup_util_sh.py'
[10.705s] INFO:colcon.colcon_core.shell:Creating prefix chain script '/home/jeanho/gps_rtk/install/setup.sh'
[10.706s] INFO:colcon.colcon_core.shell:Creating prefix script '/home/jeanho/gps_rtk/install/local_setup.bash'
[10.706s] INFO:colcon.colcon_core.shell:Creating prefix chain script '/home/jeanho/gps_rtk/install/setup.bash'
[10.707s] INFO:colcon.colcon_core.shell:Creating prefix script '/home/jeanho/gps_rtk/install/local_setup.zsh'
[10.707s] INFO:colcon.colcon_core.shell:Creating prefix chain script '/home/jeanho/gps_rtk/install/setup.zsh'
