[0.019s] Invoking command in '/home/jeanho/gps_rtk/build/ublox': CMAKE_PREFIX_PATH=/home/jeanho/gps_rtk/install/ublox_gps:/home/jeanho/gps_rtk/install/ublox_msgs:/home/jeanho/gps_rtk/install/ublox_serialization:/home/jeanho/gps_rtk/install/rtcm_msgs:/home/jeanho/gps_rtk/install/ublox:/home/jeanho/gps_rtk/install/fix2nmea:/home/jeanho/ros2_ws/install/launch_pkg:/home/jeanho/ros2_ws/install/interfaces_pkg:/home/jeanho/gps_rtk/install/ntrip_client:/home/jeanho/gps_rtk/install/gps_visualizer:/home/jeanho/ros2_ws/install/serial_communication_pkg:/home/jeanho/ros2_ws/install/lidar_perception_pkg:/home/jeanho/ros2_ws/install/decision_making_pkg:/home/jeanho/ros2_ws/install/debug_pkg:/home/jeanho/ros2_ws/install/camera_perception_pkg:/opt/ros/humble /usr/bin/cmake --build /home/jeanho/gps_rtk/build/ublox -- -j24 -l24
[0.053s] Invoked command in '/home/jeanho/gps_rtk/build/ublox' returned '0': CMAKE_PREFIX_PATH=/home/jeanho/gps_rtk/install/ublox_gps:/home/jeanho/gps_rtk/install/ublox_msgs:/home/jeanho/gps_rtk/install/ublox_serialization:/home/jeanho/gps_rtk/install/rtcm_msgs:/home/jeanho/gps_rtk/install/ublox:/home/jeanho/gps_rtk/install/fix2nmea:/home/jeanho/ros2_ws/install/launch_pkg:/home/jeanho/ros2_ws/install/interfaces_pkg:/home/jeanho/gps_rtk/install/ntrip_client:/home/jeanho/gps_rtk/install/gps_visualizer:/home/jeanho/ros2_ws/install/serial_communication_pkg:/home/jeanho/ros2_ws/install/lidar_perception_pkg:/home/jeanho/ros2_ws/install/decision_making_pkg:/home/jeanho/ros2_ws/install/debug_pkg:/home/jeanho/ros2_ws/install/camera_perception_pkg:/opt/ros/humble /usr/bin/cmake --build /home/jeanho/gps_rtk/build/ublox -- -j24 -l24
[0.059s] Invoking command in '/home/jeanho/gps_rtk/build/ublox': CMAKE_PREFIX_PATH=/home/jeanho/gps_rtk/install/ublox_gps:/home/jeanho/gps_rtk/install/ublox_msgs:/home/jeanho/gps_rtk/install/ublox_serialization:/home/jeanho/gps_rtk/install/rtcm_msgs:/home/jeanho/gps_rtk/install/ublox:/home/jeanho/gps_rtk/install/fix2nmea:/home/jeanho/ros2_ws/install/launch_pkg:/home/jeanho/ros2_ws/install/interfaces_pkg:/home/jeanho/gps_rtk/install/ntrip_client:/home/jeanho/gps_rtk/install/gps_visualizer:/home/jeanho/ros2_ws/install/serial_communication_pkg:/home/jeanho/ros2_ws/install/lidar_perception_pkg:/home/jeanho/ros2_ws/install/decision_making_pkg:/home/jeanho/ros2_ws/install/debug_pkg:/home/jeanho/ros2_ws/install/camera_perception_pkg:/opt/ros/humble /usr/bin/cmake --install /home/jeanho/gps_rtk/build/ublox
[0.067s] -- Install configuration: ""
[0.067s] -- Up-to-date: /home/jeanho/gps_rtk/install/ublox/share/ament_index/resource_index/package_run_dependencies/ublox
[0.067s] -- Up-to-date: /home/jeanho/gps_rtk/install/ublox/share/ament_index/resource_index/parent_prefix_path/ublox
[0.067s] -- Up-to-date: /home/jeanho/gps_rtk/install/ublox/share/ublox/environment/ament_prefix_path.sh
[0.068s] -- Up-to-date: /home/jeanho/gps_rtk/install/ublox/share/ublox/environment/ament_prefix_path.dsv
[0.068s] -- Up-to-date: /home/jeanho/gps_rtk/install/ublox/share/ublox/environment/path.sh
[0.068s] -- Up-to-date: /home/jeanho/gps_rtk/install/ublox/share/ublox/environment/path.dsv
[0.068s] -- Up-to-date: /home/jeanho/gps_rtk/install/ublox/share/ublox/local_setup.bash
[0.068s] -- Up-to-date: /home/jeanho/gps_rtk/install/ublox/share/ublox/local_setup.sh
[0.068s] -- Up-to-date: /home/jeanho/gps_rtk/install/ublox/share/ublox/local_setup.zsh
[0.068s] -- Up-to-date: /home/jeanho/gps_rtk/install/ublox/share/ublox/local_setup.dsv
[0.068s] -- Installing: /home/jeanho/gps_rtk/install/ublox/share/ublox/package.dsv
[0.068s] -- Up-to-date: /home/jeanho/gps_rtk/install/ublox/share/ament_index/resource_index/packages/ublox
[0.068s] -- Up-to-date: /home/jeanho/gps_rtk/install/ublox/share/ublox/cmake/ubloxConfig.cmake
[0.068s] -- Up-to-date: /home/jeanho/gps_rtk/install/ublox/share/ublox/cmake/ubloxConfig-version.cmake
[0.068s] -- Up-to-date: /home/jeanho/gps_rtk/install/ublox/share/ublox/package.xml
[0.071s] Invoked command in '/home/jeanho/gps_rtk/build/ublox' returned '0': CMAKE_PREFIX_PATH=/home/jeanho/gps_rtk/install/ublox_gps:/home/jeanho/gps_rtk/install/ublox_msgs:/home/jeanho/gps_rtk/install/ublox_serialization:/home/jeanho/gps_rtk/install/rtcm_msgs:/home/jeanho/gps_rtk/install/ublox:/home/jeanho/gps_rtk/install/fix2nmea:/home/jeanho/ros2_ws/install/launch_pkg:/home/jeanho/ros2_ws/install/interfaces_pkg:/home/jeanho/gps_rtk/install/ntrip_client:/home/jeanho/gps_rtk/install/gps_visualizer:/home/jeanho/ros2_ws/install/serial_communication_pkg:/home/jeanho/ros2_ws/install/lidar_perception_pkg:/home/jeanho/ros2_ws/install/decision_making_pkg:/home/jeanho/ros2_ws/install/debug_pkg:/home/jeanho/ros2_ws/install/camera_perception_pkg:/opt/ros/humble /usr/bin/cmake --install /home/jeanho/gps_rtk/build/ublox
