[0.007s] Invoking command in '/home/jeanho/gps_rtk/src/build/fix2nmea': AMENT_PREFIX_PATH=/home/jeanho/gps_rtk/src/install/ublox_msgs:/home/jeanho/gps_rtk/src/install/ublox_serialization:${AMENT_PREFIX_PATH} CMAKE_PREFIX_PATH=/home/jeanho/gps_rtk/src/install/ublox_msgs:/home/jeanho/gps_rtk/src/install/ublox_serialization:/opt/ros/humble LD_LIBRARY_PATH=/home/jeanho/gps_rtk/src/install/ublox_msgs/lib:${LD_LIBRARY_PATH} PYTHONPATH=/home/jeanho/gps_rtk/src/install/ublox_msgs/local/lib/python3.10/dist-packages:${PYTHONPATH} /usr/bin/cmake /home/jeanho/gps_rtk/src/fix2nmea -DCMAKE_INSTALL_PREFIX=/home/jeanho/gps_rtk/src/install/fix2nmea
[0.049s] -- The C compiler identification is GNU 11.4.0
[0.085s] -- The CXX compiler identification is GNU 11.4.0
[0.089s] -- Detecting C compiler ABI info
[0.133s] -- Detecting C compiler ABI info - done
[0.138s] -- Check for working C compiler: /usr/bin/cc - skipped
[0.138s] -- Detecting C compile features
[0.139s] -- Detecting C compile features - done
[0.141s] -- Detecting CXX compiler ABI info
[0.195s] -- Detecting CXX compiler ABI info - done
[0.200s] -- Check for working CXX compiler: /usr/bin/c++ - skipped
[0.200s] -- Detecting CXX compile features
[0.200s] -- Detecting CXX compile features - done
[0.202s] -- Found ament_cmake: 1.3.12 (/opt/ros/humble/share/ament_cmake/cmake)
[0.305s] -- Found Python3: /usr/bin/python3 (found version "3.10.12") found components: Interpreter 
[0.361s] -- Found rclcpp: 16.0.14 (/opt/ros/humble/share/rclcpp/cmake)
[0.390s] -- Found rosidl_generator_c: 3.1.7 (/opt/ros/humble/share/rosidl_generator_c/cmake)
[0.392s] -- Found rosidl_adapter: 3.1.7 (/opt/ros/humble/share/rosidl_adapter/cmake)
[0.397s] -- Found rosidl_generator_cpp: 3.1.7 (/opt/ros/humble/share/rosidl_generator_cpp/cmake)
[0.403s] -- Using all available rosidl_typesupport_c: rosidl_typesupport_fastrtps_c;rosidl_typesupport_introspection_c
[0.411s] -- Using all available rosidl_typesupport_cpp: rosidl_typesupport_fastrtps_cpp;rosidl_typesupport_introspection_cpp
[0.439s] -- Found rmw_implementation_cmake: 6.1.2 (/opt/ros/humble/share/rmw_implementation_cmake/cmake)
[0.441s] -- Found rmw_fastrtps_cpp: 6.2.8 (/opt/ros/humble/share/rmw_fastrtps_cpp/cmake)
[0.510s] -- Found OpenSSL: /usr/lib/x86_64-linux-gnu/libcrypto.so (found version "3.0.2")  
[0.531s] -- Found FastRTPS: /opt/ros/humble/include  
[0.562s] -- Using RMW implementation 'rmw_fastrtps_cpp' as default
[0.570s] -- Looking for pthread.h
[0.621s] -- Looking for pthread.h - found
[0.621s] -- Performing Test CMAKE_HAVE_LIBC_PTHREAD
[0.666s] -- Performing Test CMAKE_HAVE_LIBC_PTHREAD - Success
[0.667s] -- Found Threads: TRUE  
[0.696s] -- Found nmea_msgs: 2.0.0 (/opt/ros/humble/share/nmea_msgs/cmake)
[0.704s] -- Found sensor_msgs: 4.9.0 (/opt/ros/humble/share/sensor_msgs/cmake)
[0.718s] -- Found ublox_msgs: 2.3.0 (/home/jeanho/gps_rtk/src/install/ublox_msgs/share/ublox_msgs/cmake)
[0.730s] -- Found ament_lint_auto: 0.12.14 (/opt/ros/humble/share/ament_lint_auto/cmake)
[0.780s] -- Added test 'cppcheck' to perform static code analysis on C / C++ code
[0.780s] -- Configured cppcheck include dirs: 
[0.780s] -- Configured cppcheck exclude dirs and/or files: 
[0.780s] -- Added test 'lint_cmake' to check CMake code style
[0.781s] -- Added test 'uncrustify' to check C / C++ code style
[0.781s] -- Configured uncrustify additional arguments: 
[0.781s] -- Added test 'xmllint' to check XML markup files
[0.781s] -- Configuring done
[0.786s] -- Generating done
[0.788s] -- Build files have been written to: /home/jeanho/gps_rtk/src/build/fix2nmea
[0.796s] Invoked command in '/home/jeanho/gps_rtk/src/build/fix2nmea' returned '0': AMENT_PREFIX_PATH=/home/jeanho/gps_rtk/src/install/ublox_msgs:/home/jeanho/gps_rtk/src/install/ublox_serialization:${AMENT_PREFIX_PATH} CMAKE_PREFIX_PATH=/home/jeanho/gps_rtk/src/install/ublox_msgs:/home/jeanho/gps_rtk/src/install/ublox_serialization:/opt/ros/humble LD_LIBRARY_PATH=/home/jeanho/gps_rtk/src/install/ublox_msgs/lib:${LD_LIBRARY_PATH} PYTHONPATH=/home/jeanho/gps_rtk/src/install/ublox_msgs/local/lib/python3.10/dist-packages:${PYTHONPATH} /usr/bin/cmake /home/jeanho/gps_rtk/src/fix2nmea -DCMAKE_INSTALL_PREFIX=/home/jeanho/gps_rtk/src/install/fix2nmea
[0.796s] Invoking command in '/home/jeanho/gps_rtk/src/build/fix2nmea': AMENT_PREFIX_PATH=/home/jeanho/gps_rtk/src/install/ublox_msgs:/home/jeanho/gps_rtk/src/install/ublox_serialization:${AMENT_PREFIX_PATH} CMAKE_PREFIX_PATH=/home/jeanho/gps_rtk/src/install/ublox_msgs:/home/jeanho/gps_rtk/src/install/ublox_serialization:/opt/ros/humble LD_LIBRARY_PATH=/home/jeanho/gps_rtk/src/install/ublox_msgs/lib:${LD_LIBRARY_PATH} PYTHONPATH=/home/jeanho/gps_rtk/src/install/ublox_msgs/local/lib/python3.10/dist-packages:${PYTHONPATH} /usr/bin/cmake --build /home/jeanho/gps_rtk/src/build/fix2nmea -- -j24 -l24
[0.832s] [ 50%] [32mBuilding CXX object CMakeFiles/fix2nmea.dir/src/fix2nmea.cpp.o[0m
[8.350s] [100%] [32m[1mLinking CXX executable fix2nmea[0m
[8.611s] [100%] Built target fix2nmea
[8.619s] Invoked command in '/home/jeanho/gps_rtk/src/build/fix2nmea' returned '0': AMENT_PREFIX_PATH=/home/jeanho/gps_rtk/src/install/ublox_msgs:/home/jeanho/gps_rtk/src/install/ublox_serialization:${AMENT_PREFIX_PATH} CMAKE_PREFIX_PATH=/home/jeanho/gps_rtk/src/install/ublox_msgs:/home/jeanho/gps_rtk/src/install/ublox_serialization:/opt/ros/humble LD_LIBRARY_PATH=/home/jeanho/gps_rtk/src/install/ublox_msgs/lib:${LD_LIBRARY_PATH} PYTHONPATH=/home/jeanho/gps_rtk/src/install/ublox_msgs/local/lib/python3.10/dist-packages:${PYTHONPATH} /usr/bin/cmake --build /home/jeanho/gps_rtk/src/build/fix2nmea -- -j24 -l24
[8.620s] Invoking command in '/home/jeanho/gps_rtk/src/build/fix2nmea': AMENT_PREFIX_PATH=/home/jeanho/gps_rtk/src/install/ublox_msgs:/home/jeanho/gps_rtk/src/install/ublox_serialization:${AMENT_PREFIX_PATH} CMAKE_PREFIX_PATH=/home/jeanho/gps_rtk/src/install/ublox_msgs:/home/jeanho/gps_rtk/src/install/ublox_serialization:/opt/ros/humble LD_LIBRARY_PATH=/home/jeanho/gps_rtk/src/install/ublox_msgs/lib:${LD_LIBRARY_PATH} PYTHONPATH=/home/jeanho/gps_rtk/src/install/ublox_msgs/local/lib/python3.10/dist-packages:${PYTHONPATH} /usr/bin/cmake --install /home/jeanho/gps_rtk/src/build/fix2nmea
[8.625s] -- Install configuration: ""
[8.625s] -- Installing: /home/jeanho/gps_rtk/src/install/fix2nmea/lib/fix2nmea/fix2nmea
[8.627s] -- Set runtime path of "/home/jeanho/gps_rtk/src/install/fix2nmea/lib/fix2nmea/fix2nmea" to ""
[8.627s] -- Installing: /home/jeanho/gps_rtk/src/install/fix2nmea/share/ament_index/resource_index/package_run_dependencies/fix2nmea
[8.627s] -- Installing: /home/jeanho/gps_rtk/src/install/fix2nmea/share/ament_index/resource_index/parent_prefix_path/fix2nmea
[8.627s] -- Installing: /home/jeanho/gps_rtk/src/install/fix2nmea/share/fix2nmea/environment/ament_prefix_path.sh
[8.627s] -- Installing: /home/jeanho/gps_rtk/src/install/fix2nmea/share/fix2nmea/environment/ament_prefix_path.dsv
[8.627s] -- Installing: /home/jeanho/gps_rtk/src/install/fix2nmea/share/fix2nmea/environment/path.sh
[8.627s] -- Installing: /home/jeanho/gps_rtk/src/install/fix2nmea/share/fix2nmea/environment/path.dsv
[8.627s] -- Installing: /home/jeanho/gps_rtk/src/install/fix2nmea/share/fix2nmea/local_setup.bash
[8.627s] -- Installing: /home/jeanho/gps_rtk/src/install/fix2nmea/share/fix2nmea/local_setup.sh
[8.627s] -- Installing: /home/jeanho/gps_rtk/src/install/fix2nmea/share/fix2nmea/local_setup.zsh
[8.627s] -- Installing: /home/jeanho/gps_rtk/src/install/fix2nmea/share/fix2nmea/local_setup.dsv
[8.627s] -- Installing: /home/jeanho/gps_rtk/src/install/fix2nmea/share/fix2nmea/package.dsv
[8.628s] -- Installing: /home/jeanho/gps_rtk/src/install/fix2nmea/share/ament_index/resource_index/packages/fix2nmea
[8.628s] -- Installing: /home/jeanho/gps_rtk/src/install/fix2nmea/share/fix2nmea/cmake/fix2nmeaConfig.cmake
[8.628s] -- Installing: /home/jeanho/gps_rtk/src/install/fix2nmea/share/fix2nmea/cmake/fix2nmeaConfig-version.cmake
[8.628s] -- Installing: /home/jeanho/gps_rtk/src/install/fix2nmea/share/fix2nmea/package.xml
[8.629s] Invoked command in '/home/jeanho/gps_rtk/src/build/fix2nmea' returned '0': AMENT_PREFIX_PATH=/home/jeanho/gps_rtk/src/install/ublox_msgs:/home/jeanho/gps_rtk/src/install/ublox_serialization:${AMENT_PREFIX_PATH} CMAKE_PREFIX_PATH=/home/jeanho/gps_rtk/src/install/ublox_msgs:/home/jeanho/gps_rtk/src/install/ublox_serialization:/opt/ros/humble LD_LIBRARY_PATH=/home/jeanho/gps_rtk/src/install/ublox_msgs/lib:${LD_LIBRARY_PATH} PYTHONPATH=/home/jeanho/gps_rtk/src/install/ublox_msgs/local/lib/python3.10/dist-packages:${PYTHONPATH} /usr/bin/cmake --install /home/jeanho/gps_rtk/src/build/fix2nmea
