[0.131s] Invoking command in '/home/jeanho/gps_rtk/build/fix2nmea': AMENT_PREFIX_PATH=/home/jeanho/gps_rtk/install/ublox_msgs:/home/jeanho/gps_rtk/install/ublox_serialization:${AMENT_PREFIX_PATH} CMAKE_PREFIX_PATH=/home/jeanho/gps_rtk/install/ublox_msgs:/home/jeanho/gps_rtk/install/ublox_serialization:/opt/ros/humble LD_LIBRARY_PATH=/home/jeanho/gps_rtk/install/ublox_msgs/lib:/opt/ros/humble/opt/rviz_ogre_vendor/lib:/opt/ros/humble/lib/x86_64-linux-gnu:/opt/ros/humble/lib:/home/jeanho/acados/lib PYTHONPATH=/home/jeanho/gps_rtk/install/ublox_msgs/local/lib/python3.10/dist-packages:${PYTHONPATH} /usr/bin/cmake --build /home/jeanho/gps_rtk/build/fix2nmea -- -j24 -l24
[0.158s] -- Found ament_cmake: 1.3.12 (/opt/ros/humble/share/ament_cmake/cmake)
[0.257s] -- Found rclcpp: 16.0.14 (/opt/ros/humble/share/rclcpp/cmake)
[0.407s] -- Found rosidl_generator_c: 3.1.7 (/opt/ros/humble/share/rosidl_generator_c/cmake)
[0.410s] -- Found rosidl_adapter: 3.1.7 (/opt/ros/humble/share/rosidl_adapter/cmake)
[0.416s] -- Found rosidl_generator_cpp: 3.1.7 (/opt/ros/humble/share/rosidl_generator_cpp/cmake)
[0.426s] -- Using all available rosidl_typesupport_c: rosidl_typesupport_fastrtps_c;rosidl_typesupport_introspection_c
[0.440s] -- Using all available rosidl_typesupport_cpp: rosidl_typesupport_fastrtps_cpp;rosidl_typesupport_introspection_cpp
[0.475s] -- Found rmw_implementation_cmake: 6.1.2 (/opt/ros/humble/share/rmw_implementation_cmake/cmake)
[0.477s] -- Found rmw_fastrtps_cpp: 6.2.8 (/opt/ros/humble/share/rmw_fastrtps_cpp/cmake)
[6.689s] -- Using RMW implementation 'rmw_fastrtps_cpp' as default
[8.649s] [31mCMake Error at CMakeLists.txt:11 (find_package):
[8.649s]   By not providing "Findnmea_msgs.cmake" in CMAKE_MODULE_PATH this project
[8.649s]   has asked CMake to find a package configuration file provided by
[8.649s]   "nmea_msgs", but CMake did not find one.
[8.649s] 
[8.649s]   Could not find a package configuration file provided by "nmea_msgs" with
[8.649s]   any of the following names:
[8.649s] 
[8.649s]     nmea_msgsConfig.cmake
[8.649s]     nmea_msgs-config.cmake
[8.649s] 
[8.649s]   Add the installation prefix of "nmea_msgs" to CMAKE_PREFIX_PATH or set
[8.649s]   "nmea_msgs_DIR" to a directory containing one of the above files.  If
[8.649s]   "nmea_msgs" provides a separate development package or SDK, be sure it has
[8.649s]   been installed.
[8.649s] 
[8.649s] [0m
[8.650s] -- Configuring incomplete, errors occurred!
[8.650s] See also "/home/jeanho/gps_rtk/build/fix2nmea/CMakeFiles/CMakeOutput.log".
[8.663s] gmake: *** [Makefile:267: cmake_check_build_system] Error 1
