[0.101s] Invoking command in '/home/jeanho/gps_rtk/build/fix2nmea': AMENT_PREFIX_PATH=/home/jeanho/gps_rtk/install/ublox_msgs:/home/jeanho/gps_rtk/install/ublox_serialization:${AMENT_PREFIX_PATH} CMAKE_PREFIX_PATH=/home/jeanho/gps_rtk/install/ublox_msgs:/home/jeanho/gps_rtk/install/ublox_serialization:/opt/ros/humble LD_LIBRARY_PATH=/home/jeanho/gps_rtk/install/ublox_msgs/lib:/opt/ros/humble/opt/rviz_ogre_vendor/lib:/opt/ros/humble/lib/x86_64-linux-gnu:/opt/ros/humble/lib:/home/jeanho/acados/lib PYTHONPATH=/home/jeanho/gps_rtk/install/ublox_msgs/local/lib/python3.10/dist-packages:${PYTHONPATH} /usr/bin/cmake --build /home/jeanho/gps_rtk/build/fix2nmea -- -j24 -l24
[0.131s] [100%] Built target fix2nmea
[0.137s] Invoked command in '/home/jeanho/gps_rtk/build/fix2nmea' returned '0': AMENT_PREFIX_PATH=/home/jeanho/gps_rtk/install/ublox_msgs:/home/jeanho/gps_rtk/install/ublox_serialization:${AMENT_PREFIX_PATH} CMAKE_PREFIX_PATH=/home/jeanho/gps_rtk/install/ublox_msgs:/home/jeanho/gps_rtk/install/ublox_serialization:/opt/ros/humble LD_LIBRARY_PATH=/home/jeanho/gps_rtk/install/ublox_msgs/lib:/opt/ros/humble/opt/rviz_ogre_vendor/lib:/opt/ros/humble/lib/x86_64-linux-gnu:/opt/ros/humble/lib:/home/jeanho/acados/lib PYTHONPATH=/home/jeanho/gps_rtk/install/ublox_msgs/local/lib/python3.10/dist-packages:${PYTHONPATH} /usr/bin/cmake --build /home/jeanho/gps_rtk/build/fix2nmea -- -j24 -l24
[0.138s] Invoking command in '/home/jeanho/gps_rtk/build/fix2nmea': AMENT_PREFIX_PATH=/home/jeanho/gps_rtk/install/ublox_msgs:/home/jeanho/gps_rtk/install/ublox_serialization:${AMENT_PREFIX_PATH} CMAKE_PREFIX_PATH=/home/jeanho/gps_rtk/install/ublox_msgs:/home/jeanho/gps_rtk/install/ublox_serialization:/opt/ros/humble LD_LIBRARY_PATH=/home/jeanho/gps_rtk/install/ublox_msgs/lib:/opt/ros/humble/opt/rviz_ogre_vendor/lib:/opt/ros/humble/lib/x86_64-linux-gnu:/opt/ros/humble/lib:/home/jeanho/acados/lib PYTHONPATH=/home/jeanho/gps_rtk/install/ublox_msgs/local/lib/python3.10/dist-packages:${PYTHONPATH} /usr/bin/cmake --install /home/jeanho/gps_rtk/build/fix2nmea
[0.142s] -- Install configuration: ""
[0.142s] -- Up-to-date: /home/jeanho/gps_rtk/install/fix2nmea/lib/fix2nmea/fix2nmea
[0.142s] -- Up-to-date: /home/jeanho/gps_rtk/install/fix2nmea/share/ament_index/resource_index/package_run_dependencies/fix2nmea
[0.142s] -- Up-to-date: /home/jeanho/gps_rtk/install/fix2nmea/share/ament_index/resource_index/parent_prefix_path/fix2nmea
[0.142s] -- Up-to-date: /home/jeanho/gps_rtk/install/fix2nmea/share/fix2nmea/environment/ament_prefix_path.sh
[0.143s] -- Up-to-date: /home/jeanho/gps_rtk/install/fix2nmea/share/fix2nmea/environment/ament_prefix_path.dsv
[0.143s] -- Up-to-date: /home/jeanho/gps_rtk/install/fix2nmea/share/fix2nmea/environment/path.sh
[0.143s] -- Up-to-date: /home/jeanho/gps_rtk/install/fix2nmea/share/fix2nmea/environment/path.dsv
[0.143s] -- Up-to-date: /home/jeanho/gps_rtk/install/fix2nmea/share/fix2nmea/local_setup.bash
[0.143s] -- Up-to-date: /home/jeanho/gps_rtk/install/fix2nmea/share/fix2nmea/local_setup.sh
[0.143s] -- Up-to-date: /home/jeanho/gps_rtk/install/fix2nmea/share/fix2nmea/local_setup.zsh
[0.143s] -- Up-to-date: /home/jeanho/gps_rtk/install/fix2nmea/share/fix2nmea/local_setup.dsv
[0.144s] -- Up-to-date: /home/jeanho/gps_rtk/install/fix2nmea/share/fix2nmea/package.dsv
[0.144s] -- Up-to-date: /home/jeanho/gps_rtk/install/fix2nmea/share/ament_index/resource_index/packages/fix2nmea
[0.144s] -- Up-to-date: /home/jeanho/gps_rtk/install/fix2nmea/share/fix2nmea/cmake/fix2nmeaConfig.cmake
[0.144s] -- Up-to-date: /home/jeanho/gps_rtk/install/fix2nmea/share/fix2nmea/cmake/fix2nmeaConfig-version.cmake
[0.145s] -- Up-to-date: /home/jeanho/gps_rtk/install/fix2nmea/share/fix2nmea/package.xml
[0.146s] Invoked command in '/home/jeanho/gps_rtk/build/fix2nmea' returned '0': AMENT_PREFIX_PATH=/home/jeanho/gps_rtk/install/ublox_msgs:/home/jeanho/gps_rtk/install/ublox_serialization:${AMENT_PREFIX_PATH} CMAKE_PREFIX_PATH=/home/jeanho/gps_rtk/install/ublox_msgs:/home/jeanho/gps_rtk/install/ublox_serialization:/opt/ros/humble LD_LIBRARY_PATH=/home/jeanho/gps_rtk/install/ublox_msgs/lib:/opt/ros/humble/opt/rviz_ogre_vendor/lib:/opt/ros/humble/lib/x86_64-linux-gnu:/opt/ros/humble/lib:/home/jeanho/acados/lib PYTHONPATH=/home/jeanho/gps_rtk/install/ublox_msgs/local/lib/python3.10/dist-packages:${PYTHONPATH} /usr/bin/cmake --install /home/jeanho/gps_rtk/build/fix2nmea
