[0.023s] Invoking command in '/home/jeanho/gps_rtk/build/ublox_serialization': CMAKE_PREFIX_PATH=${CMAKE_PREFIX_PATH}:/home/jeanho/gps_rtk/install/ntrip_client:/home/jeanho/gps_rtk/install/gps_visualizer:/home/jeanho/ros2_ws/install/serial_communication_pkg:/home/jeanho/ros2_ws/install/lidar_perception_pkg:/home/jeanho/ros2_ws/install/decision_making_pkg:/home/jeanho/ros2_ws/install/debug_pkg:/home/jeanho/ros2_ws/install/camera_perception_pkg:/opt/ros/humble /usr/bin/cmake --build /home/jeanho/gps_rtk/build/ublox_serialization -- -j24 -l24
[0.356s] Invoked command in '/home/jeanho/gps_rtk/build/ublox_serialization' returned '0': CMAKE_PREFIX_PATH=${CMAKE_PREFIX_PATH}:/home/jeanho/gps_rtk/install/ntrip_client:/home/jeanho/gps_rtk/install/gps_visualizer:/home/jeanho/ros2_ws/install/serial_communication_pkg:/home/jeanho/ros2_ws/install/lidar_perception_pkg:/home/jeanho/ros2_ws/install/decision_making_pkg:/home/jeanho/ros2_ws/install/debug_pkg:/home/jeanho/ros2_ws/install/camera_perception_pkg:/opt/ros/humble /usr/bin/cmake --build /home/jeanho/gps_rtk/build/ublox_serialization -- -j24 -l24
[0.368s] Invoking command in '/home/jeanho/gps_rtk/build/ublox_serialization': CMAKE_PREFIX_PATH=${CMAKE_PREFIX_PATH}:/home/jeanho/gps_rtk/install/ntrip_client:/home/jeanho/gps_rtk/install/gps_visualizer:/home/jeanho/ros2_ws/install/serial_communication_pkg:/home/jeanho/ros2_ws/install/lidar_perception_pkg:/home/jeanho/ros2_ws/install/decision_making_pkg:/home/jeanho/ros2_ws/install/debug_pkg:/home/jeanho/ros2_ws/install/camera_perception_pkg:/opt/ros/humble /usr/bin/cmake --install /home/jeanho/gps_rtk/build/ublox_serialization
[0.374s] -- Install configuration: ""
[0.374s] -- Up-to-date: /home/jeanho/gps_rtk/install/ublox_serialization/include/ublox_serialization
[0.374s] -- Up-to-date: /home/jeanho/gps_rtk/install/ublox_serialization/include/ublox_serialization/ublox_serialization
[0.374s] -- Up-to-date: /home/jeanho/gps_rtk/install/ublox_serialization/include/ublox_serialization/ublox_serialization/serialization.hpp
[0.374s] -- Up-to-date: /home/jeanho/gps_rtk/install/ublox_serialization/include/ublox_serialization/ublox_serialization/checksum.hpp
[0.374s] -- Up-to-date: /home/jeanho/gps_rtk/install/ublox_serialization/share/ament_index/resource_index/package_run_dependencies/ublox_serialization
[0.375s] -- Up-to-date: /home/jeanho/gps_rtk/install/ublox_serialization/share/ament_index/resource_index/parent_prefix_path/ublox_serialization
[0.375s] -- Up-to-date: /home/jeanho/gps_rtk/install/ublox_serialization/share/ublox_serialization/environment/ament_prefix_path.sh
[0.375s] -- Up-to-date: /home/jeanho/gps_rtk/install/ublox_serialization/share/ublox_serialization/environment/ament_prefix_path.dsv
[0.375s] -- Up-to-date: /home/jeanho/gps_rtk/install/ublox_serialization/share/ublox_serialization/environment/path.sh
[0.375s] -- Up-to-date: /home/jeanho/gps_rtk/install/ublox_serialization/share/ublox_serialization/environment/path.dsv
[0.375s] -- Up-to-date: /home/jeanho/gps_rtk/install/ublox_serialization/share/ublox_serialization/local_setup.bash
[0.375s] -- Up-to-date: /home/jeanho/gps_rtk/install/ublox_serialization/share/ublox_serialization/local_setup.sh
[0.375s] -- Up-to-date: /home/jeanho/gps_rtk/install/ublox_serialization/share/ublox_serialization/local_setup.zsh
[0.375s] -- Up-to-date: /home/jeanho/gps_rtk/install/ublox_serialization/share/ublox_serialization/local_setup.dsv
[0.375s] -- Installing: /home/jeanho/gps_rtk/install/ublox_serialization/share/ublox_serialization/package.dsv
[0.375s] -- Up-to-date: /home/jeanho/gps_rtk/install/ublox_serialization/share/ament_index/resource_index/packages/ublox_serialization
[0.375s] -- Up-to-date: /home/jeanho/gps_rtk/install/ublox_serialization/share/ublox_serialization/cmake/export_ublox_serializationExport.cmake
[0.375s] -- Up-to-date: /home/jeanho/gps_rtk/install/ublox_serialization/share/ublox_serialization/cmake/ament_cmake_export_include_directories-extras.cmake
[0.375s] -- Up-to-date: /home/jeanho/gps_rtk/install/ublox_serialization/share/ublox_serialization/cmake/ament_cmake_export_targets-extras.cmake
[0.375s] -- Up-to-date: /home/jeanho/gps_rtk/install/ublox_serialization/share/ublox_serialization/cmake/ublox_serializationConfig.cmake
[0.375s] -- Up-to-date: /home/jeanho/gps_rtk/install/ublox_serialization/share/ublox_serialization/cmake/ublox_serializationConfig-version.cmake
[0.375s] -- Up-to-date: /home/jeanho/gps_rtk/install/ublox_serialization/share/ublox_serialization/package.xml
[0.386s] Invoked command in '/home/jeanho/gps_rtk/build/ublox_serialization' returned '0': CMAKE_PREFIX_PATH=${CMAKE_PREFIX_PATH}:/home/jeanho/gps_rtk/install/ntrip_client:/home/jeanho/gps_rtk/install/gps_visualizer:/home/jeanho/ros2_ws/install/serial_communication_pkg:/home/jeanho/ros2_ws/install/lidar_perception_pkg:/home/jeanho/ros2_ws/install/decision_making_pkg:/home/jeanho/ros2_ws/install/debug_pkg:/home/jeanho/ros2_ws/install/camera_perception_pkg:/opt/ros/humble /usr/bin/cmake --install /home/jeanho/gps_rtk/build/ublox_serialization
