[0.526s] Invoking command in '/home/jeanho/gps_rtk/build/ublox': AMENT_PREFIX_PATH=/home/jeanho/gps_rtk/install/ublox_gps:/home/jeanho/gps_rtk/install/ublox_msgs:/home/jeanho/gps_rtk/install/ublox_serialization:/home/jeanho/gps_rtk/install/rtcm_msgs:${AMENT_PREFIX_PATH} CMAKE_PREFIX_PATH=/home/jeanho/gps_rtk/install/ublox_gps:/home/jeanho/gps_rtk/install/ublox_msgs:/home/jeanho/gps_rtk/install/ublox_serialization:/home/jeanho/gps_rtk/install/rtcm_msgs:/opt/ros/humble LD_LIBRARY_PATH=/home/jeanho/gps_rtk/install/ublox_gps/lib:/home/jeanho/gps_rtk/install/ublox_msgs/lib:/home/jeanho/gps_rtk/install/rtcm_msgs/lib:/opt/ros/humble/opt/rviz_ogre_vendor/lib:/opt/ros/humble/lib/x86_64-linux-gnu:/opt/ros/humble/lib:/home/jeanho/acados/lib PYTHONPATH=/home/jeanho/gps_rtk/install/ublox_msgs/local/lib/python3.10/dist-packages:/home/jeanho/gps_rtk/install/rtcm_msgs/local/lib/python3.10/dist-packages:${PYTHONPATH} /usr/bin/cmake --build /home/jeanho/gps_rtk/build/ublox -- -j24 -l24
[0.556s] Invoked command in '/home/jeanho/gps_rtk/build/ublox' returned '0': AMENT_PREFIX_PATH=/home/jeanho/gps_rtk/install/ublox_gps:/home/jeanho/gps_rtk/install/ublox_msgs:/home/jeanho/gps_rtk/install/ublox_serialization:/home/jeanho/gps_rtk/install/rtcm_msgs:${AMENT_PREFIX_PATH} CMAKE_PREFIX_PATH=/home/jeanho/gps_rtk/install/ublox_gps:/home/jeanho/gps_rtk/install/ublox_msgs:/home/jeanho/gps_rtk/install/ublox_serialization:/home/jeanho/gps_rtk/install/rtcm_msgs:/opt/ros/humble LD_LIBRARY_PATH=/home/jeanho/gps_rtk/install/ublox_gps/lib:/home/jeanho/gps_rtk/install/ublox_msgs/lib:/home/jeanho/gps_rtk/install/rtcm_msgs/lib:/opt/ros/humble/opt/rviz_ogre_vendor/lib:/opt/ros/humble/lib/x86_64-linux-gnu:/opt/ros/humble/lib:/home/jeanho/acados/lib PYTHONPATH=/home/jeanho/gps_rtk/install/ublox_msgs/local/lib/python3.10/dist-packages:/home/jeanho/gps_rtk/install/rtcm_msgs/local/lib/python3.10/dist-packages:${PYTHONPATH} /usr/bin/cmake --build /home/jeanho/gps_rtk/build/ublox -- -j24 -l24
[0.558s] Invoking command in '/home/jeanho/gps_rtk/build/ublox': AMENT_PREFIX_PATH=/home/jeanho/gps_rtk/install/ublox_gps:/home/jeanho/gps_rtk/install/ublox_msgs:/home/jeanho/gps_rtk/install/ublox_serialization:/home/jeanho/gps_rtk/install/rtcm_msgs:${AMENT_PREFIX_PATH} CMAKE_PREFIX_PATH=/home/jeanho/gps_rtk/install/ublox_gps:/home/jeanho/gps_rtk/install/ublox_msgs:/home/jeanho/gps_rtk/install/ublox_serialization:/home/jeanho/gps_rtk/install/rtcm_msgs:/opt/ros/humble LD_LIBRARY_PATH=/home/jeanho/gps_rtk/install/ublox_gps/lib:/home/jeanho/gps_rtk/install/ublox_msgs/lib:/home/jeanho/gps_rtk/install/rtcm_msgs/lib:/opt/ros/humble/opt/rviz_ogre_vendor/lib:/opt/ros/humble/lib/x86_64-linux-gnu:/opt/ros/humble/lib:/home/jeanho/acados/lib PYTHONPATH=/home/jeanho/gps_rtk/install/ublox_msgs/local/lib/python3.10/dist-packages:/home/jeanho/gps_rtk/install/rtcm_msgs/local/lib/python3.10/dist-packages:${PYTHONPATH} /usr/bin/cmake --install /home/jeanho/gps_rtk/build/ublox
[0.564s] -- Install configuration: ""
[0.564s] -- Up-to-date: /home/jeanho/gps_rtk/install/ublox/share/ament_index/resource_index/package_run_dependencies/ublox
[0.564s] -- Up-to-date: /home/jeanho/gps_rtk/install/ublox/share/ament_index/resource_index/parent_prefix_path/ublox
[0.565s] -- Up-to-date: /home/jeanho/gps_rtk/install/ublox/share/ublox/environment/ament_prefix_path.sh
[0.565s] -- Up-to-date: /home/jeanho/gps_rtk/install/ublox/share/ublox/environment/ament_prefix_path.dsv
[0.565s] -- Up-to-date: /home/jeanho/gps_rtk/install/ublox/share/ublox/environment/path.sh
[0.565s] -- Up-to-date: /home/jeanho/gps_rtk/install/ublox/share/ublox/environment/path.dsv
[0.565s] -- Up-to-date: /home/jeanho/gps_rtk/install/ublox/share/ublox/local_setup.bash
[0.565s] -- Up-to-date: /home/jeanho/gps_rtk/install/ublox/share/ublox/local_setup.sh
[0.565s] -- Up-to-date: /home/jeanho/gps_rtk/install/ublox/share/ublox/local_setup.zsh
[0.565s] -- Up-to-date: /home/jeanho/gps_rtk/install/ublox/share/ublox/local_setup.dsv
[0.565s] -- Up-to-date: /home/jeanho/gps_rtk/install/ublox/share/ublox/package.dsv
[0.565s] -- Up-to-date: /home/jeanho/gps_rtk/install/ublox/share/ament_index/resource_index/packages/ublox
[0.565s] -- Up-to-date: /home/jeanho/gps_rtk/install/ublox/share/ublox/cmake/ubloxConfig.cmake
[0.565s] -- Up-to-date: /home/jeanho/gps_rtk/install/ublox/share/ublox/cmake/ubloxConfig-version.cmake
[0.565s] -- Up-to-date: /home/jeanho/gps_rtk/install/ublox/share/ublox/package.xml
[0.567s] Invoked command in '/home/jeanho/gps_rtk/build/ublox' returned '0': AMENT_PREFIX_PATH=/home/jeanho/gps_rtk/install/ublox_gps:/home/jeanho/gps_rtk/install/ublox_msgs:/home/jeanho/gps_rtk/install/ublox_serialization:/home/jeanho/gps_rtk/install/rtcm_msgs:${AMENT_PREFIX_PATH} CMAKE_PREFIX_PATH=/home/jeanho/gps_rtk/install/ublox_gps:/home/jeanho/gps_rtk/install/ublox_msgs:/home/jeanho/gps_rtk/install/ublox_serialization:/home/jeanho/gps_rtk/install/rtcm_msgs:/opt/ros/humble LD_LIBRARY_PATH=/home/jeanho/gps_rtk/install/ublox_gps/lib:/home/jeanho/gps_rtk/install/ublox_msgs/lib:/home/jeanho/gps_rtk/install/rtcm_msgs/lib:/opt/ros/humble/opt/rviz_ogre_vendor/lib:/opt/ros/humble/lib/x86_64-linux-gnu:/opt/ros/humble/lib:/home/jeanho/acados/lib PYTHONPATH=/home/jeanho/gps_rtk/install/ublox_msgs/local/lib/python3.10/dist-packages:/home/jeanho/gps_rtk/install/rtcm_msgs/local/lib/python3.10/dist-packages:${PYTHONPATH} /usr/bin/cmake --install /home/jeanho/gps_rtk/build/ublox
