[0.008s] Invoking command in '/home/jeanho/gps_rtk/build/ublox_serialization': CMAKE_PREFIX_PATH=${CMAKE_PREFIX_PATH}:/home/jeanho/ublox_ws/install/ntrip_client:/opt/ros/humble /usr/bin/cmake /home/jeanho/gps_rtk/src/RTK_GPS_NTRIP-main/ublox_serialization -DCMAKE_INSTALL_PREFIX=/home/jeanho/gps_rtk/install/ublox_serialization
[0.062s] -- The C compiler identification is GNU 11.4.0
[0.099s] -- The CXX compiler identification is GNU 11.4.0
[0.104s] -- Detecting C compiler ABI info
[0.151s] -- Detecting C compiler ABI info - done
[0.156s] -- Check for working C compiler: /usr/bin/cc - skipped
[0.156s] -- Detecting C compile features
[0.156s] -- Detecting C compile features - done
[0.158s] -- Detecting CXX compiler ABI info
[0.205s] -- Detecting CXX compiler ABI info - done
[0.210s] -- Check for working CXX compiler: /usr/bin/c++ - skipped
[0.210s] -- Detecting CXX compile features
[0.210s] -- Detecting CXX compile features - done
[0.212s] -- Found ament_cmake: 1.3.12 (/opt/ros/humble/share/ament_cmake/cmake)
[0.297s] -- Found Python3: /usr/bin/python3 (found version "3.10.12") found components: Interpreter 
[0.384s] -- Configuring done
[0.385s] -- Generating done
[0.386s] -- Build files have been written to: /home/jeanho/gps_rtk/build/ublox_serialization
[0.390s] Invoked command in '/home/jeanho/gps_rtk/build/ublox_serialization' returned '0': CMAKE_PREFIX_PATH=${CMAKE_PREFIX_PATH}:/home/jeanho/ublox_ws/install/ntrip_client:/opt/ros/humble /usr/bin/cmake /home/jeanho/gps_rtk/src/RTK_GPS_NTRIP-main/ublox_serialization -DCMAKE_INSTALL_PREFIX=/home/jeanho/gps_rtk/install/ublox_serialization
[0.392s] Invoking command in '/home/jeanho/gps_rtk/build/ublox_serialization': CMAKE_PREFIX_PATH=${CMAKE_PREFIX_PATH}:/home/jeanho/ublox_ws/install/ntrip_client:/opt/ros/humble /usr/bin/cmake --build /home/jeanho/gps_rtk/build/ublox_serialization -- -j24 -l24
[0.419s] Invoked command in '/home/jeanho/gps_rtk/build/ublox_serialization' returned '0': CMAKE_PREFIX_PATH=${CMAKE_PREFIX_PATH}:/home/jeanho/ublox_ws/install/ntrip_client:/opt/ros/humble /usr/bin/cmake --build /home/jeanho/gps_rtk/build/ublox_serialization -- -j24 -l24
[0.425s] Invoking command in '/home/jeanho/gps_rtk/build/ublox_serialization': CMAKE_PREFIX_PATH=${CMAKE_PREFIX_PATH}:/home/jeanho/ublox_ws/install/ntrip_client:/opt/ros/humble /usr/bin/cmake --install /home/jeanho/gps_rtk/build/ublox_serialization
[0.432s] -- Install configuration: ""
[0.433s] -- Installing: /home/jeanho/gps_rtk/install/ublox_serialization/include/ublox_serialization
[0.433s] -- Installing: /home/jeanho/gps_rtk/install/ublox_serialization/include/ublox_serialization/ublox_serialization
[0.433s] -- Installing: /home/jeanho/gps_rtk/install/ublox_serialization/include/ublox_serialization/ublox_serialization/serialization.hpp
[0.433s] -- Installing: /home/jeanho/gps_rtk/install/ublox_serialization/include/ublox_serialization/ublox_serialization/checksum.hpp
[0.433s] -- Installing: /home/jeanho/gps_rtk/install/ublox_serialization/share/ament_index/resource_index/package_run_dependencies/ublox_serialization
[0.433s] -- Installing: /home/jeanho/gps_rtk/install/ublox_serialization/share/ament_index/resource_index/parent_prefix_path/ublox_serialization
[0.433s] -- Installing: /home/jeanho/gps_rtk/install/ublox_serialization/share/ublox_serialization/environment/ament_prefix_path.sh
[0.433s] -- Installing: /home/jeanho/gps_rtk/install/ublox_serialization/share/ublox_serialization/environment/ament_prefix_path.dsv
[0.433s] -- Installing: /home/jeanho/gps_rtk/install/ublox_serialization/share/ublox_serialization/environment/path.sh
[0.433s] -- Installing: /home/jeanho/gps_rtk/install/ublox_serialization/share/ublox_serialization/environment/path.dsv
[0.433s] -- Installing: /home/jeanho/gps_rtk/install/ublox_serialization/share/ublox_serialization/local_setup.bash
[0.433s] -- Installing: /home/jeanho/gps_rtk/install/ublox_serialization/share/ublox_serialization/local_setup.sh
[0.433s] -- Installing: /home/jeanho/gps_rtk/install/ublox_serialization/share/ublox_serialization/local_setup.zsh
[0.433s] -- Installing: /home/jeanho/gps_rtk/install/ublox_serialization/share/ublox_serialization/local_setup.dsv
[0.433s] -- Installing: /home/jeanho/gps_rtk/install/ublox_serialization/share/ublox_serialization/package.dsv
[0.433s] -- Installing: /home/jeanho/gps_rtk/install/ublox_serialization/share/ament_index/resource_index/packages/ublox_serialization
[0.433s] -- Installing: /home/jeanho/gps_rtk/install/ublox_serialization/share/ublox_serialization/cmake/export_ublox_serializationExport.cmake
[0.433s] -- Installing: /home/jeanho/gps_rtk/install/ublox_serialization/share/ublox_serialization/cmake/ament_cmake_export_include_directories-extras.cmake
[0.433s] -- Installing: /home/jeanho/gps_rtk/install/ublox_serialization/share/ublox_serialization/cmake/ament_cmake_export_targets-extras.cmake
[0.433s] -- Installing: /home/jeanho/gps_rtk/install/ublox_serialization/share/ublox_serialization/cmake/ublox_serializationConfig.cmake
[0.433s] -- Installing: /home/jeanho/gps_rtk/install/ublox_serialization/share/ublox_serialization/cmake/ublox_serializationConfig-version.cmake
[0.433s] -- Installing: /home/jeanho/gps_rtk/install/ublox_serialization/share/ublox_serialization/package.xml
[0.434s] Invoked command in '/home/jeanho/gps_rtk/build/ublox_serialization' returned '0': CMAKE_PREFIX_PATH=${CMAKE_PREFIX_PATH}:/home/jeanho/ublox_ws/install/ntrip_client:/opt/ros/humble /usr/bin/cmake --install /home/jeanho/gps_rtk/build/ublox_serialization
