[0.491s] Invoking command in '/home/jeanho/gps_rtk/src/gps_visualizer': PYTHONPATH=/home/jeanho/gps_rtk/build/gps_visualizer/prefix_override:/usr/lib/python3/dist-packages/colcon_core/task/python/colcon_distutils_commands:/home/jeanho/gps_rtk/install/gps_visualizer/lib/python3.10/site-packages:${PYTHONPATH} /usr/bin/python3 -W ignore:setup.py install is deprecated -W ignore:easy_install command is deprecated setup.py egg_info --egg-base ../../build/gps_visualizer build --build-base /home/jeanho/gps_rtk/build/gps_visualizer/build install --record /home/jeanho/gps_rtk/build/gps_visualizer/install.log --single-version-externally-managed install_data
[0.676s] running egg_info
[0.676s] writing ../../build/gps_visualizer/gps_visualizer.egg-info/PKG-INFO
[0.676s] writing dependency_links to ../../build/gps_visualizer/gps_visualizer.egg-info/dependency_links.txt
[0.676s] writing entry points to ../../build/gps_visualizer/gps_visualizer.egg-info/entry_points.txt
[0.676s] writing requirements to ../../build/gps_visualizer/gps_visualizer.egg-info/requires.txt
[0.676s] writing top-level names to ../../build/gps_visualizer/gps_visualizer.egg-info/top_level.txt
[0.677s] reading manifest file '../../build/gps_visualizer/gps_visualizer.egg-info/SOURCES.txt'
[0.678s] writing manifest file '../../build/gps_visualizer/gps_visualizer.egg-info/SOURCES.txt'
[0.678s] running build
[0.678s] running build_py
[0.678s] running install
[0.679s] running install_lib
[0.680s] running install_data
[0.680s] running install_egg_info
[0.682s] removing '/home/jeanho/gps_rtk/install/gps_visualizer/lib/python3.10/site-packages/gps_visualizer-0.0.0-py3.10.egg-info' (and everything under it)
[0.682s] Copying ../../build/gps_visualizer/gps_visualizer.egg-info to /home/jeanho/gps_rtk/install/gps_visualizer/lib/python3.10/site-packages/gps_visualizer-0.0.0-py3.10.egg-info
[0.682s] running install_scripts
[0.704s] Installing waypoint_visualizer script to /home/jeanho/gps_rtk/install/gps_visualizer/lib/gps_visualizer
[0.706s] writing list of installed files to '/home/jeanho/gps_rtk/build/gps_visualizer/install.log'
[0.736s] Invoked command in '/home/jeanho/gps_rtk/src/gps_visualizer' returned '0': PYTHONPATH=/home/jeanho/gps_rtk/build/gps_visualizer/prefix_override:/usr/lib/python3/dist-packages/colcon_core/task/python/colcon_distutils_commands:/home/jeanho/gps_rtk/install/gps_visualizer/lib/python3.10/site-packages:${PYTHONPATH} /usr/bin/python3 -W ignore:setup.py install is deprecated -W ignore:easy_install command is deprecated setup.py egg_info --egg-base ../../build/gps_visualizer build --build-base /home/jeanho/gps_rtk/build/gps_visualizer/build install --record /home/jeanho/gps_rtk/build/gps_visualizer/install.log --single-version-externally-managed install_data
