[0.009s] Invoking command in '/home/jeanho/gps_rtk/src/build/rtcm_msgs': CMAKE_PREFIX_PATH=/opt/ros/humble /usr/bin/cmake /home/jeanho/gps_rtk/src/rtcm_msgs -DCMAKE_INSTALL_PREFIX=/home/jeanho/gps_rtk/src/install/rtcm_msgs
[0.168s] -- The C compiler identification is GNU 11.4.0
[0.208s] -- The CXX compiler identification is GNU 11.4.0
[0.215s] -- Detecting C compiler ABI info
[0.272s] -- Detecting C compiler ABI info - done
[0.276s] -- Check for working C compiler: /usr/bin/cc - skipped
[0.277s] -- Detecting C compile features
[0.278s] -- Detecting C compile features - done
[0.280s] -- Detecting CXX compiler ABI info
[0.337s] -- Detecting CXX compiler ABI info - done
[0.341s] -- Check for working CXX compiler: /usr/bin/c++ - skipped
[0.342s] -- Detecting CXX compile features
[0.342s] -- Detecting CXX compile features - done
[0.344s] -- Found ros_environment: 3.2.2 (/opt/ros/humble/share/ros_environment/cmake)
[0.345s] -- Found std_msgs: 4.9.0 (/opt/ros/humble/share/std_msgs/cmake)
[0.454s] -- Found Python3: /usr/bin/python3 (found version "3.10.12") found components: Interpreter 
[0.554s] -- Found rosidl_generator_c: 3.1.7 (/opt/ros/humble/share/rosidl_generator_c/cmake)
[0.558s] -- Found rosidl_adapter: 3.1.7 (/opt/ros/humble/share/rosidl_adapter/cmake)
[0.564s] -- Found rosidl_generator_cpp: 3.1.7 (/opt/ros/humble/share/rosidl_generator_cpp/cmake)
[0.574s] -- Using all available rosidl_typesupport_c: rosidl_typesupport_fastrtps_c;rosidl_typesupport_introspection_c
[0.586s] -- Using all available rosidl_typesupport_cpp: rosidl_typesupport_fastrtps_cpp;rosidl_typesupport_introspection_cpp
[0.609s] -- Found rosidl_default_generators: 1.2.0 (/opt/ros/humble/share/rosidl_default_generators/cmake)
[0.808s] -- Found ament_cmake_cppcheck: 0.12.14 (/opt/ros/humble/share/ament_cmake_cppcheck/cmake)
[0.809s] -- Found ament_cmake_cpplint: 0.12.14 (/opt/ros/humble/share/ament_cmake_cpplint/cmake)
[0.811s] -- Found ament_cmake_uncrustify: 0.12.14 (/opt/ros/humble/share/ament_cmake_uncrustify/cmake)
[0.813s] -- Found ament_cmake_ros: 0.10.0 (/opt/ros/humble/share/ament_cmake_ros/cmake)
[1.060s] -- Using all available rosidl_typesupport_c: rosidl_typesupport_fastrtps_c;rosidl_typesupport_introspection_c
[1.160s] -- Using all available rosidl_typesupport_cpp: rosidl_typesupport_fastrtps_cpp;rosidl_typesupport_introspection_cpp
[1.176s] -- Found PythonInterp: /usr/bin/python3 (found suitable version "3.10.12", minimum required is "3.6") 
[1.177s] -- Found python_cmake_module: 0.10.0 (/opt/ros/humble/share/python_cmake_module/cmake)
[1.199s] -- Found PythonLibs: /usr/lib/x86_64-linux-gnu/libpython3.10.so (found suitable version "3.10.12", minimum required is "3.5") 
[1.200s] -- Using PYTHON_EXECUTABLE: /usr/bin/python3
[1.200s] -- Using PYTHON_INCLUDE_DIRS: /usr/include/python3.10
[1.200s] -- Using PYTHON_LIBRARIES: /usr/lib/x86_64-linux-gnu/libpython3.10.so
[1.215s] -- Found PythonExtra: .so  
[1.253s] -- Found ament_cmake_flake8: 0.12.14 (/opt/ros/humble/share/ament_cmake_flake8/cmake)
[1.254s] -- Found ament_cmake_pep257: 0.12.14 (/opt/ros/humble/share/ament_cmake_pep257/cmake)
[1.260s] -- Configuring done
[1.277s] -- Generating done
[1.284s] -- Build files have been written to: /home/jeanho/gps_rtk/src/build/rtcm_msgs
[1.291s] Invoked command in '/home/jeanho/gps_rtk/src/build/rtcm_msgs' returned '0': CMAKE_PREFIX_PATH=/opt/ros/humble /usr/bin/cmake /home/jeanho/gps_rtk/src/rtcm_msgs -DCMAKE_INSTALL_PREFIX=/home/jeanho/gps_rtk/src/install/rtcm_msgs
[1.292s] Invoking command in '/home/jeanho/gps_rtk/src/build/rtcm_msgs': CMAKE_PREFIX_PATH=/opt/ros/humble /usr/bin/cmake --build /home/jeanho/gps_rtk/src/build/rtcm_msgs -- -j24 -l24
[1.321s] [  3%] [34m[1mGenerating C code for ROS interfaces[0m
[1.331s] [  6%] [34m[1mGenerating C++ code for ROS interfaces[0m
[1.338s] [  6%] Built target ament_cmake_python_copy_rtcm_msgs
[1.469s] running egg_info
[1.469s] creating rtcm_msgs.egg-info
[1.470s] writing rtcm_msgs.egg-info/PKG-INFO
[1.470s] writing dependency_links to rtcm_msgs.egg-info/dependency_links.txt
[1.470s] writing top-level names to rtcm_msgs.egg-info/top_level.txt
[1.470s] writing manifest file 'rtcm_msgs.egg-info/SOURCES.txt'
[1.471s] reading manifest file 'rtcm_msgs.egg-info/SOURCES.txt'
[1.471s] writing manifest file 'rtcm_msgs.egg-info/SOURCES.txt'
[1.484s] [  6%] Built target rtcm_msgs__cpp
[1.488s] [  6%] Built target ament_cmake_python_build_rtcm_msgs_egg
[1.490s] [ 12%] [34m[1mGenerating C++ introspection for ROS interfaces[0m
[1.490s] [ 12%] [34m[1mGenerating C++ type support dispatch for ROS interfaces[0m
[1.490s] [ 16%] [34m[1mGenerating C++ type support for eProsima Fast-RTPS[0m
[1.495s] [ 19%] [32mBuilding C object CMakeFiles/rtcm_msgs__rosidl_generator_c.dir/rosidl_generator_c/rtcm_msgs/msg/detail/message__functions.c.o[0m
[1.550s] [ 22%] [32m[1mLinking C shared library librtcm_msgs__rosidl_generator_c.so[0m
[1.575s] [ 22%] Built target rtcm_msgs__rosidl_generator_c
[1.582s] [ 25%] [34m[1mGenerating C type support for eProsima Fast-RTPS[0m
[1.582s] [ 32%] [34m[1mGenerating C type support dispatch for ROS interfaces[0m
[1.582s] [ 32%] [34m[1mGenerating C introspection for ROS interfaces[0m
[1.625s] [ 35%] [32mBuilding CXX object CMakeFiles/rtcm_msgs__rosidl_typesupport_fastrtps_cpp.dir/rosidl_typesupport_fastrtps_cpp/rtcm_msgs/msg/detail/dds_fastrtps/message__type_support.cpp.o[0m
[1.629s] [ 38%] [32mBuilding CXX object CMakeFiles/rtcm_msgs__rosidl_typesupport_introspection_cpp.dir/rosidl_typesupport_introspection_cpp/rtcm_msgs/msg/detail/message__type_support.cpp.o[0m
[1.644s] [ 41%] [32mBuilding CXX object CMakeFiles/rtcm_msgs__rosidl_typesupport_cpp.dir/rosidl_typesupport_cpp/rtcm_msgs/msg/message__type_support.cpp.o[0m
[1.707s] [ 45%] [32mBuilding CXX object CMakeFiles/rtcm_msgs__rosidl_typesupport_c.dir/rosidl_typesupport_c/rtcm_msgs/msg/message__type_support.cpp.o[0m
[1.724s] [ 48%] [32mBuilding CXX object CMakeFiles/rtcm_msgs__rosidl_typesupport_fastrtps_c.dir/rosidl_typesupport_fastrtps_c/rtcm_msgs/msg/detail/message__type_support_c.cpp.o[0m
[1.732s] [ 54%] [32m[1mLinking CXX shared library librtcm_msgs__rosidl_typesupport_c.so[0m
[1.732s] [ 54%] [32mBuilding C object CMakeFiles/rtcm_msgs__rosidl_typesupport_introspection_c.dir/rosidl_typesupport_introspection_c/rtcm_msgs/msg/detail/message__type_support.c.o[0m
[1.761s] [ 58%] [32m[1mLinking C shared library librtcm_msgs__rosidl_typesupport_introspection_c.so[0m
[1.764s] [ 58%] Built target rtcm_msgs__rosidl_typesupport_c
[1.781s] [ 58%] Built target rtcm_msgs__rosidl_typesupport_introspection_c
[1.789s] [ 61%] [32m[1mLinking CXX shared library librtcm_msgs__rosidl_typesupport_cpp.so[0m
[1.817s] [ 61%] Built target rtcm_msgs__rosidl_typesupport_cpp
[1.883s] [ 64%] [32m[1mLinking CXX shared library librtcm_msgs__rosidl_typesupport_fastrtps_cpp.so[0m
[1.895s] [ 67%] [32m[1mLinking CXX shared library librtcm_msgs__rosidl_typesupport_fastrtps_c.so[0m
[1.914s] [ 70%] [32m[1mLinking CXX shared library librtcm_msgs__rosidl_typesupport_introspection_cpp.so[0m
[1.943s] [ 70%] Built target rtcm_msgs__rosidl_typesupport_fastrtps_cpp
[1.969s] [ 70%] Built target rtcm_msgs__rosidl_typesupport_fastrtps_c
[1.972s] [ 70%] Built target rtcm_msgs__rosidl_typesupport_introspection_cpp
[1.986s] [ 70%] Built target rtcm_msgs
[1.999s] [ 74%] [34m[1mGenerating Python code for ROS interfaces[0m
[2.163s] [ 74%] Built target rtcm_msgs__py
[2.175s] [ 77%] [32mBuilding C object CMakeFiles/rtcm_msgs__rosidl_generator_py.dir/rosidl_generator_py/rtcm_msgs/msg/_message_s.c.o[0m
[2.262s] [ 80%] [32m[1mLinking C shared library rosidl_generator_py/rtcm_msgs/librtcm_msgs__rosidl_generator_py.so[0m
[2.288s] [ 80%] Built target rtcm_msgs__rosidl_generator_py
[2.303s] [ 90%] [32mBuilding C object CMakeFiles/rtcm_msgs__rosidl_typesupport_fastrtps_c__pyext.dir/rosidl_generator_py/rtcm_msgs/_rtcm_msgs_s.ep.rosidl_typesupport_fastrtps_c.c.o[0m
[2.303s] [ 90%] [32mBuilding C object CMakeFiles/rtcm_msgs__rosidl_typesupport_c__pyext.dir/rosidl_generator_py/rtcm_msgs/_rtcm_msgs_s.ep.rosidl_typesupport_c.c.o[0m
[2.303s] [ 90%] [32mBuilding C object CMakeFiles/rtcm_msgs__rosidl_typesupport_introspection_c__pyext.dir/rosidl_generator_py/rtcm_msgs/_rtcm_msgs_s.ep.rosidl_typesupport_introspection_c.c.o[0m
[2.360s] [ 96%] [32m[1mLinking C shared library rosidl_generator_py/rtcm_msgs/rtcm_msgs_s__rosidl_typesupport_fastrtps_c.cpython-310-x86_64-linux-gnu.so[0m
[2.360s] [ 96%] [32m[1mLinking C shared library rosidl_generator_py/rtcm_msgs/rtcm_msgs_s__rosidl_typesupport_c.cpython-310-x86_64-linux-gnu.so[0m
[2.361s] [100%] [32m[1mLinking C shared library rosidl_generator_py/rtcm_msgs/rtcm_msgs_s__rosidl_typesupport_introspection_c.cpython-310-x86_64-linux-gnu.so[0m
[2.383s] [100%] Built target rtcm_msgs__rosidl_typesupport_c__pyext
[2.384s] [100%] Built target rtcm_msgs__rosidl_typesupport_introspection_c__pyext
[2.384s] [100%] Built target rtcm_msgs__rosidl_typesupport_fastrtps_c__pyext
[2.391s] Invoked command in '/home/jeanho/gps_rtk/src/build/rtcm_msgs' returned '0': CMAKE_PREFIX_PATH=/opt/ros/humble /usr/bin/cmake --build /home/jeanho/gps_rtk/src/build/rtcm_msgs -- -j24 -l24
[2.393s] Invoking command in '/home/jeanho/gps_rtk/src/build/rtcm_msgs': CMAKE_PREFIX_PATH=/opt/ros/humble /usr/bin/cmake --install /home/jeanho/gps_rtk/src/build/rtcm_msgs
[2.397s] -- Install configuration: ""
[2.398s] -- Installing: /home/jeanho/gps_rtk/src/install/rtcm_msgs/share/ament_index/resource_index/rosidl_interfaces/rtcm_msgs
[2.398s] -- Installing: /home/jeanho/gps_rtk/src/install/rtcm_msgs/include/rtcm_msgs/rtcm_msgs
[2.398s] -- Installing: /home/jeanho/gps_rtk/src/install/rtcm_msgs/include/rtcm_msgs/rtcm_msgs/msg
[2.398s] -- Installing: /home/jeanho/gps_rtk/src/install/rtcm_msgs/include/rtcm_msgs/rtcm_msgs/msg/detail
[2.398s] -- Installing: /home/jeanho/gps_rtk/src/install/rtcm_msgs/include/rtcm_msgs/rtcm_msgs/msg/detail/message__functions.c
[2.398s] -- Installing: /home/jeanho/gps_rtk/src/install/rtcm_msgs/include/rtcm_msgs/rtcm_msgs/msg/detail/message__functions.h
[2.398s] -- Installing: /home/jeanho/gps_rtk/src/install/rtcm_msgs/include/rtcm_msgs/rtcm_msgs/msg/detail/message__struct.h
[2.398s] -- Installing: /home/jeanho/gps_rtk/src/install/rtcm_msgs/include/rtcm_msgs/rtcm_msgs/msg/detail/message__type_support.h
[2.398s] -- Installing: /home/jeanho/gps_rtk/src/install/rtcm_msgs/include/rtcm_msgs/rtcm_msgs/msg/message.h
[2.398s] -- Installing: /home/jeanho/gps_rtk/src/install/rtcm_msgs/include/rtcm_msgs/rtcm_msgs/msg/rosidl_generator_c__visibility_control.h
[2.398s] -- Installing: /home/jeanho/gps_rtk/src/install/rtcm_msgs/share/rtcm_msgs/environment/library_path.sh
[2.398s] -- Installing: /home/jeanho/gps_rtk/src/install/rtcm_msgs/share/rtcm_msgs/environment/library_path.dsv
[2.398s] -- Installing: /home/jeanho/gps_rtk/src/install/rtcm_msgs/lib/librtcm_msgs__rosidl_generator_c.so
[2.398s] -- Set runtime path of "/home/jeanho/gps_rtk/src/install/rtcm_msgs/lib/librtcm_msgs__rosidl_generator_c.so" to ""
[2.398s] -- Up-to-date: /home/jeanho/gps_rtk/src/install/rtcm_msgs/include/rtcm_msgs/rtcm_msgs
[2.398s] -- Up-to-date: /home/jeanho/gps_rtk/src/install/rtcm_msgs/include/rtcm_msgs/rtcm_msgs/msg
[2.398s] -- Up-to-date: /home/jeanho/gps_rtk/src/install/rtcm_msgs/include/rtcm_msgs/rtcm_msgs/msg/detail
[2.398s] -- Installing: /home/jeanho/gps_rtk/src/install/rtcm_msgs/include/rtcm_msgs/rtcm_msgs/msg/detail/message__rosidl_typesupport_fastrtps_c.h
[2.398s] -- Installing: /home/jeanho/gps_rtk/src/install/rtcm_msgs/include/rtcm_msgs/rtcm_msgs/msg/rosidl_typesupport_fastrtps_c__visibility_control.h
[2.398s] -- Installing: /home/jeanho/gps_rtk/src/install/rtcm_msgs/lib/librtcm_msgs__rosidl_typesupport_fastrtps_c.so
[2.398s] -- Set runtime path of "/home/jeanho/gps_rtk/src/install/rtcm_msgs/lib/librtcm_msgs__rosidl_typesupport_fastrtps_c.so" to ""
[2.398s] -- Up-to-date: /home/jeanho/gps_rtk/src/install/rtcm_msgs/include/rtcm_msgs/rtcm_msgs
[2.399s] -- Up-to-date: /home/jeanho/gps_rtk/src/install/rtcm_msgs/include/rtcm_msgs/rtcm_msgs/msg
[2.399s] -- Installing: /home/jeanho/gps_rtk/src/install/rtcm_msgs/include/rtcm_msgs/rtcm_msgs/msg/rosidl_generator_cpp__visibility_control.hpp
[2.399s] -- Up-to-date: /home/jeanho/gps_rtk/src/install/rtcm_msgs/include/rtcm_msgs/rtcm_msgs/msg/detail
[2.399s] -- Installing: /home/jeanho/gps_rtk/src/install/rtcm_msgs/include/rtcm_msgs/rtcm_msgs/msg/detail/message__traits.hpp
[2.399s] -- Installing: /home/jeanho/gps_rtk/src/install/rtcm_msgs/include/rtcm_msgs/rtcm_msgs/msg/detail/message__type_support.hpp
[2.399s] -- Installing: /home/jeanho/gps_rtk/src/install/rtcm_msgs/include/rtcm_msgs/rtcm_msgs/msg/detail/message__builder.hpp
[2.399s] -- Installing: /home/jeanho/gps_rtk/src/install/rtcm_msgs/include/rtcm_msgs/rtcm_msgs/msg/detail/message__struct.hpp
[2.399s] -- Installing: /home/jeanho/gps_rtk/src/install/rtcm_msgs/include/rtcm_msgs/rtcm_msgs/msg/message.hpp
[2.399s] -- Up-to-date: /home/jeanho/gps_rtk/src/install/rtcm_msgs/include/rtcm_msgs/rtcm_msgs
[2.399s] -- Up-to-date: /home/jeanho/gps_rtk/src/install/rtcm_msgs/include/rtcm_msgs/rtcm_msgs/msg
[2.399s] -- Installing: /home/jeanho/gps_rtk/src/install/rtcm_msgs/include/rtcm_msgs/rtcm_msgs/msg/rosidl_typesupport_fastrtps_cpp__visibility_control.h
[2.399s] -- Up-to-date: /home/jeanho/gps_rtk/src/install/rtcm_msgs/include/rtcm_msgs/rtcm_msgs/msg/detail
[2.399s] -- Installing: /home/jeanho/gps_rtk/src/install/rtcm_msgs/include/rtcm_msgs/rtcm_msgs/msg/detail/message__rosidl_typesupport_fastrtps_cpp.hpp
[2.399s] -- Installing: /home/jeanho/gps_rtk/src/install/rtcm_msgs/include/rtcm_msgs/rtcm_msgs/msg/detail/dds_fastrtps
[2.399s] -- Installing: /home/jeanho/gps_rtk/src/install/rtcm_msgs/lib/librtcm_msgs__rosidl_typesupport_fastrtps_cpp.so
[2.399s] -- Set runtime path of "/home/jeanho/gps_rtk/src/install/rtcm_msgs/lib/librtcm_msgs__rosidl_typesupport_fastrtps_cpp.so" to ""
[2.399s] -- Up-to-date: /home/jeanho/gps_rtk/src/install/rtcm_msgs/include/rtcm_msgs/rtcm_msgs
[2.399s] -- Up-to-date: /home/jeanho/gps_rtk/src/install/rtcm_msgs/include/rtcm_msgs/rtcm_msgs/msg
[2.399s] -- Up-to-date: /home/jeanho/gps_rtk/src/install/rtcm_msgs/include/rtcm_msgs/rtcm_msgs/msg/detail
[2.399s] -- Installing: /home/jeanho/gps_rtk/src/install/rtcm_msgs/include/rtcm_msgs/rtcm_msgs/msg/detail/message__rosidl_typesupport_introspection_c.h
[2.399s] -- Installing: /home/jeanho/gps_rtk/src/install/rtcm_msgs/include/rtcm_msgs/rtcm_msgs/msg/detail/message__type_support.c
[2.399s] -- Installing: /home/jeanho/gps_rtk/src/install/rtcm_msgs/include/rtcm_msgs/rtcm_msgs/msg/rosidl_typesupport_introspection_c__visibility_control.h
[2.399s] -- Installing: /home/jeanho/gps_rtk/src/install/rtcm_msgs/lib/librtcm_msgs__rosidl_typesupport_introspection_c.so
[2.399s] -- Set runtime path of "/home/jeanho/gps_rtk/src/install/rtcm_msgs/lib/librtcm_msgs__rosidl_typesupport_introspection_c.so" to ""
[2.399s] -- Installing: /home/jeanho/gps_rtk/src/install/rtcm_msgs/lib/librtcm_msgs__rosidl_typesupport_c.so
[2.399s] -- Set runtime path of "/home/jeanho/gps_rtk/src/install/rtcm_msgs/lib/librtcm_msgs__rosidl_typesupport_c.so" to ""
[2.399s] -- Up-to-date: /home/jeanho/gps_rtk/src/install/rtcm_msgs/include/rtcm_msgs/rtcm_msgs
[2.399s] -- Up-to-date: /home/jeanho/gps_rtk/src/install/rtcm_msgs/include/rtcm_msgs/rtcm_msgs/msg
[2.399s] -- Up-to-date: /home/jeanho/gps_rtk/src/install/rtcm_msgs/include/rtcm_msgs/rtcm_msgs/msg/detail
[2.399s] -- Installing: /home/jeanho/gps_rtk/src/install/rtcm_msgs/include/rtcm_msgs/rtcm_msgs/msg/detail/message__type_support.cpp
[2.399s] -- Installing: /home/jeanho/gps_rtk/src/install/rtcm_msgs/include/rtcm_msgs/rtcm_msgs/msg/detail/message__rosidl_typesupport_introspection_cpp.hpp
[2.400s] -- Installing: /home/jeanho/gps_rtk/src/install/rtcm_msgs/lib/librtcm_msgs__rosidl_typesupport_introspection_cpp.so
[2.400s] -- Set runtime path of "/home/jeanho/gps_rtk/src/install/rtcm_msgs/lib/librtcm_msgs__rosidl_typesupport_introspection_cpp.so" to ""
[2.400s] -- Installing: /home/jeanho/gps_rtk/src/install/rtcm_msgs/lib/librtcm_msgs__rosidl_typesupport_cpp.so
[2.400s] -- Set runtime path of "/home/jeanho/gps_rtk/src/install/rtcm_msgs/lib/librtcm_msgs__rosidl_typesupport_cpp.so" to ""
[2.400s] -- Installing: /home/jeanho/gps_rtk/src/install/rtcm_msgs/share/rtcm_msgs/environment/pythonpath.sh
[2.400s] -- Installing: /home/jeanho/gps_rtk/src/install/rtcm_msgs/share/rtcm_msgs/environment/pythonpath.dsv
[2.400s] -- Installing: /home/jeanho/gps_rtk/src/install/rtcm_msgs/local/lib/python3.10/dist-packages/rtcm_msgs-1.1.6-py3.10.egg-info
[2.400s] -- Installing: /home/jeanho/gps_rtk/src/install/rtcm_msgs/local/lib/python3.10/dist-packages/rtcm_msgs-1.1.6-py3.10.egg-info/PKG-INFO
[2.400s] -- Installing: /home/jeanho/gps_rtk/src/install/rtcm_msgs/local/lib/python3.10/dist-packages/rtcm_msgs-1.1.6-py3.10.egg-info/SOURCES.txt
[2.400s] -- Installing: /home/jeanho/gps_rtk/src/install/rtcm_msgs/local/lib/python3.10/dist-packages/rtcm_msgs-1.1.6-py3.10.egg-info/top_level.txt
[2.400s] -- Installing: /home/jeanho/gps_rtk/src/install/rtcm_msgs/local/lib/python3.10/dist-packages/rtcm_msgs-1.1.6-py3.10.egg-info/dependency_links.txt
[2.400s] -- Installing: /home/jeanho/gps_rtk/src/install/rtcm_msgs/local/lib/python3.10/dist-packages/rtcm_msgs
[2.400s] -- Installing: /home/jeanho/gps_rtk/src/install/rtcm_msgs/local/lib/python3.10/dist-packages/rtcm_msgs/_rtcm_msgs_s.ep.rosidl_typesupport_c.c
[2.400s] -- Installing: /home/jeanho/gps_rtk/src/install/rtcm_msgs/local/lib/python3.10/dist-packages/rtcm_msgs/_rtcm_msgs_s.ep.rosidl_typesupport_fastrtps_c.c
[2.400s] -- Installing: /home/jeanho/gps_rtk/src/install/rtcm_msgs/local/lib/python3.10/dist-packages/rtcm_msgs/msg
[2.400s] -- Installing: /home/jeanho/gps_rtk/src/install/rtcm_msgs/local/lib/python3.10/dist-packages/rtcm_msgs/msg/_message.py
[2.400s] -- Installing: /home/jeanho/gps_rtk/src/install/rtcm_msgs/local/lib/python3.10/dist-packages/rtcm_msgs/msg/_message_s.c
[2.400s] -- Installing: /home/jeanho/gps_rtk/src/install/rtcm_msgs/local/lib/python3.10/dist-packages/rtcm_msgs/msg/__init__.py
[2.400s] -- Installing: /home/jeanho/gps_rtk/src/install/rtcm_msgs/local/lib/python3.10/dist-packages/rtcm_msgs/rtcm_msgs_s__rosidl_typesupport_fastrtps_c.cpython-310-x86_64-linux-gnu.so
[2.400s] -- Installing: /home/jeanho/gps_rtk/src/install/rtcm_msgs/local/lib/python3.10/dist-packages/rtcm_msgs/rtcm_msgs_s__rosidl_typesupport_c.cpython-310-x86_64-linux-gnu.so
[2.400s] -- Installing: /home/jeanho/gps_rtk/src/install/rtcm_msgs/local/lib/python3.10/dist-packages/rtcm_msgs/librtcm_msgs__rosidl_generator_py.so
[2.400s] -- Installing: /home/jeanho/gps_rtk/src/install/rtcm_msgs/local/lib/python3.10/dist-packages/rtcm_msgs/rtcm_msgs_s__rosidl_typesupport_introspection_c.cpython-310-x86_64-linux-gnu.so
[2.400s] -- Installing: /home/jeanho/gps_rtk/src/install/rtcm_msgs/local/lib/python3.10/dist-packages/rtcm_msgs/_rtcm_msgs_s.ep.rosidl_typesupport_introspection_c.c
[2.400s] -- Installing: /home/jeanho/gps_rtk/src/install/rtcm_msgs/local/lib/python3.10/dist-packages/rtcm_msgs/__init__.py
[2.419s] Listing '/home/jeanho/gps_rtk/src/install/rtcm_msgs/local/lib/python3.10/dist-packages/rtcm_msgs'...
[2.419s] Compiling '/home/jeanho/gps_rtk/src/install/rtcm_msgs/local/lib/python3.10/dist-packages/rtcm_msgs/__init__.py'...
[2.419s] Listing '/home/jeanho/gps_rtk/src/install/rtcm_msgs/local/lib/python3.10/dist-packages/rtcm_msgs/msg'...
[2.419s] Compiling '/home/jeanho/gps_rtk/src/install/rtcm_msgs/local/lib/python3.10/dist-packages/rtcm_msgs/msg/__init__.py'...
[2.419s] Compiling '/home/jeanho/gps_rtk/src/install/rtcm_msgs/local/lib/python3.10/dist-packages/rtcm_msgs/msg/_message.py'...
[2.422s] -- Installing: /home/jeanho/gps_rtk/src/install/rtcm_msgs/local/lib/python3.10/dist-packages/rtcm_msgs/rtcm_msgs_s__rosidl_typesupport_fastrtps_c.cpython-310-x86_64-linux-gnu.so
[2.422s] -- Set runtime path of "/home/jeanho/gps_rtk/src/install/rtcm_msgs/local/lib/python3.10/dist-packages/rtcm_msgs/rtcm_msgs_s__rosidl_typesupport_fastrtps_c.cpython-310-x86_64-linux-gnu.so" to ""
[2.422s] -- Installing: /home/jeanho/gps_rtk/src/install/rtcm_msgs/local/lib/python3.10/dist-packages/rtcm_msgs/rtcm_msgs_s__rosidl_typesupport_introspection_c.cpython-310-x86_64-linux-gnu.so
[2.422s] -- Set runtime path of "/home/jeanho/gps_rtk/src/install/rtcm_msgs/local/lib/python3.10/dist-packages/rtcm_msgs/rtcm_msgs_s__rosidl_typesupport_introspection_c.cpython-310-x86_64-linux-gnu.so" to ""
[2.422s] -- Installing: /home/jeanho/gps_rtk/src/install/rtcm_msgs/local/lib/python3.10/dist-packages/rtcm_msgs/rtcm_msgs_s__rosidl_typesupport_c.cpython-310-x86_64-linux-gnu.so
[2.422s] -- Set runtime path of "/home/jeanho/gps_rtk/src/install/rtcm_msgs/local/lib/python3.10/dist-packages/rtcm_msgs/rtcm_msgs_s__rosidl_typesupport_c.cpython-310-x86_64-linux-gnu.so" to ""
[2.422s] -- Installing: /home/jeanho/gps_rtk/src/install/rtcm_msgs/lib/librtcm_msgs__rosidl_generator_py.so
[2.422s] -- Set runtime path of "/home/jeanho/gps_rtk/src/install/rtcm_msgs/lib/librtcm_msgs__rosidl_generator_py.so" to ""
[2.422s] -- Installing: /home/jeanho/gps_rtk/src/install/rtcm_msgs/share/rtcm_msgs/msg/Message.idl
[2.422s] -- Installing: /home/jeanho/gps_rtk/src/install/rtcm_msgs/share/rtcm_msgs/msg/Message.msg
[2.422s] -- Installing: /home/jeanho/gps_rtk/src/install/rtcm_msgs/share/ament_index/resource_index/package_run_dependencies/rtcm_msgs
[2.422s] -- Installing: /home/jeanho/gps_rtk/src/install/rtcm_msgs/share/ament_index/resource_index/parent_prefix_path/rtcm_msgs
[2.422s] -- Installing: /home/jeanho/gps_rtk/src/install/rtcm_msgs/share/rtcm_msgs/environment/ament_prefix_path.sh
[2.422s] -- Installing: /home/jeanho/gps_rtk/src/install/rtcm_msgs/share/rtcm_msgs/environment/ament_prefix_path.dsv
[2.422s] -- Installing: /home/jeanho/gps_rtk/src/install/rtcm_msgs/share/rtcm_msgs/environment/path.sh
[2.422s] -- Installing: /home/jeanho/gps_rtk/src/install/rtcm_msgs/share/rtcm_msgs/environment/path.dsv
[2.423s] -- Installing: /home/jeanho/gps_rtk/src/install/rtcm_msgs/share/rtcm_msgs/local_setup.bash
[2.423s] -- Installing: /home/jeanho/gps_rtk/src/install/rtcm_msgs/share/rtcm_msgs/local_setup.sh
[2.423s] -- Installing: /home/jeanho/gps_rtk/src/install/rtcm_msgs/share/rtcm_msgs/local_setup.zsh
[2.423s] -- Installing: /home/jeanho/gps_rtk/src/install/rtcm_msgs/share/rtcm_msgs/local_setup.dsv
[2.423s] -- Installing: /home/jeanho/gps_rtk/src/install/rtcm_msgs/share/rtcm_msgs/package.dsv
[2.423s] -- Installing: /home/jeanho/gps_rtk/src/install/rtcm_msgs/share/ament_index/resource_index/packages/rtcm_msgs
[2.423s] -- Installing: /home/jeanho/gps_rtk/src/install/rtcm_msgs/share/rtcm_msgs/cmake/export_rtcm_msgs__rosidl_generator_cExport.cmake
[2.423s] -- Installing: /home/jeanho/gps_rtk/src/install/rtcm_msgs/share/rtcm_msgs/cmake/export_rtcm_msgs__rosidl_generator_cExport-noconfig.cmake
[2.423s] -- Installing: /home/jeanho/gps_rtk/src/install/rtcm_msgs/share/rtcm_msgs/cmake/export_rtcm_msgs__rosidl_typesupport_fastrtps_cExport.cmake
[2.423s] -- Installing: /home/jeanho/gps_rtk/src/install/rtcm_msgs/share/rtcm_msgs/cmake/export_rtcm_msgs__rosidl_typesupport_fastrtps_cExport-noconfig.cmake
[2.423s] -- Installing: /home/jeanho/gps_rtk/src/install/rtcm_msgs/share/rtcm_msgs/cmake/export_rtcm_msgs__rosidl_generator_cppExport.cmake
[2.423s] -- Installing: /home/jeanho/gps_rtk/src/install/rtcm_msgs/share/rtcm_msgs/cmake/export_rtcm_msgs__rosidl_typesupport_fastrtps_cppExport.cmake
[2.423s] -- Installing: /home/jeanho/gps_rtk/src/install/rtcm_msgs/share/rtcm_msgs/cmake/export_rtcm_msgs__rosidl_typesupport_fastrtps_cppExport-noconfig.cmake
[2.423s] -- Installing: /home/jeanho/gps_rtk/src/install/rtcm_msgs/share/rtcm_msgs/cmake/rtcm_msgs__rosidl_typesupport_introspection_cExport.cmake
[2.423s] -- Installing: /home/jeanho/gps_rtk/src/install/rtcm_msgs/share/rtcm_msgs/cmake/rtcm_msgs__rosidl_typesupport_introspection_cExport-noconfig.cmake
[2.423s] -- Installing: /home/jeanho/gps_rtk/src/install/rtcm_msgs/share/rtcm_msgs/cmake/rtcm_msgs__rosidl_typesupport_cExport.cmake
[2.423s] -- Installing: /home/jeanho/gps_rtk/src/install/rtcm_msgs/share/rtcm_msgs/cmake/rtcm_msgs__rosidl_typesupport_cExport-noconfig.cmake
[2.423s] -- Installing: /home/jeanho/gps_rtk/src/install/rtcm_msgs/share/rtcm_msgs/cmake/rtcm_msgs__rosidl_typesupport_introspection_cppExport.cmake
[2.423s] -- Installing: /home/jeanho/gps_rtk/src/install/rtcm_msgs/share/rtcm_msgs/cmake/rtcm_msgs__rosidl_typesupport_introspection_cppExport-noconfig.cmake
[2.423s] -- Installing: /home/jeanho/gps_rtk/src/install/rtcm_msgs/share/rtcm_msgs/cmake/rtcm_msgs__rosidl_typesupport_cppExport.cmake
[2.423s] -- Installing: /home/jeanho/gps_rtk/src/install/rtcm_msgs/share/rtcm_msgs/cmake/rtcm_msgs__rosidl_typesupport_cppExport-noconfig.cmake
[2.424s] -- Installing: /home/jeanho/gps_rtk/src/install/rtcm_msgs/share/rtcm_msgs/cmake/export_rtcm_msgs__rosidl_generator_pyExport.cmake
[2.424s] -- Installing: /home/jeanho/gps_rtk/src/install/rtcm_msgs/share/rtcm_msgs/cmake/export_rtcm_msgs__rosidl_generator_pyExport-noconfig.cmake
[2.424s] -- Installing: /home/jeanho/gps_rtk/src/install/rtcm_msgs/share/rtcm_msgs/cmake/rosidl_cmake-extras.cmake
[2.424s] -- Installing: /home/jeanho/gps_rtk/src/install/rtcm_msgs/share/rtcm_msgs/cmake/ament_cmake_export_dependencies-extras.cmake
[2.424s] -- Installing: /home/jeanho/gps_rtk/src/install/rtcm_msgs/share/rtcm_msgs/cmake/ament_cmake_export_include_directories-extras.cmake
[2.424s] -- Installing: /home/jeanho/gps_rtk/src/install/rtcm_msgs/share/rtcm_msgs/cmake/ament_cmake_export_libraries-extras.cmake
[2.424s] -- Installing: /home/jeanho/gps_rtk/src/install/rtcm_msgs/share/rtcm_msgs/cmake/ament_cmake_export_targets-extras.cmake
[2.424s] -- Installing: /home/jeanho/gps_rtk/src/install/rtcm_msgs/share/rtcm_msgs/cmake/rosidl_cmake_export_typesupport_targets-extras.cmake
[2.424s] -- Installing: /home/jeanho/gps_rtk/src/install/rtcm_msgs/share/rtcm_msgs/cmake/rosidl_cmake_export_typesupport_libraries-extras.cmake
[2.424s] -- Installing: /home/jeanho/gps_rtk/src/install/rtcm_msgs/share/rtcm_msgs/cmake/rtcm_msgsConfig.cmake
[2.424s] -- Installing: /home/jeanho/gps_rtk/src/install/rtcm_msgs/share/rtcm_msgs/cmake/rtcm_msgsConfig-version.cmake
[2.424s] -- Installing: /home/jeanho/gps_rtk/src/install/rtcm_msgs/share/rtcm_msgs/package.xml
[2.427s] Invoked command in '/home/jeanho/gps_rtk/src/build/rtcm_msgs' returned '0': CMAKE_PREFIX_PATH=/opt/ros/humble /usr/bin/cmake --install /home/jeanho/gps_rtk/src/build/rtcm_msgs
