[0.223s] DEBUG:colcon:Command line arguments: ['/usr/bin/colcon', 'build']
[0.223s] DEBUG:colcon:Parsed command line arguments: Namespace(log_base=None, log_level=None, verb_name='build', build_base='build', install_base='install', merge_install=False, symlink_install=False, test_result_base=None, continue_on_error=False, executor='parallel', parallel_workers=24, event_handlers=None, ignore_user_meta=False, metas=['./colcon.meta'], base_paths=['.'], packages_ignore=None, packages_ignore_regex=None, paths=None, packages_up_to=None, packages_up_to_regex=None, packages_above=None, packages_above_and_dependencies=None, packages_above_depth=None, packages_select_by_dep=None, packages_skip_by_dep=None, packages_skip_up_to=None, packages_select_build_failed=False, packages_skip_build_finished=False, packages_select_test_failures=False, packages_skip_test_passed=False, packages_select=None, packages_skip=None, packages_select_regex=None, packages_skip_regex=None, packages_start=None, packages_end=None, allow_overriding=[], cmake_args=None, cmake_target=None, cmake_target_skip_unavailable=False, cmake_clean_cache=False, cmake_clean_first=False, cmake_force_configure=False, ament_cmake_args=None, catkin_cmake_args=None, catkin_skip_building_tests=False, mixin_files=None, mixin=None, verb_parser=<colcon_mixin.mixin.mixin_argument.MixinArgumentDecorator object at 0x780f4f85e140>, verb_extension=<colcon_core.verb.build.BuildVerb object at 0x780f4f85dc60>, main=<bound method BuildVerb.main of <colcon_core.verb.build.BuildVerb object at 0x780f4f85dc60>>, mixin_verb=('build',))
[0.326s] Level 1:colcon.colcon_core.package_discovery:discover_packages(colcon_meta) check parameters
[0.326s] Level 1:colcon.colcon_core.package_discovery:discover_packages(recursive) check parameters
[0.326s] Level 1:colcon.colcon_core.package_discovery:discover_packages(ignore) check parameters
[0.326s] Level 1:colcon.colcon_core.package_discovery:discover_packages(path) check parameters
[0.326s] Level 1:colcon.colcon_core.package_discovery:discover_packages(colcon_meta) discover
[0.326s] Level 1:colcon.colcon_core.package_discovery:discover_packages(recursive) discover
[0.326s] INFO:colcon.colcon_core.package_discovery:Crawling recursively for packages in '/home/jeanho/gps_rtk'
[0.326s] Level 1:colcon.colcon_core.package_identification:_identify(.) by extensions ['ignore', 'ignore_ament_install']
[0.326s] Level 1:colcon.colcon_core.package_identification:_identify(.) by extension 'ignore'
[0.326s] Level 1:colcon.colcon_core.package_identification:_identify(.) by extension 'ignore_ament_install'
[0.326s] Level 1:colcon.colcon_core.package_identification:_identify(.) by extensions ['colcon_pkg']
[0.326s] Level 1:colcon.colcon_core.package_identification:_identify(.) by extension 'colcon_pkg'
[0.326s] Level 1:colcon.colcon_core.package_identification:_identify(.) by extensions ['colcon_meta']
[0.326s] Level 1:colcon.colcon_core.package_identification:_identify(.) by extension 'colcon_meta'
[0.327s] Level 1:colcon.colcon_core.package_identification:_identify(.) by extensions ['ros']
[0.327s] Level 1:colcon.colcon_core.package_identification:_identify(.) by extension 'ros'
[0.342s] Level 1:colcon.colcon_core.package_identification:_identify(.) by extensions ['cmake', 'python']
[0.343s] Level 1:colcon.colcon_core.package_identification:_identify(.) by extension 'cmake'
[0.343s] Level 1:colcon.colcon_core.package_identification:_identify(.) by extension 'python'
[0.343s] Level 1:colcon.colcon_core.package_identification:_identify(.) by extensions ['python_setup_py']
[0.343s] Level 1:colcon.colcon_core.package_identification:_identify(.) by extension 'python_setup_py'
[0.343s] Level 1:colcon.colcon_core.package_identification:_identify(build) by extensions ['ignore', 'ignore_ament_install']
[0.343s] Level 1:colcon.colcon_core.package_identification:_identify(build) by extension 'ignore'
[0.343s] Level 1:colcon.colcon_core.package_identification:_identify(build) ignored
[0.343s] Level 1:colcon.colcon_core.package_identification:_identify(install) by extensions ['ignore', 'ignore_ament_install']
[0.343s] Level 1:colcon.colcon_core.package_identification:_identify(install) by extension 'ignore'
[0.343s] Level 1:colcon.colcon_core.package_identification:_identify(install) ignored
[0.343s] Level 1:colcon.colcon_core.package_identification:_identify(log) by extensions ['ignore', 'ignore_ament_install']
[0.343s] Level 1:colcon.colcon_core.package_identification:_identify(log) by extension 'ignore'
[0.343s] Level 1:colcon.colcon_core.package_identification:_identify(log) ignored
[0.343s] Level 1:colcon.colcon_core.package_identification:_identify(src) by extensions ['ignore', 'ignore_ament_install']
[0.343s] Level 1:colcon.colcon_core.package_identification:_identify(src) by extension 'ignore'
[0.343s] Level 1:colcon.colcon_core.package_identification:_identify(src) by extension 'ignore_ament_install'
[0.343s] Level 1:colcon.colcon_core.package_identification:_identify(src) by extensions ['colcon_pkg']
[0.343s] Level 1:colcon.colcon_core.package_identification:_identify(src) by extension 'colcon_pkg'
[0.343s] Level 1:colcon.colcon_core.package_identification:_identify(src) by extensions ['colcon_meta']
[0.343s] Level 1:colcon.colcon_core.package_identification:_identify(src) by extension 'colcon_meta'
[0.343s] Level 1:colcon.colcon_core.package_identification:_identify(src) by extensions ['ros']
[0.343s] Level 1:colcon.colcon_core.package_identification:_identify(src) by extension 'ros'
[0.343s] Level 1:colcon.colcon_core.package_identification:_identify(src) by extensions ['cmake', 'python']
[0.343s] Level 1:colcon.colcon_core.package_identification:_identify(src) by extension 'cmake'
[0.343s] Level 1:colcon.colcon_core.package_identification:_identify(src) by extension 'python'
[0.343s] Level 1:colcon.colcon_core.package_identification:_identify(src) by extensions ['python_setup_py']
[0.343s] Level 1:colcon.colcon_core.package_identification:_identify(src) by extension 'python_setup_py'
[0.344s] Level 1:colcon.colcon_core.package_identification:_identify(src/RTK_GPS_NTRIP) by extensions ['ignore', 'ignore_ament_install']
[0.344s] Level 1:colcon.colcon_core.package_identification:_identify(src/RTK_GPS_NTRIP) by extension 'ignore'
[0.344s] Level 1:colcon.colcon_core.package_identification:_identify(src/RTK_GPS_NTRIP) by extension 'ignore_ament_install'
[0.344s] Level 1:colcon.colcon_core.package_identification:_identify(src/RTK_GPS_NTRIP) by extensions ['colcon_pkg']
[0.344s] Level 1:colcon.colcon_core.package_identification:_identify(src/RTK_GPS_NTRIP) by extension 'colcon_pkg'
[0.344s] Level 1:colcon.colcon_core.package_identification:_identify(src/RTK_GPS_NTRIP) by extensions ['colcon_meta']
[0.344s] Level 1:colcon.colcon_core.package_identification:_identify(src/RTK_GPS_NTRIP) by extension 'colcon_meta'
[0.344s] Level 1:colcon.colcon_core.package_identification:_identify(src/RTK_GPS_NTRIP) by extensions ['ros']
[0.344s] Level 1:colcon.colcon_core.package_identification:_identify(src/RTK_GPS_NTRIP) by extension 'ros'
[0.344s] Level 1:colcon.colcon_core.package_identification:_identify(src/RTK_GPS_NTRIP) by extensions ['cmake', 'python']
[0.344s] Level 1:colcon.colcon_core.package_identification:_identify(src/RTK_GPS_NTRIP) by extension 'cmake'
[0.344s] Level 1:colcon.colcon_core.package_identification:_identify(src/RTK_GPS_NTRIP) by extension 'python'
[0.344s] Level 1:colcon.colcon_core.package_identification:_identify(src/RTK_GPS_NTRIP) by extensions ['python_setup_py']
[0.344s] Level 1:colcon.colcon_core.package_identification:_identify(src/RTK_GPS_NTRIP) by extension 'python_setup_py'
[0.344s] Level 1:colcon.colcon_core.package_identification:_identify(src/RTK_GPS_NTRIP/build) by extensions ['ignore', 'ignore_ament_install']
[0.344s] Level 1:colcon.colcon_core.package_identification:_identify(src/RTK_GPS_NTRIP/build) by extension 'ignore'
[0.344s] Level 1:colcon.colcon_core.package_identification:_identify(src/RTK_GPS_NTRIP/build) ignored
[0.344s] Level 1:colcon.colcon_core.package_identification:_identify(src/RTK_GPS_NTRIP/fix2nmea) by extensions ['ignore', 'ignore_ament_install']
[0.344s] Level 1:colcon.colcon_core.package_identification:_identify(src/RTK_GPS_NTRIP/fix2nmea) by extension 'ignore'
[0.344s] Level 1:colcon.colcon_core.package_identification:_identify(src/RTK_GPS_NTRIP/fix2nmea) by extension 'ignore_ament_install'
[0.344s] Level 1:colcon.colcon_core.package_identification:_identify(src/RTK_GPS_NTRIP/fix2nmea) by extensions ['colcon_pkg']
[0.344s] Level 1:colcon.colcon_core.package_identification:_identify(src/RTK_GPS_NTRIP/fix2nmea) by extension 'colcon_pkg'
[0.344s] Level 1:colcon.colcon_core.package_identification:_identify(src/RTK_GPS_NTRIP/fix2nmea) by extensions ['colcon_meta']
[0.344s] Level 1:colcon.colcon_core.package_identification:_identify(src/RTK_GPS_NTRIP/fix2nmea) by extension 'colcon_meta'
[0.344s] Level 1:colcon.colcon_core.package_identification:_identify(src/RTK_GPS_NTRIP/fix2nmea) by extensions ['ros']
[0.344s] Level 1:colcon.colcon_core.package_identification:_identify(src/RTK_GPS_NTRIP/fix2nmea) by extension 'ros'
[0.346s] DEBUG:colcon.colcon_core.package_identification:Package 'src/RTK_GPS_NTRIP/fix2nmea' with type 'ros.ament_cmake' and name 'fix2nmea'
[0.346s] Level 1:colcon.colcon_core.package_identification:_identify(src/RTK_GPS_NTRIP/install) by extensions ['ignore', 'ignore_ament_install']
[0.346s] Level 1:colcon.colcon_core.package_identification:_identify(src/RTK_GPS_NTRIP/install) by extension 'ignore'
[0.346s] Level 1:colcon.colcon_core.package_identification:_identify(src/RTK_GPS_NTRIP/install) ignored
[0.346s] Level 1:colcon.colcon_core.package_identification:_identify(src/RTK_GPS_NTRIP/log) by extensions ['ignore', 'ignore_ament_install']
[0.346s] Level 1:colcon.colcon_core.package_identification:_identify(src/RTK_GPS_NTRIP/log) by extension 'ignore'
[0.346s] Level 1:colcon.colcon_core.package_identification:_identify(src/RTK_GPS_NTRIP/log) ignored
[0.347s] Level 1:colcon.colcon_core.package_identification:_identify(src/RTK_GPS_NTRIP/ntrip_client) by extensions ['ignore', 'ignore_ament_install']
[0.347s] Level 1:colcon.colcon_core.package_identification:_identify(src/RTK_GPS_NTRIP/ntrip_client) by extension 'ignore'
[0.347s] Level 1:colcon.colcon_core.package_identification:_identify(src/RTK_GPS_NTRIP/ntrip_client) by extension 'ignore_ament_install'
[0.347s] Level 1:colcon.colcon_core.package_identification:_identify(src/RTK_GPS_NTRIP/ntrip_client) by extensions ['colcon_pkg']
[0.347s] Level 1:colcon.colcon_core.package_identification:_identify(src/RTK_GPS_NTRIP/ntrip_client) by extension 'colcon_pkg'
[0.347s] Level 1:colcon.colcon_core.package_identification:_identify(src/RTK_GPS_NTRIP/ntrip_client) by extensions ['colcon_meta']
[0.347s] Level 1:colcon.colcon_core.package_identification:_identify(src/RTK_GPS_NTRIP/ntrip_client) by extension 'colcon_meta'
[0.347s] Level 1:colcon.colcon_core.package_identification:_identify(src/RTK_GPS_NTRIP/ntrip_client) by extensions ['ros']
[0.347s] Level 1:colcon.colcon_core.package_identification:_identify(src/RTK_GPS_NTRIP/ntrip_client) by extension 'ros'
[0.347s] DEBUG:colcon.colcon_core.package_identification:Package 'src/RTK_GPS_NTRIP/ntrip_client' with type 'ros.ament_python' and name 'ntrip_client'
[0.347s] Level 1:colcon.colcon_core.package_identification:_identify(src/RTK_GPS_NTRIP/rtcm_msgs) by extensions ['ignore', 'ignore_ament_install']
[0.347s] Level 1:colcon.colcon_core.package_identification:_identify(src/RTK_GPS_NTRIP/rtcm_msgs) by extension 'ignore'
[0.347s] Level 1:colcon.colcon_core.package_identification:_identify(src/RTK_GPS_NTRIP/rtcm_msgs) by extension 'ignore_ament_install'
[0.347s] Level 1:colcon.colcon_core.package_identification:_identify(src/RTK_GPS_NTRIP/rtcm_msgs) by extensions ['colcon_pkg']
[0.347s] Level 1:colcon.colcon_core.package_identification:_identify(src/RTK_GPS_NTRIP/rtcm_msgs) by extension 'colcon_pkg'
[0.347s] Level 1:colcon.colcon_core.package_identification:_identify(src/RTK_GPS_NTRIP/rtcm_msgs) by extensions ['colcon_meta']
[0.347s] Level 1:colcon.colcon_core.package_identification:_identify(src/RTK_GPS_NTRIP/rtcm_msgs) by extension 'colcon_meta'
[0.347s] Level 1:colcon.colcon_core.package_identification:_identify(src/RTK_GPS_NTRIP/rtcm_msgs) by extensions ['ros']
[0.347s] Level 1:colcon.colcon_core.package_identification:_identify(src/RTK_GPS_NTRIP/rtcm_msgs) by extension 'ros'
[0.350s] DEBUG:colcon.colcon_core.package_identification:Package 'src/RTK_GPS_NTRIP/rtcm_msgs' with type 'ros.ament_cmake' and name 'rtcm_msgs'
[0.350s] Level 1:colcon.colcon_core.package_identification:_identify(src/RTK_GPS_NTRIP/ublox) by extensions ['ignore', 'ignore_ament_install']
[0.350s] Level 1:colcon.colcon_core.package_identification:_identify(src/RTK_GPS_NTRIP/ublox) by extension 'ignore'
[0.350s] Level 1:colcon.colcon_core.package_identification:_identify(src/RTK_GPS_NTRIP/ublox) by extension 'ignore_ament_install'
[0.350s] Level 1:colcon.colcon_core.package_identification:_identify(src/RTK_GPS_NTRIP/ublox) by extensions ['colcon_pkg']
[0.351s] Level 1:colcon.colcon_core.package_identification:_identify(src/RTK_GPS_NTRIP/ublox) by extension 'colcon_pkg'
[0.351s] Level 1:colcon.colcon_core.package_identification:_identify(src/RTK_GPS_NTRIP/ublox) by extensions ['colcon_meta']
[0.351s] Level 1:colcon.colcon_core.package_identification:_identify(src/RTK_GPS_NTRIP/ublox) by extension 'colcon_meta'
[0.351s] Level 1:colcon.colcon_core.package_identification:_identify(src/RTK_GPS_NTRIP/ublox) by extensions ['ros']
[0.351s] Level 1:colcon.colcon_core.package_identification:_identify(src/RTK_GPS_NTRIP/ublox) by extension 'ros'
[0.351s] DEBUG:colcon.colcon_core.package_identification:Package 'src/RTK_GPS_NTRIP/ublox' with type 'ros.ament_cmake' and name 'ublox'
[0.351s] Level 1:colcon.colcon_core.package_identification:_identify(src/RTK_GPS_NTRIP/ublox_gps) by extensions ['ignore', 'ignore_ament_install']
[0.351s] Level 1:colcon.colcon_core.package_identification:_identify(src/RTK_GPS_NTRIP/ublox_gps) by extension 'ignore'
[0.351s] Level 1:colcon.colcon_core.package_identification:_identify(src/RTK_GPS_NTRIP/ublox_gps) by extension 'ignore_ament_install'
[0.351s] Level 1:colcon.colcon_core.package_identification:_identify(src/RTK_GPS_NTRIP/ublox_gps) by extensions ['colcon_pkg']
[0.351s] Level 1:colcon.colcon_core.package_identification:_identify(src/RTK_GPS_NTRIP/ublox_gps) by extension 'colcon_pkg'
[0.351s] Level 1:colcon.colcon_core.package_identification:_identify(src/RTK_GPS_NTRIP/ublox_gps) by extensions ['colcon_meta']
[0.351s] Level 1:colcon.colcon_core.package_identification:_identify(src/RTK_GPS_NTRIP/ublox_gps) by extension 'colcon_meta'
[0.351s] Level 1:colcon.colcon_core.package_identification:_identify(src/RTK_GPS_NTRIP/ublox_gps) by extensions ['ros']
[0.351s] Level 1:colcon.colcon_core.package_identification:_identify(src/RTK_GPS_NTRIP/ublox_gps) by extension 'ros'
[0.352s] DEBUG:colcon.colcon_core.package_identification:Package 'src/RTK_GPS_NTRIP/ublox_gps' with type 'ros.ament_cmake' and name 'ublox_gps'
[0.352s] Level 1:colcon.colcon_core.package_identification:_identify(src/RTK_GPS_NTRIP/ublox_msgs) by extensions ['ignore', 'ignore_ament_install']
[0.352s] Level 1:colcon.colcon_core.package_identification:_identify(src/RTK_GPS_NTRIP/ublox_msgs) by extension 'ignore'
[0.352s] Level 1:colcon.colcon_core.package_identification:_identify(src/RTK_GPS_NTRIP/ublox_msgs) by extension 'ignore_ament_install'
[0.352s] Level 1:colcon.colcon_core.package_identification:_identify(src/RTK_GPS_NTRIP/ublox_msgs) by extensions ['colcon_pkg']
[0.352s] Level 1:colcon.colcon_core.package_identification:_identify(src/RTK_GPS_NTRIP/ublox_msgs) by extension 'colcon_pkg'
[0.352s] Level 1:colcon.colcon_core.package_identification:_identify(src/RTK_GPS_NTRIP/ublox_msgs) by extensions ['colcon_meta']
[0.352s] Level 1:colcon.colcon_core.package_identification:_identify(src/RTK_GPS_NTRIP/ublox_msgs) by extension 'colcon_meta'
[0.353s] Level 1:colcon.colcon_core.package_identification:_identify(src/RTK_GPS_NTRIP/ublox_msgs) by extensions ['ros']
[0.353s] Level 1:colcon.colcon_core.package_identification:_identify(src/RTK_GPS_NTRIP/ublox_msgs) by extension 'ros'
[0.353s] DEBUG:colcon.colcon_core.package_identification:Package 'src/RTK_GPS_NTRIP/ublox_msgs' with type 'ros.ament_cmake' and name 'ublox_msgs'
[0.353s] Level 1:colcon.colcon_core.package_identification:_identify(src/RTK_GPS_NTRIP/ublox_serialization) by extensions ['ignore', 'ignore_ament_install']
[0.353s] Level 1:colcon.colcon_core.package_identification:_identify(src/RTK_GPS_NTRIP/ublox_serialization) by extension 'ignore'
[0.353s] Level 1:colcon.colcon_core.package_identification:_identify(src/RTK_GPS_NTRIP/ublox_serialization) by extension 'ignore_ament_install'
[0.353s] Level 1:colcon.colcon_core.package_identification:_identify(src/RTK_GPS_NTRIP/ublox_serialization) by extensions ['colcon_pkg']
[0.353s] Level 1:colcon.colcon_core.package_identification:_identify(src/RTK_GPS_NTRIP/ublox_serialization) by extension 'colcon_pkg'
[0.353s] Level 1:colcon.colcon_core.package_identification:_identify(src/RTK_GPS_NTRIP/ublox_serialization) by extensions ['colcon_meta']
[0.353s] Level 1:colcon.colcon_core.package_identification:_identify(src/RTK_GPS_NTRIP/ublox_serialization) by extension 'colcon_meta'
[0.353s] Level 1:colcon.colcon_core.package_identification:_identify(src/RTK_GPS_NTRIP/ublox_serialization) by extensions ['ros']
[0.353s] Level 1:colcon.colcon_core.package_identification:_identify(src/RTK_GPS_NTRIP/ublox_serialization) by extension 'ros'
[0.354s] DEBUG:colcon.colcon_core.package_identification:Package 'src/RTK_GPS_NTRIP/ublox_serialization' with type 'ros.ament_cmake' and name 'ublox_serialization'
[0.354s] Level 1:colcon.colcon_core.package_identification:_identify(src/gps_visualizer) by extensions ['ignore', 'ignore_ament_install']
[0.354s] Level 1:colcon.colcon_core.package_identification:_identify(src/gps_visualizer) by extension 'ignore'
[0.354s] Level 1:colcon.colcon_core.package_identification:_identify(src/gps_visualizer) by extension 'ignore_ament_install'
[0.354s] Level 1:colcon.colcon_core.package_identification:_identify(src/gps_visualizer) by extensions ['colcon_pkg']
[0.354s] Level 1:colcon.colcon_core.package_identification:_identify(src/gps_visualizer) by extension 'colcon_pkg'
[0.354s] Level 1:colcon.colcon_core.package_identification:_identify(src/gps_visualizer) by extensions ['colcon_meta']
[0.354s] Level 1:colcon.colcon_core.package_identification:_identify(src/gps_visualizer) by extension 'colcon_meta'
[0.354s] Level 1:colcon.colcon_core.package_identification:_identify(src/gps_visualizer) by extensions ['ros']
[0.354s] Level 1:colcon.colcon_core.package_identification:_identify(src/gps_visualizer) by extension 'ros'
[0.354s] DEBUG:colcon.colcon_core.package_identification:Package 'src/gps_visualizer' with type 'ros.ament_python' and name 'gps_visualizer'
[0.354s] Level 1:colcon.colcon_core.package_discovery:discover_packages(recursive) using defaults
[0.354s] Level 1:colcon.colcon_core.package_discovery:discover_packages(ignore) discover
[0.354s] Level 1:colcon.colcon_core.package_discovery:discover_packages(ignore) using defaults
[0.354s] Level 1:colcon.colcon_core.package_discovery:discover_packages(path) discover
[0.354s] Level 1:colcon.colcon_core.package_discovery:discover_packages(path) using defaults
[0.368s] Level 1:colcon.colcon_core.package_discovery:discover_packages(prefix_path) check parameters
[0.368s] Level 1:colcon.colcon_core.package_discovery:discover_packages(prefix_path) discover
[0.369s] DEBUG:colcon.colcon_installed_package_information.package_discovery:Found 273 installed packages in /opt/ros/humble
[0.370s] Level 1:colcon.colcon_core.package_discovery:discover_packages(prefix_path) using defaults
[0.389s] Level 5:colcon.colcon_core.verb:set package 'gps_visualizer' build argument 'cmake_args' from command line to 'None'
[0.389s] Level 5:colcon.colcon_core.verb:set package 'gps_visualizer' build argument 'cmake_target' from command line to 'None'
[0.389s] Level 5:colcon.colcon_core.verb:set package 'gps_visualizer' build argument 'cmake_target_skip_unavailable' from command line to 'False'
[0.389s] Level 5:colcon.colcon_core.verb:set package 'gps_visualizer' build argument 'cmake_clean_cache' from command line to 'False'
[0.389s] Level 5:colcon.colcon_core.verb:set package 'gps_visualizer' build argument 'cmake_clean_first' from command line to 'False'
[0.389s] Level 5:colcon.colcon_core.verb:set package 'gps_visualizer' build argument 'cmake_force_configure' from command line to 'False'
[0.389s] Level 5:colcon.colcon_core.verb:set package 'gps_visualizer' build argument 'ament_cmake_args' from command line to 'None'
[0.389s] Level 5:colcon.colcon_core.verb:set package 'gps_visualizer' build argument 'catkin_cmake_args' from command line to 'None'
[0.389s] Level 5:colcon.colcon_core.verb:set package 'gps_visualizer' build argument 'catkin_skip_building_tests' from command line to 'False'
[0.389s] DEBUG:colcon.colcon_core.verb:Building package 'gps_visualizer' with the following arguments: {'ament_cmake_args': None, 'build_base': '/home/jeanho/gps_rtk/build/gps_visualizer', 'catkin_cmake_args': None, 'catkin_skip_building_tests': False, 'cmake_args': None, 'cmake_clean_cache': False, 'cmake_clean_first': False, 'cmake_force_configure': False, 'cmake_target': None, 'cmake_target_skip_unavailable': False, 'install_base': '/home/jeanho/gps_rtk/install/gps_visualizer', 'merge_install': False, 'path': '/home/jeanho/gps_rtk/src/gps_visualizer', 'symlink_install': False, 'test_result_base': None}
[0.389s] Level 5:colcon.colcon_core.verb:set package 'ntrip_client' build argument 'cmake_args' from command line to 'None'
[0.389s] Level 5:colcon.colcon_core.verb:set package 'ntrip_client' build argument 'cmake_target' from command line to 'None'
[0.389s] Level 5:colcon.colcon_core.verb:set package 'ntrip_client' build argument 'cmake_target_skip_unavailable' from command line to 'False'
[0.389s] Level 5:colcon.colcon_core.verb:set package 'ntrip_client' build argument 'cmake_clean_cache' from command line to 'False'
[0.389s] Level 5:colcon.colcon_core.verb:set package 'ntrip_client' build argument 'cmake_clean_first' from command line to 'False'
[0.389s] Level 5:colcon.colcon_core.verb:set package 'ntrip_client' build argument 'cmake_force_configure' from command line to 'False'
[0.389s] Level 5:colcon.colcon_core.verb:set package 'ntrip_client' build argument 'ament_cmake_args' from command line to 'None'
[0.389s] Level 5:colcon.colcon_core.verb:set package 'ntrip_client' build argument 'catkin_cmake_args' from command line to 'None'
[0.389s] Level 5:colcon.colcon_core.verb:set package 'ntrip_client' build argument 'catkin_skip_building_tests' from command line to 'False'
[0.389s] DEBUG:colcon.colcon_core.verb:Building package 'ntrip_client' with the following arguments: {'ament_cmake_args': None, 'build_base': '/home/jeanho/gps_rtk/build/ntrip_client', 'catkin_cmake_args': None, 'catkin_skip_building_tests': False, 'cmake_args': None, 'cmake_clean_cache': False, 'cmake_clean_first': False, 'cmake_force_configure': False, 'cmake_target': None, 'cmake_target_skip_unavailable': False, 'install_base': '/home/jeanho/gps_rtk/install/ntrip_client', 'merge_install': False, 'path': '/home/jeanho/gps_rtk/src/RTK_GPS_NTRIP/ntrip_client', 'symlink_install': False, 'test_result_base': None}
[0.390s] Level 5:colcon.colcon_core.verb:set package 'rtcm_msgs' build argument 'cmake_args' from command line to 'None'
[0.390s] Level 5:colcon.colcon_core.verb:set package 'rtcm_msgs' build argument 'cmake_target' from command line to 'None'
[0.390s] Level 5:colcon.colcon_core.verb:set package 'rtcm_msgs' build argument 'cmake_target_skip_unavailable' from command line to 'False'
[0.390s] Level 5:colcon.colcon_core.verb:set package 'rtcm_msgs' build argument 'cmake_clean_cache' from command line to 'False'
[0.390s] Level 5:colcon.colcon_core.verb:set package 'rtcm_msgs' build argument 'cmake_clean_first' from command line to 'False'
[0.390s] Level 5:colcon.colcon_core.verb:set package 'rtcm_msgs' build argument 'cmake_force_configure' from command line to 'False'
[0.390s] Level 5:colcon.colcon_core.verb:set package 'rtcm_msgs' build argument 'ament_cmake_args' from command line to 'None'
[0.390s] Level 5:colcon.colcon_core.verb:set package 'rtcm_msgs' build argument 'catkin_cmake_args' from command line to 'None'
[0.390s] Level 5:colcon.colcon_core.verb:set package 'rtcm_msgs' build argument 'catkin_skip_building_tests' from command line to 'False'
[0.390s] DEBUG:colcon.colcon_core.verb:Building package 'rtcm_msgs' with the following arguments: {'ament_cmake_args': None, 'build_base': '/home/jeanho/gps_rtk/build/rtcm_msgs', 'catkin_cmake_args': None, 'catkin_skip_building_tests': False, 'cmake_args': None, 'cmake_clean_cache': False, 'cmake_clean_first': False, 'cmake_force_configure': False, 'cmake_target': None, 'cmake_target_skip_unavailable': False, 'install_base': '/home/jeanho/gps_rtk/install/rtcm_msgs', 'merge_install': False, 'path': '/home/jeanho/gps_rtk/src/RTK_GPS_NTRIP/rtcm_msgs', 'symlink_install': False, 'test_result_base': None}
[0.390s] Level 5:colcon.colcon_core.verb:set package 'ublox_serialization' build argument 'cmake_args' from command line to 'None'
[0.390s] Level 5:colcon.colcon_core.verb:set package 'ublox_serialization' build argument 'cmake_target' from command line to 'None'
[0.390s] Level 5:colcon.colcon_core.verb:set package 'ublox_serialization' build argument 'cmake_target_skip_unavailable' from command line to 'False'
[0.390s] Level 5:colcon.colcon_core.verb:set package 'ublox_serialization' build argument 'cmake_clean_cache' from command line to 'False'
[0.390s] Level 5:colcon.colcon_core.verb:set package 'ublox_serialization' build argument 'cmake_clean_first' from command line to 'False'
[0.390s] Level 5:colcon.colcon_core.verb:set package 'ublox_serialization' build argument 'cmake_force_configure' from command line to 'False'
[0.390s] Level 5:colcon.colcon_core.verb:set package 'ublox_serialization' build argument 'ament_cmake_args' from command line to 'None'
[0.390s] Level 5:colcon.colcon_core.verb:set package 'ublox_serialization' build argument 'catkin_cmake_args' from command line to 'None'
[0.390s] Level 5:colcon.colcon_core.verb:set package 'ublox_serialization' build argument 'catkin_skip_building_tests' from command line to 'False'
[0.390s] DEBUG:colcon.colcon_core.verb:Building package 'ublox_serialization' with the following arguments: {'ament_cmake_args': None, 'build_base': '/home/jeanho/gps_rtk/build/ublox_serialization', 'catkin_cmake_args': None, 'catkin_skip_building_tests': False, 'cmake_args': None, 'cmake_clean_cache': False, 'cmake_clean_first': False, 'cmake_force_configure': False, 'cmake_target': None, 'cmake_target_skip_unavailable': False, 'install_base': '/home/jeanho/gps_rtk/install/ublox_serialization', 'merge_install': False, 'path': '/home/jeanho/gps_rtk/src/RTK_GPS_NTRIP/ublox_serialization', 'symlink_install': False, 'test_result_base': None}
[0.390s] Level 5:colcon.colcon_core.verb:set package 'ublox_msgs' build argument 'cmake_args' from command line to 'None'
[0.390s] Level 5:colcon.colcon_core.verb:set package 'ublox_msgs' build argument 'cmake_target' from command line to 'None'
[0.390s] Level 5:colcon.colcon_core.verb:set package 'ublox_msgs' build argument 'cmake_target_skip_unavailable' from command line to 'False'
[0.390s] Level 5:colcon.colcon_core.verb:set package 'ublox_msgs' build argument 'cmake_clean_cache' from command line to 'False'
[0.390s] Level 5:colcon.colcon_core.verb:set package 'ublox_msgs' build argument 'cmake_clean_first' from command line to 'False'
[0.390s] Level 5:colcon.colcon_core.verb:set package 'ublox_msgs' build argument 'cmake_force_configure' from command line to 'False'
[0.390s] Level 5:colcon.colcon_core.verb:set package 'ublox_msgs' build argument 'ament_cmake_args' from command line to 'None'
[0.390s] Level 5:colcon.colcon_core.verb:set package 'ublox_msgs' build argument 'catkin_cmake_args' from command line to 'None'
[0.390s] Level 5:colcon.colcon_core.verb:set package 'ublox_msgs' build argument 'catkin_skip_building_tests' from command line to 'False'
[0.390s] DEBUG:colcon.colcon_core.verb:Building package 'ublox_msgs' with the following arguments: {'ament_cmake_args': None, 'build_base': '/home/jeanho/gps_rtk/build/ublox_msgs', 'catkin_cmake_args': None, 'catkin_skip_building_tests': False, 'cmake_args': None, 'cmake_clean_cache': False, 'cmake_clean_first': False, 'cmake_force_configure': False, 'cmake_target': None, 'cmake_target_skip_unavailable': False, 'install_base': '/home/jeanho/gps_rtk/install/ublox_msgs', 'merge_install': False, 'path': '/home/jeanho/gps_rtk/src/RTK_GPS_NTRIP/ublox_msgs', 'symlink_install': False, 'test_result_base': None}
[0.391s] Level 5:colcon.colcon_core.verb:set package 'fix2nmea' build argument 'cmake_args' from command line to 'None'
[0.391s] Level 5:colcon.colcon_core.verb:set package 'fix2nmea' build argument 'cmake_target' from command line to 'None'
[0.391s] Level 5:colcon.colcon_core.verb:set package 'fix2nmea' build argument 'cmake_target_skip_unavailable' from command line to 'False'
[0.391s] Level 5:colcon.colcon_core.verb:set package 'fix2nmea' build argument 'cmake_clean_cache' from command line to 'False'
[0.391s] Level 5:colcon.colcon_core.verb:set package 'fix2nmea' build argument 'cmake_clean_first' from command line to 'False'
[0.391s] Level 5:colcon.colcon_core.verb:set package 'fix2nmea' build argument 'cmake_force_configure' from command line to 'False'
[0.391s] Level 5:colcon.colcon_core.verb:set package 'fix2nmea' build argument 'ament_cmake_args' from command line to 'None'
[0.391s] Level 5:colcon.colcon_core.verb:set package 'fix2nmea' build argument 'catkin_cmake_args' from command line to 'None'
[0.391s] Level 5:colcon.colcon_core.verb:set package 'fix2nmea' build argument 'catkin_skip_building_tests' from command line to 'False'
[0.391s] DEBUG:colcon.colcon_core.verb:Building package 'fix2nmea' with the following arguments: {'ament_cmake_args': None, 'build_base': '/home/jeanho/gps_rtk/build/fix2nmea', 'catkin_cmake_args': None, 'catkin_skip_building_tests': False, 'cmake_args': None, 'cmake_clean_cache': False, 'cmake_clean_first': False, 'cmake_force_configure': False, 'cmake_target': None, 'cmake_target_skip_unavailable': False, 'install_base': '/home/jeanho/gps_rtk/install/fix2nmea', 'merge_install': False, 'path': '/home/jeanho/gps_rtk/src/RTK_GPS_NTRIP/fix2nmea', 'symlink_install': False, 'test_result_base': None}
[0.391s] Level 5:colcon.colcon_core.verb:set package 'ublox_gps' build argument 'cmake_args' from command line to 'None'
[0.391s] Level 5:colcon.colcon_core.verb:set package 'ublox_gps' build argument 'cmake_target' from command line to 'None'
[0.391s] Level 5:colcon.colcon_core.verb:set package 'ublox_gps' build argument 'cmake_target_skip_unavailable' from command line to 'False'
[0.391s] Level 5:colcon.colcon_core.verb:set package 'ublox_gps' build argument 'cmake_clean_cache' from command line to 'False'
[0.391s] Level 5:colcon.colcon_core.verb:set package 'ublox_gps' build argument 'cmake_clean_first' from command line to 'False'
[0.391s] Level 5:colcon.colcon_core.verb:set package 'ublox_gps' build argument 'cmake_force_configure' from command line to 'False'
[0.391s] Level 5:colcon.colcon_core.verb:set package 'ublox_gps' build argument 'ament_cmake_args' from command line to 'None'
[0.391s] Level 5:colcon.colcon_core.verb:set package 'ublox_gps' build argument 'catkin_cmake_args' from command line to 'None'
[0.391s] Level 5:colcon.colcon_core.verb:set package 'ublox_gps' build argument 'catkin_skip_building_tests' from command line to 'False'
[0.391s] DEBUG:colcon.colcon_core.verb:Building package 'ublox_gps' with the following arguments: {'ament_cmake_args': None, 'build_base': '/home/jeanho/gps_rtk/build/ublox_gps', 'catkin_cmake_args': None, 'catkin_skip_building_tests': False, 'cmake_args': None, 'cmake_clean_cache': False, 'cmake_clean_first': False, 'cmake_force_configure': False, 'cmake_target': None, 'cmake_target_skip_unavailable': False, 'install_base': '/home/jeanho/gps_rtk/install/ublox_gps', 'merge_install': False, 'path': '/home/jeanho/gps_rtk/src/RTK_GPS_NTRIP/ublox_gps', 'symlink_install': False, 'test_result_base': None}
[0.391s] Level 5:colcon.colcon_core.verb:set package 'ublox' build argument 'cmake_args' from command line to 'None'
[0.391s] Level 5:colcon.colcon_core.verb:set package 'ublox' build argument 'cmake_target' from command line to 'None'
[0.391s] Level 5:colcon.colcon_core.verb:set package 'ublox' build argument 'cmake_target_skip_unavailable' from command line to 'False'
[0.391s] Level 5:colcon.colcon_core.verb:set package 'ublox' build argument 'cmake_clean_cache' from command line to 'False'
[0.391s] Level 5:colcon.colcon_core.verb:set package 'ublox' build argument 'cmake_clean_first' from command line to 'False'
[0.391s] Level 5:colcon.colcon_core.verb:set package 'ublox' build argument 'cmake_force_configure' from command line to 'False'
[0.391s] Level 5:colcon.colcon_core.verb:set package 'ublox' build argument 'ament_cmake_args' from command line to 'None'
[0.391s] Level 5:colcon.colcon_core.verb:set package 'ublox' build argument 'catkin_cmake_args' from command line to 'None'
[0.391s] Level 5:colcon.colcon_core.verb:set package 'ublox' build argument 'catkin_skip_building_tests' from command line to 'False'
[0.391s] DEBUG:colcon.colcon_core.verb:Building package 'ublox' with the following arguments: {'ament_cmake_args': None, 'build_base': '/home/jeanho/gps_rtk/build/ublox', 'catkin_cmake_args': None, 'catkin_skip_building_tests': False, 'cmake_args': None, 'cmake_clean_cache': False, 'cmake_clean_first': False, 'cmake_force_configure': False, 'cmake_target': None, 'cmake_target_skip_unavailable': False, 'install_base': '/home/jeanho/gps_rtk/install/ublox', 'merge_install': False, 'path': '/home/jeanho/gps_rtk/src/RTK_GPS_NTRIP/ublox', 'symlink_install': False, 'test_result_base': None}
[0.391s] INFO:colcon.colcon_core.executor:Executing jobs using 'parallel' executor
[0.393s] DEBUG:colcon.colcon_parallel_executor.executor.parallel:run_until_complete
[0.393s] INFO:colcon.colcon_ros.task.ament_cmake.build:Building ROS package in '/home/jeanho/gps_rtk/src/RTK_GPS_NTRIP/ublox_serialization' with build type 'ament_cmake'
[0.393s] INFO:colcon.colcon_cmake.task.cmake.build:Building CMake package in '/home/jeanho/gps_rtk/src/RTK_GPS_NTRIP/ublox_serialization'
[0.396s] INFO:colcon.colcon_core.plugin_system:Skipping extension 'colcon_core.shell.bat': Not used on non-Windows systems
[0.396s] INFO:colcon.colcon_core.shell:Skip shell extension 'powershell' for command environment: Not usable outside of PowerShell
[0.396s] DEBUG:colcon.colcon_core.shell:Skip shell extension 'dsv' for command environment
[0.399s] INFO:colcon.colcon_ros.task.ament_cmake.build:Building ROS package in '/home/jeanho/gps_rtk/src/RTK_GPS_NTRIP/rtcm_msgs' with build type 'ament_cmake'
[0.399s] INFO:colcon.colcon_cmake.task.cmake.build:Building CMake package in '/home/jeanho/gps_rtk/src/RTK_GPS_NTRIP/rtcm_msgs'
[0.399s] INFO:colcon.colcon_core.shell:Skip shell extension 'powershell' for command environment: Not usable outside of PowerShell
[0.399s] DEBUG:colcon.colcon_core.shell:Skip shell extension 'dsv' for command environment
[0.402s] INFO:colcon.colcon_ros.task.ament_python.build:Building ROS package in '/home/jeanho/gps_rtk/src/gps_visualizer' with build type 'ament_python'
[0.403s] Level 1:colcon.colcon_core.shell:create_environment_hook('gps_visualizer', 'ament_prefix_path')
[0.403s] INFO:colcon.colcon_core.shell:Creating environment hook '/home/jeanho/gps_rtk/install/gps_visualizer/share/gps_visualizer/hook/ament_prefix_path.ps1'
[0.404s] INFO:colcon.colcon_core.shell:Creating environment descriptor '/home/jeanho/gps_rtk/install/gps_visualizer/share/gps_visualizer/hook/ament_prefix_path.dsv'
[0.405s] INFO:colcon.colcon_core.shell:Creating environment hook '/home/jeanho/gps_rtk/install/gps_visualizer/share/gps_visualizer/hook/ament_prefix_path.sh'
[0.405s] INFO:colcon.colcon_core.shell:Skip shell extension 'powershell' for command environment: Not usable outside of PowerShell
[0.405s] DEBUG:colcon.colcon_core.shell:Skip shell extension 'dsv' for command environment
[0.407s] INFO:colcon.colcon_ros.task.ament_python.build:Building ROS package in '/home/jeanho/gps_rtk/src/RTK_GPS_NTRIP/ntrip_client' with build type 'ament_python'
[0.408s] Level 1:colcon.colcon_core.shell:create_environment_hook('ntrip_client', 'ament_prefix_path')
[0.408s] INFO:colcon.colcon_core.shell:Creating environment hook '/home/jeanho/gps_rtk/install/ntrip_client/share/ntrip_client/hook/ament_prefix_path.ps1'
[0.410s] INFO:colcon.colcon_core.shell:Creating environment descriptor '/home/jeanho/gps_rtk/install/ntrip_client/share/ntrip_client/hook/ament_prefix_path.dsv'
[0.410s] INFO:colcon.colcon_core.shell:Creating environment hook '/home/jeanho/gps_rtk/install/ntrip_client/share/ntrip_client/hook/ament_prefix_path.sh'
[0.411s] INFO:colcon.colcon_core.shell:Skip shell extension 'powershell' for command environment: Not usable outside of PowerShell
[0.411s] DEBUG:colcon.colcon_core.shell:Skip shell extension 'dsv' for command environment
[0.418s] DEBUG:colcon.colcon_core.event_handler.log_command:Invoking command in '/home/jeanho/gps_rtk/build/ublox_serialization': CMAKE_PREFIX_PATH=/opt/ros/humble /usr/bin/cmake --build /home/jeanho/gps_rtk/build/ublox_serialization -- -j24 -l24
[0.423s] DEBUG:colcon.colcon_core.event_handler.log_command:Invoking command in '/home/jeanho/gps_rtk/build/rtcm_msgs': CMAKE_PREFIX_PATH=/opt/ros/humble /usr/bin/cmake --build /home/jeanho/gps_rtk/build/rtcm_msgs -- -j24 -l24
[0.652s] INFO:colcon.colcon_core.task.python.build:Building Python package in '/home/jeanho/gps_rtk/src/gps_visualizer'
[0.652s] INFO:colcon.colcon_core.shell:Skip shell extension 'powershell' for command environment: Not usable outside of PowerShell
[0.652s] DEBUG:colcon.colcon_core.shell:Skip shell extension 'dsv' for command environment
[0.798s] INFO:colcon.colcon_core.task.python.build:Building Python package in '/home/jeanho/gps_rtk/src/RTK_GPS_NTRIP/ntrip_client'
[0.798s] INFO:colcon.colcon_core.shell:Skip shell extension 'powershell' for command environment: Not usable outside of PowerShell
[0.798s] DEBUG:colcon.colcon_core.shell:Skip shell extension 'dsv' for command environment
[0.803s] DEBUG:colcon.colcon_core.event_handler.log_command:Invoked command in '/home/jeanho/gps_rtk/build/ublox_serialization' returned '0': CMAKE_PREFIX_PATH=/opt/ros/humble /usr/bin/cmake --build /home/jeanho/gps_rtk/build/ublox_serialization -- -j24 -l24
[0.811s] DEBUG:colcon.colcon_core.event_handler.log_command:Invoking command in '/home/jeanho/gps_rtk/build/ublox_serialization': CMAKE_PREFIX_PATH=/opt/ros/humble /usr/bin/cmake --install /home/jeanho/gps_rtk/build/ublox_serialization
[0.827s] DEBUG:colcon.colcon_core.event_handler.log_command:Invoked command in '/home/jeanho/gps_rtk/build/rtcm_msgs' returned '0': CMAKE_PREFIX_PATH=/opt/ros/humble /usr/bin/cmake --build /home/jeanho/gps_rtk/build/rtcm_msgs -- -j24 -l24
[0.827s] DEBUG:colcon.colcon_core.event_handler.log_command:Invoking command in '/home/jeanho/gps_rtk/build/rtcm_msgs': CMAKE_PREFIX_PATH=/opt/ros/humble /usr/bin/cmake --install /home/jeanho/gps_rtk/build/rtcm_msgs
[0.829s] Level 1:colcon.colcon_core.environment:create_environment_scripts_only(ublox_serialization)
[0.833s] DEBUG:colcon.colcon_core.event_handler.log_command:Invoked command in '/home/jeanho/gps_rtk/build/ublox_serialization' returned '0': CMAKE_PREFIX_PATH=/opt/ros/humble /usr/bin/cmake --install /home/jeanho/gps_rtk/build/ublox_serialization
[0.844s] Level 1:colcon.colcon_core.environment:checking '/home/jeanho/gps_rtk/install/ublox_serialization' for CMake module files
[0.844s] Level 1:colcon.colcon_core.environment:checking '/home/jeanho/gps_rtk/install/ublox_serialization' for CMake config files
[0.844s] Level 1:colcon.colcon_core.shell:create_environment_hook('ublox_serialization', 'cmake_prefix_path')
[0.844s] INFO:colcon.colcon_core.shell:Creating environment hook '/home/jeanho/gps_rtk/install/ublox_serialization/share/ublox_serialization/hook/cmake_prefix_path.ps1'
[0.845s] INFO:colcon.colcon_core.shell:Creating environment descriptor '/home/jeanho/gps_rtk/install/ublox_serialization/share/ublox_serialization/hook/cmake_prefix_path.dsv'
[0.845s] INFO:colcon.colcon_core.shell:Creating environment hook '/home/jeanho/gps_rtk/install/ublox_serialization/share/ublox_serialization/hook/cmake_prefix_path.sh'
[0.845s] Level 1:colcon.colcon_core.environment:checking '/home/jeanho/gps_rtk/install/ublox_serialization/bin'
[0.845s] Level 1:colcon.colcon_core.environment:checking '/home/jeanho/gps_rtk/install/ublox_serialization/lib/pkgconfig/ublox_serialization.pc'
[0.845s] Level 1:colcon.colcon_core.environment:checking '/home/jeanho/gps_rtk/install/ublox_serialization/lib/python3.10/site-packages'
[0.845s] Level 1:colcon.colcon_core.environment:checking '/home/jeanho/gps_rtk/install/ublox_serialization/bin'
[0.846s] INFO:colcon.colcon_core.shell:Creating package script '/home/jeanho/gps_rtk/install/ublox_serialization/share/ublox_serialization/package.ps1'
[0.846s] INFO:colcon.colcon_core.shell:Creating package descriptor '/home/jeanho/gps_rtk/install/ublox_serialization/share/ublox_serialization/package.dsv'
[0.846s] INFO:colcon.colcon_core.shell:Creating package script '/home/jeanho/gps_rtk/install/ublox_serialization/share/ublox_serialization/package.sh'
[0.847s] INFO:colcon.colcon_core.shell:Creating package script '/home/jeanho/gps_rtk/install/ublox_serialization/share/ublox_serialization/package.bash'
[0.847s] INFO:colcon.colcon_core.shell:Creating package script '/home/jeanho/gps_rtk/install/ublox_serialization/share/ublox_serialization/package.zsh'
[0.848s] Level 1:colcon.colcon_core.environment:create_file_with_runtime_dependencies(/home/jeanho/gps_rtk/install/ublox_serialization/share/colcon-core/packages/ublox_serialization)
[0.848s] Level 1:colcon.colcon_core.environment:create_environment_scripts_only(ublox_serialization)
[0.848s] Level 1:colcon.colcon_core.environment:checking '/home/jeanho/gps_rtk/install/ublox_serialization' for CMake module files
[0.848s] Level 1:colcon.colcon_core.environment:checking '/home/jeanho/gps_rtk/install/ublox_serialization' for CMake config files
[0.849s] Level 1:colcon.colcon_core.shell:create_environment_hook('ublox_serialization', 'cmake_prefix_path')
[0.849s] INFO:colcon.colcon_core.shell:Creating environment hook '/home/jeanho/gps_rtk/install/ublox_serialization/share/ublox_serialization/hook/cmake_prefix_path.ps1'
[0.849s] INFO:colcon.colcon_core.shell:Creating environment descriptor '/home/jeanho/gps_rtk/install/ublox_serialization/share/ublox_serialization/hook/cmake_prefix_path.dsv'
[0.849s] INFO:colcon.colcon_core.shell:Creating environment hook '/home/jeanho/gps_rtk/install/ublox_serialization/share/ublox_serialization/hook/cmake_prefix_path.sh'
[0.849s] Level 1:colcon.colcon_core.environment:checking '/home/jeanho/gps_rtk/install/ublox_serialization/bin'
[0.850s] Level 1:colcon.colcon_core.environment:checking '/home/jeanho/gps_rtk/install/ublox_serialization/lib/pkgconfig/ublox_serialization.pc'
[0.850s] Level 1:colcon.colcon_core.environment:checking '/home/jeanho/gps_rtk/install/ublox_serialization/lib/python3.10/site-packages'
[0.850s] Level 1:colcon.colcon_core.environment:checking '/home/jeanho/gps_rtk/install/ublox_serialization/bin'
[0.850s] INFO:colcon.colcon_core.shell:Creating package script '/home/jeanho/gps_rtk/install/ublox_serialization/share/ublox_serialization/package.ps1'
[0.850s] INFO:colcon.colcon_core.shell:Creating package descriptor '/home/jeanho/gps_rtk/install/ublox_serialization/share/ublox_serialization/package.dsv'
[0.850s] INFO:colcon.colcon_core.shell:Creating package script '/home/jeanho/gps_rtk/install/ublox_serialization/share/ublox_serialization/package.sh'
[0.851s] INFO:colcon.colcon_core.shell:Creating package script '/home/jeanho/gps_rtk/install/ublox_serialization/share/ublox_serialization/package.bash'
[0.851s] INFO:colcon.colcon_core.shell:Creating package script '/home/jeanho/gps_rtk/install/ublox_serialization/share/ublox_serialization/package.zsh'
[0.851s] Level 1:colcon.colcon_core.environment:create_file_with_runtime_dependencies(/home/jeanho/gps_rtk/install/ublox_serialization/share/colcon-core/packages/ublox_serialization)
[0.852s] INFO:colcon.colcon_ros.task.ament_cmake.build:Building ROS package in '/home/jeanho/gps_rtk/src/RTK_GPS_NTRIP/ublox_msgs' with build type 'ament_cmake'
[0.852s] INFO:colcon.colcon_cmake.task.cmake.build:Building CMake package in '/home/jeanho/gps_rtk/src/RTK_GPS_NTRIP/ublox_msgs'
[0.852s] INFO:colcon.colcon_core.shell:Skip shell extension 'powershell' for command environment: Not usable outside of PowerShell
[0.852s] DEBUG:colcon.colcon_core.shell:Skip shell extension 'dsv' for command environment
[0.864s] Level 1:colcon.colcon_core.environment:create_environment_scripts_only(rtcm_msgs)
[0.865s] DEBUG:colcon.colcon_core.event_handler.log_command:Invoked command in '/home/jeanho/gps_rtk/build/rtcm_msgs' returned '0': CMAKE_PREFIX_PATH=/opt/ros/humble /usr/bin/cmake --install /home/jeanho/gps_rtk/build/rtcm_msgs
[0.865s] Level 1:colcon.colcon_core.environment:checking '/home/jeanho/gps_rtk/install/rtcm_msgs' for CMake module files
[0.866s] Level 1:colcon.colcon_core.environment:checking '/home/jeanho/gps_rtk/install/rtcm_msgs' for CMake config files
[0.866s] Level 1:colcon.colcon_core.shell:create_environment_hook('rtcm_msgs', 'cmake_prefix_path')
[0.866s] INFO:colcon.colcon_core.shell:Creating environment hook '/home/jeanho/gps_rtk/install/rtcm_msgs/share/rtcm_msgs/hook/cmake_prefix_path.ps1'
[0.867s] INFO:colcon.colcon_core.shell:Creating environment descriptor '/home/jeanho/gps_rtk/install/rtcm_msgs/share/rtcm_msgs/hook/cmake_prefix_path.dsv'
[0.867s] INFO:colcon.colcon_core.shell:Creating environment hook '/home/jeanho/gps_rtk/install/rtcm_msgs/share/rtcm_msgs/hook/cmake_prefix_path.sh'
[0.867s] Level 1:colcon.colcon_core.environment:checking '/home/jeanho/gps_rtk/install/rtcm_msgs/lib'
[0.867s] Level 1:colcon.colcon_core.shell:create_environment_hook('rtcm_msgs', 'ld_library_path_lib')
[0.867s] INFO:colcon.colcon_core.shell:Creating environment hook '/home/jeanho/gps_rtk/install/rtcm_msgs/share/rtcm_msgs/hook/ld_library_path_lib.ps1'
[0.867s] INFO:colcon.colcon_core.shell:Creating environment descriptor '/home/jeanho/gps_rtk/install/rtcm_msgs/share/rtcm_msgs/hook/ld_library_path_lib.dsv'
[0.868s] INFO:colcon.colcon_core.shell:Creating environment hook '/home/jeanho/gps_rtk/install/rtcm_msgs/share/rtcm_msgs/hook/ld_library_path_lib.sh'
[0.868s] Level 1:colcon.colcon_core.environment:checking '/home/jeanho/gps_rtk/install/rtcm_msgs/bin'
[0.868s] Level 1:colcon.colcon_core.environment:checking '/home/jeanho/gps_rtk/install/rtcm_msgs/lib/pkgconfig/rtcm_msgs.pc'
[0.868s] Level 1:colcon.colcon_core.environment:checking '/home/jeanho/gps_rtk/install/rtcm_msgs/lib/python3.10/site-packages'
[0.868s] Level 1:colcon.colcon_core.environment:checking '/home/jeanho/gps_rtk/install/rtcm_msgs/bin'
[0.868s] INFO:colcon.colcon_core.shell:Creating package script '/home/jeanho/gps_rtk/install/rtcm_msgs/share/rtcm_msgs/package.ps1'
[0.869s] INFO:colcon.colcon_core.shell:Creating package descriptor '/home/jeanho/gps_rtk/install/rtcm_msgs/share/rtcm_msgs/package.dsv'
[0.869s] INFO:colcon.colcon_core.shell:Creating package script '/home/jeanho/gps_rtk/install/rtcm_msgs/share/rtcm_msgs/package.sh'
[0.869s] INFO:colcon.colcon_core.shell:Creating package script '/home/jeanho/gps_rtk/install/rtcm_msgs/share/rtcm_msgs/package.bash'
[0.869s] INFO:colcon.colcon_core.shell:Creating package script '/home/jeanho/gps_rtk/install/rtcm_msgs/share/rtcm_msgs/package.zsh'
[0.869s] Level 1:colcon.colcon_core.environment:create_file_with_runtime_dependencies(/home/jeanho/gps_rtk/install/rtcm_msgs/share/colcon-core/packages/rtcm_msgs)
[0.870s] Level 1:colcon.colcon_core.environment:create_environment_scripts_only(rtcm_msgs)
[0.870s] Level 1:colcon.colcon_core.environment:checking '/home/jeanho/gps_rtk/install/rtcm_msgs' for CMake module files
[0.870s] Level 1:colcon.colcon_core.environment:checking '/home/jeanho/gps_rtk/install/rtcm_msgs' for CMake config files
[0.870s] Level 1:colcon.colcon_core.shell:create_environment_hook('rtcm_msgs', 'cmake_prefix_path')
[0.871s] INFO:colcon.colcon_core.shell:Creating environment hook '/home/jeanho/gps_rtk/install/rtcm_msgs/share/rtcm_msgs/hook/cmake_prefix_path.ps1'
[0.871s] INFO:colcon.colcon_core.shell:Creating environment descriptor '/home/jeanho/gps_rtk/install/rtcm_msgs/share/rtcm_msgs/hook/cmake_prefix_path.dsv'
[0.871s] INFO:colcon.colcon_core.shell:Creating environment hook '/home/jeanho/gps_rtk/install/rtcm_msgs/share/rtcm_msgs/hook/cmake_prefix_path.sh'
[0.871s] Level 1:colcon.colcon_core.environment:checking '/home/jeanho/gps_rtk/install/rtcm_msgs/lib'
[0.871s] Level 1:colcon.colcon_core.shell:create_environment_hook('rtcm_msgs', 'ld_library_path_lib')
[0.872s] INFO:colcon.colcon_core.shell:Creating environment hook '/home/jeanho/gps_rtk/install/rtcm_msgs/share/rtcm_msgs/hook/ld_library_path_lib.ps1'
[0.872s] INFO:colcon.colcon_core.shell:Creating environment descriptor '/home/jeanho/gps_rtk/install/rtcm_msgs/share/rtcm_msgs/hook/ld_library_path_lib.dsv'
[0.872s] INFO:colcon.colcon_core.shell:Creating environment hook '/home/jeanho/gps_rtk/install/rtcm_msgs/share/rtcm_msgs/hook/ld_library_path_lib.sh'
[0.872s] Level 1:colcon.colcon_core.environment:checking '/home/jeanho/gps_rtk/install/rtcm_msgs/bin'
[0.872s] Level 1:colcon.colcon_core.environment:checking '/home/jeanho/gps_rtk/install/rtcm_msgs/lib/pkgconfig/rtcm_msgs.pc'
[0.873s] Level 1:colcon.colcon_core.environment:checking '/home/jeanho/gps_rtk/install/rtcm_msgs/lib/python3.10/site-packages'
[0.873s] Level 1:colcon.colcon_core.environment:checking '/home/jeanho/gps_rtk/install/rtcm_msgs/bin'
[0.873s] INFO:colcon.colcon_core.shell:Creating package script '/home/jeanho/gps_rtk/install/rtcm_msgs/share/rtcm_msgs/package.ps1'
[0.873s] INFO:colcon.colcon_core.shell:Creating package descriptor '/home/jeanho/gps_rtk/install/rtcm_msgs/share/rtcm_msgs/package.dsv'
[0.874s] INFO:colcon.colcon_core.shell:Creating package script '/home/jeanho/gps_rtk/install/rtcm_msgs/share/rtcm_msgs/package.sh'
[0.874s] INFO:colcon.colcon_core.shell:Creating package script '/home/jeanho/gps_rtk/install/rtcm_msgs/share/rtcm_msgs/package.bash'
[0.874s] INFO:colcon.colcon_core.shell:Creating package script '/home/jeanho/gps_rtk/install/rtcm_msgs/share/rtcm_msgs/package.zsh'
[0.874s] Level 1:colcon.colcon_core.environment:create_file_with_runtime_dependencies(/home/jeanho/gps_rtk/install/rtcm_msgs/share/colcon-core/packages/rtcm_msgs)
[0.925s] DEBUG:colcon.colcon_core.event_handler.log_command:Invoking command in '/home/jeanho/gps_rtk/build/ublox_msgs': AMENT_PREFIX_PATH=/home/jeanho/gps_rtk/install/ublox_serialization:${AMENT_PREFIX_PATH} CMAKE_PREFIX_PATH=/home/jeanho/gps_rtk/install/ublox_serialization:/opt/ros/humble /usr/bin/cmake --build /home/jeanho/gps_rtk/build/ublox_msgs -- -j24 -l24
[1.077s] DEBUG:colcon.colcon_core.event_handler.log_command:Invoking command in '/home/jeanho/gps_rtk/src/gps_visualizer': PYTHONPATH=/home/jeanho/gps_rtk/build/gps_visualizer/prefix_override:/usr/lib/python3/dist-packages/colcon_core/task/python/colcon_distutils_commands:/home/jeanho/gps_rtk/install/gps_visualizer/lib/python3.10/site-packages:${PYTHONPATH} /usr/bin/python3 -W ignore:setup.py install is deprecated -W ignore:easy_install command is deprecated setup.py egg_info --egg-base ../../build/gps_visualizer build --build-base /home/jeanho/gps_rtk/build/gps_visualizer/build install --record /home/jeanho/gps_rtk/build/gps_visualizer/install.log --single-version-externally-managed install_data
[1.088s] DEBUG:colcon.colcon_core.event_handler.log_command:Invoking command in '/home/jeanho/gps_rtk/src/RTK_GPS_NTRIP/ntrip_client': PYTHONPATH=/home/jeanho/gps_rtk/build/ntrip_client/prefix_override:/usr/lib/python3/dist-packages/colcon_core/task/python/colcon_distutils_commands:/home/jeanho/gps_rtk/install/ntrip_client/lib/python3.10/site-packages:${PYTHONPATH} /usr/bin/python3 -W ignore:setup.py install is deprecated -W ignore:easy_install command is deprecated setup.py egg_info --egg-base ../../../build/ntrip_client build --build-base /home/jeanho/gps_rtk/build/ntrip_client/build install --record /home/jeanho/gps_rtk/build/ntrip_client/install.log --single-version-externally-managed install_data
[1.204s] DEBUG:colcon.colcon_core.event_handler.log_command:Invoked command in '/home/jeanho/gps_rtk/build/ublox_msgs' returned '0': AMENT_PREFIX_PATH=/home/jeanho/gps_rtk/install/ublox_serialization:${AMENT_PREFIX_PATH} CMAKE_PREFIX_PATH=/home/jeanho/gps_rtk/install/ublox_serialization:/opt/ros/humble /usr/bin/cmake --build /home/jeanho/gps_rtk/build/ublox_msgs -- -j24 -l24
[1.206s] DEBUG:colcon.colcon_core.event_handler.log_command:Invoking command in '/home/jeanho/gps_rtk/build/ublox_msgs': AMENT_PREFIX_PATH=/home/jeanho/gps_rtk/install/ublox_serialization:${AMENT_PREFIX_PATH} CMAKE_PREFIX_PATH=/home/jeanho/gps_rtk/install/ublox_serialization:/opt/ros/humble /usr/bin/cmake --install /home/jeanho/gps_rtk/build/ublox_msgs
[1.268s] Level 1:colcon.colcon_core.environment:checking '/home/jeanho/gps_rtk/install/ntrip_client' for CMake module files
[1.280s] Level 1:colcon.colcon_core.environment:checking '/home/jeanho/gps_rtk/install/ntrip_client' for CMake config files
[1.317s] Level 1:colcon.colcon_core.environment:checking '/home/jeanho/gps_rtk/install/ntrip_client/lib'
[1.318s] Level 1:colcon.colcon_core.environment:checking '/home/jeanho/gps_rtk/install/ntrip_client/bin'
[1.318s] Level 1:colcon.colcon_core.environment:checking '/home/jeanho/gps_rtk/install/ntrip_client/lib/pkgconfig/ntrip_client.pc'
[1.318s] Level 1:colcon.colcon_core.environment:checking '/home/jeanho/gps_rtk/install/ntrip_client/lib/python3.10/site-packages'
[1.318s] Level 1:colcon.colcon_core.shell:create_environment_hook('ntrip_client', 'pythonpath')
[1.318s] INFO:colcon.colcon_core.shell:Creating environment hook '/home/jeanho/gps_rtk/install/ntrip_client/share/ntrip_client/hook/pythonpath.ps1'
[1.319s] INFO:colcon.colcon_core.shell:Creating environment descriptor '/home/jeanho/gps_rtk/install/ntrip_client/share/ntrip_client/hook/pythonpath.dsv'
[1.331s] INFO:colcon.colcon_core.shell:Creating environment hook '/home/jeanho/gps_rtk/install/ntrip_client/share/ntrip_client/hook/pythonpath.sh'
[1.337s] Level 1:colcon.colcon_core.environment:checking '/home/jeanho/gps_rtk/install/ntrip_client/bin'
[1.337s] Level 1:colcon.colcon_core.environment:create_environment_scripts_only(ntrip_client)
[1.337s] INFO:colcon.colcon_core.shell:Creating package script '/home/jeanho/gps_rtk/install/ntrip_client/share/ntrip_client/package.ps1'
[1.345s] INFO:colcon.colcon_core.shell:Creating package descriptor '/home/jeanho/gps_rtk/install/ntrip_client/share/ntrip_client/package.dsv'
[1.348s] INFO:colcon.colcon_core.shell:Creating package script '/home/jeanho/gps_rtk/install/ntrip_client/share/ntrip_client/package.sh'
[1.354s] INFO:colcon.colcon_core.shell:Creating package script '/home/jeanho/gps_rtk/install/ntrip_client/share/ntrip_client/package.bash'
[1.360s] INFO:colcon.colcon_core.shell:Creating package script '/home/jeanho/gps_rtk/install/ntrip_client/share/ntrip_client/package.zsh'
[1.364s] Level 1:colcon.colcon_core.environment:create_file_with_runtime_dependencies(/home/jeanho/gps_rtk/install/ntrip_client/share/colcon-core/packages/ntrip_client)
[1.369s] Level 1:colcon.colcon_core.environment:checking '/home/jeanho/gps_rtk/install/gps_visualizer' for CMake module files
[1.377s] Level 1:colcon.colcon_core.environment:checking '/home/jeanho/gps_rtk/install/gps_visualizer' for CMake config files
[1.393s] DEBUG:colcon.colcon_core.event_handler.log_command:Invoked command in '/home/jeanho/gps_rtk/src/RTK_GPS_NTRIP/ntrip_client' returned '0': PYTHONPATH=/home/jeanho/gps_rtk/build/ntrip_client/prefix_override:/usr/lib/python3/dist-packages/colcon_core/task/python/colcon_distutils_commands:/home/jeanho/gps_rtk/install/ntrip_client/lib/python3.10/site-packages:${PYTHONPATH} /usr/bin/python3 -W ignore:setup.py install is deprecated -W ignore:easy_install command is deprecated setup.py egg_info --egg-base ../../../build/ntrip_client build --build-base /home/jeanho/gps_rtk/build/ntrip_client/build install --record /home/jeanho/gps_rtk/build/ntrip_client/install.log --single-version-externally-managed install_data
[1.405s] Level 1:colcon.colcon_core.environment:checking '/home/jeanho/gps_rtk/install/gps_visualizer/lib'
[1.412s] Level 1:colcon.colcon_core.environment:checking '/home/jeanho/gps_rtk/install/gps_visualizer/bin'
[1.412s] Level 1:colcon.colcon_core.environment:checking '/home/jeanho/gps_rtk/install/gps_visualizer/lib/pkgconfig/gps_visualizer.pc'
[1.412s] Level 1:colcon.colcon_core.environment:checking '/home/jeanho/gps_rtk/install/gps_visualizer/lib/python3.10/site-packages'
[1.412s] Level 1:colcon.colcon_core.shell:create_environment_hook('gps_visualizer', 'pythonpath')
[1.412s] INFO:colcon.colcon_core.shell:Creating environment hook '/home/jeanho/gps_rtk/install/gps_visualizer/share/gps_visualizer/hook/pythonpath.ps1'
[1.414s] INFO:colcon.colcon_core.shell:Creating environment descriptor '/home/jeanho/gps_rtk/install/gps_visualizer/share/gps_visualizer/hook/pythonpath.dsv'
[1.418s] DEBUG:colcon.colcon_core.event_handler.log_command:Invoked command in '/home/jeanho/gps_rtk/src/gps_visualizer' returned '0': PYTHONPATH=/home/jeanho/gps_rtk/build/gps_visualizer/prefix_override:/usr/lib/python3/dist-packages/colcon_core/task/python/colcon_distutils_commands:/home/jeanho/gps_rtk/install/gps_visualizer/lib/python3.10/site-packages:${PYTHONPATH} /usr/bin/python3 -W ignore:setup.py install is deprecated -W ignore:easy_install command is deprecated setup.py egg_info --egg-base ../../build/gps_visualizer build --build-base /home/jeanho/gps_rtk/build/gps_visualizer/build install --record /home/jeanho/gps_rtk/build/gps_visualizer/install.log --single-version-externally-managed install_data
[1.418s] INFO:colcon.colcon_core.shell:Creating environment hook '/home/jeanho/gps_rtk/install/gps_visualizer/share/gps_visualizer/hook/pythonpath.sh'
[1.418s] Level 1:colcon.colcon_core.environment:checking '/home/jeanho/gps_rtk/install/gps_visualizer/bin'
[1.418s] Level 1:colcon.colcon_core.environment:create_environment_scripts_only(gps_visualizer)
[1.418s] INFO:colcon.colcon_core.shell:Creating package script '/home/jeanho/gps_rtk/install/gps_visualizer/share/gps_visualizer/package.ps1'
[1.419s] INFO:colcon.colcon_core.shell:Creating package descriptor '/home/jeanho/gps_rtk/install/gps_visualizer/share/gps_visualizer/package.dsv'
[1.419s] INFO:colcon.colcon_core.shell:Creating package script '/home/jeanho/gps_rtk/install/gps_visualizer/share/gps_visualizer/package.sh'
[1.419s] INFO:colcon.colcon_core.shell:Creating package script '/home/jeanho/gps_rtk/install/gps_visualizer/share/gps_visualizer/package.bash'
[1.419s] INFO:colcon.colcon_core.shell:Creating package script '/home/jeanho/gps_rtk/install/gps_visualizer/share/gps_visualizer/package.zsh'
[1.419s] Level 1:colcon.colcon_core.environment:create_file_with_runtime_dependencies(/home/jeanho/gps_rtk/install/gps_visualizer/share/colcon-core/packages/gps_visualizer)
[1.421s] Level 1:colcon.colcon_core.environment:create_environment_scripts_only(ublox_msgs)
[1.422s] Level 1:colcon.colcon_core.environment:checking '/home/jeanho/gps_rtk/install/ublox_msgs' for CMake module files
[1.422s] DEBUG:colcon.colcon_core.event_handler.log_command:Invoked command in '/home/jeanho/gps_rtk/build/ublox_msgs' returned '0': AMENT_PREFIX_PATH=/home/jeanho/gps_rtk/install/ublox_serialization:${AMENT_PREFIX_PATH} CMAKE_PREFIX_PATH=/home/jeanho/gps_rtk/install/ublox_serialization:/opt/ros/humble /usr/bin/cmake --install /home/jeanho/gps_rtk/build/ublox_msgs
[1.422s] Level 1:colcon.colcon_core.environment:checking '/home/jeanho/gps_rtk/install/ublox_msgs' for CMake config files
[1.423s] Level 1:colcon.colcon_core.shell:create_environment_hook('ublox_msgs', 'cmake_prefix_path')
[1.423s] INFO:colcon.colcon_core.shell:Creating environment hook '/home/jeanho/gps_rtk/install/ublox_msgs/share/ublox_msgs/hook/cmake_prefix_path.ps1'
[1.423s] INFO:colcon.colcon_core.shell:Creating environment descriptor '/home/jeanho/gps_rtk/install/ublox_msgs/share/ublox_msgs/hook/cmake_prefix_path.dsv'
[1.424s] INFO:colcon.colcon_core.shell:Creating environment hook '/home/jeanho/gps_rtk/install/ublox_msgs/share/ublox_msgs/hook/cmake_prefix_path.sh'
[1.424s] Level 1:colcon.colcon_core.environment:checking '/home/jeanho/gps_rtk/install/ublox_msgs/lib'
[1.424s] Level 1:colcon.colcon_core.shell:create_environment_hook('ublox_msgs', 'ld_library_path_lib')
[1.424s] INFO:colcon.colcon_core.shell:Creating environment hook '/home/jeanho/gps_rtk/install/ublox_msgs/share/ublox_msgs/hook/ld_library_path_lib.ps1'
[1.424s] INFO:colcon.colcon_core.shell:Creating environment descriptor '/home/jeanho/gps_rtk/install/ublox_msgs/share/ublox_msgs/hook/ld_library_path_lib.dsv'
[1.424s] INFO:colcon.colcon_core.shell:Creating environment hook '/home/jeanho/gps_rtk/install/ublox_msgs/share/ublox_msgs/hook/ld_library_path_lib.sh'
[1.424s] Level 1:colcon.colcon_core.environment:checking '/home/jeanho/gps_rtk/install/ublox_msgs/bin'
[1.424s] Level 1:colcon.colcon_core.environment:checking '/home/jeanho/gps_rtk/install/ublox_msgs/lib/pkgconfig/ublox_msgs.pc'
[1.424s] Level 1:colcon.colcon_core.environment:checking '/home/jeanho/gps_rtk/install/ublox_msgs/lib/python3.10/site-packages'
[1.425s] Level 1:colcon.colcon_core.environment:checking '/home/jeanho/gps_rtk/install/ublox_msgs/bin'
[1.425s] INFO:colcon.colcon_core.shell:Creating package script '/home/jeanho/gps_rtk/install/ublox_msgs/share/ublox_msgs/package.ps1'
[1.425s] INFO:colcon.colcon_core.shell:Creating package descriptor '/home/jeanho/gps_rtk/install/ublox_msgs/share/ublox_msgs/package.dsv'
[1.425s] INFO:colcon.colcon_core.shell:Creating package script '/home/jeanho/gps_rtk/install/ublox_msgs/share/ublox_msgs/package.sh'
[1.425s] INFO:colcon.colcon_core.shell:Creating package script '/home/jeanho/gps_rtk/install/ublox_msgs/share/ublox_msgs/package.bash'
[1.425s] INFO:colcon.colcon_core.shell:Creating package script '/home/jeanho/gps_rtk/install/ublox_msgs/share/ublox_msgs/package.zsh'
[1.425s] Level 1:colcon.colcon_core.environment:create_file_with_runtime_dependencies(/home/jeanho/gps_rtk/install/ublox_msgs/share/colcon-core/packages/ublox_msgs)
[1.426s] Level 1:colcon.colcon_core.environment:create_environment_scripts_only(ublox_msgs)
[1.426s] Level 1:colcon.colcon_core.environment:checking '/home/jeanho/gps_rtk/install/ublox_msgs' for CMake module files
[1.426s] Level 1:colcon.colcon_core.environment:checking '/home/jeanho/gps_rtk/install/ublox_msgs' for CMake config files
[1.427s] Level 1:colcon.colcon_core.shell:create_environment_hook('ublox_msgs', 'cmake_prefix_path')
[1.427s] INFO:colcon.colcon_core.shell:Creating environment hook '/home/jeanho/gps_rtk/install/ublox_msgs/share/ublox_msgs/hook/cmake_prefix_path.ps1'
[1.427s] INFO:colcon.colcon_core.shell:Creating environment descriptor '/home/jeanho/gps_rtk/install/ublox_msgs/share/ublox_msgs/hook/cmake_prefix_path.dsv'
[1.427s] INFO:colcon.colcon_core.shell:Creating environment hook '/home/jeanho/gps_rtk/install/ublox_msgs/share/ublox_msgs/hook/cmake_prefix_path.sh'
[1.427s] Level 1:colcon.colcon_core.environment:checking '/home/jeanho/gps_rtk/install/ublox_msgs/lib'
[1.427s] Level 1:colcon.colcon_core.shell:create_environment_hook('ublox_msgs', 'ld_library_path_lib')
[1.427s] INFO:colcon.colcon_core.shell:Creating environment hook '/home/jeanho/gps_rtk/install/ublox_msgs/share/ublox_msgs/hook/ld_library_path_lib.ps1'
[1.428s] INFO:colcon.colcon_core.shell:Creating environment descriptor '/home/jeanho/gps_rtk/install/ublox_msgs/share/ublox_msgs/hook/ld_library_path_lib.dsv'
[1.428s] INFO:colcon.colcon_core.shell:Creating environment hook '/home/jeanho/gps_rtk/install/ublox_msgs/share/ublox_msgs/hook/ld_library_path_lib.sh'
[1.428s] Level 1:colcon.colcon_core.environment:checking '/home/jeanho/gps_rtk/install/ublox_msgs/bin'
[1.428s] Level 1:colcon.colcon_core.environment:checking '/home/jeanho/gps_rtk/install/ublox_msgs/lib/pkgconfig/ublox_msgs.pc'
[1.428s] Level 1:colcon.colcon_core.environment:checking '/home/jeanho/gps_rtk/install/ublox_msgs/lib/python3.10/site-packages'
[1.428s] Level 1:colcon.colcon_core.environment:checking '/home/jeanho/gps_rtk/install/ublox_msgs/bin'
[1.428s] INFO:colcon.colcon_core.shell:Creating package script '/home/jeanho/gps_rtk/install/ublox_msgs/share/ublox_msgs/package.ps1'
[1.428s] INFO:colcon.colcon_core.shell:Creating package descriptor '/home/jeanho/gps_rtk/install/ublox_msgs/share/ublox_msgs/package.dsv'
[1.429s] INFO:colcon.colcon_core.shell:Creating package script '/home/jeanho/gps_rtk/install/ublox_msgs/share/ublox_msgs/package.sh'
[1.429s] INFO:colcon.colcon_core.shell:Creating package script '/home/jeanho/gps_rtk/install/ublox_msgs/share/ublox_msgs/package.bash'
[1.429s] INFO:colcon.colcon_core.shell:Creating package script '/home/jeanho/gps_rtk/install/ublox_msgs/share/ublox_msgs/package.zsh'
[1.429s] Level 1:colcon.colcon_core.environment:create_file_with_runtime_dependencies(/home/jeanho/gps_rtk/install/ublox_msgs/share/colcon-core/packages/ublox_msgs)
[1.430s] INFO:colcon.colcon_ros.task.ament_cmake.build:Building ROS package in '/home/jeanho/gps_rtk/src/RTK_GPS_NTRIP/ublox_gps' with build type 'ament_cmake'
[1.430s] INFO:colcon.colcon_cmake.task.cmake.build:Building CMake package in '/home/jeanho/gps_rtk/src/RTK_GPS_NTRIP/ublox_gps'
[1.430s] INFO:colcon.colcon_core.shell:Skip shell extension 'powershell' for command environment: Not usable outside of PowerShell
[1.430s] DEBUG:colcon.colcon_core.shell:Skip shell extension 'dsv' for command environment
[1.432s] INFO:colcon.colcon_ros.task.ament_cmake.build:Building ROS package in '/home/jeanho/gps_rtk/src/RTK_GPS_NTRIP/fix2nmea' with build type 'ament_cmake'
[1.432s] INFO:colcon.colcon_cmake.task.cmake.build:Building CMake package in '/home/jeanho/gps_rtk/src/RTK_GPS_NTRIP/fix2nmea'
[1.432s] INFO:colcon.colcon_core.shell:Skip shell extension 'powershell' for command environment: Not usable outside of PowerShell
[1.432s] DEBUG:colcon.colcon_core.shell:Skip shell extension 'dsv' for command environment
[1.534s] DEBUG:colcon.colcon_core.event_handler.log_command:Invoking command in '/home/jeanho/gps_rtk/build/fix2nmea': AMENT_PREFIX_PATH=/home/jeanho/gps_rtk/install/ublox_msgs:/home/jeanho/gps_rtk/install/ublox_serialization:${AMENT_PREFIX_PATH} CMAKE_PREFIX_PATH=/home/jeanho/gps_rtk/install/ublox_msgs:/home/jeanho/gps_rtk/install/ublox_serialization:/opt/ros/humble LD_LIBRARY_PATH=/home/jeanho/gps_rtk/install/ublox_msgs/lib:/opt/ros/humble/opt/rviz_ogre_vendor/lib:/opt/ros/humble/lib/x86_64-linux-gnu:/opt/ros/humble/lib:/home/jeanho/acados/lib PYTHONPATH=/home/jeanho/gps_rtk/install/ublox_msgs/local/lib/python3.10/dist-packages:${PYTHONPATH} /usr/bin/cmake --build /home/jeanho/gps_rtk/build/fix2nmea -- -j24 -l24
[1.570s] DEBUG:colcon.colcon_core.event_handler.log_command:Invoked command in '/home/jeanho/gps_rtk/build/fix2nmea' returned '0': AMENT_PREFIX_PATH=/home/jeanho/gps_rtk/install/ublox_msgs:/home/jeanho/gps_rtk/install/ublox_serialization:${AMENT_PREFIX_PATH} CMAKE_PREFIX_PATH=/home/jeanho/gps_rtk/install/ublox_msgs:/home/jeanho/gps_rtk/install/ublox_serialization:/opt/ros/humble LD_LIBRARY_PATH=/home/jeanho/gps_rtk/install/ublox_msgs/lib:/opt/ros/humble/opt/rviz_ogre_vendor/lib:/opt/ros/humble/lib/x86_64-linux-gnu:/opt/ros/humble/lib:/home/jeanho/acados/lib PYTHONPATH=/home/jeanho/gps_rtk/install/ublox_msgs/local/lib/python3.10/dist-packages:${PYTHONPATH} /usr/bin/cmake --build /home/jeanho/gps_rtk/build/fix2nmea -- -j24 -l24
[1.571s] DEBUG:colcon.colcon_core.event_handler.log_command:Invoking command in '/home/jeanho/gps_rtk/build/fix2nmea': AMENT_PREFIX_PATH=/home/jeanho/gps_rtk/install/ublox_msgs:/home/jeanho/gps_rtk/install/ublox_serialization:${AMENT_PREFIX_PATH} CMAKE_PREFIX_PATH=/home/jeanho/gps_rtk/install/ublox_msgs:/home/jeanho/gps_rtk/install/ublox_serialization:/opt/ros/humble LD_LIBRARY_PATH=/home/jeanho/gps_rtk/install/ublox_msgs/lib:/opt/ros/humble/opt/rviz_ogre_vendor/lib:/opt/ros/humble/lib/x86_64-linux-gnu:/opt/ros/humble/lib:/home/jeanho/acados/lib PYTHONPATH=/home/jeanho/gps_rtk/install/ublox_msgs/local/lib/python3.10/dist-packages:${PYTHONPATH} /usr/bin/cmake --install /home/jeanho/gps_rtk/build/fix2nmea
[1.578s] Level 1:colcon.colcon_core.environment:create_environment_scripts_only(fix2nmea)
[1.578s] Level 1:colcon.colcon_core.environment:checking '/home/jeanho/gps_rtk/install/fix2nmea' for CMake module files
[1.578s] DEBUG:colcon.colcon_core.event_handler.log_command:Invoked command in '/home/jeanho/gps_rtk/build/fix2nmea' returned '0': AMENT_PREFIX_PATH=/home/jeanho/gps_rtk/install/ublox_msgs:/home/jeanho/gps_rtk/install/ublox_serialization:${AMENT_PREFIX_PATH} CMAKE_PREFIX_PATH=/home/jeanho/gps_rtk/install/ublox_msgs:/home/jeanho/gps_rtk/install/ublox_serialization:/opt/ros/humble LD_LIBRARY_PATH=/home/jeanho/gps_rtk/install/ublox_msgs/lib:/opt/ros/humble/opt/rviz_ogre_vendor/lib:/opt/ros/humble/lib/x86_64-linux-gnu:/opt/ros/humble/lib:/home/jeanho/acados/lib PYTHONPATH=/home/jeanho/gps_rtk/install/ublox_msgs/local/lib/python3.10/dist-packages:${PYTHONPATH} /usr/bin/cmake --install /home/jeanho/gps_rtk/build/fix2nmea
[1.579s] Level 1:colcon.colcon_core.environment:checking '/home/jeanho/gps_rtk/install/fix2nmea' for CMake config files
[1.579s] Level 1:colcon.colcon_core.shell:create_environment_hook('fix2nmea', 'cmake_prefix_path')
[1.579s] INFO:colcon.colcon_core.shell:Creating environment hook '/home/jeanho/gps_rtk/install/fix2nmea/share/fix2nmea/hook/cmake_prefix_path.ps1'
[1.579s] INFO:colcon.colcon_core.shell:Creating environment descriptor '/home/jeanho/gps_rtk/install/fix2nmea/share/fix2nmea/hook/cmake_prefix_path.dsv'
[1.579s] INFO:colcon.colcon_core.shell:Creating environment hook '/home/jeanho/gps_rtk/install/fix2nmea/share/fix2nmea/hook/cmake_prefix_path.sh'
[1.580s] Level 1:colcon.colcon_core.environment:checking '/home/jeanho/gps_rtk/install/fix2nmea/lib'
[1.580s] Level 1:colcon.colcon_core.environment:checking '/home/jeanho/gps_rtk/install/fix2nmea/bin'
[1.580s] Level 1:colcon.colcon_core.environment:checking '/home/jeanho/gps_rtk/install/fix2nmea/lib/pkgconfig/fix2nmea.pc'
[1.580s] Level 1:colcon.colcon_core.environment:checking '/home/jeanho/gps_rtk/install/fix2nmea/lib/python3.10/site-packages'
[1.580s] Level 1:colcon.colcon_core.environment:checking '/home/jeanho/gps_rtk/install/fix2nmea/bin'
[1.580s] INFO:colcon.colcon_core.shell:Creating package script '/home/jeanho/gps_rtk/install/fix2nmea/share/fix2nmea/package.ps1'
[1.581s] INFO:colcon.colcon_core.shell:Creating package descriptor '/home/jeanho/gps_rtk/install/fix2nmea/share/fix2nmea/package.dsv'
[1.581s] INFO:colcon.colcon_core.shell:Creating package script '/home/jeanho/gps_rtk/install/fix2nmea/share/fix2nmea/package.sh'
[1.581s] INFO:colcon.colcon_core.shell:Creating package script '/home/jeanho/gps_rtk/install/fix2nmea/share/fix2nmea/package.bash'
[1.581s] INFO:colcon.colcon_core.shell:Creating package script '/home/jeanho/gps_rtk/install/fix2nmea/share/fix2nmea/package.zsh'
[1.581s] Level 1:colcon.colcon_core.environment:create_file_with_runtime_dependencies(/home/jeanho/gps_rtk/install/fix2nmea/share/colcon-core/packages/fix2nmea)
[1.581s] Level 1:colcon.colcon_core.environment:create_environment_scripts_only(fix2nmea)
[1.581s] Level 1:colcon.colcon_core.environment:checking '/home/jeanho/gps_rtk/install/fix2nmea' for CMake module files
[1.582s] Level 1:colcon.colcon_core.environment:checking '/home/jeanho/gps_rtk/install/fix2nmea' for CMake config files
[1.582s] Level 1:colcon.colcon_core.shell:create_environment_hook('fix2nmea', 'cmake_prefix_path')
[1.582s] INFO:colcon.colcon_core.shell:Creating environment hook '/home/jeanho/gps_rtk/install/fix2nmea/share/fix2nmea/hook/cmake_prefix_path.ps1'
[1.582s] INFO:colcon.colcon_core.shell:Creating environment descriptor '/home/jeanho/gps_rtk/install/fix2nmea/share/fix2nmea/hook/cmake_prefix_path.dsv'
[1.582s] INFO:colcon.colcon_core.shell:Creating environment hook '/home/jeanho/gps_rtk/install/fix2nmea/share/fix2nmea/hook/cmake_prefix_path.sh'
[1.582s] Level 1:colcon.colcon_core.environment:checking '/home/jeanho/gps_rtk/install/fix2nmea/lib'
[1.582s] Level 1:colcon.colcon_core.environment:checking '/home/jeanho/gps_rtk/install/fix2nmea/bin'
[1.583s] Level 1:colcon.colcon_core.environment:checking '/home/jeanho/gps_rtk/install/fix2nmea/lib/pkgconfig/fix2nmea.pc'
[1.583s] Level 1:colcon.colcon_core.environment:checking '/home/jeanho/gps_rtk/install/fix2nmea/lib/python3.10/site-packages'
[1.583s] Level 1:colcon.colcon_core.environment:checking '/home/jeanho/gps_rtk/install/fix2nmea/bin'
[1.583s] INFO:colcon.colcon_core.shell:Creating package script '/home/jeanho/gps_rtk/install/fix2nmea/share/fix2nmea/package.ps1'
[1.583s] INFO:colcon.colcon_core.shell:Creating package descriptor '/home/jeanho/gps_rtk/install/fix2nmea/share/fix2nmea/package.dsv'
[1.583s] INFO:colcon.colcon_core.shell:Creating package script '/home/jeanho/gps_rtk/install/fix2nmea/share/fix2nmea/package.sh'
[1.583s] INFO:colcon.colcon_core.shell:Creating package script '/home/jeanho/gps_rtk/install/fix2nmea/share/fix2nmea/package.bash'
[1.583s] INFO:colcon.colcon_core.shell:Creating package script '/home/jeanho/gps_rtk/install/fix2nmea/share/fix2nmea/package.zsh'
[1.584s] Level 1:colcon.colcon_core.environment:create_file_with_runtime_dependencies(/home/jeanho/gps_rtk/install/fix2nmea/share/colcon-core/packages/fix2nmea)
[1.643s] DEBUG:colcon.colcon_core.event_handler.log_command:Invoking command in '/home/jeanho/gps_rtk/build/ublox_gps': AMENT_PREFIX_PATH=/home/jeanho/gps_rtk/install/ublox_msgs:/home/jeanho/gps_rtk/install/ublox_serialization:/home/jeanho/gps_rtk/install/rtcm_msgs:${AMENT_PREFIX_PATH} CMAKE_PREFIX_PATH=/home/jeanho/gps_rtk/install/ublox_msgs:/home/jeanho/gps_rtk/install/ublox_serialization:/home/jeanho/gps_rtk/install/rtcm_msgs:/opt/ros/humble LD_LIBRARY_PATH=/home/jeanho/gps_rtk/install/ublox_msgs/lib:/home/jeanho/gps_rtk/install/rtcm_msgs/lib:/opt/ros/humble/opt/rviz_ogre_vendor/lib:/opt/ros/humble/lib/x86_64-linux-gnu:/opt/ros/humble/lib:/home/jeanho/acados/lib PYTHONPATH=/home/jeanho/gps_rtk/install/ublox_msgs/local/lib/python3.10/dist-packages:/home/jeanho/gps_rtk/install/rtcm_msgs/local/lib/python3.10/dist-packages:${PYTHONPATH} /usr/bin/cmake --build /home/jeanho/gps_rtk/build/ublox_gps -- -j24 -l24
[1.714s] DEBUG:colcon.colcon_core.event_handler.log_command:Invoked command in '/home/jeanho/gps_rtk/build/ublox_gps' returned '0': AMENT_PREFIX_PATH=/home/jeanho/gps_rtk/install/ublox_msgs:/home/jeanho/gps_rtk/install/ublox_serialization:/home/jeanho/gps_rtk/install/rtcm_msgs:${AMENT_PREFIX_PATH} CMAKE_PREFIX_PATH=/home/jeanho/gps_rtk/install/ublox_msgs:/home/jeanho/gps_rtk/install/ublox_serialization:/home/jeanho/gps_rtk/install/rtcm_msgs:/opt/ros/humble LD_LIBRARY_PATH=/home/jeanho/gps_rtk/install/ublox_msgs/lib:/home/jeanho/gps_rtk/install/rtcm_msgs/lib:/opt/ros/humble/opt/rviz_ogre_vendor/lib:/opt/ros/humble/lib/x86_64-linux-gnu:/opt/ros/humble/lib:/home/jeanho/acados/lib PYTHONPATH=/home/jeanho/gps_rtk/install/ublox_msgs/local/lib/python3.10/dist-packages:/home/jeanho/gps_rtk/install/rtcm_msgs/local/lib/python3.10/dist-packages:${PYTHONPATH} /usr/bin/cmake --build /home/jeanho/gps_rtk/build/ublox_gps -- -j24 -l24
[1.714s] DEBUG:colcon.colcon_core.event_handler.log_command:Invoking command in '/home/jeanho/gps_rtk/build/ublox_gps': AMENT_PREFIX_PATH=/home/jeanho/gps_rtk/install/ublox_msgs:/home/jeanho/gps_rtk/install/ublox_serialization:/home/jeanho/gps_rtk/install/rtcm_msgs:${AMENT_PREFIX_PATH} CMAKE_PREFIX_PATH=/home/jeanho/gps_rtk/install/ublox_msgs:/home/jeanho/gps_rtk/install/ublox_serialization:/home/jeanho/gps_rtk/install/rtcm_msgs:/opt/ros/humble LD_LIBRARY_PATH=/home/jeanho/gps_rtk/install/ublox_msgs/lib:/home/jeanho/gps_rtk/install/rtcm_msgs/lib:/opt/ros/humble/opt/rviz_ogre_vendor/lib:/opt/ros/humble/lib/x86_64-linux-gnu:/opt/ros/humble/lib:/home/jeanho/acados/lib PYTHONPATH=/home/jeanho/gps_rtk/install/ublox_msgs/local/lib/python3.10/dist-packages:/home/jeanho/gps_rtk/install/rtcm_msgs/local/lib/python3.10/dist-packages:${PYTHONPATH} /usr/bin/cmake --install /home/jeanho/gps_rtk/build/ublox_gps
[1.726s] Level 1:colcon.colcon_core.environment:create_environment_scripts_only(ublox_gps)
[1.726s] DEBUG:colcon.colcon_core.event_handler.log_command:Invoked command in '/home/jeanho/gps_rtk/build/ublox_gps' returned '0': AMENT_PREFIX_PATH=/home/jeanho/gps_rtk/install/ublox_msgs:/home/jeanho/gps_rtk/install/ublox_serialization:/home/jeanho/gps_rtk/install/rtcm_msgs:${AMENT_PREFIX_PATH} CMAKE_PREFIX_PATH=/home/jeanho/gps_rtk/install/ublox_msgs:/home/jeanho/gps_rtk/install/ublox_serialization:/home/jeanho/gps_rtk/install/rtcm_msgs:/opt/ros/humble LD_LIBRARY_PATH=/home/jeanho/gps_rtk/install/ublox_msgs/lib:/home/jeanho/gps_rtk/install/rtcm_msgs/lib:/opt/ros/humble/opt/rviz_ogre_vendor/lib:/opt/ros/humble/lib/x86_64-linux-gnu:/opt/ros/humble/lib:/home/jeanho/acados/lib PYTHONPATH=/home/jeanho/gps_rtk/install/ublox_msgs/local/lib/python3.10/dist-packages:/home/jeanho/gps_rtk/install/rtcm_msgs/local/lib/python3.10/dist-packages:${PYTHONPATH} /usr/bin/cmake --install /home/jeanho/gps_rtk/build/ublox_gps
[1.726s] Level 1:colcon.colcon_core.environment:checking '/home/jeanho/gps_rtk/install/ublox_gps' for CMake module files
[1.727s] Level 1:colcon.colcon_core.environment:checking '/home/jeanho/gps_rtk/install/ublox_gps' for CMake config files
[1.727s] Level 1:colcon.colcon_core.shell:create_environment_hook('ublox_gps', 'cmake_prefix_path')
[1.727s] INFO:colcon.colcon_core.shell:Creating environment hook '/home/jeanho/gps_rtk/install/ublox_gps/share/ublox_gps/hook/cmake_prefix_path.ps1'
[1.727s] INFO:colcon.colcon_core.shell:Creating environment descriptor '/home/jeanho/gps_rtk/install/ublox_gps/share/ublox_gps/hook/cmake_prefix_path.dsv'
[1.727s] INFO:colcon.colcon_core.shell:Creating environment hook '/home/jeanho/gps_rtk/install/ublox_gps/share/ublox_gps/hook/cmake_prefix_path.sh'
[1.728s] Level 1:colcon.colcon_core.environment:checking '/home/jeanho/gps_rtk/install/ublox_gps/lib'
[1.728s] Level 1:colcon.colcon_core.shell:create_environment_hook('ublox_gps', 'ld_library_path_lib')
[1.728s] INFO:colcon.colcon_core.shell:Creating environment hook '/home/jeanho/gps_rtk/install/ublox_gps/share/ublox_gps/hook/ld_library_path_lib.ps1'
[1.728s] INFO:colcon.colcon_core.shell:Creating environment descriptor '/home/jeanho/gps_rtk/install/ublox_gps/share/ublox_gps/hook/ld_library_path_lib.dsv'
[1.728s] INFO:colcon.colcon_core.shell:Creating environment hook '/home/jeanho/gps_rtk/install/ublox_gps/share/ublox_gps/hook/ld_library_path_lib.sh'
[1.729s] Level 1:colcon.colcon_core.environment:checking '/home/jeanho/gps_rtk/install/ublox_gps/bin'
[1.729s] Level 1:colcon.colcon_core.environment:checking '/home/jeanho/gps_rtk/install/ublox_gps/lib/pkgconfig/ublox_gps.pc'
[1.729s] Level 1:colcon.colcon_core.environment:checking '/home/jeanho/gps_rtk/install/ublox_gps/lib/python3.10/site-packages'
[1.729s] Level 1:colcon.colcon_core.environment:checking '/home/jeanho/gps_rtk/install/ublox_gps/bin'
[1.729s] INFO:colcon.colcon_core.shell:Creating package script '/home/jeanho/gps_rtk/install/ublox_gps/share/ublox_gps/package.ps1'
[1.729s] INFO:colcon.colcon_core.shell:Creating package descriptor '/home/jeanho/gps_rtk/install/ublox_gps/share/ublox_gps/package.dsv'
[1.729s] INFO:colcon.colcon_core.shell:Creating package script '/home/jeanho/gps_rtk/install/ublox_gps/share/ublox_gps/package.sh'
[1.730s] INFO:colcon.colcon_core.shell:Creating package script '/home/jeanho/gps_rtk/install/ublox_gps/share/ublox_gps/package.bash'
[1.730s] INFO:colcon.colcon_core.shell:Creating package script '/home/jeanho/gps_rtk/install/ublox_gps/share/ublox_gps/package.zsh'
[1.730s] Level 1:colcon.colcon_core.environment:create_file_with_runtime_dependencies(/home/jeanho/gps_rtk/install/ublox_gps/share/colcon-core/packages/ublox_gps)
[1.730s] Level 1:colcon.colcon_core.environment:create_environment_scripts_only(ublox_gps)
[1.730s] Level 1:colcon.colcon_core.environment:checking '/home/jeanho/gps_rtk/install/ublox_gps' for CMake module files
[1.730s] Level 1:colcon.colcon_core.environment:checking '/home/jeanho/gps_rtk/install/ublox_gps' for CMake config files
[1.730s] Level 1:colcon.colcon_core.shell:create_environment_hook('ublox_gps', 'cmake_prefix_path')
[1.730s] INFO:colcon.colcon_core.shell:Creating environment hook '/home/jeanho/gps_rtk/install/ublox_gps/share/ublox_gps/hook/cmake_prefix_path.ps1'
[1.731s] INFO:colcon.colcon_core.shell:Creating environment descriptor '/home/jeanho/gps_rtk/install/ublox_gps/share/ublox_gps/hook/cmake_prefix_path.dsv'
[1.731s] INFO:colcon.colcon_core.shell:Creating environment hook '/home/jeanho/gps_rtk/install/ublox_gps/share/ublox_gps/hook/cmake_prefix_path.sh'
[1.731s] Level 1:colcon.colcon_core.environment:checking '/home/jeanho/gps_rtk/install/ublox_gps/lib'
[1.731s] Level 1:colcon.colcon_core.shell:create_environment_hook('ublox_gps', 'ld_library_path_lib')
[1.731s] INFO:colcon.colcon_core.shell:Creating environment hook '/home/jeanho/gps_rtk/install/ublox_gps/share/ublox_gps/hook/ld_library_path_lib.ps1'
[1.731s] INFO:colcon.colcon_core.shell:Creating environment descriptor '/home/jeanho/gps_rtk/install/ublox_gps/share/ublox_gps/hook/ld_library_path_lib.dsv'
[1.731s] INFO:colcon.colcon_core.shell:Creating environment hook '/home/jeanho/gps_rtk/install/ublox_gps/share/ublox_gps/hook/ld_library_path_lib.sh'
[1.731s] Level 1:colcon.colcon_core.environment:checking '/home/jeanho/gps_rtk/install/ublox_gps/bin'
[1.732s] Level 1:colcon.colcon_core.environment:checking '/home/jeanho/gps_rtk/install/ublox_gps/lib/pkgconfig/ublox_gps.pc'
[1.732s] Level 1:colcon.colcon_core.environment:checking '/home/jeanho/gps_rtk/install/ublox_gps/lib/python3.10/site-packages'
[1.732s] Level 1:colcon.colcon_core.environment:checking '/home/jeanho/gps_rtk/install/ublox_gps/bin'
[1.732s] INFO:colcon.colcon_core.shell:Creating package script '/home/jeanho/gps_rtk/install/ublox_gps/share/ublox_gps/package.ps1'
[1.732s] INFO:colcon.colcon_core.shell:Creating package descriptor '/home/jeanho/gps_rtk/install/ublox_gps/share/ublox_gps/package.dsv'
[1.732s] INFO:colcon.colcon_core.shell:Creating package script '/home/jeanho/gps_rtk/install/ublox_gps/share/ublox_gps/package.sh'
[1.733s] INFO:colcon.colcon_core.shell:Creating package script '/home/jeanho/gps_rtk/install/ublox_gps/share/ublox_gps/package.bash'
[1.733s] INFO:colcon.colcon_core.shell:Creating package script '/home/jeanho/gps_rtk/install/ublox_gps/share/ublox_gps/package.zsh'
[1.733s] Level 1:colcon.colcon_core.environment:create_file_with_runtime_dependencies(/home/jeanho/gps_rtk/install/ublox_gps/share/colcon-core/packages/ublox_gps)
[1.733s] INFO:colcon.colcon_ros.task.ament_cmake.build:Building ROS package in '/home/jeanho/gps_rtk/src/RTK_GPS_NTRIP/ublox' with build type 'ament_cmake'
[1.733s] INFO:colcon.colcon_cmake.task.cmake.build:Building CMake package in '/home/jeanho/gps_rtk/src/RTK_GPS_NTRIP/ublox'
[1.734s] INFO:colcon.colcon_core.shell:Skip shell extension 'powershell' for command environment: Not usable outside of PowerShell
[1.734s] DEBUG:colcon.colcon_core.shell:Skip shell extension 'dsv' for command environment
[2.207s] DEBUG:colcon.colcon_core.event_handler.log_command:Invoking command in '/home/jeanho/gps_rtk/build/ublox': AMENT_PREFIX_PATH=/home/jeanho/gps_rtk/install/ublox_gps:/home/jeanho/gps_rtk/install/ublox_msgs:/home/jeanho/gps_rtk/install/ublox_serialization:/home/jeanho/gps_rtk/install/rtcm_msgs:${AMENT_PREFIX_PATH} CMAKE_PREFIX_PATH=/home/jeanho/gps_rtk/install/ublox_gps:/home/jeanho/gps_rtk/install/ublox_msgs:/home/jeanho/gps_rtk/install/ublox_serialization:/home/jeanho/gps_rtk/install/rtcm_msgs:/opt/ros/humble LD_LIBRARY_PATH=/home/jeanho/gps_rtk/install/ublox_gps/lib:/home/jeanho/gps_rtk/install/ublox_msgs/lib:/home/jeanho/gps_rtk/install/rtcm_msgs/lib:/opt/ros/humble/opt/rviz_ogre_vendor/lib:/opt/ros/humble/lib/x86_64-linux-gnu:/opt/ros/humble/lib:/home/jeanho/acados/lib PYTHONPATH=/home/jeanho/gps_rtk/install/ublox_msgs/local/lib/python3.10/dist-packages:/home/jeanho/gps_rtk/install/rtcm_msgs/local/lib/python3.10/dist-packages:${PYTHONPATH} /usr/bin/cmake --build /home/jeanho/gps_rtk/build/ublox -- -j24 -l24
[2.227s] DEBUG:colcon.colcon_core.event_handler.log_command:Invoked command in '/home/jeanho/gps_rtk/build/ublox' returned '0': AMENT_PREFIX_PATH=/home/jeanho/gps_rtk/install/ublox_gps:/home/jeanho/gps_rtk/install/ublox_msgs:/home/jeanho/gps_rtk/install/ublox_serialization:/home/jeanho/gps_rtk/install/rtcm_msgs:${AMENT_PREFIX_PATH} CMAKE_PREFIX_PATH=/home/jeanho/gps_rtk/install/ublox_gps:/home/jeanho/gps_rtk/install/ublox_msgs:/home/jeanho/gps_rtk/install/ublox_serialization:/home/jeanho/gps_rtk/install/rtcm_msgs:/opt/ros/humble LD_LIBRARY_PATH=/home/jeanho/gps_rtk/install/ublox_gps/lib:/home/jeanho/gps_rtk/install/ublox_msgs/lib:/home/jeanho/gps_rtk/install/rtcm_msgs/lib:/opt/ros/humble/opt/rviz_ogre_vendor/lib:/opt/ros/humble/lib/x86_64-linux-gnu:/opt/ros/humble/lib:/home/jeanho/acados/lib PYTHONPATH=/home/jeanho/gps_rtk/install/ublox_msgs/local/lib/python3.10/dist-packages:/home/jeanho/gps_rtk/install/rtcm_msgs/local/lib/python3.10/dist-packages:${PYTHONPATH} /usr/bin/cmake --build /home/jeanho/gps_rtk/build/ublox -- -j24 -l24
[2.229s] DEBUG:colcon.colcon_core.event_handler.log_command:Invoking command in '/home/jeanho/gps_rtk/build/ublox': AMENT_PREFIX_PATH=/home/jeanho/gps_rtk/install/ublox_gps:/home/jeanho/gps_rtk/install/ublox_msgs:/home/jeanho/gps_rtk/install/ublox_serialization:/home/jeanho/gps_rtk/install/rtcm_msgs:${AMENT_PREFIX_PATH} CMAKE_PREFIX_PATH=/home/jeanho/gps_rtk/install/ublox_gps:/home/jeanho/gps_rtk/install/ublox_msgs:/home/jeanho/gps_rtk/install/ublox_serialization:/home/jeanho/gps_rtk/install/rtcm_msgs:/opt/ros/humble LD_LIBRARY_PATH=/home/jeanho/gps_rtk/install/ublox_gps/lib:/home/jeanho/gps_rtk/install/ublox_msgs/lib:/home/jeanho/gps_rtk/install/rtcm_msgs/lib:/opt/ros/humble/opt/rviz_ogre_vendor/lib:/opt/ros/humble/lib/x86_64-linux-gnu:/opt/ros/humble/lib:/home/jeanho/acados/lib PYTHONPATH=/home/jeanho/gps_rtk/install/ublox_msgs/local/lib/python3.10/dist-packages:/home/jeanho/gps_rtk/install/rtcm_msgs/local/lib/python3.10/dist-packages:${PYTHONPATH} /usr/bin/cmake --install /home/jeanho/gps_rtk/build/ublox
[2.236s] Level 1:colcon.colcon_core.environment:create_environment_scripts_only(ublox)
[2.236s] DEBUG:colcon.colcon_core.event_handler.log_command:Invoked command in '/home/jeanho/gps_rtk/build/ublox' returned '0': AMENT_PREFIX_PATH=/home/jeanho/gps_rtk/install/ublox_gps:/home/jeanho/gps_rtk/install/ublox_msgs:/home/jeanho/gps_rtk/install/ublox_serialization:/home/jeanho/gps_rtk/install/rtcm_msgs:${AMENT_PREFIX_PATH} CMAKE_PREFIX_PATH=/home/jeanho/gps_rtk/install/ublox_gps:/home/jeanho/gps_rtk/install/ublox_msgs:/home/jeanho/gps_rtk/install/ublox_serialization:/home/jeanho/gps_rtk/install/rtcm_msgs:/opt/ros/humble LD_LIBRARY_PATH=/home/jeanho/gps_rtk/install/ublox_gps/lib:/home/jeanho/gps_rtk/install/ublox_msgs/lib:/home/jeanho/gps_rtk/install/rtcm_msgs/lib:/opt/ros/humble/opt/rviz_ogre_vendor/lib:/opt/ros/humble/lib/x86_64-linux-gnu:/opt/ros/humble/lib:/home/jeanho/acados/lib PYTHONPATH=/home/jeanho/gps_rtk/install/ublox_msgs/local/lib/python3.10/dist-packages:/home/jeanho/gps_rtk/install/rtcm_msgs/local/lib/python3.10/dist-packages:${PYTHONPATH} /usr/bin/cmake --install /home/jeanho/gps_rtk/build/ublox
[2.236s] Level 1:colcon.colcon_core.environment:checking '/home/jeanho/gps_rtk/install/ublox' for CMake module files
[2.237s] Level 1:colcon.colcon_core.environment:checking '/home/jeanho/gps_rtk/install/ublox' for CMake config files
[2.237s] Level 1:colcon.colcon_core.shell:create_environment_hook('ublox', 'cmake_prefix_path')
[2.237s] INFO:colcon.colcon_core.shell:Creating environment hook '/home/jeanho/gps_rtk/install/ublox/share/ublox/hook/cmake_prefix_path.ps1'
[2.237s] INFO:colcon.colcon_core.shell:Creating environment descriptor '/home/jeanho/gps_rtk/install/ublox/share/ublox/hook/cmake_prefix_path.dsv'
[2.237s] INFO:colcon.colcon_core.shell:Creating environment hook '/home/jeanho/gps_rtk/install/ublox/share/ublox/hook/cmake_prefix_path.sh'
[2.237s] Level 1:colcon.colcon_core.environment:checking '/home/jeanho/gps_rtk/install/ublox/bin'
[2.237s] Level 1:colcon.colcon_core.environment:checking '/home/jeanho/gps_rtk/install/ublox/lib/pkgconfig/ublox.pc'
[2.238s] Level 1:colcon.colcon_core.environment:checking '/home/jeanho/gps_rtk/install/ublox/lib/python3.10/site-packages'
[2.238s] Level 1:colcon.colcon_core.environment:checking '/home/jeanho/gps_rtk/install/ublox/bin'
[2.238s] INFO:colcon.colcon_core.shell:Creating package script '/home/jeanho/gps_rtk/install/ublox/share/ublox/package.ps1'
[2.238s] INFO:colcon.colcon_core.shell:Creating package descriptor '/home/jeanho/gps_rtk/install/ublox/share/ublox/package.dsv'
[2.238s] INFO:colcon.colcon_core.shell:Creating package script '/home/jeanho/gps_rtk/install/ublox/share/ublox/package.sh'
[2.238s] INFO:colcon.colcon_core.shell:Creating package script '/home/jeanho/gps_rtk/install/ublox/share/ublox/package.bash'
[2.238s] INFO:colcon.colcon_core.shell:Creating package script '/home/jeanho/gps_rtk/install/ublox/share/ublox/package.zsh'
[2.238s] Level 1:colcon.colcon_core.environment:create_file_with_runtime_dependencies(/home/jeanho/gps_rtk/install/ublox/share/colcon-core/packages/ublox)
[2.239s] Level 1:colcon.colcon_core.environment:create_environment_scripts_only(ublox)
[2.239s] Level 1:colcon.colcon_core.environment:checking '/home/jeanho/gps_rtk/install/ublox' for CMake module files
[2.239s] Level 1:colcon.colcon_core.environment:checking '/home/jeanho/gps_rtk/install/ublox' for CMake config files
[2.239s] Level 1:colcon.colcon_core.shell:create_environment_hook('ublox', 'cmake_prefix_path')
[2.239s] INFO:colcon.colcon_core.shell:Creating environment hook '/home/jeanho/gps_rtk/install/ublox/share/ublox/hook/cmake_prefix_path.ps1'
[2.239s] INFO:colcon.colcon_core.shell:Creating environment descriptor '/home/jeanho/gps_rtk/install/ublox/share/ublox/hook/cmake_prefix_path.dsv'
[2.239s] INFO:colcon.colcon_core.shell:Creating environment hook '/home/jeanho/gps_rtk/install/ublox/share/ublox/hook/cmake_prefix_path.sh'
[2.240s] Level 1:colcon.colcon_core.environment:checking '/home/jeanho/gps_rtk/install/ublox/bin'
[2.240s] Level 1:colcon.colcon_core.environment:checking '/home/jeanho/gps_rtk/install/ublox/lib/pkgconfig/ublox.pc'
[2.240s] Level 1:colcon.colcon_core.environment:checking '/home/jeanho/gps_rtk/install/ublox/lib/python3.10/site-packages'
[2.240s] Level 1:colcon.colcon_core.environment:checking '/home/jeanho/gps_rtk/install/ublox/bin'
[2.240s] INFO:colcon.colcon_core.shell:Creating package script '/home/jeanho/gps_rtk/install/ublox/share/ublox/package.ps1'
[2.240s] INFO:colcon.colcon_core.shell:Creating package descriptor '/home/jeanho/gps_rtk/install/ublox/share/ublox/package.dsv'
[2.240s] INFO:colcon.colcon_core.shell:Creating package script '/home/jeanho/gps_rtk/install/ublox/share/ublox/package.sh'
[2.241s] INFO:colcon.colcon_core.shell:Creating package script '/home/jeanho/gps_rtk/install/ublox/share/ublox/package.bash'
[2.241s] INFO:colcon.colcon_core.shell:Creating package script '/home/jeanho/gps_rtk/install/ublox/share/ublox/package.zsh'
[2.241s] Level 1:colcon.colcon_core.environment:create_file_with_runtime_dependencies(/home/jeanho/gps_rtk/install/ublox/share/colcon-core/packages/ublox)
[2.241s] DEBUG:colcon.colcon_parallel_executor.executor.parallel:closing loop
[2.242s] DEBUG:colcon.colcon_parallel_executor.executor.parallel:loop closed
[2.242s] DEBUG:colcon.colcon_parallel_executor.executor.parallel:run_until_complete finished with '0'
[2.242s] DEBUG:colcon.colcon_core.event_reactor:joining thread
[2.294s] INFO:colcon.colcon_core.plugin_system:Skipping extension 'colcon_notification.desktop_notification.notify_send': Could not find 'notify-send'
[2.294s] INFO:colcon.colcon_core.plugin_system:Skipping extension 'colcon_notification.desktop_notification.terminal_notifier': Not used on non-Darwin systems
[2.294s] INFO:colcon.colcon_core.plugin_system:Skipping extension 'colcon_notification.desktop_notification.win32': Not used on non-Windows systems
[2.294s] INFO:colcon.colcon_notification.desktop_notification:Sending desktop notification using 'notify2'
[2.294s] DEBUG:colcon.colcon_notification.desktop_notification.notify2:Failed to initialize notify2: org.freedesktop.DBus.Error.FileNotFound: Failed to connect to socket /run/user/1000/bus: No such file or directory
[2.294s] DEBUG:colcon.colcon_core.event_reactor:joined thread
[2.294s] INFO:colcon.colcon_core.shell:Creating prefix script '/home/jeanho/gps_rtk/install/local_setup.ps1'
[2.295s] INFO:colcon.colcon_core.shell:Creating prefix util module '/home/jeanho/gps_rtk/install/_local_setup_util_ps1.py'
[2.295s] INFO:colcon.colcon_core.shell:Creating prefix chain script '/home/jeanho/gps_rtk/install/setup.ps1'
[2.296s] INFO:colcon.colcon_core.shell:Creating prefix script '/home/jeanho/gps_rtk/install/local_setup.sh'
[2.296s] INFO:colcon.colcon_core.shell:Creating prefix util module '/home/jeanho/gps_rtk/install/_local_setup_util_sh.py'
[2.296s] INFO:colcon.colcon_core.shell:Creating prefix chain script '/home/jeanho/gps_rtk/install/setup.sh'
[2.297s] INFO:colcon.colcon_core.shell:Creating prefix script '/home/jeanho/gps_rtk/install/local_setup.bash'
[2.297s] INFO:colcon.colcon_core.shell:Creating prefix chain script '/home/jeanho/gps_rtk/install/setup.bash'
[2.297s] INFO:colcon.colcon_core.shell:Creating prefix script '/home/jeanho/gps_rtk/install/local_setup.zsh'
[2.297s] INFO:colcon.colcon_core.shell:Creating prefix chain script '/home/jeanho/gps_rtk/install/setup.zsh'
