[0.219s] Invoking command in '/home/jeanho/gps_rtk/build/ublox_gps': AMENT_PREFIX_PATH=/home/jeanho/gps_rtk/install/ublox_msgs:/home/jeanho/gps_rtk/install/ublox_serialization:/home/jeanho/gps_rtk/install/rtcm_msgs:${AMENT_PREFIX_PATH} CMAKE_PREFIX_PATH=/home/jeanho/gps_rtk/install/ublox_msgs:/home/jeanho/gps_rtk/install/ublox_serialization:/home/jeanho/gps_rtk/install/rtcm_msgs:/opt/ros/humble LD_LIBRARY_PATH=/home/jeanho/gps_rtk/install/ublox_msgs/lib:/home/jeanho/gps_rtk/install/rtcm_msgs/lib:/opt/ros/humble/opt/rviz_ogre_vendor/lib:/opt/ros/humble/lib/x86_64-linux-gnu:/opt/ros/humble/lib:/home/jeanho/acados/lib PYTHONPATH=/home/jeanho/gps_rtk/install/ublox_msgs/local/lib/python3.10/dist-packages:/home/jeanho/gps_rtk/install/rtcm_msgs/local/lib/python3.10/dist-packages:${PYTHONPATH} /usr/bin/cmake /home/jeanho/gps_rtk/src/RTK_GPS_NTRIP/ublox_gps -DCMAKE_INSTALL_PREFIX=/home/jeanho/gps_rtk/install/ublox_gps
[0.353s] -- The C compiler identification is GNU 11.4.0
[0.644s] -- The CXX compiler identification is GNU 11.4.0
[0.815s] -- Detecting C compiler ABI info
[0.968s] -- Detecting C compiler ABI info - done
[0.970s] -- Check for working C compiler: /usr/bin/cc - skipped
[0.971s] -- Detecting C compile features
[0.971s] -- Detecting C compile features - done
[0.972s] -- Detecting CXX compiler ABI info
[1.118s] -- Detecting CXX compiler ABI info - done
[1.121s] -- Check for working CXX compiler: /usr/bin/c++ - skipped
[1.122s] -- Detecting CXX compile features
[1.122s] -- Detecting CXX compile features - done
[1.122s] -- Found ament_cmake_ros: 0.10.0 (/opt/ros/humble/share/ament_cmake_ros/cmake)
[1.200s] -- Found Python3: /usr/bin/python3 (found version "3.10.12") found components: Interpreter 
[1.286s] -- Found asio: /usr/include  
[1.286s] -- Found diagnostic_msgs: 4.9.0 (/opt/ros/humble/share/diagnostic_msgs/cmake)
[1.409s] -- Found rosidl_generator_c: 3.1.7 (/opt/ros/humble/share/rosidl_generator_c/cmake)
[1.411s] -- Found rosidl_adapter: 3.1.7 (/opt/ros/humble/share/rosidl_adapter/cmake)
[1.414s] -- Found rosidl_generator_cpp: 3.1.7 (/opt/ros/humble/share/rosidl_generator_cpp/cmake)
[1.419s] -- Using all available rosidl_typesupport_c: rosidl_typesupport_fastrtps_c;rosidl_typesupport_introspection_c
[1.425s] -- Using all available rosidl_typesupport_cpp: rosidl_typesupport_fastrtps_cpp;rosidl_typesupport_introspection_cpp
[1.441s] -- Found diagnostic_updater: 4.0.6 (/opt/ros/humble/share/diagnostic_updater/cmake)
[1.457s] -- Found rmw_implementation_cmake: 6.1.2 (/opt/ros/humble/share/rmw_implementation_cmake/cmake)
[1.458s] -- Found rmw_fastrtps_cpp: 6.2.8 (/opt/ros/humble/share/rmw_fastrtps_cpp/cmake)
[2.671s] -- Found OpenSSL: /usr/lib/x86_64-linux-gnu/libcrypto.so (found version "3.0.2")  
[4.002s] -- Found FastRTPS: /opt/ros/humble/include  
[6.617s] -- Using RMW implementation 'rmw_fastrtps_cpp' as default
[6.621s] -- Looking for pthread.h
[6.765s] -- Looking for pthread.h - found
[6.765s] -- Performing Test CMAKE_HAVE_LIBC_PTHREAD
[6.905s] -- Performing Test CMAKE_HAVE_LIBC_PTHREAD - Success
[6.905s] -- Found Threads: TRUE  
[6.922s] -- Found geometry_msgs: 4.9.0 (/opt/ros/humble/share/geometry_msgs/cmake)
[6.928s] -- Found rclcpp_components: 16.0.14 (/opt/ros/humble/share/rclcpp_components/cmake)
[6.938s] -- Found sensor_msgs: 4.9.0 (/opt/ros/humble/share/sensor_msgs/cmake)
[6.945s] -- Found tf2: 0.25.16 (/opt/ros/humble/share/tf2/cmake)
[6.947s] -- Found ublox_msgs: 2.3.0 (/home/jeanho/gps_rtk/install/ublox_msgs/share/ublox_msgs/cmake)
[6.955s] -- Found rtcm_msgs: 1.1.6 (/home/jeanho/gps_rtk/install/rtcm_msgs/share/rtcm_msgs/cmake)
[6.993s] -- Configuring done
[7.016s] -- Generating done
[7.020s] -- Build files have been written to: /home/jeanho/gps_rtk/build/ublox_gps
[7.032s] Invoked command in '/home/jeanho/gps_rtk/build/ublox_gps' returned '0': AMENT_PREFIX_PATH=/home/jeanho/gps_rtk/install/ublox_msgs:/home/jeanho/gps_rtk/install/ublox_serialization:/home/jeanho/gps_rtk/install/rtcm_msgs:${AMENT_PREFIX_PATH} CMAKE_PREFIX_PATH=/home/jeanho/gps_rtk/install/ublox_msgs:/home/jeanho/gps_rtk/install/ublox_serialization:/home/jeanho/gps_rtk/install/rtcm_msgs:/opt/ros/humble LD_LIBRARY_PATH=/home/jeanho/gps_rtk/install/ublox_msgs/lib:/home/jeanho/gps_rtk/install/rtcm_msgs/lib:/opt/ros/humble/opt/rviz_ogre_vendor/lib:/opt/ros/humble/lib/x86_64-linux-gnu:/opt/ros/humble/lib:/home/jeanho/acados/lib PYTHONPATH=/home/jeanho/gps_rtk/install/ublox_msgs/local/lib/python3.10/dist-packages:/home/jeanho/gps_rtk/install/rtcm_msgs/local/lib/python3.10/dist-packages:${PYTHONPATH} /usr/bin/cmake /home/jeanho/gps_rtk/src/RTK_GPS_NTRIP/ublox_gps -DCMAKE_INSTALL_PREFIX=/home/jeanho/gps_rtk/install/ublox_gps
[7.033s] Invoking command in '/home/jeanho/gps_rtk/build/ublox_gps': AMENT_PREFIX_PATH=/home/jeanho/gps_rtk/install/ublox_msgs:/home/jeanho/gps_rtk/install/ublox_serialization:/home/jeanho/gps_rtk/install/rtcm_msgs:${AMENT_PREFIX_PATH} CMAKE_PREFIX_PATH=/home/jeanho/gps_rtk/install/ublox_msgs:/home/jeanho/gps_rtk/install/ublox_serialization:/home/jeanho/gps_rtk/install/rtcm_msgs:/opt/ros/humble LD_LIBRARY_PATH=/home/jeanho/gps_rtk/install/ublox_msgs/lib:/home/jeanho/gps_rtk/install/rtcm_msgs/lib:/opt/ros/humble/opt/rviz_ogre_vendor/lib:/opt/ros/humble/lib/x86_64-linux-gnu:/opt/ros/humble/lib:/home/jeanho/acados/lib PYTHONPATH=/home/jeanho/gps_rtk/install/ublox_msgs/local/lib/python3.10/dist-packages:/home/jeanho/gps_rtk/install/rtcm_msgs/local/lib/python3.10/dist-packages:${PYTHONPATH} /usr/bin/cmake --build /home/jeanho/gps_rtk/build/ublox_gps -- -j24 -l24
[7.058s] [  4%] [32mBuilding CXX object CMakeFiles/ublox_gps.dir/src/adr_udr_product.cpp.o[0m
[7.059s] [ 13%] [32mBuilding CXX object CMakeFiles/ublox_gps.dir/src/gps.cpp.o[0m
[7.059s] [ 13%] [32mBuilding CXX object CMakeFiles/ublox_gps.dir/src/gnss.cpp.o[0m
[7.062s] [ 18%] [32mBuilding CXX object CMakeFiles/ublox_gps.dir/src/hp_pos_rec_product.cpp.o[0m
[7.063s] [ 22%] [32mBuilding C object CMakeFiles/ublox_gps.dir/src/mkgmtime.c.o[0m
[7.064s] [ 27%] [32mBuilding CXX object CMakeFiles/ublox_gps.dir/src/hpg_ref_product.cpp.o[0m
[7.064s] [ 31%] [32mBuilding CXX object CMakeFiles/ublox_gps.dir/src/hpg_rov_product.cpp.o[0m
[7.064s] [ 36%] [32mBuilding CXX object CMakeFiles/ublox_gps.dir/src/raw_data_product.cpp.o[0m
[7.065s] [ 40%] [32mBuilding CXX object CMakeFiles/ublox_gps.dir/src/tim_product.cpp.o[0m
[7.065s] [ 50%] [32mBuilding CXX object CMakeFiles/ublox_gps.dir/src/ublox_firmware6.cpp.o[0m
[7.065s] [ 50%] [32mBuilding CXX object CMakeFiles/ublox_gps.dir/src/ublox_firmware.cpp.o[0m
[7.065s] [ 54%] [32mBuilding CXX object CMakeFiles/ublox_gps.dir/src/node.cpp.o[0m
[7.066s] [ 59%] [32mBuilding CXX object CMakeFiles/ublox_gps.dir/src/raw_data_pa.cpp.o[0m
[7.066s] [ 63%] [32mBuilding CXX object CMakeFiles/ublox_gps.dir/src/ublox_firmware8.cpp.o[0m
[7.069s] [ 68%] [32mBuilding CXX object CMakeFiles/ublox_gps.dir/src/ublox_firmware9.cpp.o[0m
[7.069s] [ 72%] [32mBuilding CXX object CMakeFiles/ublox_gps.dir/src/ublox_firmware7.cpp.o[0m
[22.522s] [ 77%] [32m[1mLinking CXX shared library libublox_gps.so[0m
[24.285s] [ 77%] Built target ublox_gps
[24.297s] [ 90%] [32mBuilding CXX object CMakeFiles/ublox_gps_node.dir/src/node_main.cpp.o[0m
[24.297s] [ 90%] [32mBuilding CXX object CMakeFiles/ublox_logger.dir/src/raw_data_pa.cpp.o[0m
[24.297s] [ 90%] [32mBuilding CXX object CMakeFiles/ublox_logger.dir/src/logger_node_pa.cpp.o[0m
[27.552s] [ 95%] [32m[1mLinking CXX executable ublox_gps_node[0m
[28.348s] [ 95%] Built target ublox_gps_node
[29.008s] [100%] [32m[1mLinking CXX executable ublox_logger[0m
[29.343s] [100%] Built target ublox_logger
[29.350s] Invoked command in '/home/jeanho/gps_rtk/build/ublox_gps' returned '0': AMENT_PREFIX_PATH=/home/jeanho/gps_rtk/install/ublox_msgs:/home/jeanho/gps_rtk/install/ublox_serialization:/home/jeanho/gps_rtk/install/rtcm_msgs:${AMENT_PREFIX_PATH} CMAKE_PREFIX_PATH=/home/jeanho/gps_rtk/install/ublox_msgs:/home/jeanho/gps_rtk/install/ublox_serialization:/home/jeanho/gps_rtk/install/rtcm_msgs:/opt/ros/humble LD_LIBRARY_PATH=/home/jeanho/gps_rtk/install/ublox_msgs/lib:/home/jeanho/gps_rtk/install/rtcm_msgs/lib:/opt/ros/humble/opt/rviz_ogre_vendor/lib:/opt/ros/humble/lib/x86_64-linux-gnu:/opt/ros/humble/lib:/home/jeanho/acados/lib PYTHONPATH=/home/jeanho/gps_rtk/install/ublox_msgs/local/lib/python3.10/dist-packages:/home/jeanho/gps_rtk/install/rtcm_msgs/local/lib/python3.10/dist-packages:${PYTHONPATH} /usr/bin/cmake --build /home/jeanho/gps_rtk/build/ublox_gps -- -j24 -l24
[29.351s] Invoking command in '/home/jeanho/gps_rtk/build/ublox_gps': AMENT_PREFIX_PATH=/home/jeanho/gps_rtk/install/ublox_msgs:/home/jeanho/gps_rtk/install/ublox_serialization:/home/jeanho/gps_rtk/install/rtcm_msgs:${AMENT_PREFIX_PATH} CMAKE_PREFIX_PATH=/home/jeanho/gps_rtk/install/ublox_msgs:/home/jeanho/gps_rtk/install/ublox_serialization:/home/jeanho/gps_rtk/install/rtcm_msgs:/opt/ros/humble LD_LIBRARY_PATH=/home/jeanho/gps_rtk/install/ublox_msgs/lib:/home/jeanho/gps_rtk/install/rtcm_msgs/lib:/opt/ros/humble/opt/rviz_ogre_vendor/lib:/opt/ros/humble/lib/x86_64-linux-gnu:/opt/ros/humble/lib:/home/jeanho/acados/lib PYTHONPATH=/home/jeanho/gps_rtk/install/ublox_msgs/local/lib/python3.10/dist-packages:/home/jeanho/gps_rtk/install/rtcm_msgs/local/lib/python3.10/dist-packages:${PYTHONPATH} /usr/bin/cmake --install /home/jeanho/gps_rtk/build/ublox_gps
[29.355s] -- Install configuration: ""
[29.355s] -- Installing: /home/jeanho/gps_rtk/install/ublox_gps/lib/libublox_gps.so
[29.368s] -- Set runtime path of "/home/jeanho/gps_rtk/install/ublox_gps/lib/libublox_gps.so" to ""
[29.369s] -- Installing: /home/jeanho/gps_rtk/install/ublox_gps/lib/ublox_gps/ublox_gps_node
[29.369s] -- Set runtime path of "/home/jeanho/gps_rtk/install/ublox_gps/lib/ublox_gps/ublox_gps_node" to ""
[29.369s] -- Installing: /home/jeanho/gps_rtk/install/ublox_gps/lib/ublox_gps/ublox_logger
[29.370s] -- Set runtime path of "/home/jeanho/gps_rtk/install/ublox_gps/lib/ublox_gps/ublox_logger" to ""
[29.370s] -- Installing: /home/jeanho/gps_rtk/install/ublox_gps/include/ublox_gps
[29.370s] -- Installing: /home/jeanho/gps_rtk/install/ublox_gps/include/ublox_gps/ublox_gps
[29.370s] -- Installing: /home/jeanho/gps_rtk/install/ublox_gps/include/ublox_gps/ublox_gps/ublox_firmware7plus.hpp
[29.371s] -- Installing: /home/jeanho/gps_rtk/install/ublox_gps/include/ublox_gps/ublox_gps/ublox_firmware6.hpp
[29.371s] -- Installing: /home/jeanho/gps_rtk/install/ublox_gps/include/ublox_gps/ublox_gps/async_worker.hpp
[29.371s] -- Installing: /home/jeanho/gps_rtk/install/ublox_gps/include/ublox_gps/ublox_gps/ublox_topic_diagnostic.hpp
[29.371s] -- Installing: /home/jeanho/gps_rtk/install/ublox_gps/include/ublox_gps/ublox_gps/hp_pos_rec_product.hpp
[29.371s] -- Installing: /home/jeanho/gps_rtk/install/ublox_gps/include/ublox_gps/ublox_gps/fix_diagnostic.hpp
[29.371s] -- Installing: /home/jeanho/gps_rtk/install/ublox_gps/include/ublox_gps/ublox_gps/ublox_firmware8.hpp
[29.371s] -- Installing: /home/jeanho/gps_rtk/install/ublox_gps/include/ublox_gps/ublox_gps/node.hpp
[29.372s] -- Installing: /home/jeanho/gps_rtk/install/ublox_gps/include/ublox_gps/ublox_gps/utils.hpp
[29.372s] -- Installing: /home/jeanho/gps_rtk/install/ublox_gps/include/ublox_gps/ublox_gps/callback.hpp
[29.372s] -- Installing: /home/jeanho/gps_rtk/install/ublox_gps/include/ublox_gps/ublox_gps/hpg_rov_product.hpp
[29.372s] -- Installing: /home/jeanho/gps_rtk/install/ublox_gps/include/ublox_gps/ublox_gps/gps.hpp
[29.372s] -- Installing: /home/jeanho/gps_rtk/install/ublox_gps/include/ublox_gps/ublox_gps/ublox_firmware9.hpp
[29.372s] -- Installing: /home/jeanho/gps_rtk/install/ublox_gps/include/ublox_gps/ublox_gps/component_interface.hpp
[29.372s] -- Installing: /home/jeanho/gps_rtk/install/ublox_gps/include/ublox_gps/ublox_gps/fts_product.hpp
[29.372s] -- Installing: /home/jeanho/gps_rtk/install/ublox_gps/include/ublox_gps/ublox_gps/gnss.hpp
[29.372s] -- Installing: /home/jeanho/gps_rtk/install/ublox_gps/include/ublox_gps/ublox_gps/raw_data_product.hpp
[29.372s] -- Installing: /home/jeanho/gps_rtk/install/ublox_gps/include/ublox_gps/ublox_gps/raw_data_pa.hpp
[29.372s] -- Installing: /home/jeanho/gps_rtk/install/ublox_gps/include/ublox_gps/ublox_gps/rtcm.hpp
[29.372s] -- Installing: /home/jeanho/gps_rtk/install/ublox_gps/include/ublox_gps/ublox_gps/worker.hpp
[29.372s] -- Installing: /home/jeanho/gps_rtk/install/ublox_gps/include/ublox_gps/ublox_gps/hpg_ref_product.hpp
[29.372s] -- Installing: /home/jeanho/gps_rtk/install/ublox_gps/include/ublox_gps/ublox_gps/adr_udr_product.hpp
[29.372s] -- Installing: /home/jeanho/gps_rtk/install/ublox_gps/include/ublox_gps/ublox_gps/tim_product.hpp
[29.372s] -- Installing: /home/jeanho/gps_rtk/install/ublox_gps/include/ublox_gps/ublox_gps/ublox_firmware.hpp
[29.372s] -- Installing: /home/jeanho/gps_rtk/install/ublox_gps/include/ublox_gps/ublox_gps/mkgmtime.h
[29.372s] -- Installing: /home/jeanho/gps_rtk/install/ublox_gps/include/ublox_gps/ublox_gps/ublox_firmware7.hpp
[29.372s] -- Installing: /home/jeanho/gps_rtk/install/ublox_gps/share/ublox_gps/launch
[29.373s] -- Installing: /home/jeanho/gps_rtk/install/ublox_gps/share/ublox_gps/launch/ublox_gps_node-launch.py
[29.373s] -- Installing: /home/jeanho/gps_rtk/install/ublox_gps/share/ublox_gps/launch/ublox_gps_node-composed-launch.py
[29.373s] -- Installing: /home/jeanho/gps_rtk/install/ublox_gps/share/ublox_gps/config
[29.373s] -- Installing: /home/jeanho/gps_rtk/install/ublox_gps/share/ublox_gps/config/c94_m8t_base.yaml
[29.373s] -- Installing: /home/jeanho/gps_rtk/install/ublox_gps/share/ublox_gps/config/neo_m8u_rover.yaml
[29.373s] -- Installing: /home/jeanho/gps_rtk/install/ublox_gps/share/ublox_gps/config/nmea.yaml
[29.373s] -- Installing: /home/jeanho/gps_rtk/install/ublox_gps/share/ublox_gps/config/zed_f9p.yaml
[29.373s] -- Installing: /home/jeanho/gps_rtk/install/ublox_gps/share/ublox_gps/config/c94_m8p_rover.yaml
[29.373s] -- Installing: /home/jeanho/gps_rtk/install/ublox_gps/share/ublox_gps/config/c94_m8t_rover.yaml
[29.373s] -- Installing: /home/jeanho/gps_rtk/install/ublox_gps/share/ublox_gps/config/c94_m8p_base.yaml
[29.374s] -- Installing: /home/jeanho/gps_rtk/install/ublox_gps/share/ublox_gps/config/zed_f9p_rover.yaml
[29.374s] -- Installing: /home/jeanho/gps_rtk/install/ublox_gps/share/ament_index/resource_index/package_run_dependencies/ublox_gps
[29.374s] -- Installing: /home/jeanho/gps_rtk/install/ublox_gps/share/ament_index/resource_index/parent_prefix_path/ublox_gps
[29.374s] -- Installing: /home/jeanho/gps_rtk/install/ublox_gps/share/ublox_gps/environment/ament_prefix_path.sh
[29.375s] -- Installing: /home/jeanho/gps_rtk/install/ublox_gps/share/ublox_gps/environment/ament_prefix_path.dsv
[29.375s] -- Installing: /home/jeanho/gps_rtk/install/ublox_gps/share/ublox_gps/environment/path.sh
[29.375s] -- Installing: /home/jeanho/gps_rtk/install/ublox_gps/share/ublox_gps/environment/path.dsv
[29.375s] -- Installing: /home/jeanho/gps_rtk/install/ublox_gps/share/ublox_gps/local_setup.bash
[29.375s] -- Installing: /home/jeanho/gps_rtk/install/ublox_gps/share/ublox_gps/local_setup.sh
[29.375s] -- Installing: /home/jeanho/gps_rtk/install/ublox_gps/share/ublox_gps/local_setup.zsh
[29.375s] -- Installing: /home/jeanho/gps_rtk/install/ublox_gps/share/ublox_gps/local_setup.dsv
[29.375s] -- Installing: /home/jeanho/gps_rtk/install/ublox_gps/share/ublox_gps/package.dsv
[29.375s] -- Installing: /home/jeanho/gps_rtk/install/ublox_gps/share/ament_index/resource_index/packages/ublox_gps
[29.376s] -- Installing: /home/jeanho/gps_rtk/install/ublox_gps/share/ament_index/resource_index/rclcpp_components/ublox_gps
[29.376s] -- Installing: /home/jeanho/gps_rtk/install/ublox_gps/share/ublox_gps/cmake/export_ublox_gpsExport.cmake
[29.376s] -- Installing: /home/jeanho/gps_rtk/install/ublox_gps/share/ublox_gps/cmake/export_ublox_gpsExport-noconfig.cmake
[29.376s] -- Installing: /home/jeanho/gps_rtk/install/ublox_gps/share/ublox_gps/cmake/ament_cmake_export_include_directories-extras.cmake
[29.376s] -- Installing: /home/jeanho/gps_rtk/install/ublox_gps/share/ublox_gps/cmake/ament_cmake_export_targets-extras.cmake
[29.376s] -- Installing: /home/jeanho/gps_rtk/install/ublox_gps/share/ublox_gps/cmake/ublox_gpsConfig.cmake
[29.376s] -- Installing: /home/jeanho/gps_rtk/install/ublox_gps/share/ublox_gps/cmake/ublox_gpsConfig-version.cmake
[29.376s] -- Installing: /home/jeanho/gps_rtk/install/ublox_gps/share/ublox_gps/package.xml
[29.378s] Invoked command in '/home/jeanho/gps_rtk/build/ublox_gps' returned '0': AMENT_PREFIX_PATH=/home/jeanho/gps_rtk/install/ublox_msgs:/home/jeanho/gps_rtk/install/ublox_serialization:/home/jeanho/gps_rtk/install/rtcm_msgs:${AMENT_PREFIX_PATH} CMAKE_PREFIX_PATH=/home/jeanho/gps_rtk/install/ublox_msgs:/home/jeanho/gps_rtk/install/ublox_serialization:/home/jeanho/gps_rtk/install/rtcm_msgs:/opt/ros/humble LD_LIBRARY_PATH=/home/jeanho/gps_rtk/install/ublox_msgs/lib:/home/jeanho/gps_rtk/install/rtcm_msgs/lib:/opt/ros/humble/opt/rviz_ogre_vendor/lib:/opt/ros/humble/lib/x86_64-linux-gnu:/opt/ros/humble/lib:/home/jeanho/acados/lib PYTHONPATH=/home/jeanho/gps_rtk/install/ublox_msgs/local/lib/python3.10/dist-packages:/home/jeanho/gps_rtk/install/rtcm_msgs/local/lib/python3.10/dist-packages:${PYTHONPATH} /usr/bin/cmake --install /home/jeanho/gps_rtk/build/ublox_gps
