[0.008s] Invoking command in '/home/jeanho/gps_rtk/build/fix2nmea': CMAKE_PREFIX_PATH=/home/jeanho/gps_rtk/install/ublox_msgs:/home/jeanho/gps_rtk/install/ublox_serialization:/home/jeanho/gps_rtk/install/ublox:/home/jeanho/gps_rtk/install/ublox_gps:/home/jeanho/gps_rtk/install/fix2nmea:/home/jeanho/gps_rtk/install/rtcm_msgs:/home/jeanho/gps_rtk/install/ntrip_client:/opt/ros/humble LD_LIBRARY_PATH=/home/jeanho/gps_rtk/install/ublox_msgs/lib:/home/jeanho/gps_rtk/install/ublox_gps/lib:/home/jeanho/gps_rtk/install/rtcm_msgs/lib:/opt/ros/humble/opt/rviz_ogre_vendor/lib:/opt/ros/humble/lib/x86_64-linux-gnu:/opt/ros/humble/lib /usr/bin/cmake --build /home/jeanho/gps_rtk/build/fix2nmea -- -j24 -l24
[0.050s] [100%] Built target fix2nmea
[0.062s] Invoked command in '/home/jeanho/gps_rtk/build/fix2nmea' returned '0': CMAKE_PREFIX_PATH=/home/jeanho/gps_rtk/install/ublox_msgs:/home/jeanho/gps_rtk/install/ublox_serialization:/home/jeanho/gps_rtk/install/ublox:/home/jeanho/gps_rtk/install/ublox_gps:/home/jeanho/gps_rtk/install/fix2nmea:/home/jeanho/gps_rtk/install/rtcm_msgs:/home/jeanho/gps_rtk/install/ntrip_client:/opt/ros/humble LD_LIBRARY_PATH=/home/jeanho/gps_rtk/install/ublox_msgs/lib:/home/jeanho/gps_rtk/install/ublox_gps/lib:/home/jeanho/gps_rtk/install/rtcm_msgs/lib:/opt/ros/humble/opt/rviz_ogre_vendor/lib:/opt/ros/humble/lib/x86_64-linux-gnu:/opt/ros/humble/lib /usr/bin/cmake --build /home/jeanho/gps_rtk/build/fix2nmea -- -j24 -l24
[0.063s] Invoking command in '/home/jeanho/gps_rtk/build/fix2nmea': CMAKE_PREFIX_PATH=/home/jeanho/gps_rtk/install/ublox_msgs:/home/jeanho/gps_rtk/install/ublox_serialization:/home/jeanho/gps_rtk/install/ublox:/home/jeanho/gps_rtk/install/ublox_gps:/home/jeanho/gps_rtk/install/fix2nmea:/home/jeanho/gps_rtk/install/rtcm_msgs:/home/jeanho/gps_rtk/install/ntrip_client:/opt/ros/humble LD_LIBRARY_PATH=/home/jeanho/gps_rtk/install/ublox_msgs/lib:/home/jeanho/gps_rtk/install/ublox_gps/lib:/home/jeanho/gps_rtk/install/rtcm_msgs/lib:/opt/ros/humble/opt/rviz_ogre_vendor/lib:/opt/ros/humble/lib/x86_64-linux-gnu:/opt/ros/humble/lib /usr/bin/cmake --install /home/jeanho/gps_rtk/build/fix2nmea
[0.068s] -- Install configuration: ""
[0.068s] -- Up-to-date: /home/jeanho/gps_rtk/install/fix2nmea/lib/fix2nmea/fix2nmea
[0.068s] -- Up-to-date: /home/jeanho/gps_rtk/install/fix2nmea/share/ament_index/resource_index/package_run_dependencies/fix2nmea
[0.068s] -- Up-to-date: /home/jeanho/gps_rtk/install/fix2nmea/share/ament_index/resource_index/parent_prefix_path/fix2nmea
[0.068s] -- Up-to-date: /home/jeanho/gps_rtk/install/fix2nmea/share/fix2nmea/environment/ament_prefix_path.sh
[0.068s] -- Up-to-date: /home/jeanho/gps_rtk/install/fix2nmea/share/fix2nmea/environment/ament_prefix_path.dsv
[0.068s] -- Up-to-date: /home/jeanho/gps_rtk/install/fix2nmea/share/fix2nmea/environment/path.sh
[0.068s] -- Up-to-date: /home/jeanho/gps_rtk/install/fix2nmea/share/fix2nmea/environment/path.dsv
[0.068s] -- Up-to-date: /home/jeanho/gps_rtk/install/fix2nmea/share/fix2nmea/local_setup.bash
[0.068s] -- Up-to-date: /home/jeanho/gps_rtk/install/fix2nmea/share/fix2nmea/local_setup.sh
[0.068s] -- Up-to-date: /home/jeanho/gps_rtk/install/fix2nmea/share/fix2nmea/local_setup.zsh
[0.068s] -- Up-to-date: /home/jeanho/gps_rtk/install/fix2nmea/share/fix2nmea/local_setup.dsv
[0.068s] -- Installing: /home/jeanho/gps_rtk/install/fix2nmea/share/fix2nmea/package.dsv
[0.068s] -- Up-to-date: /home/jeanho/gps_rtk/install/fix2nmea/share/ament_index/resource_index/packages/fix2nmea
[0.068s] -- Up-to-date: /home/jeanho/gps_rtk/install/fix2nmea/share/fix2nmea/cmake/fix2nmeaConfig.cmake
[0.068s] -- Up-to-date: /home/jeanho/gps_rtk/install/fix2nmea/share/fix2nmea/cmake/fix2nmeaConfig-version.cmake
[0.068s] -- Up-to-date: /home/jeanho/gps_rtk/install/fix2nmea/share/fix2nmea/package.xml
[0.070s] Invoked command in '/home/jeanho/gps_rtk/build/fix2nmea' returned '0': CMAKE_PREFIX_PATH=/home/jeanho/gps_rtk/install/ublox_msgs:/home/jeanho/gps_rtk/install/ublox_serialization:/home/jeanho/gps_rtk/install/ublox:/home/jeanho/gps_rtk/install/ublox_gps:/home/jeanho/gps_rtk/install/fix2nmea:/home/jeanho/gps_rtk/install/rtcm_msgs:/home/jeanho/gps_rtk/install/ntrip_client:/opt/ros/humble LD_LIBRARY_PATH=/home/jeanho/gps_rtk/install/ublox_msgs/lib:/home/jeanho/gps_rtk/install/ublox_gps/lib:/home/jeanho/gps_rtk/install/rtcm_msgs/lib:/opt/ros/humble/opt/rviz_ogre_vendor/lib:/opt/ros/humble/lib/x86_64-linux-gnu:/opt/ros/humble/lib /usr/bin/cmake --install /home/jeanho/gps_rtk/build/fix2nmea
