[0.013s] Invoking command in '/home/jeanho/gps_rtk/src/build/ublox_serialization': CMAKE_PREFIX_PATH=/opt/ros/humble /usr/bin/cmake /home/jeanho/gps_rtk/src/ublox_serialization -DCMAKE_INSTALL_PREFIX=/home/jeanho/gps_rtk/src/install/ublox_serialization
[0.173s] -- The C compiler identification is GNU 11.4.0
[0.213s] -- The CXX compiler identification is GNU 11.4.0
[0.221s] -- Detecting C compiler ABI info
[0.278s] -- Detecting C compiler ABI info - done
[0.282s] -- Check for working C compiler: /usr/bin/cc - skipped
[0.283s] -- Detecting C compile features
[0.283s] -- Detecting C compile features - done
[0.286s] -- Detecting CXX compiler ABI info
[0.342s] -- Detecting CXX compiler ABI info - done
[0.346s] -- Check for working CXX compiler: /usr/bin/c++ - skipped
[0.346s] -- Detecting CXX compile features
[0.347s] -- Detecting CXX compile features - done
[0.350s] -- Found ament_cmake: 1.3.12 (/opt/ros/humble/share/ament_cmake/cmake)
[0.460s] -- Found Python3: /usr/bin/python3 (found version "3.10.12") found components: Interpreter 
[0.583s] -- Configuring done
[0.584s] -- Generating done
[0.585s] -- Build files have been written to: /home/jeanho/gps_rtk/src/build/ublox_serialization
[0.589s] Invoked command in '/home/jeanho/gps_rtk/src/build/ublox_serialization' returned '0': CMAKE_PREFIX_PATH=/opt/ros/humble /usr/bin/cmake /home/jeanho/gps_rtk/src/ublox_serialization -DCMAKE_INSTALL_PREFIX=/home/jeanho/gps_rtk/src/install/ublox_serialization
[0.590s] Invoking command in '/home/jeanho/gps_rtk/src/build/ublox_serialization': CMAKE_PREFIX_PATH=/opt/ros/humble /usr/bin/cmake --build /home/jeanho/gps_rtk/src/build/ublox_serialization -- -j24 -l24
[0.624s] Invoked command in '/home/jeanho/gps_rtk/src/build/ublox_serialization' returned '0': CMAKE_PREFIX_PATH=/opt/ros/humble /usr/bin/cmake --build /home/jeanho/gps_rtk/src/build/ublox_serialization -- -j24 -l24
[0.634s] Invoking command in '/home/jeanho/gps_rtk/src/build/ublox_serialization': CMAKE_PREFIX_PATH=/opt/ros/humble /usr/bin/cmake --install /home/jeanho/gps_rtk/src/build/ublox_serialization
[0.638s] -- Install configuration: ""
[0.638s] -- Installing: /home/jeanho/gps_rtk/src/install/ublox_serialization/include/ublox_serialization
[0.638s] -- Installing: /home/jeanho/gps_rtk/src/install/ublox_serialization/include/ublox_serialization/ublox_serialization
[0.639s] -- Installing: /home/jeanho/gps_rtk/src/install/ublox_serialization/include/ublox_serialization/ublox_serialization/serialization.hpp
[0.639s] -- Installing: /home/jeanho/gps_rtk/src/install/ublox_serialization/include/ublox_serialization/ublox_serialization/checksum.hpp
[0.639s] -- Installing: /home/jeanho/gps_rtk/src/install/ublox_serialization/share/ament_index/resource_index/package_run_dependencies/ublox_serialization
[0.639s] -- Installing: /home/jeanho/gps_rtk/src/install/ublox_serialization/share/ament_index/resource_index/parent_prefix_path/ublox_serialization
[0.639s] -- Installing: /home/jeanho/gps_rtk/src/install/ublox_serialization/share/ublox_serialization/environment/ament_prefix_path.sh
[0.639s] -- Installing: /home/jeanho/gps_rtk/src/install/ublox_serialization/share/ublox_serialization/environment/ament_prefix_path.dsv
[0.639s] -- Installing: /home/jeanho/gps_rtk/src/install/ublox_serialization/share/ublox_serialization/environment/path.sh
[0.639s] -- Installing: /home/jeanho/gps_rtk/src/install/ublox_serialization/share/ublox_serialization/environment/path.dsv
[0.639s] -- Installing: /home/jeanho/gps_rtk/src/install/ublox_serialization/share/ublox_serialization/local_setup.bash
[0.639s] -- Installing: /home/jeanho/gps_rtk/src/install/ublox_serialization/share/ublox_serialization/local_setup.sh
[0.639s] -- Installing: /home/jeanho/gps_rtk/src/install/ublox_serialization/share/ublox_serialization/local_setup.zsh
[0.639s] -- Installing: /home/jeanho/gps_rtk/src/install/ublox_serialization/share/ublox_serialization/local_setup.dsv
[0.639s] -- Installing: /home/jeanho/gps_rtk/src/install/ublox_serialization/share/ublox_serialization/package.dsv
[0.639s] -- Installing: /home/jeanho/gps_rtk/src/install/ublox_serialization/share/ament_index/resource_index/packages/ublox_serialization
[0.639s] -- Installing: /home/jeanho/gps_rtk/src/install/ublox_serialization/share/ublox_serialization/cmake/export_ublox_serializationExport.cmake
[0.639s] -- Installing: /home/jeanho/gps_rtk/src/install/ublox_serialization/share/ublox_serialization/cmake/ament_cmake_export_include_directories-extras.cmake
[0.639s] -- Installing: /home/jeanho/gps_rtk/src/install/ublox_serialization/share/ublox_serialization/cmake/ament_cmake_export_targets-extras.cmake
[0.639s] -- Installing: /home/jeanho/gps_rtk/src/install/ublox_serialization/share/ublox_serialization/cmake/ublox_serializationConfig.cmake
[0.639s] -- Installing: /home/jeanho/gps_rtk/src/install/ublox_serialization/share/ublox_serialization/cmake/ublox_serializationConfig-version.cmake
[0.639s] -- Installing: /home/jeanho/gps_rtk/src/install/ublox_serialization/share/ublox_serialization/package.xml
[0.641s] Invoked command in '/home/jeanho/gps_rtk/src/build/ublox_serialization' returned '0': CMAKE_PREFIX_PATH=/opt/ros/humble /usr/bin/cmake --install /home/jeanho/gps_rtk/src/build/ublox_serialization
