[0.628s] DEBUG:colcon:Command line arguments: ['/usr/bin/colcon', 'build']
[0.628s] DEBUG:colcon:Parsed command line arguments: Namespace(log_base=None, log_level=None, verb_name='build', build_base='build', install_base='install', merge_install=False, symlink_install=False, test_result_base=None, continue_on_error=False, executor='parallel', parallel_workers=24, event_handlers=None, ignore_user_meta=False, metas=['./colcon.meta'], base_paths=['.'], packages_ignore=None, packages_ignore_regex=None, paths=None, packages_up_to=None, packages_up_to_regex=None, packages_above=None, packages_above_and_dependencies=None, packages_above_depth=None, packages_select_by_dep=None, packages_skip_by_dep=None, packages_skip_up_to=None, packages_select_build_failed=False, packages_skip_build_finished=False, packages_select_test_failures=False, packages_skip_test_passed=False, packages_select=None, packages_skip=None, packages_select_regex=None, packages_skip_regex=None, packages_start=None, packages_end=None, allow_overriding=[], cmake_args=None, cmake_target=None, cmake_target_skip_unavailable=False, cmake_clean_cache=False, cmake_clean_first=False, cmake_force_configure=False, ament_cmake_args=None, catkin_cmake_args=None, catkin_skip_building_tests=False, mixin_files=None, mixin=None, verb_parser=<colcon_mixin.mixin.mixin_argument.MixinArgumentDecorator object at 0x7ade24952140>, verb_extension=<colcon_core.verb.build.BuildVerb object at 0x7ade24951c60>, main=<bound method BuildVerb.main of <colcon_core.verb.build.BuildVerb object at 0x7ade24951c60>>, mixin_verb=('build',))
[0.957s] Level 1:colcon.colcon_core.package_discovery:discover_packages(colcon_meta) check parameters
[0.958s] Level 1:colcon.colcon_core.package_discovery:discover_packages(recursive) check parameters
[0.958s] Level 1:colcon.colcon_core.package_discovery:discover_packages(ignore) check parameters
[0.958s] Level 1:colcon.colcon_core.package_discovery:discover_packages(path) check parameters
[0.958s] Level 1:colcon.colcon_core.package_discovery:discover_packages(colcon_meta) discover
[0.958s] Level 1:colcon.colcon_core.package_discovery:discover_packages(recursive) discover
[0.958s] INFO:colcon.colcon_core.package_discovery:Crawling recursively for packages in '/home/jeanho/gps_rtk'
[0.958s] Level 1:colcon.colcon_core.package_identification:_identify(.) by extensions ['ignore', 'ignore_ament_install']
[0.958s] Level 1:colcon.colcon_core.package_identification:_identify(.) by extension 'ignore'
[0.958s] Level 1:colcon.colcon_core.package_identification:_identify(.) by extension 'ignore_ament_install'
[0.958s] Level 1:colcon.colcon_core.package_identification:_identify(.) by extensions ['colcon_pkg']
[0.958s] Level 1:colcon.colcon_core.package_identification:_identify(.) by extension 'colcon_pkg'
[0.958s] Level 1:colcon.colcon_core.package_identification:_identify(.) by extensions ['colcon_meta']
[0.958s] Level 1:colcon.colcon_core.package_identification:_identify(.) by extension 'colcon_meta'
[0.958s] Level 1:colcon.colcon_core.package_identification:_identify(.) by extensions ['ros']
[0.958s] Level 1:colcon.colcon_core.package_identification:_identify(.) by extension 'ros'
[0.983s] Level 1:colcon.colcon_core.package_identification:_identify(.) by extensions ['cmake', 'python']
[0.983s] Level 1:colcon.colcon_core.package_identification:_identify(.) by extension 'cmake'
[0.983s] Level 1:colcon.colcon_core.package_identification:_identify(.) by extension 'python'
[0.983s] Level 1:colcon.colcon_core.package_identification:_identify(.) by extensions ['python_setup_py']
[0.983s] Level 1:colcon.colcon_core.package_identification:_identify(.) by extension 'python_setup_py'
[0.983s] Level 1:colcon.colcon_core.package_identification:_identify(build) by extensions ['ignore', 'ignore_ament_install']
[0.983s] Level 1:colcon.colcon_core.package_identification:_identify(build) by extension 'ignore'
[0.983s] Level 1:colcon.colcon_core.package_identification:_identify(build) ignored
[0.983s] Level 1:colcon.colcon_core.package_identification:_identify(install) by extensions ['ignore', 'ignore_ament_install']
[0.983s] Level 1:colcon.colcon_core.package_identification:_identify(install) by extension 'ignore'
[0.983s] Level 1:colcon.colcon_core.package_identification:_identify(install) ignored
[0.984s] Level 1:colcon.colcon_core.package_identification:_identify(log) by extensions ['ignore', 'ignore_ament_install']
[0.984s] Level 1:colcon.colcon_core.package_identification:_identify(log) by extension 'ignore'
[0.984s] Level 1:colcon.colcon_core.package_identification:_identify(log) ignored
[0.984s] Level 1:colcon.colcon_core.package_identification:_identify(src) by extensions ['ignore', 'ignore_ament_install']
[0.984s] Level 1:colcon.colcon_core.package_identification:_identify(src) by extension 'ignore'
[0.984s] Level 1:colcon.colcon_core.package_identification:_identify(src) by extension 'ignore_ament_install'
[0.984s] Level 1:colcon.colcon_core.package_identification:_identify(src) by extensions ['colcon_pkg']
[0.984s] Level 1:colcon.colcon_core.package_identification:_identify(src) by extension 'colcon_pkg'
[0.984s] Level 1:colcon.colcon_core.package_identification:_identify(src) by extensions ['colcon_meta']
[0.984s] Level 1:colcon.colcon_core.package_identification:_identify(src) by extension 'colcon_meta'
[0.984s] Level 1:colcon.colcon_core.package_identification:_identify(src) by extensions ['ros']
[0.984s] Level 1:colcon.colcon_core.package_identification:_identify(src) by extension 'ros'
[0.984s] Level 1:colcon.colcon_core.package_identification:_identify(src) by extensions ['cmake', 'python']
[0.984s] Level 1:colcon.colcon_core.package_identification:_identify(src) by extension 'cmake'
[0.984s] Level 1:colcon.colcon_core.package_identification:_identify(src) by extension 'python'
[0.984s] Level 1:colcon.colcon_core.package_identification:_identify(src) by extensions ['python_setup_py']
[0.984s] Level 1:colcon.colcon_core.package_identification:_identify(src) by extension 'python_setup_py'
[0.984s] Level 1:colcon.colcon_core.package_identification:_identify(src/RTK_GPS_NTRIP) by extensions ['ignore', 'ignore_ament_install']
[0.984s] Level 1:colcon.colcon_core.package_identification:_identify(src/RTK_GPS_NTRIP) by extension 'ignore'
[0.984s] Level 1:colcon.colcon_core.package_identification:_identify(src/RTK_GPS_NTRIP) by extension 'ignore_ament_install'
[0.984s] Level 1:colcon.colcon_core.package_identification:_identify(src/RTK_GPS_NTRIP) by extensions ['colcon_pkg']
[0.984s] Level 1:colcon.colcon_core.package_identification:_identify(src/RTK_GPS_NTRIP) by extension 'colcon_pkg'
[0.984s] Level 1:colcon.colcon_core.package_identification:_identify(src/RTK_GPS_NTRIP) by extensions ['colcon_meta']
[0.984s] Level 1:colcon.colcon_core.package_identification:_identify(src/RTK_GPS_NTRIP) by extension 'colcon_meta'
[0.984s] Level 1:colcon.colcon_core.package_identification:_identify(src/RTK_GPS_NTRIP) by extensions ['ros']
[0.984s] Level 1:colcon.colcon_core.package_identification:_identify(src/RTK_GPS_NTRIP) by extension 'ros'
[0.984s] Level 1:colcon.colcon_core.package_identification:_identify(src/RTK_GPS_NTRIP) by extensions ['cmake', 'python']
[0.984s] Level 1:colcon.colcon_core.package_identification:_identify(src/RTK_GPS_NTRIP) by extension 'cmake'
[0.984s] Level 1:colcon.colcon_core.package_identification:_identify(src/RTK_GPS_NTRIP) by extension 'python'
[0.984s] Level 1:colcon.colcon_core.package_identification:_identify(src/RTK_GPS_NTRIP) by extensions ['python_setup_py']
[0.984s] Level 1:colcon.colcon_core.package_identification:_identify(src/RTK_GPS_NTRIP) by extension 'python_setup_py'
[0.984s] Level 1:colcon.colcon_core.package_identification:_identify(src/RTK_GPS_NTRIP/build) by extensions ['ignore', 'ignore_ament_install']
[0.984s] Level 1:colcon.colcon_core.package_identification:_identify(src/RTK_GPS_NTRIP/build) by extension 'ignore'
[0.984s] Level 1:colcon.colcon_core.package_identification:_identify(src/RTK_GPS_NTRIP/build) ignored
[0.985s] Level 1:colcon.colcon_core.package_identification:_identify(src/RTK_GPS_NTRIP/fix2nmea) by extensions ['ignore', 'ignore_ament_install']
[0.985s] Level 1:colcon.colcon_core.package_identification:_identify(src/RTK_GPS_NTRIP/fix2nmea) by extension 'ignore'
[0.986s] Level 1:colcon.colcon_core.package_identification:_identify(src/RTK_GPS_NTRIP/fix2nmea) by extension 'ignore_ament_install'
[0.986s] Level 1:colcon.colcon_core.package_identification:_identify(src/RTK_GPS_NTRIP/fix2nmea) by extensions ['colcon_pkg']
[0.986s] Level 1:colcon.colcon_core.package_identification:_identify(src/RTK_GPS_NTRIP/fix2nmea) by extension 'colcon_pkg'
[0.986s] Level 1:colcon.colcon_core.package_identification:_identify(src/RTK_GPS_NTRIP/fix2nmea) by extensions ['colcon_meta']
[0.986s] Level 1:colcon.colcon_core.package_identification:_identify(src/RTK_GPS_NTRIP/fix2nmea) by extension 'colcon_meta'
[0.986s] Level 1:colcon.colcon_core.package_identification:_identify(src/RTK_GPS_NTRIP/fix2nmea) by extensions ['ros']
[0.986s] Level 1:colcon.colcon_core.package_identification:_identify(src/RTK_GPS_NTRIP/fix2nmea) by extension 'ros'
[0.991s] DEBUG:colcon.colcon_core.package_identification:Package 'src/RTK_GPS_NTRIP/fix2nmea' with type 'ros.ament_cmake' and name 'fix2nmea'
[0.992s] Level 1:colcon.colcon_core.package_identification:_identify(src/RTK_GPS_NTRIP/install) by extensions ['ignore', 'ignore_ament_install']
[0.992s] Level 1:colcon.colcon_core.package_identification:_identify(src/RTK_GPS_NTRIP/install) by extension 'ignore'
[0.992s] Level 1:colcon.colcon_core.package_identification:_identify(src/RTK_GPS_NTRIP/install) ignored
[0.992s] Level 1:colcon.colcon_core.package_identification:_identify(src/RTK_GPS_NTRIP/log) by extensions ['ignore', 'ignore_ament_install']
[0.992s] Level 1:colcon.colcon_core.package_identification:_identify(src/RTK_GPS_NTRIP/log) by extension 'ignore'
[0.992s] Level 1:colcon.colcon_core.package_identification:_identify(src/RTK_GPS_NTRIP/log) ignored
[0.993s] Level 1:colcon.colcon_core.package_identification:_identify(src/RTK_GPS_NTRIP/ntrip_client) by extensions ['ignore', 'ignore_ament_install']
[0.993s] Level 1:colcon.colcon_core.package_identification:_identify(src/RTK_GPS_NTRIP/ntrip_client) by extension 'ignore'
[0.993s] Level 1:colcon.colcon_core.package_identification:_identify(src/RTK_GPS_NTRIP/ntrip_client) by extension 'ignore_ament_install'
[0.993s] Level 1:colcon.colcon_core.package_identification:_identify(src/RTK_GPS_NTRIP/ntrip_client) by extensions ['colcon_pkg']
[0.993s] Level 1:colcon.colcon_core.package_identification:_identify(src/RTK_GPS_NTRIP/ntrip_client) by extension 'colcon_pkg'
[0.993s] Level 1:colcon.colcon_core.package_identification:_identify(src/RTK_GPS_NTRIP/ntrip_client) by extensions ['colcon_meta']
[0.993s] Level 1:colcon.colcon_core.package_identification:_identify(src/RTK_GPS_NTRIP/ntrip_client) by extension 'colcon_meta'
[0.993s] Level 1:colcon.colcon_core.package_identification:_identify(src/RTK_GPS_NTRIP/ntrip_client) by extensions ['ros']
[0.993s] Level 1:colcon.colcon_core.package_identification:_identify(src/RTK_GPS_NTRIP/ntrip_client) by extension 'ros'
[0.994s] DEBUG:colcon.colcon_core.package_identification:Package 'src/RTK_GPS_NTRIP/ntrip_client' with type 'ros.ament_python' and name 'ntrip_client'
[0.994s] Level 1:colcon.colcon_core.package_identification:_identify(src/RTK_GPS_NTRIP/rtcm_msgs) by extensions ['ignore', 'ignore_ament_install']
[0.994s] Level 1:colcon.colcon_core.package_identification:_identify(src/RTK_GPS_NTRIP/rtcm_msgs) by extension 'ignore'
[0.994s] Level 1:colcon.colcon_core.package_identification:_identify(src/RTK_GPS_NTRIP/rtcm_msgs) by extension 'ignore_ament_install'
[0.994s] Level 1:colcon.colcon_core.package_identification:_identify(src/RTK_GPS_NTRIP/rtcm_msgs) by extensions ['colcon_pkg']
[0.994s] Level 1:colcon.colcon_core.package_identification:_identify(src/RTK_GPS_NTRIP/rtcm_msgs) by extension 'colcon_pkg'
[0.994s] Level 1:colcon.colcon_core.package_identification:_identify(src/RTK_GPS_NTRIP/rtcm_msgs) by extensions ['colcon_meta']
[0.994s] Level 1:colcon.colcon_core.package_identification:_identify(src/RTK_GPS_NTRIP/rtcm_msgs) by extension 'colcon_meta'
[0.994s] Level 1:colcon.colcon_core.package_identification:_identify(src/RTK_GPS_NTRIP/rtcm_msgs) by extensions ['ros']
[0.994s] Level 1:colcon.colcon_core.package_identification:_identify(src/RTK_GPS_NTRIP/rtcm_msgs) by extension 'ros'
[1.001s] DEBUG:colcon.colcon_core.package_identification:Package 'src/RTK_GPS_NTRIP/rtcm_msgs' with type 'ros.ament_cmake' and name 'rtcm_msgs'
[1.002s] Level 1:colcon.colcon_core.package_identification:_identify(src/RTK_GPS_NTRIP/ublox) by extensions ['ignore', 'ignore_ament_install']
[1.002s] Level 1:colcon.colcon_core.package_identification:_identify(src/RTK_GPS_NTRIP/ublox) by extension 'ignore'
[1.002s] Level 1:colcon.colcon_core.package_identification:_identify(src/RTK_GPS_NTRIP/ublox) by extension 'ignore_ament_install'
[1.002s] Level 1:colcon.colcon_core.package_identification:_identify(src/RTK_GPS_NTRIP/ublox) by extensions ['colcon_pkg']
[1.002s] Level 1:colcon.colcon_core.package_identification:_identify(src/RTK_GPS_NTRIP/ublox) by extension 'colcon_pkg'
[1.002s] Level 1:colcon.colcon_core.package_identification:_identify(src/RTK_GPS_NTRIP/ublox) by extensions ['colcon_meta']
[1.002s] Level 1:colcon.colcon_core.package_identification:_identify(src/RTK_GPS_NTRIP/ublox) by extension 'colcon_meta'
[1.002s] Level 1:colcon.colcon_core.package_identification:_identify(src/RTK_GPS_NTRIP/ublox) by extensions ['ros']
[1.002s] Level 1:colcon.colcon_core.package_identification:_identify(src/RTK_GPS_NTRIP/ublox) by extension 'ros'
[1.004s] DEBUG:colcon.colcon_core.package_identification:Package 'src/RTK_GPS_NTRIP/ublox' with type 'ros.ament_cmake' and name 'ublox'
[1.004s] Level 1:colcon.colcon_core.package_identification:_identify(src/RTK_GPS_NTRIP/ublox_gps) by extensions ['ignore', 'ignore_ament_install']
[1.004s] Level 1:colcon.colcon_core.package_identification:_identify(src/RTK_GPS_NTRIP/ublox_gps) by extension 'ignore'
[1.004s] Level 1:colcon.colcon_core.package_identification:_identify(src/RTK_GPS_NTRIP/ublox_gps) by extension 'ignore_ament_install'
[1.004s] Level 1:colcon.colcon_core.package_identification:_identify(src/RTK_GPS_NTRIP/ublox_gps) by extensions ['colcon_pkg']
[1.004s] Level 1:colcon.colcon_core.package_identification:_identify(src/RTK_GPS_NTRIP/ublox_gps) by extension 'colcon_pkg'
[1.004s] Level 1:colcon.colcon_core.package_identification:_identify(src/RTK_GPS_NTRIP/ublox_gps) by extensions ['colcon_meta']
[1.005s] Level 1:colcon.colcon_core.package_identification:_identify(src/RTK_GPS_NTRIP/ublox_gps) by extension 'colcon_meta'
[1.005s] Level 1:colcon.colcon_core.package_identification:_identify(src/RTK_GPS_NTRIP/ublox_gps) by extensions ['ros']
[1.005s] Level 1:colcon.colcon_core.package_identification:_identify(src/RTK_GPS_NTRIP/ublox_gps) by extension 'ros'
[1.006s] DEBUG:colcon.colcon_core.package_identification:Package 'src/RTK_GPS_NTRIP/ublox_gps' with type 'ros.ament_cmake' and name 'ublox_gps'
[1.006s] Level 1:colcon.colcon_core.package_identification:_identify(src/RTK_GPS_NTRIP/ublox_msgs) by extensions ['ignore', 'ignore_ament_install']
[1.007s] Level 1:colcon.colcon_core.package_identification:_identify(src/RTK_GPS_NTRIP/ublox_msgs) by extension 'ignore'
[1.007s] Level 1:colcon.colcon_core.package_identification:_identify(src/RTK_GPS_NTRIP/ublox_msgs) by extension 'ignore_ament_install'
[1.007s] Level 1:colcon.colcon_core.package_identification:_identify(src/RTK_GPS_NTRIP/ublox_msgs) by extensions ['colcon_pkg']
[1.007s] Level 1:colcon.colcon_core.package_identification:_identify(src/RTK_GPS_NTRIP/ublox_msgs) by extension 'colcon_pkg'
[1.007s] Level 1:colcon.colcon_core.package_identification:_identify(src/RTK_GPS_NTRIP/ublox_msgs) by extensions ['colcon_meta']
[1.007s] Level 1:colcon.colcon_core.package_identification:_identify(src/RTK_GPS_NTRIP/ublox_msgs) by extension 'colcon_meta'
[1.007s] Level 1:colcon.colcon_core.package_identification:_identify(src/RTK_GPS_NTRIP/ublox_msgs) by extensions ['ros']
[1.007s] Level 1:colcon.colcon_core.package_identification:_identify(src/RTK_GPS_NTRIP/ublox_msgs) by extension 'ros'
[1.008s] DEBUG:colcon.colcon_core.package_identification:Package 'src/RTK_GPS_NTRIP/ublox_msgs' with type 'ros.ament_cmake' and name 'ublox_msgs'
[1.009s] Level 1:colcon.colcon_core.package_identification:_identify(src/RTK_GPS_NTRIP/ublox_serialization) by extensions ['ignore', 'ignore_ament_install']
[1.009s] Level 1:colcon.colcon_core.package_identification:_identify(src/RTK_GPS_NTRIP/ublox_serialization) by extension 'ignore'
[1.009s] Level 1:colcon.colcon_core.package_identification:_identify(src/RTK_GPS_NTRIP/ublox_serialization) by extension 'ignore_ament_install'
[1.009s] Level 1:colcon.colcon_core.package_identification:_identify(src/RTK_GPS_NTRIP/ublox_serialization) by extensions ['colcon_pkg']
[1.009s] Level 1:colcon.colcon_core.package_identification:_identify(src/RTK_GPS_NTRIP/ublox_serialization) by extension 'colcon_pkg'
[1.009s] Level 1:colcon.colcon_core.package_identification:_identify(src/RTK_GPS_NTRIP/ublox_serialization) by extensions ['colcon_meta']
[1.009s] Level 1:colcon.colcon_core.package_identification:_identify(src/RTK_GPS_NTRIP/ublox_serialization) by extension 'colcon_meta'
[1.009s] Level 1:colcon.colcon_core.package_identification:_identify(src/RTK_GPS_NTRIP/ublox_serialization) by extensions ['ros']
[1.009s] Level 1:colcon.colcon_core.package_identification:_identify(src/RTK_GPS_NTRIP/ublox_serialization) by extension 'ros'
[1.010s] DEBUG:colcon.colcon_core.package_identification:Package 'src/RTK_GPS_NTRIP/ublox_serialization' with type 'ros.ament_cmake' and name 'ublox_serialization'
[1.010s] Level 1:colcon.colcon_core.package_identification:_identify(src/gps_visualizer) by extensions ['ignore', 'ignore_ament_install']
[1.010s] Level 1:colcon.colcon_core.package_identification:_identify(src/gps_visualizer) by extension 'ignore'
[1.010s] Level 1:colcon.colcon_core.package_identification:_identify(src/gps_visualizer) by extension 'ignore_ament_install'
[1.010s] Level 1:colcon.colcon_core.package_identification:_identify(src/gps_visualizer) by extensions ['colcon_pkg']
[1.010s] Level 1:colcon.colcon_core.package_identification:_identify(src/gps_visualizer) by extension 'colcon_pkg'
[1.010s] Level 1:colcon.colcon_core.package_identification:_identify(src/gps_visualizer) by extensions ['colcon_meta']
[1.010s] Level 1:colcon.colcon_core.package_identification:_identify(src/gps_visualizer) by extension 'colcon_meta'
[1.011s] Level 1:colcon.colcon_core.package_identification:_identify(src/gps_visualizer) by extensions ['ros']
[1.011s] Level 1:colcon.colcon_core.package_identification:_identify(src/gps_visualizer) by extension 'ros'
[1.012s] DEBUG:colcon.colcon_core.package_identification:Package 'src/gps_visualizer' with type 'ros.ament_python' and name 'gps_visualizer'
[1.012s] Level 1:colcon.colcon_core.package_discovery:discover_packages(recursive) using defaults
[1.012s] Level 1:colcon.colcon_core.package_discovery:discover_packages(ignore) discover
[1.012s] Level 1:colcon.colcon_core.package_discovery:discover_packages(ignore) using defaults
[1.012s] Level 1:colcon.colcon_core.package_discovery:discover_packages(path) discover
[1.012s] Level 1:colcon.colcon_core.package_discovery:discover_packages(path) using defaults
[1.062s] Level 1:colcon.colcon_core.package_discovery:discover_packages(prefix_path) check parameters
[1.062s] Level 1:colcon.colcon_core.package_discovery:discover_packages(prefix_path) discover
[1.072s] DEBUG:colcon.colcon_installed_package_information.package_discovery:Found 271 installed packages in /opt/ros/humble
[1.073s] Level 1:colcon.colcon_core.package_discovery:discover_packages(prefix_path) using defaults
[1.166s] Level 5:colcon.colcon_core.verb:set package 'gps_visualizer' build argument 'cmake_args' from command line to 'None'
[1.166s] Level 5:colcon.colcon_core.verb:set package 'gps_visualizer' build argument 'cmake_target' from command line to 'None'
[1.166s] Level 5:colcon.colcon_core.verb:set package 'gps_visualizer' build argument 'cmake_target_skip_unavailable' from command line to 'False'
[1.166s] Level 5:colcon.colcon_core.verb:set package 'gps_visualizer' build argument 'cmake_clean_cache' from command line to 'False'
[1.166s] Level 5:colcon.colcon_core.verb:set package 'gps_visualizer' build argument 'cmake_clean_first' from command line to 'False'
[1.166s] Level 5:colcon.colcon_core.verb:set package 'gps_visualizer' build argument 'cmake_force_configure' from command line to 'False'
[1.166s] Level 5:colcon.colcon_core.verb:set package 'gps_visualizer' build argument 'ament_cmake_args' from command line to 'None'
[1.166s] Level 5:colcon.colcon_core.verb:set package 'gps_visualizer' build argument 'catkin_cmake_args' from command line to 'None'
[1.167s] Level 5:colcon.colcon_core.verb:set package 'gps_visualizer' build argument 'catkin_skip_building_tests' from command line to 'False'
[1.167s] DEBUG:colcon.colcon_core.verb:Building package 'gps_visualizer' with the following arguments: {'ament_cmake_args': None, 'build_base': '/home/jeanho/gps_rtk/build/gps_visualizer', 'catkin_cmake_args': None, 'catkin_skip_building_tests': False, 'cmake_args': None, 'cmake_clean_cache': False, 'cmake_clean_first': False, 'cmake_force_configure': False, 'cmake_target': None, 'cmake_target_skip_unavailable': False, 'install_base': '/home/jeanho/gps_rtk/install/gps_visualizer', 'merge_install': False, 'path': '/home/jeanho/gps_rtk/src/gps_visualizer', 'symlink_install': False, 'test_result_base': None}
[1.167s] Level 5:colcon.colcon_core.verb:set package 'ntrip_client' build argument 'cmake_args' from command line to 'None'
[1.167s] Level 5:colcon.colcon_core.verb:set package 'ntrip_client' build argument 'cmake_target' from command line to 'None'
[1.167s] Level 5:colcon.colcon_core.verb:set package 'ntrip_client' build argument 'cmake_target_skip_unavailable' from command line to 'False'
[1.167s] Level 5:colcon.colcon_core.verb:set package 'ntrip_client' build argument 'cmake_clean_cache' from command line to 'False'
[1.167s] Level 5:colcon.colcon_core.verb:set package 'ntrip_client' build argument 'cmake_clean_first' from command line to 'False'
[1.167s] Level 5:colcon.colcon_core.verb:set package 'ntrip_client' build argument 'cmake_force_configure' from command line to 'False'
[1.167s] Level 5:colcon.colcon_core.verb:set package 'ntrip_client' build argument 'ament_cmake_args' from command line to 'None'
[1.167s] Level 5:colcon.colcon_core.verb:set package 'ntrip_client' build argument 'catkin_cmake_args' from command line to 'None'
[1.167s] Level 5:colcon.colcon_core.verb:set package 'ntrip_client' build argument 'catkin_skip_building_tests' from command line to 'False'
[1.167s] DEBUG:colcon.colcon_core.verb:Building package 'ntrip_client' with the following arguments: {'ament_cmake_args': None, 'build_base': '/home/jeanho/gps_rtk/build/ntrip_client', 'catkin_cmake_args': None, 'catkin_skip_building_tests': False, 'cmake_args': None, 'cmake_clean_cache': False, 'cmake_clean_first': False, 'cmake_force_configure': False, 'cmake_target': None, 'cmake_target_skip_unavailable': False, 'install_base': '/home/jeanho/gps_rtk/install/ntrip_client', 'merge_install': False, 'path': '/home/jeanho/gps_rtk/src/RTK_GPS_NTRIP/ntrip_client', 'symlink_install': False, 'test_result_base': None}
[1.167s] Level 5:colcon.colcon_core.verb:set package 'rtcm_msgs' build argument 'cmake_args' from command line to 'None'
[1.167s] Level 5:colcon.colcon_core.verb:set package 'rtcm_msgs' build argument 'cmake_target' from command line to 'None'
[1.167s] Level 5:colcon.colcon_core.verb:set package 'rtcm_msgs' build argument 'cmake_target_skip_unavailable' from command line to 'False'
[1.167s] Level 5:colcon.colcon_core.verb:set package 'rtcm_msgs' build argument 'cmake_clean_cache' from command line to 'False'
[1.167s] Level 5:colcon.colcon_core.verb:set package 'rtcm_msgs' build argument 'cmake_clean_first' from command line to 'False'
[1.167s] Level 5:colcon.colcon_core.verb:set package 'rtcm_msgs' build argument 'cmake_force_configure' from command line to 'False'
[1.167s] Level 5:colcon.colcon_core.verb:set package 'rtcm_msgs' build argument 'ament_cmake_args' from command line to 'None'
[1.167s] Level 5:colcon.colcon_core.verb:set package 'rtcm_msgs' build argument 'catkin_cmake_args' from command line to 'None'
[1.167s] Level 5:colcon.colcon_core.verb:set package 'rtcm_msgs' build argument 'catkin_skip_building_tests' from command line to 'False'
[1.167s] DEBUG:colcon.colcon_core.verb:Building package 'rtcm_msgs' with the following arguments: {'ament_cmake_args': None, 'build_base': '/home/jeanho/gps_rtk/build/rtcm_msgs', 'catkin_cmake_args': None, 'catkin_skip_building_tests': False, 'cmake_args': None, 'cmake_clean_cache': False, 'cmake_clean_first': False, 'cmake_force_configure': False, 'cmake_target': None, 'cmake_target_skip_unavailable': False, 'install_base': '/home/jeanho/gps_rtk/install/rtcm_msgs', 'merge_install': False, 'path': '/home/jeanho/gps_rtk/src/RTK_GPS_NTRIP/rtcm_msgs', 'symlink_install': False, 'test_result_base': None}
[1.167s] Level 5:colcon.colcon_core.verb:set package 'ublox_serialization' build argument 'cmake_args' from command line to 'None'
[1.167s] Level 5:colcon.colcon_core.verb:set package 'ublox_serialization' build argument 'cmake_target' from command line to 'None'
[1.167s] Level 5:colcon.colcon_core.verb:set package 'ublox_serialization' build argument 'cmake_target_skip_unavailable' from command line to 'False'
[1.167s] Level 5:colcon.colcon_core.verb:set package 'ublox_serialization' build argument 'cmake_clean_cache' from command line to 'False'
[1.167s] Level 5:colcon.colcon_core.verb:set package 'ublox_serialization' build argument 'cmake_clean_first' from command line to 'False'
[1.167s] Level 5:colcon.colcon_core.verb:set package 'ublox_serialization' build argument 'cmake_force_configure' from command line to 'False'
[1.167s] Level 5:colcon.colcon_core.verb:set package 'ublox_serialization' build argument 'ament_cmake_args' from command line to 'None'
[1.167s] Level 5:colcon.colcon_core.verb:set package 'ublox_serialization' build argument 'catkin_cmake_args' from command line to 'None'
[1.167s] Level 5:colcon.colcon_core.verb:set package 'ublox_serialization' build argument 'catkin_skip_building_tests' from command line to 'False'
[1.167s] DEBUG:colcon.colcon_core.verb:Building package 'ublox_serialization' with the following arguments: {'ament_cmake_args': None, 'build_base': '/home/jeanho/gps_rtk/build/ublox_serialization', 'catkin_cmake_args': None, 'catkin_skip_building_tests': False, 'cmake_args': None, 'cmake_clean_cache': False, 'cmake_clean_first': False, 'cmake_force_configure': False, 'cmake_target': None, 'cmake_target_skip_unavailable': False, 'install_base': '/home/jeanho/gps_rtk/install/ublox_serialization', 'merge_install': False, 'path': '/home/jeanho/gps_rtk/src/RTK_GPS_NTRIP/ublox_serialization', 'symlink_install': False, 'test_result_base': None}
[1.168s] Level 5:colcon.colcon_core.verb:set package 'ublox_msgs' build argument 'cmake_args' from command line to 'None'
[1.168s] Level 5:colcon.colcon_core.verb:set package 'ublox_msgs' build argument 'cmake_target' from command line to 'None'
[1.168s] Level 5:colcon.colcon_core.verb:set package 'ublox_msgs' build argument 'cmake_target_skip_unavailable' from command line to 'False'
[1.168s] Level 5:colcon.colcon_core.verb:set package 'ublox_msgs' build argument 'cmake_clean_cache' from command line to 'False'
[1.168s] Level 5:colcon.colcon_core.verb:set package 'ublox_msgs' build argument 'cmake_clean_first' from command line to 'False'
[1.168s] Level 5:colcon.colcon_core.verb:set package 'ublox_msgs' build argument 'cmake_force_configure' from command line to 'False'
[1.168s] Level 5:colcon.colcon_core.verb:set package 'ublox_msgs' build argument 'ament_cmake_args' from command line to 'None'
[1.168s] Level 5:colcon.colcon_core.verb:set package 'ublox_msgs' build argument 'catkin_cmake_args' from command line to 'None'
[1.168s] Level 5:colcon.colcon_core.verb:set package 'ublox_msgs' build argument 'catkin_skip_building_tests' from command line to 'False'
[1.168s] DEBUG:colcon.colcon_core.verb:Building package 'ublox_msgs' with the following arguments: {'ament_cmake_args': None, 'build_base': '/home/jeanho/gps_rtk/build/ublox_msgs', 'catkin_cmake_args': None, 'catkin_skip_building_tests': False, 'cmake_args': None, 'cmake_clean_cache': False, 'cmake_clean_first': False, 'cmake_force_configure': False, 'cmake_target': None, 'cmake_target_skip_unavailable': False, 'install_base': '/home/jeanho/gps_rtk/install/ublox_msgs', 'merge_install': False, 'path': '/home/jeanho/gps_rtk/src/RTK_GPS_NTRIP/ublox_msgs', 'symlink_install': False, 'test_result_base': None}
[1.168s] Level 5:colcon.colcon_core.verb:set package 'fix2nmea' build argument 'cmake_args' from command line to 'None'
[1.168s] Level 5:colcon.colcon_core.verb:set package 'fix2nmea' build argument 'cmake_target' from command line to 'None'
[1.168s] Level 5:colcon.colcon_core.verb:set package 'fix2nmea' build argument 'cmake_target_skip_unavailable' from command line to 'False'
[1.168s] Level 5:colcon.colcon_core.verb:set package 'fix2nmea' build argument 'cmake_clean_cache' from command line to 'False'
[1.168s] Level 5:colcon.colcon_core.verb:set package 'fix2nmea' build argument 'cmake_clean_first' from command line to 'False'
[1.168s] Level 5:colcon.colcon_core.verb:set package 'fix2nmea' build argument 'cmake_force_configure' from command line to 'False'
[1.168s] Level 5:colcon.colcon_core.verb:set package 'fix2nmea' build argument 'ament_cmake_args' from command line to 'None'
[1.168s] Level 5:colcon.colcon_core.verb:set package 'fix2nmea' build argument 'catkin_cmake_args' from command line to 'None'
[1.168s] Level 5:colcon.colcon_core.verb:set package 'fix2nmea' build argument 'catkin_skip_building_tests' from command line to 'False'
[1.168s] DEBUG:colcon.colcon_core.verb:Building package 'fix2nmea' with the following arguments: {'ament_cmake_args': None, 'build_base': '/home/jeanho/gps_rtk/build/fix2nmea', 'catkin_cmake_args': None, 'catkin_skip_building_tests': False, 'cmake_args': None, 'cmake_clean_cache': False, 'cmake_clean_first': False, 'cmake_force_configure': False, 'cmake_target': None, 'cmake_target_skip_unavailable': False, 'install_base': '/home/jeanho/gps_rtk/install/fix2nmea', 'merge_install': False, 'path': '/home/jeanho/gps_rtk/src/RTK_GPS_NTRIP/fix2nmea', 'symlink_install': False, 'test_result_base': None}
[1.168s] Level 5:colcon.colcon_core.verb:set package 'ublox_gps' build argument 'cmake_args' from command line to 'None'
[1.168s] Level 5:colcon.colcon_core.verb:set package 'ublox_gps' build argument 'cmake_target' from command line to 'None'
[1.168s] Level 5:colcon.colcon_core.verb:set package 'ublox_gps' build argument 'cmake_target_skip_unavailable' from command line to 'False'
[1.168s] Level 5:colcon.colcon_core.verb:set package 'ublox_gps' build argument 'cmake_clean_cache' from command line to 'False'
[1.168s] Level 5:colcon.colcon_core.verb:set package 'ublox_gps' build argument 'cmake_clean_first' from command line to 'False'
[1.168s] Level 5:colcon.colcon_core.verb:set package 'ublox_gps' build argument 'cmake_force_configure' from command line to 'False'
[1.168s] Level 5:colcon.colcon_core.verb:set package 'ublox_gps' build argument 'ament_cmake_args' from command line to 'None'
[1.168s] Level 5:colcon.colcon_core.verb:set package 'ublox_gps' build argument 'catkin_cmake_args' from command line to 'None'
[1.168s] Level 5:colcon.colcon_core.verb:set package 'ublox_gps' build argument 'catkin_skip_building_tests' from command line to 'False'
[1.168s] DEBUG:colcon.colcon_core.verb:Building package 'ublox_gps' with the following arguments: {'ament_cmake_args': None, 'build_base': '/home/jeanho/gps_rtk/build/ublox_gps', 'catkin_cmake_args': None, 'catkin_skip_building_tests': False, 'cmake_args': None, 'cmake_clean_cache': False, 'cmake_clean_first': False, 'cmake_force_configure': False, 'cmake_target': None, 'cmake_target_skip_unavailable': False, 'install_base': '/home/jeanho/gps_rtk/install/ublox_gps', 'merge_install': False, 'path': '/home/jeanho/gps_rtk/src/RTK_GPS_NTRIP/ublox_gps', 'symlink_install': False, 'test_result_base': None}
[1.169s] Level 5:colcon.colcon_core.verb:set package 'ublox' build argument 'cmake_args' from command line to 'None'
[1.169s] Level 5:colcon.colcon_core.verb:set package 'ublox' build argument 'cmake_target' from command line to 'None'
[1.169s] Level 5:colcon.colcon_core.verb:set package 'ublox' build argument 'cmake_target_skip_unavailable' from command line to 'False'
[1.169s] Level 5:colcon.colcon_core.verb:set package 'ublox' build argument 'cmake_clean_cache' from command line to 'False'
[1.169s] Level 5:colcon.colcon_core.verb:set package 'ublox' build argument 'cmake_clean_first' from command line to 'False'
[1.169s] Level 5:colcon.colcon_core.verb:set package 'ublox' build argument 'cmake_force_configure' from command line to 'False'
[1.169s] Level 5:colcon.colcon_core.verb:set package 'ublox' build argument 'ament_cmake_args' from command line to 'None'
[1.169s] Level 5:colcon.colcon_core.verb:set package 'ublox' build argument 'catkin_cmake_args' from command line to 'None'
[1.169s] Level 5:colcon.colcon_core.verb:set package 'ublox' build argument 'catkin_skip_building_tests' from command line to 'False'
[1.169s] DEBUG:colcon.colcon_core.verb:Building package 'ublox' with the following arguments: {'ament_cmake_args': None, 'build_base': '/home/jeanho/gps_rtk/build/ublox', 'catkin_cmake_args': None, 'catkin_skip_building_tests': False, 'cmake_args': None, 'cmake_clean_cache': False, 'cmake_clean_first': False, 'cmake_force_configure': False, 'cmake_target': None, 'cmake_target_skip_unavailable': False, 'install_base': '/home/jeanho/gps_rtk/install/ublox', 'merge_install': False, 'path': '/home/jeanho/gps_rtk/src/RTK_GPS_NTRIP/ublox', 'symlink_install': False, 'test_result_base': None}
[1.169s] INFO:colcon.colcon_core.executor:Executing jobs using 'parallel' executor
[1.170s] DEBUG:colcon.colcon_parallel_executor.executor.parallel:run_until_complete
[1.170s] INFO:colcon.colcon_ros.task.ament_cmake.build:Building ROS package in '/home/jeanho/gps_rtk/src/RTK_GPS_NTRIP/ublox_serialization' with build type 'ament_cmake'
[1.172s] INFO:colcon.colcon_cmake.task.cmake.build:Building CMake package in '/home/jeanho/gps_rtk/src/RTK_GPS_NTRIP/ublox_serialization'
[1.181s] INFO:colcon.colcon_core.plugin_system:Skipping extension 'colcon_core.shell.bat': Not used on non-Windows systems
[1.181s] INFO:colcon.colcon_core.shell:Skip shell extension 'powershell' for command environment: Not usable outside of PowerShell
[1.181s] DEBUG:colcon.colcon_core.shell:Skip shell extension 'dsv' for command environment
[1.185s] INFO:colcon.colcon_ros.task.ament_cmake.build:Building ROS package in '/home/jeanho/gps_rtk/src/RTK_GPS_NTRIP/rtcm_msgs' with build type 'ament_cmake'
[1.186s] INFO:colcon.colcon_cmake.task.cmake.build:Building CMake package in '/home/jeanho/gps_rtk/src/RTK_GPS_NTRIP/rtcm_msgs'
[1.186s] INFO:colcon.colcon_core.shell:Skip shell extension 'powershell' for command environment: Not usable outside of PowerShell
[1.186s] DEBUG:colcon.colcon_core.shell:Skip shell extension 'dsv' for command environment
[1.189s] INFO:colcon.colcon_ros.task.ament_python.build:Building ROS package in '/home/jeanho/gps_rtk/src/gps_visualizer' with build type 'ament_python'
[1.190s] Level 1:colcon.colcon_core.shell:create_environment_hook('gps_visualizer', 'ament_prefix_path')
[1.190s] INFO:colcon.colcon_core.shell:Creating environment hook '/home/jeanho/gps_rtk/install/gps_visualizer/share/gps_visualizer/hook/ament_prefix_path.ps1'
[1.192s] INFO:colcon.colcon_core.shell:Creating environment descriptor '/home/jeanho/gps_rtk/install/gps_visualizer/share/gps_visualizer/hook/ament_prefix_path.dsv'
[1.194s] INFO:colcon.colcon_core.shell:Creating environment hook '/home/jeanho/gps_rtk/install/gps_visualizer/share/gps_visualizer/hook/ament_prefix_path.sh'
[1.195s] INFO:colcon.colcon_core.shell:Skip shell extension 'powershell' for command environment: Not usable outside of PowerShell
[1.195s] DEBUG:colcon.colcon_core.shell:Skip shell extension 'dsv' for command environment
[1.197s] INFO:colcon.colcon_ros.task.ament_python.build:Building ROS package in '/home/jeanho/gps_rtk/src/RTK_GPS_NTRIP/ntrip_client' with build type 'ament_python'
[1.197s] Level 1:colcon.colcon_core.shell:create_environment_hook('ntrip_client', 'ament_prefix_path')
[1.198s] INFO:colcon.colcon_core.shell:Creating environment hook '/home/jeanho/gps_rtk/install/ntrip_client/share/ntrip_client/hook/ament_prefix_path.ps1'
[1.199s] INFO:colcon.colcon_core.shell:Creating environment descriptor '/home/jeanho/gps_rtk/install/ntrip_client/share/ntrip_client/hook/ament_prefix_path.dsv'
[1.200s] INFO:colcon.colcon_core.shell:Creating environment hook '/home/jeanho/gps_rtk/install/ntrip_client/share/ntrip_client/hook/ament_prefix_path.sh'
[1.201s] INFO:colcon.colcon_core.shell:Skip shell extension 'powershell' for command environment: Not usable outside of PowerShell
[1.201s] DEBUG:colcon.colcon_core.shell:Skip shell extension 'dsv' for command environment
[1.210s] DEBUG:colcon.colcon_core.event_handler.log_command:Invoking command in '/home/jeanho/gps_rtk/build/ublox_serialization': CMAKE_PREFIX_PATH=/opt/ros/humble /usr/bin/cmake --build /home/jeanho/gps_rtk/build/ublox_serialization -- -j24 -l24
[1.218s] DEBUG:colcon.colcon_core.event_handler.log_command:Invoking command in '/home/jeanho/gps_rtk/build/rtcm_msgs': CMAKE_PREFIX_PATH=/opt/ros/humble /usr/bin/cmake --build /home/jeanho/gps_rtk/build/rtcm_msgs -- -j24 -l24
[1.473s] INFO:colcon.colcon_core.task.python.build:Building Python package in '/home/jeanho/gps_rtk/src/gps_visualizer'
[1.474s] INFO:colcon.colcon_core.shell:Skip shell extension 'powershell' for command environment: Not usable outside of PowerShell
[1.474s] DEBUG:colcon.colcon_core.shell:Skip shell extension 'dsv' for command environment
[1.663s] INFO:colcon.colcon_core.task.python.build:Building Python package in '/home/jeanho/gps_rtk/src/RTK_GPS_NTRIP/ntrip_client'
[1.663s] INFO:colcon.colcon_core.shell:Skip shell extension 'powershell' for command environment: Not usable outside of PowerShell
[1.664s] DEBUG:colcon.colcon_core.shell:Skip shell extension 'dsv' for command environment
[1.670s] DEBUG:colcon.colcon_core.event_handler.log_command:Invoked command in '/home/jeanho/gps_rtk/build/ublox_serialization' returned '0': CMAKE_PREFIX_PATH=/opt/ros/humble /usr/bin/cmake --build /home/jeanho/gps_rtk/build/ublox_serialization -- -j24 -l24
[1.679s] DEBUG:colcon.colcon_core.event_handler.log_command:Invoking command in '/home/jeanho/gps_rtk/build/ublox_serialization': CMAKE_PREFIX_PATH=/opt/ros/humble /usr/bin/cmake --install /home/jeanho/gps_rtk/build/ublox_serialization
[1.682s] DEBUG:colcon.colcon_core.event_handler.log_command:Invoked command in '/home/jeanho/gps_rtk/build/rtcm_msgs' returned '0': CMAKE_PREFIX_PATH=/opt/ros/humble /usr/bin/cmake --build /home/jeanho/gps_rtk/build/rtcm_msgs -- -j24 -l24
[1.685s] DEBUG:colcon.colcon_core.event_handler.log_command:Invoking command in '/home/jeanho/gps_rtk/build/rtcm_msgs': CMAKE_PREFIX_PATH=/opt/ros/humble /usr/bin/cmake --install /home/jeanho/gps_rtk/build/rtcm_msgs
[1.696s] Level 1:colcon.colcon_core.environment:create_environment_scripts_only(ublox_serialization)
[1.697s] DEBUG:colcon.colcon_core.event_handler.log_command:Invoked command in '/home/jeanho/gps_rtk/build/ublox_serialization' returned '0': CMAKE_PREFIX_PATH=/opt/ros/humble /usr/bin/cmake --install /home/jeanho/gps_rtk/build/ublox_serialization
[1.713s] Level 1:colcon.colcon_core.environment:checking '/home/jeanho/gps_rtk/install/ublox_serialization' for CMake module files
[1.714s] Level 1:colcon.colcon_core.environment:checking '/home/jeanho/gps_rtk/install/ublox_serialization' for CMake config files
[1.714s] Level 1:colcon.colcon_core.shell:create_environment_hook('ublox_serialization', 'cmake_prefix_path')
[1.714s] INFO:colcon.colcon_core.shell:Creating environment hook '/home/jeanho/gps_rtk/install/ublox_serialization/share/ublox_serialization/hook/cmake_prefix_path.ps1'
[1.714s] INFO:colcon.colcon_core.shell:Creating environment descriptor '/home/jeanho/gps_rtk/install/ublox_serialization/share/ublox_serialization/hook/cmake_prefix_path.dsv'
[1.715s] INFO:colcon.colcon_core.shell:Creating environment hook '/home/jeanho/gps_rtk/install/ublox_serialization/share/ublox_serialization/hook/cmake_prefix_path.sh'
[1.715s] Level 1:colcon.colcon_core.environment:checking '/home/jeanho/gps_rtk/install/ublox_serialization/bin'
[1.715s] Level 1:colcon.colcon_core.environment:checking '/home/jeanho/gps_rtk/install/ublox_serialization/lib/pkgconfig/ublox_serialization.pc'
[1.715s] Level 1:colcon.colcon_core.environment:checking '/home/jeanho/gps_rtk/install/ublox_serialization/lib/python3.10/site-packages'
[1.716s] Level 1:colcon.colcon_core.environment:checking '/home/jeanho/gps_rtk/install/ublox_serialization/bin'
[1.716s] INFO:colcon.colcon_core.shell:Creating package script '/home/jeanho/gps_rtk/install/ublox_serialization/share/ublox_serialization/package.ps1'
[1.717s] INFO:colcon.colcon_core.shell:Creating package descriptor '/home/jeanho/gps_rtk/install/ublox_serialization/share/ublox_serialization/package.dsv'
[1.718s] INFO:colcon.colcon_core.shell:Creating package script '/home/jeanho/gps_rtk/install/ublox_serialization/share/ublox_serialization/package.sh'
[1.718s] INFO:colcon.colcon_core.shell:Creating package script '/home/jeanho/gps_rtk/install/ublox_serialization/share/ublox_serialization/package.bash'
[1.720s] INFO:colcon.colcon_core.shell:Creating package script '/home/jeanho/gps_rtk/install/ublox_serialization/share/ublox_serialization/package.zsh'
[1.721s] Level 1:colcon.colcon_core.environment:create_file_with_runtime_dependencies(/home/jeanho/gps_rtk/install/ublox_serialization/share/colcon-core/packages/ublox_serialization)
[1.721s] Level 1:colcon.colcon_core.environment:create_environment_scripts_only(ublox_serialization)
[1.722s] Level 1:colcon.colcon_core.environment:checking '/home/jeanho/gps_rtk/install/ublox_serialization' for CMake module files
[1.722s] Level 1:colcon.colcon_core.environment:checking '/home/jeanho/gps_rtk/install/ublox_serialization' for CMake config files
[1.722s] Level 1:colcon.colcon_core.shell:create_environment_hook('ublox_serialization', 'cmake_prefix_path')
[1.722s] INFO:colcon.colcon_core.shell:Creating environment hook '/home/jeanho/gps_rtk/install/ublox_serialization/share/ublox_serialization/hook/cmake_prefix_path.ps1'
[1.722s] INFO:colcon.colcon_core.shell:Creating environment descriptor '/home/jeanho/gps_rtk/install/ublox_serialization/share/ublox_serialization/hook/cmake_prefix_path.dsv'
[1.722s] INFO:colcon.colcon_core.shell:Creating environment hook '/home/jeanho/gps_rtk/install/ublox_serialization/share/ublox_serialization/hook/cmake_prefix_path.sh'
[1.723s] Level 1:colcon.colcon_core.environment:checking '/home/jeanho/gps_rtk/install/ublox_serialization/bin'
[1.723s] Level 1:colcon.colcon_core.environment:checking '/home/jeanho/gps_rtk/install/ublox_serialization/lib/pkgconfig/ublox_serialization.pc'
[1.723s] Level 1:colcon.colcon_core.environment:checking '/home/jeanho/gps_rtk/install/ublox_serialization/lib/python3.10/site-packages'
[1.723s] Level 1:colcon.colcon_core.environment:checking '/home/jeanho/gps_rtk/install/ublox_serialization/bin'
[1.723s] INFO:colcon.colcon_core.shell:Creating package script '/home/jeanho/gps_rtk/install/ublox_serialization/share/ublox_serialization/package.ps1'
[1.723s] INFO:colcon.colcon_core.shell:Creating package descriptor '/home/jeanho/gps_rtk/install/ublox_serialization/share/ublox_serialization/package.dsv'
[1.724s] INFO:colcon.colcon_core.shell:Creating package script '/home/jeanho/gps_rtk/install/ublox_serialization/share/ublox_serialization/package.sh'
[1.725s] INFO:colcon.colcon_core.shell:Creating package script '/home/jeanho/gps_rtk/install/ublox_serialization/share/ublox_serialization/package.bash'
[1.725s] INFO:colcon.colcon_core.shell:Creating package script '/home/jeanho/gps_rtk/install/ublox_serialization/share/ublox_serialization/package.zsh'
[1.725s] Level 1:colcon.colcon_core.environment:create_file_with_runtime_dependencies(/home/jeanho/gps_rtk/install/ublox_serialization/share/colcon-core/packages/ublox_serialization)
[1.725s] INFO:colcon.colcon_ros.task.ament_cmake.build:Building ROS package in '/home/jeanho/gps_rtk/src/RTK_GPS_NTRIP/ublox_msgs' with build type 'ament_cmake'
[1.726s] INFO:colcon.colcon_cmake.task.cmake.build:Building CMake package in '/home/jeanho/gps_rtk/src/RTK_GPS_NTRIP/ublox_msgs'
[1.726s] INFO:colcon.colcon_core.shell:Skip shell extension 'powershell' for command environment: Not usable outside of PowerShell
[1.726s] DEBUG:colcon.colcon_core.shell:Skip shell extension 'dsv' for command environment
[1.739s] Level 1:colcon.colcon_core.environment:create_environment_scripts_only(rtcm_msgs)
[1.739s] Level 1:colcon.colcon_core.environment:checking '/home/jeanho/gps_rtk/install/rtcm_msgs' for CMake module files
[1.739s] DEBUG:colcon.colcon_core.event_handler.log_command:Invoked command in '/home/jeanho/gps_rtk/build/rtcm_msgs' returned '0': CMAKE_PREFIX_PATH=/opt/ros/humble /usr/bin/cmake --install /home/jeanho/gps_rtk/build/rtcm_msgs
[1.740s] Level 1:colcon.colcon_core.environment:checking '/home/jeanho/gps_rtk/install/rtcm_msgs' for CMake config files
[1.740s] Level 1:colcon.colcon_core.shell:create_environment_hook('rtcm_msgs', 'cmake_prefix_path')
[1.740s] INFO:colcon.colcon_core.shell:Creating environment hook '/home/jeanho/gps_rtk/install/rtcm_msgs/share/rtcm_msgs/hook/cmake_prefix_path.ps1'
[1.741s] INFO:colcon.colcon_core.shell:Creating environment descriptor '/home/jeanho/gps_rtk/install/rtcm_msgs/share/rtcm_msgs/hook/cmake_prefix_path.dsv'
[1.741s] INFO:colcon.colcon_core.shell:Creating environment hook '/home/jeanho/gps_rtk/install/rtcm_msgs/share/rtcm_msgs/hook/cmake_prefix_path.sh'
[1.741s] Level 1:colcon.colcon_core.environment:checking '/home/jeanho/gps_rtk/install/rtcm_msgs/lib'
[1.741s] Level 1:colcon.colcon_core.shell:create_environment_hook('rtcm_msgs', 'ld_library_path_lib')
[1.742s] INFO:colcon.colcon_core.shell:Creating environment hook '/home/jeanho/gps_rtk/install/rtcm_msgs/share/rtcm_msgs/hook/ld_library_path_lib.ps1'
[1.742s] INFO:colcon.colcon_core.shell:Creating environment descriptor '/home/jeanho/gps_rtk/install/rtcm_msgs/share/rtcm_msgs/hook/ld_library_path_lib.dsv'
[1.742s] INFO:colcon.colcon_core.shell:Creating environment hook '/home/jeanho/gps_rtk/install/rtcm_msgs/share/rtcm_msgs/hook/ld_library_path_lib.sh'
[1.742s] Level 1:colcon.colcon_core.environment:checking '/home/jeanho/gps_rtk/install/rtcm_msgs/bin'
[1.742s] Level 1:colcon.colcon_core.environment:checking '/home/jeanho/gps_rtk/install/rtcm_msgs/lib/pkgconfig/rtcm_msgs.pc'
[1.742s] Level 1:colcon.colcon_core.environment:checking '/home/jeanho/gps_rtk/install/rtcm_msgs/lib/python3.10/site-packages'
[1.742s] Level 1:colcon.colcon_core.environment:checking '/home/jeanho/gps_rtk/install/rtcm_msgs/bin'
[1.742s] INFO:colcon.colcon_core.shell:Creating package script '/home/jeanho/gps_rtk/install/rtcm_msgs/share/rtcm_msgs/package.ps1'
[1.743s] INFO:colcon.colcon_core.shell:Creating package descriptor '/home/jeanho/gps_rtk/install/rtcm_msgs/share/rtcm_msgs/package.dsv'
[1.744s] INFO:colcon.colcon_core.shell:Creating package script '/home/jeanho/gps_rtk/install/rtcm_msgs/share/rtcm_msgs/package.sh'
[1.744s] INFO:colcon.colcon_core.shell:Creating package script '/home/jeanho/gps_rtk/install/rtcm_msgs/share/rtcm_msgs/package.bash'
[1.745s] INFO:colcon.colcon_core.shell:Creating package script '/home/jeanho/gps_rtk/install/rtcm_msgs/share/rtcm_msgs/package.zsh'
[1.745s] Level 1:colcon.colcon_core.environment:create_file_with_runtime_dependencies(/home/jeanho/gps_rtk/install/rtcm_msgs/share/colcon-core/packages/rtcm_msgs)
[1.745s] Level 1:colcon.colcon_core.environment:create_environment_scripts_only(rtcm_msgs)
[1.746s] Level 1:colcon.colcon_core.environment:checking '/home/jeanho/gps_rtk/install/rtcm_msgs' for CMake module files
[1.746s] Level 1:colcon.colcon_core.environment:checking '/home/jeanho/gps_rtk/install/rtcm_msgs' for CMake config files
[1.746s] Level 1:colcon.colcon_core.shell:create_environment_hook('rtcm_msgs', 'cmake_prefix_path')
[1.746s] INFO:colcon.colcon_core.shell:Creating environment hook '/home/jeanho/gps_rtk/install/rtcm_msgs/share/rtcm_msgs/hook/cmake_prefix_path.ps1'
[1.747s] INFO:colcon.colcon_core.shell:Creating environment descriptor '/home/jeanho/gps_rtk/install/rtcm_msgs/share/rtcm_msgs/hook/cmake_prefix_path.dsv'
[1.747s] INFO:colcon.colcon_core.shell:Creating environment hook '/home/jeanho/gps_rtk/install/rtcm_msgs/share/rtcm_msgs/hook/cmake_prefix_path.sh'
[1.747s] Level 1:colcon.colcon_core.environment:checking '/home/jeanho/gps_rtk/install/rtcm_msgs/lib'
[1.747s] Level 1:colcon.colcon_core.shell:create_environment_hook('rtcm_msgs', 'ld_library_path_lib')
[1.747s] INFO:colcon.colcon_core.shell:Creating environment hook '/home/jeanho/gps_rtk/install/rtcm_msgs/share/rtcm_msgs/hook/ld_library_path_lib.ps1'
[1.748s] INFO:colcon.colcon_core.shell:Creating environment descriptor '/home/jeanho/gps_rtk/install/rtcm_msgs/share/rtcm_msgs/hook/ld_library_path_lib.dsv'
[1.748s] INFO:colcon.colcon_core.shell:Creating environment hook '/home/jeanho/gps_rtk/install/rtcm_msgs/share/rtcm_msgs/hook/ld_library_path_lib.sh'
[1.748s] Level 1:colcon.colcon_core.environment:checking '/home/jeanho/gps_rtk/install/rtcm_msgs/bin'
[1.749s] Level 1:colcon.colcon_core.environment:checking '/home/jeanho/gps_rtk/install/rtcm_msgs/lib/pkgconfig/rtcm_msgs.pc'
[1.749s] Level 1:colcon.colcon_core.environment:checking '/home/jeanho/gps_rtk/install/rtcm_msgs/lib/python3.10/site-packages'
[1.749s] Level 1:colcon.colcon_core.environment:checking '/home/jeanho/gps_rtk/install/rtcm_msgs/bin'
[1.749s] INFO:colcon.colcon_core.shell:Creating package script '/home/jeanho/gps_rtk/install/rtcm_msgs/share/rtcm_msgs/package.ps1'
[1.749s] INFO:colcon.colcon_core.shell:Creating package descriptor '/home/jeanho/gps_rtk/install/rtcm_msgs/share/rtcm_msgs/package.dsv'
[1.749s] INFO:colcon.colcon_core.shell:Creating package script '/home/jeanho/gps_rtk/install/rtcm_msgs/share/rtcm_msgs/package.sh'
[1.749s] INFO:colcon.colcon_core.shell:Creating package script '/home/jeanho/gps_rtk/install/rtcm_msgs/share/rtcm_msgs/package.bash'
[1.749s] INFO:colcon.colcon_core.shell:Creating package script '/home/jeanho/gps_rtk/install/rtcm_msgs/share/rtcm_msgs/package.zsh'
[1.750s] Level 1:colcon.colcon_core.environment:create_file_with_runtime_dependencies(/home/jeanho/gps_rtk/install/rtcm_msgs/share/colcon-core/packages/rtcm_msgs)
[1.809s] DEBUG:colcon.colcon_core.event_handler.log_command:Invoking command in '/home/jeanho/gps_rtk/build/ublox_msgs': AMENT_PREFIX_PATH=/home/jeanho/gps_rtk/install/ublox_serialization:${AMENT_PREFIX_PATH} CMAKE_PREFIX_PATH=/home/jeanho/gps_rtk/install/ublox_serialization:/opt/ros/humble /usr/bin/cmake --build /home/jeanho/gps_rtk/build/ublox_msgs -- -j24 -l24
[2.011s] DEBUG:colcon.colcon_core.event_handler.log_command:Invoking command in '/home/jeanho/gps_rtk/src/gps_visualizer': PYTHONPATH=/home/jeanho/gps_rtk/build/gps_visualizer/prefix_override:/usr/lib/python3/dist-packages/colcon_core/task/python/colcon_distutils_commands:/home/jeanho/gps_rtk/install/gps_visualizer/lib/python3.10/site-packages:${PYTHONPATH} /usr/bin/python3 -W ignore:setup.py install is deprecated -W ignore:easy_install command is deprecated setup.py egg_info --egg-base ../../build/gps_visualizer build --build-base /home/jeanho/gps_rtk/build/gps_visualizer/build install --record /home/jeanho/gps_rtk/build/gps_visualizer/install.log --single-version-externally-managed install_data
[2.022s] DEBUG:colcon.colcon_core.event_handler.log_command:Invoking command in '/home/jeanho/gps_rtk/src/RTK_GPS_NTRIP/ntrip_client': PYTHONPATH=/home/jeanho/gps_rtk/build/ntrip_client/prefix_override:/usr/lib/python3/dist-packages/colcon_core/task/python/colcon_distutils_commands:/home/jeanho/gps_rtk/install/ntrip_client/lib/python3.10/site-packages:${PYTHONPATH} /usr/bin/python3 -W ignore:setup.py install is deprecated -W ignore:easy_install command is deprecated setup.py egg_info --egg-base ../../../build/ntrip_client build --build-base /home/jeanho/gps_rtk/build/ntrip_client/build install --record /home/jeanho/gps_rtk/build/ntrip_client/install.log --single-version-externally-managed install_data
[2.132s] DEBUG:colcon.colcon_core.event_handler.log_command:Invoked command in '/home/jeanho/gps_rtk/build/ublox_msgs' returned '0': AMENT_PREFIX_PATH=/home/jeanho/gps_rtk/install/ublox_serialization:${AMENT_PREFIX_PATH} CMAKE_PREFIX_PATH=/home/jeanho/gps_rtk/install/ublox_serialization:/opt/ros/humble /usr/bin/cmake --build /home/jeanho/gps_rtk/build/ublox_msgs -- -j24 -l24
[2.135s] DEBUG:colcon.colcon_core.event_handler.log_command:Invoking command in '/home/jeanho/gps_rtk/build/ublox_msgs': AMENT_PREFIX_PATH=/home/jeanho/gps_rtk/install/ublox_serialization:${AMENT_PREFIX_PATH} CMAKE_PREFIX_PATH=/home/jeanho/gps_rtk/install/ublox_serialization:/opt/ros/humble /usr/bin/cmake --install /home/jeanho/gps_rtk/build/ublox_msgs
[2.189s] Level 1:colcon.colcon_core.environment:checking '/home/jeanho/gps_rtk/install/gps_visualizer' for CMake module files
[2.195s] Level 1:colcon.colcon_core.environment:checking '/home/jeanho/gps_rtk/install/gps_visualizer' for CMake config files
[2.215s] Level 1:colcon.colcon_core.environment:checking '/home/jeanho/gps_rtk/install/gps_visualizer/lib'
[2.220s] Level 1:colcon.colcon_core.environment:checking '/home/jeanho/gps_rtk/install/gps_visualizer/bin'
[2.220s] Level 1:colcon.colcon_core.environment:checking '/home/jeanho/gps_rtk/install/gps_visualizer/lib/pkgconfig/gps_visualizer.pc'
[2.220s] Level 1:colcon.colcon_core.environment:checking '/home/jeanho/gps_rtk/install/gps_visualizer/lib/python3.10/site-packages'
[2.220s] Level 1:colcon.colcon_core.shell:create_environment_hook('gps_visualizer', 'pythonpath')
[2.220s] INFO:colcon.colcon_core.shell:Creating environment hook '/home/jeanho/gps_rtk/install/gps_visualizer/share/gps_visualizer/hook/pythonpath.ps1'
[2.223s] INFO:colcon.colcon_core.shell:Creating environment descriptor '/home/jeanho/gps_rtk/install/gps_visualizer/share/gps_visualizer/hook/pythonpath.dsv'
[2.228s] INFO:colcon.colcon_core.shell:Creating environment hook '/home/jeanho/gps_rtk/install/gps_visualizer/share/gps_visualizer/hook/pythonpath.sh'
[2.229s] Level 1:colcon.colcon_core.environment:checking '/home/jeanho/gps_rtk/install/gps_visualizer/bin'
[2.229s] Level 1:colcon.colcon_core.environment:create_environment_scripts_only(gps_visualizer)
[2.229s] INFO:colcon.colcon_core.shell:Creating package script '/home/jeanho/gps_rtk/install/gps_visualizer/share/gps_visualizer/package.ps1'
[2.233s] INFO:colcon.colcon_core.shell:Creating package descriptor '/home/jeanho/gps_rtk/install/gps_visualizer/share/gps_visualizer/package.dsv'
[2.235s] INFO:colcon.colcon_core.shell:Creating package script '/home/jeanho/gps_rtk/install/gps_visualizer/share/gps_visualizer/package.sh'
[2.235s] INFO:colcon.colcon_core.shell:Creating package script '/home/jeanho/gps_rtk/install/gps_visualizer/share/gps_visualizer/package.bash'
[2.237s] INFO:colcon.colcon_core.shell:Creating package script '/home/jeanho/gps_rtk/install/gps_visualizer/share/gps_visualizer/package.zsh'
[2.238s] Level 1:colcon.colcon_core.environment:create_file_with_runtime_dependencies(/home/jeanho/gps_rtk/install/gps_visualizer/share/colcon-core/packages/gps_visualizer)
[2.245s] Level 1:colcon.colcon_core.environment:checking '/home/jeanho/gps_rtk/install/ntrip_client' for CMake module files
[2.251s] Level 1:colcon.colcon_core.environment:checking '/home/jeanho/gps_rtk/install/ntrip_client' for CMake config files
[2.270s] Level 1:colcon.colcon_core.environment:checking '/home/jeanho/gps_rtk/install/ntrip_client/lib'
[2.270s] Level 1:colcon.colcon_core.environment:checking '/home/jeanho/gps_rtk/install/ntrip_client/bin'
[2.271s] Level 1:colcon.colcon_core.environment:checking '/home/jeanho/gps_rtk/install/ntrip_client/lib/pkgconfig/ntrip_client.pc'
[2.271s] Level 1:colcon.colcon_core.environment:checking '/home/jeanho/gps_rtk/install/ntrip_client/lib/python3.10/site-packages'
[2.272s] Level 1:colcon.colcon_core.shell:create_environment_hook('ntrip_client', 'pythonpath')
[2.272s] INFO:colcon.colcon_core.shell:Creating environment hook '/home/jeanho/gps_rtk/install/ntrip_client/share/ntrip_client/hook/pythonpath.ps1'
[2.275s] INFO:colcon.colcon_core.shell:Creating environment descriptor '/home/jeanho/gps_rtk/install/ntrip_client/share/ntrip_client/hook/pythonpath.dsv'
[2.276s] INFO:colcon.colcon_core.shell:Creating environment hook '/home/jeanho/gps_rtk/install/ntrip_client/share/ntrip_client/hook/pythonpath.sh'
[2.283s] Level 1:colcon.colcon_core.environment:checking '/home/jeanho/gps_rtk/install/ntrip_client/bin'
[2.284s] Level 1:colcon.colcon_core.environment:create_environment_scripts_only(ntrip_client)
[2.284s] INFO:colcon.colcon_core.shell:Creating package script '/home/jeanho/gps_rtk/install/ntrip_client/share/ntrip_client/package.ps1'
[2.285s] INFO:colcon.colcon_core.shell:Creating package descriptor '/home/jeanho/gps_rtk/install/ntrip_client/share/ntrip_client/package.dsv'
[2.288s] INFO:colcon.colcon_core.shell:Creating package script '/home/jeanho/gps_rtk/install/ntrip_client/share/ntrip_client/package.sh'
[2.294s] INFO:colcon.colcon_core.shell:Creating package script '/home/jeanho/gps_rtk/install/ntrip_client/share/ntrip_client/package.bash'
[2.297s] INFO:colcon.colcon_core.shell:Creating package script '/home/jeanho/gps_rtk/install/ntrip_client/share/ntrip_client/package.zsh'
[2.305s] Level 1:colcon.colcon_core.environment:create_file_with_runtime_dependencies(/home/jeanho/gps_rtk/install/ntrip_client/share/colcon-core/packages/ntrip_client)
[2.311s] Level 1:colcon.colcon_core.environment:create_environment_scripts_only(ublox_msgs)
[2.311s] Level 1:colcon.colcon_core.environment:checking '/home/jeanho/gps_rtk/install/ublox_msgs' for CMake module files
[2.330s] DEBUG:colcon.colcon_core.event_handler.log_command:Invoked command in '/home/jeanho/gps_rtk/src/gps_visualizer' returned '0': PYTHONPATH=/home/jeanho/gps_rtk/build/gps_visualizer/prefix_override:/usr/lib/python3/dist-packages/colcon_core/task/python/colcon_distutils_commands:/home/jeanho/gps_rtk/install/gps_visualizer/lib/python3.10/site-packages:${PYTHONPATH} /usr/bin/python3 -W ignore:setup.py install is deprecated -W ignore:easy_install command is deprecated setup.py egg_info --egg-base ../../build/gps_visualizer build --build-base /home/jeanho/gps_rtk/build/gps_visualizer/build install --record /home/jeanho/gps_rtk/build/gps_visualizer/install.log --single-version-externally-managed install_data
[2.331s] Level 1:colcon.colcon_core.environment:checking '/home/jeanho/gps_rtk/install/ublox_msgs' for CMake config files
[2.356s] DEBUG:colcon.colcon_core.event_handler.log_command:Invoked command in '/home/jeanho/gps_rtk/src/RTK_GPS_NTRIP/ntrip_client' returned '0': PYTHONPATH=/home/jeanho/gps_rtk/build/ntrip_client/prefix_override:/usr/lib/python3/dist-packages/colcon_core/task/python/colcon_distutils_commands:/home/jeanho/gps_rtk/install/ntrip_client/lib/python3.10/site-packages:${PYTHONPATH} /usr/bin/python3 -W ignore:setup.py install is deprecated -W ignore:easy_install command is deprecated setup.py egg_info --egg-base ../../../build/ntrip_client build --build-base /home/jeanho/gps_rtk/build/ntrip_client/build install --record /home/jeanho/gps_rtk/build/ntrip_client/install.log --single-version-externally-managed install_data
[2.372s] DEBUG:colcon.colcon_core.event_handler.log_command:Invoked command in '/home/jeanho/gps_rtk/build/ublox_msgs' returned '0': AMENT_PREFIX_PATH=/home/jeanho/gps_rtk/install/ublox_serialization:${AMENT_PREFIX_PATH} CMAKE_PREFIX_PATH=/home/jeanho/gps_rtk/install/ublox_serialization:/opt/ros/humble /usr/bin/cmake --install /home/jeanho/gps_rtk/build/ublox_msgs
[2.373s] Level 1:colcon.colcon_core.shell:create_environment_hook('ublox_msgs', 'cmake_prefix_path')
[2.373s] INFO:colcon.colcon_core.shell:Creating environment hook '/home/jeanho/gps_rtk/install/ublox_msgs/share/ublox_msgs/hook/cmake_prefix_path.ps1'
[2.373s] INFO:colcon.colcon_core.shell:Creating environment descriptor '/home/jeanho/gps_rtk/install/ublox_msgs/share/ublox_msgs/hook/cmake_prefix_path.dsv'
[2.373s] INFO:colcon.colcon_core.shell:Creating environment hook '/home/jeanho/gps_rtk/install/ublox_msgs/share/ublox_msgs/hook/cmake_prefix_path.sh'
[2.374s] Level 1:colcon.colcon_core.environment:checking '/home/jeanho/gps_rtk/install/ublox_msgs/lib'
[2.374s] Level 1:colcon.colcon_core.shell:create_environment_hook('ublox_msgs', 'ld_library_path_lib')
[2.374s] INFO:colcon.colcon_core.shell:Creating environment hook '/home/jeanho/gps_rtk/install/ublox_msgs/share/ublox_msgs/hook/ld_library_path_lib.ps1'
[2.374s] INFO:colcon.colcon_core.shell:Creating environment descriptor '/home/jeanho/gps_rtk/install/ublox_msgs/share/ublox_msgs/hook/ld_library_path_lib.dsv'
[2.374s] INFO:colcon.colcon_core.shell:Creating environment hook '/home/jeanho/gps_rtk/install/ublox_msgs/share/ublox_msgs/hook/ld_library_path_lib.sh'
[2.374s] Level 1:colcon.colcon_core.environment:checking '/home/jeanho/gps_rtk/install/ublox_msgs/bin'
[2.374s] Level 1:colcon.colcon_core.environment:checking '/home/jeanho/gps_rtk/install/ublox_msgs/lib/pkgconfig/ublox_msgs.pc'
[2.374s] Level 1:colcon.colcon_core.environment:checking '/home/jeanho/gps_rtk/install/ublox_msgs/lib/python3.10/site-packages'
[2.374s] Level 1:colcon.colcon_core.environment:checking '/home/jeanho/gps_rtk/install/ublox_msgs/bin'
[2.375s] INFO:colcon.colcon_core.shell:Creating package script '/home/jeanho/gps_rtk/install/ublox_msgs/share/ublox_msgs/package.ps1'
[2.375s] INFO:colcon.colcon_core.shell:Creating package descriptor '/home/jeanho/gps_rtk/install/ublox_msgs/share/ublox_msgs/package.dsv'
[2.375s] INFO:colcon.colcon_core.shell:Creating package script '/home/jeanho/gps_rtk/install/ublox_msgs/share/ublox_msgs/package.sh'
[2.375s] INFO:colcon.colcon_core.shell:Creating package script '/home/jeanho/gps_rtk/install/ublox_msgs/share/ublox_msgs/package.bash'
[2.375s] INFO:colcon.colcon_core.shell:Creating package script '/home/jeanho/gps_rtk/install/ublox_msgs/share/ublox_msgs/package.zsh'
[2.375s] Level 1:colcon.colcon_core.environment:create_file_with_runtime_dependencies(/home/jeanho/gps_rtk/install/ublox_msgs/share/colcon-core/packages/ublox_msgs)
[2.376s] Level 1:colcon.colcon_core.environment:create_environment_scripts_only(ublox_msgs)
[2.376s] Level 1:colcon.colcon_core.environment:checking '/home/jeanho/gps_rtk/install/ublox_msgs' for CMake module files
[2.376s] Level 1:colcon.colcon_core.environment:checking '/home/jeanho/gps_rtk/install/ublox_msgs' for CMake config files
[2.377s] Level 1:colcon.colcon_core.shell:create_environment_hook('ublox_msgs', 'cmake_prefix_path')
[2.377s] INFO:colcon.colcon_core.shell:Creating environment hook '/home/jeanho/gps_rtk/install/ublox_msgs/share/ublox_msgs/hook/cmake_prefix_path.ps1'
[2.377s] INFO:colcon.colcon_core.shell:Creating environment descriptor '/home/jeanho/gps_rtk/install/ublox_msgs/share/ublox_msgs/hook/cmake_prefix_path.dsv'
[2.377s] INFO:colcon.colcon_core.shell:Creating environment hook '/home/jeanho/gps_rtk/install/ublox_msgs/share/ublox_msgs/hook/cmake_prefix_path.sh'
[2.377s] Level 1:colcon.colcon_core.environment:checking '/home/jeanho/gps_rtk/install/ublox_msgs/lib'
[2.377s] Level 1:colcon.colcon_core.shell:create_environment_hook('ublox_msgs', 'ld_library_path_lib')
[2.377s] INFO:colcon.colcon_core.shell:Creating environment hook '/home/jeanho/gps_rtk/install/ublox_msgs/share/ublox_msgs/hook/ld_library_path_lib.ps1'
[2.378s] INFO:colcon.colcon_core.shell:Creating environment descriptor '/home/jeanho/gps_rtk/install/ublox_msgs/share/ublox_msgs/hook/ld_library_path_lib.dsv'
[2.378s] INFO:colcon.colcon_core.shell:Creating environment hook '/home/jeanho/gps_rtk/install/ublox_msgs/share/ublox_msgs/hook/ld_library_path_lib.sh'
[2.378s] Level 1:colcon.colcon_core.environment:checking '/home/jeanho/gps_rtk/install/ublox_msgs/bin'
[2.378s] Level 1:colcon.colcon_core.environment:checking '/home/jeanho/gps_rtk/install/ublox_msgs/lib/pkgconfig/ublox_msgs.pc'
[2.378s] Level 1:colcon.colcon_core.environment:checking '/home/jeanho/gps_rtk/install/ublox_msgs/lib/python3.10/site-packages'
[2.378s] Level 1:colcon.colcon_core.environment:checking '/home/jeanho/gps_rtk/install/ublox_msgs/bin'
[2.378s] INFO:colcon.colcon_core.shell:Creating package script '/home/jeanho/gps_rtk/install/ublox_msgs/share/ublox_msgs/package.ps1'
[2.378s] INFO:colcon.colcon_core.shell:Creating package descriptor '/home/jeanho/gps_rtk/install/ublox_msgs/share/ublox_msgs/package.dsv'
[2.378s] INFO:colcon.colcon_core.shell:Creating package script '/home/jeanho/gps_rtk/install/ublox_msgs/share/ublox_msgs/package.sh'
[2.379s] INFO:colcon.colcon_core.shell:Creating package script '/home/jeanho/gps_rtk/install/ublox_msgs/share/ublox_msgs/package.bash'
[2.379s] INFO:colcon.colcon_core.shell:Creating package script '/home/jeanho/gps_rtk/install/ublox_msgs/share/ublox_msgs/package.zsh'
[2.379s] Level 1:colcon.colcon_core.environment:create_file_with_runtime_dependencies(/home/jeanho/gps_rtk/install/ublox_msgs/share/colcon-core/packages/ublox_msgs)
[2.379s] INFO:colcon.colcon_ros.task.ament_cmake.build:Building ROS package in '/home/jeanho/gps_rtk/src/RTK_GPS_NTRIP/ublox_gps' with build type 'ament_cmake'
[2.379s] INFO:colcon.colcon_cmake.task.cmake.build:Building CMake package in '/home/jeanho/gps_rtk/src/RTK_GPS_NTRIP/ublox_gps'
[2.379s] INFO:colcon.colcon_core.shell:Skip shell extension 'powershell' for command environment: Not usable outside of PowerShell
[2.379s] DEBUG:colcon.colcon_core.shell:Skip shell extension 'dsv' for command environment
[2.382s] INFO:colcon.colcon_ros.task.ament_cmake.build:Building ROS package in '/home/jeanho/gps_rtk/src/RTK_GPS_NTRIP/fix2nmea' with build type 'ament_cmake'
[2.382s] INFO:colcon.colcon_cmake.task.cmake.build:Building CMake package in '/home/jeanho/gps_rtk/src/RTK_GPS_NTRIP/fix2nmea'
[2.382s] INFO:colcon.colcon_core.shell:Skip shell extension 'powershell' for command environment: Not usable outside of PowerShell
[2.382s] DEBUG:colcon.colcon_core.shell:Skip shell extension 'dsv' for command environment
[2.513s] DEBUG:colcon.colcon_core.event_handler.log_command:Invoking command in '/home/jeanho/gps_rtk/build/fix2nmea': AMENT_PREFIX_PATH=/home/jeanho/gps_rtk/install/ublox_msgs:/home/jeanho/gps_rtk/install/ublox_serialization:${AMENT_PREFIX_PATH} CMAKE_PREFIX_PATH=/home/jeanho/gps_rtk/install/ublox_msgs:/home/jeanho/gps_rtk/install/ublox_serialization:/opt/ros/humble LD_LIBRARY_PATH=/home/jeanho/gps_rtk/install/ublox_msgs/lib:/opt/ros/humble/opt/rviz_ogre_vendor/lib:/opt/ros/humble/lib/x86_64-linux-gnu:/opt/ros/humble/lib:/home/jeanho/acados/lib PYTHONPATH=/home/jeanho/gps_rtk/install/ublox_msgs/local/lib/python3.10/dist-packages:${PYTHONPATH} /usr/bin/cmake --build /home/jeanho/gps_rtk/build/fix2nmea -- -j24 -l24
[2.634s] DEBUG:colcon.colcon_core.event_handler.log_command:Invoking command in '/home/jeanho/gps_rtk/build/ublox_gps': AMENT_PREFIX_PATH=/home/jeanho/gps_rtk/install/ublox_msgs:/home/jeanho/gps_rtk/install/ublox_serialization:/home/jeanho/gps_rtk/install/rtcm_msgs:${AMENT_PREFIX_PATH} CMAKE_PREFIX_PATH=/home/jeanho/gps_rtk/install/ublox_msgs:/home/jeanho/gps_rtk/install/ublox_serialization:/home/jeanho/gps_rtk/install/rtcm_msgs:/opt/ros/humble LD_LIBRARY_PATH=/home/jeanho/gps_rtk/install/ublox_msgs/lib:/home/jeanho/gps_rtk/install/rtcm_msgs/lib:/opt/ros/humble/opt/rviz_ogre_vendor/lib:/opt/ros/humble/lib/x86_64-linux-gnu:/opt/ros/humble/lib:/home/jeanho/acados/lib PYTHONPATH=/home/jeanho/gps_rtk/install/ublox_msgs/local/lib/python3.10/dist-packages:/home/jeanho/gps_rtk/install/rtcm_msgs/local/lib/python3.10/dist-packages:${PYTHONPATH} /usr/bin/cmake --build /home/jeanho/gps_rtk/build/ublox_gps -- -j24 -l24
[3.279s] DEBUG:colcon.colcon_core.event_handler.log_command:Invoked command in '/home/jeanho/gps_rtk/build/ublox_gps' returned '2': AMENT_PREFIX_PATH=/home/jeanho/gps_rtk/install/ublox_msgs:/home/jeanho/gps_rtk/install/ublox_serialization:/home/jeanho/gps_rtk/install/rtcm_msgs:${AMENT_PREFIX_PATH} CMAKE_PREFIX_PATH=/home/jeanho/gps_rtk/install/ublox_msgs:/home/jeanho/gps_rtk/install/ublox_serialization:/home/jeanho/gps_rtk/install/rtcm_msgs:/opt/ros/humble LD_LIBRARY_PATH=/home/jeanho/gps_rtk/install/ublox_msgs/lib:/home/jeanho/gps_rtk/install/rtcm_msgs/lib:/opt/ros/humble/opt/rviz_ogre_vendor/lib:/opt/ros/humble/lib/x86_64-linux-gnu:/opt/ros/humble/lib:/home/jeanho/acados/lib PYTHONPATH=/home/jeanho/gps_rtk/install/ublox_msgs/local/lib/python3.10/dist-packages:/home/jeanho/gps_rtk/install/rtcm_msgs/local/lib/python3.10/dist-packages:${PYTHONPATH} /usr/bin/cmake --build /home/jeanho/gps_rtk/build/ublox_gps -- -j24 -l24
[3.280s] Level 1:colcon.colcon_core.environment:create_environment_scripts_only(ublox_gps)
[3.280s] Level 1:colcon.colcon_core.environment:checking '/home/jeanho/gps_rtk/install/ublox_gps' for CMake module files
[3.280s] Level 1:colcon.colcon_core.environment:checking '/home/jeanho/gps_rtk/install/ublox_gps' for CMake config files
[3.281s] Level 1:colcon.colcon_core.shell:create_environment_hook('ublox_gps', 'cmake_prefix_path')
[3.281s] INFO:colcon.colcon_core.shell:Creating environment hook '/home/jeanho/gps_rtk/install/ublox_gps/share/ublox_gps/hook/cmake_prefix_path.ps1'
[3.281s] INFO:colcon.colcon_core.shell:Creating environment descriptor '/home/jeanho/gps_rtk/install/ublox_gps/share/ublox_gps/hook/cmake_prefix_path.dsv'
[3.281s] INFO:colcon.colcon_core.shell:Creating environment hook '/home/jeanho/gps_rtk/install/ublox_gps/share/ublox_gps/hook/cmake_prefix_path.sh'
[3.282s] Level 1:colcon.colcon_core.environment:checking '/home/jeanho/gps_rtk/install/ublox_gps/lib'
[3.282s] Level 1:colcon.colcon_core.shell:create_environment_hook('ublox_gps', 'ld_library_path_lib')
[3.282s] INFO:colcon.colcon_core.shell:Creating environment hook '/home/jeanho/gps_rtk/install/ublox_gps/share/ublox_gps/hook/ld_library_path_lib.ps1'
[3.282s] INFO:colcon.colcon_core.shell:Creating environment descriptor '/home/jeanho/gps_rtk/install/ublox_gps/share/ublox_gps/hook/ld_library_path_lib.dsv'
[3.282s] INFO:colcon.colcon_core.shell:Creating environment hook '/home/jeanho/gps_rtk/install/ublox_gps/share/ublox_gps/hook/ld_library_path_lib.sh'
[3.282s] Level 1:colcon.colcon_core.environment:checking '/home/jeanho/gps_rtk/install/ublox_gps/bin'
[3.282s] Level 1:colcon.colcon_core.environment:checking '/home/jeanho/gps_rtk/install/ublox_gps/lib/pkgconfig/ublox_gps.pc'
[3.282s] Level 1:colcon.colcon_core.environment:checking '/home/jeanho/gps_rtk/install/ublox_gps/lib/python3.10/site-packages'
[3.282s] Level 1:colcon.colcon_core.environment:checking '/home/jeanho/gps_rtk/install/ublox_gps/bin'
[3.283s] INFO:colcon.colcon_core.shell:Creating package script '/home/jeanho/gps_rtk/install/ublox_gps/share/ublox_gps/package.ps1'
[3.283s] INFO:colcon.colcon_core.shell:Creating package descriptor '/home/jeanho/gps_rtk/install/ublox_gps/share/ublox_gps/package.dsv'
[3.283s] INFO:colcon.colcon_core.shell:Creating package script '/home/jeanho/gps_rtk/install/ublox_gps/share/ublox_gps/package.sh'
[3.283s] INFO:colcon.colcon_core.shell:Creating package script '/home/jeanho/gps_rtk/install/ublox_gps/share/ublox_gps/package.bash'
[3.284s] INFO:colcon.colcon_core.shell:Creating package script '/home/jeanho/gps_rtk/install/ublox_gps/share/ublox_gps/package.zsh'
[3.284s] Level 1:colcon.colcon_core.environment:create_file_with_runtime_dependencies(/home/jeanho/gps_rtk/install/ublox_gps/share/colcon-core/packages/ublox_gps)
[11.057s] DEBUG:colcon.colcon_parallel_executor.executor.parallel:closing loop
[11.057s] DEBUG:colcon.colcon_parallel_executor.executor.parallel:loop closed
[11.057s] DEBUG:colcon.colcon_parallel_executor.executor.parallel:run_until_complete finished with '2'
[11.058s] DEBUG:colcon.colcon_core.event_reactor:joining thread
[11.132s] INFO:colcon.colcon_core.plugin_system:Skipping extension 'colcon_notification.desktop_notification.notify_send': Could not find 'notify-send'
[11.132s] INFO:colcon.colcon_core.plugin_system:Skipping extension 'colcon_notification.desktop_notification.terminal_notifier': Not used on non-Darwin systems
[11.132s] INFO:colcon.colcon_core.plugin_system:Skipping extension 'colcon_notification.desktop_notification.win32': Not used on non-Windows systems
[11.132s] INFO:colcon.colcon_notification.desktop_notification:Sending desktop notification using 'notify2'
[11.132s] DEBUG:colcon.colcon_notification.desktop_notification.notify2:Failed to initialize notify2: org.freedesktop.DBus.Error.FileNotFound: Failed to connect to socket /run/user/1000/bus: No such file or directory
[11.132s] DEBUG:colcon.colcon_core.event_reactor:joined thread
[11.133s] INFO:colcon.colcon_core.shell:Creating prefix script '/home/jeanho/gps_rtk/install/local_setup.ps1'
[11.134s] INFO:colcon.colcon_core.shell:Creating prefix util module '/home/jeanho/gps_rtk/install/_local_setup_util_ps1.py'
[11.136s] INFO:colcon.colcon_core.shell:Creating prefix chain script '/home/jeanho/gps_rtk/install/setup.ps1'
[11.138s] INFO:colcon.colcon_core.shell:Creating prefix script '/home/jeanho/gps_rtk/install/local_setup.sh'
[11.139s] INFO:colcon.colcon_core.shell:Creating prefix util module '/home/jeanho/gps_rtk/install/_local_setup_util_sh.py'
[11.140s] INFO:colcon.colcon_core.shell:Creating prefix chain script '/home/jeanho/gps_rtk/install/setup.sh'
[11.141s] INFO:colcon.colcon_core.shell:Creating prefix script '/home/jeanho/gps_rtk/install/local_setup.bash'
[11.142s] INFO:colcon.colcon_core.shell:Creating prefix chain script '/home/jeanho/gps_rtk/install/setup.bash'
[11.143s] INFO:colcon.colcon_core.shell:Creating prefix script '/home/jeanho/gps_rtk/install/local_setup.zsh'
[11.144s] INFO:colcon.colcon_core.shell:Creating prefix chain script '/home/jeanho/gps_rtk/install/setup.zsh'
